<?xml version="1.0" encoding="UTF-8"?>
<!DOCTYPE some_name [<!ENTITY nbsp "&#160;">]>
<html lang="en">  <head>    <meta  charset="utf-8"></meta>    <title>Python - DEV Community üë©‚Äçüíªüë®‚Äçüíª</title>      <meta  name="last-updated" content="2020-05-09 18:15:23 UTC"></meta>      <meta  name="user-signed-in" content="false"></meta>      <meta  name="environment" content="production"></meta>          <style>      :root{--header-height: 56px;--site-width: 1280px;--su-1: 0.25rem;--su-2: 0.5rem;--su-3: 0.75rem;--su-4: 1rem;--su-5: 1.25rem;--su-6: 1.5rem;--su-7: 2rem;--su-8: 3rem;--su-9: 4rem;--su-10: 8rem;--radius: 3px;--transition-func: cubic-bezier(0.17, 0.67, 0.5, 0.71);--transition-time: 100ms;--transition-props: var(--transition-func) var(--transition-time);--ff-default: -apple-system, BlinkMacSystemFont, 'Segoe UI', Roboto, Helvetica,    Arial, sans-serif, 'Apple Color Emoji', 'Segoe UI Emoji', 'Segoe UI Symbol';--ff-accent: 'SFMono-Regular', Consolas, 'Liberation Mono', Menlo, Courier,    monospace;--fs-xs: 0.75rem;--fs-s: 0.875rem;--fs-base: 1rem;--fs-l: 1.125rem;--fs-xl: 1.25rem;--fs-2xl: 1.5rem;--fs-3xl: 1.875rem;--fs-4xl: 2.25rem;--fs-5xl: 3rem;--fw-normal: 400;--fw-medium: 500;--fw-bold: 700;--fw-heavy: 800;--lh-tight: 1.25;--lh-base: 1.5}:root{--base: #08090a;--base-a90: rgba(8, 9, 10, 0.9);--base-a80: rgba(8, 9, 10, 0.8);--base-a70: rgba(8, 9, 10, 0.7);--base-a60: rgba(8, 9, 10, 0.6);--base-a50: rgba(8, 9, 10, 0.5);--base-a40: rgba(8, 9, 10, 0.4);--base-a30: rgba(8, 9, 10, 0.3);--base-a20: rgba(8, 9, 10, 0.2);--base-a10: rgba(8, 9, 10, 0.1);--base-a5: rgba(8, 9, 10, 0.05);--base-100: var(--base);--base-90: #202428;--base-80: #363d44;--base-70: #4d5760;--base-60: #64707d;--base-50: #7d8a97;--base-40: #99a3ad;--base-30: #b5bdc4;--base-20: #d2d6db;--base-10: #eef0f1;--base-0: #f9fafa;--base-inverted: #fff;--accent-brand: #3b49df;--accent-brand-darker: #1827ce;--accent-brand-lighter: #8d95f2;--accent-brand-a10: rgba(59, 73, 223, 0.1);--accent-success: #26d9ca;--accent-success-darker: #1ab3a6;--accent-success-lighter: #79ece2;--accent-success-a10: rgba(38, 217, 202, 0.1);--accent-warning: #ffcf4c;--accent-warning-darker: #f5b400;--accent-warning-lighter: #ffe499;--accent-warning-a10: rgba(255, 207, 76, 0.1);--accent-danger: #dc1818;--accent-danger-darker: #c20a0a;--accent-danger-lighter: #ec5050;--accent-danger-a10: rgba(220, 24, 24, 0.1);--body-bg: #f9fafa;--body-color: var(--base-100);--body-color-inverted: var(--base-inverted);--card-bg: var(--base-inverted);--card-color: var(--base-100);--card-color-secondary: var(--base-70);--card-color-tertiary: var(--base-60);--card-secondary-bg: var(--base-0);--card-secondary-color: var(--base-90);--card-headline-color: var(--base-100);--header-bg: var(--base-inverted);--header-bg-hover: var(--base-10);--header-bg-current: var(--base-20);--header-shadow: rgba(0, 0, 0, 0.1);--header-icons-color: var(--base-70);--header-icons-color-hover: var(--base-100);--logo-bg: var(--base-100);--logo-color: var(--base-inverted);--footer-bg: var(--base-inverted);--footer-copy-color: var(--base-80);--footer-copy-secondary-color: var(--base-60);--footer-link-color: var(--base-80);--footer-link-color-hover: var(--base-100);--link-color: var(--base-90);--link-color-hover: var(--accent-brand-darker);--link-bg-hover: var(--base-a5);--link-bg-hover-alt: var(--base-inverted);--link-brand-color: var(--accent-brand);--link-color-current: var(--base-100);--link-color-secondary: var(--base-60);--link-color-secondary-hover: var(--base-70);--link-bg-current: var(--base-inverted);--button-primary-bg: var(--accent-brand);--button-primary-bg-hover: var(--accent-brand-darker);--button-primary-color: var(--base-0);--button-primary-color-hover: var(--base-0);--button-primary-inverted-bg: var(--accent-brand);--button-primary-inverted-bg-hover: var(--accent-brand-darker);--button-primary-inverted-color: var(--base-0);--button-primary-inverted-color-hover: var(--base-0);--button-secondary-bg: var(--base-20);--button-secondary-bg-hover: var(--base-30);--button-secondary-color: var(--base-80);--button-secondary-color-hover: var(--base-100);--button-secondary-inverted-bg: var(--base-70);--button-secondary-inverted-bg-hover: var(--base-60);--button-secondary-inverted-color: var(--base-10);--button-secondary-inverted-color-hover: var(--base-0);--button-outlined-bg: transparent;--button-outlined-bg-hover: rgba(0, 0, 0, 0.035);--button-outlined-border: var(--base-20);--button-outlined-border-hover: var(--base-40);--button-outlined-color: var(--base-80);--button-outlined-color-hover: var(--base-100);--button-outlined-inverted-bg: transparent;--button-outlined-inverted-bg-hover: rgba(255, 255, 255, 0.15);--button-outlined-inverted-border: var(--base-60);--button-outlined-inverted-border-hover: var(--base-40);--button-outlined-inverted-color: var(--base-30);--button-outlined-inverted-color-hover: var(--base-10);--button-ghost-bg: transparent;--button-ghost-bg-hover: rgba(0, 0, 0, 0.035);--button-ghost-color: var(--base-80);--button-ghost-color-hover: var(--base-100);--button-ghost-inverted-bg: transparent;--button-ghost-inverted-bg-hover: rgba(255, 255, 255, 0.15);--button-ghost-inverted-color: var(--base-30);--button-ghost-inverted-color-hover: var(--base-10);--form-bg: var(--base-0);--form-bg-focus: var(--base-0);--form-border: var(--base-30);--form-border-hover: var(--base-40);--form-border-focus: var(--accent-brand);--form-placeholder-color: var(--base-60);--label-primary: var(--base-90);--label-secondary: var(--base-60);--box: var(--base-90);--box-darker: var(--base-100);--snackbar-bg: var(--base-90);--snackbar-border: var(--base-100);--snackbar-color: var(--body-color-inverted);--indicator-accent-bg: var(--accent-brand);--indicator-accent-color: var(--body-color-inverted);--indicator-critical-bg: var(--accent-danger);--indicator-critical-color: var(--body-color-inverted);--indicator-default-bg: var(--button-secondary-bg);--indicator-default-color: var(--button-secondary-color)}.color-transparent{color:transparent !important}.color-current{color:currentColor !important}.color-base-100{color:var(--base-100) !important}.color-base-90{color:var(--base-90) !important}.color-base-80{color:var(--base-80) !important}.color-base-70{color:var(--base-70) !important}.color-base-60{color:var(--base-60) !important}.color-base-50{color:var(--base-50) !important}.color-base-40{color:var(--base-40) !important}.color-base-30{color:var(--base-30) !important}.color-base-20{color:var(--base-20) !important}.color-base-10{color:var(--base-10) !important}.color-base-0{color:var(--base-0) !important}.color-base-inverted{color:var(--base-inverted) !important}.color-accent-brand{color:var(--accent-brand) !important}.color-accent-brand-darker{color:var(--accent-brand-darker) !important}.color-accent-brand-lighter{color:var(--accent-brand-lighter) !important}.color-accent-success{color:var(--accent-success) !important}.color-accent-success-darker{color:var(--accent-success-darker) !important}.color-accent-success-lighter{color:var(--accent-success-lighter) !important}.color-accent-warning{color:var(--accent-warning) !important}.color-accent-warning-darker{color:var(--accent-warning-darker) !important}.color-accent-warning-lighter{color:var(--accent-warning-lighter) !important}.color-accent-danger{color:var(--accent-danger) !important}.color-accent-danger-darker{color:var(--accent-danger-darker) !important}.color-accent-danger-lighter{color:var(--accent-danger-lighter) !important}.bg-transparent{background-color:transparent !important}.bg-current{background-color:currentColor !important}.bg-base-100{background-color:var(--base-100) !important}.bg-base-90{background-color:var(--base-90) !important}.bg-base-80{background-color:var(--base-80) !important}.bg-base-70{background-color:var(--base-70) !important}.bg-base-60{background-color:var(--base-60) !important}.bg-base-50{background-color:var(--base-50) !important}.bg-base-40{background-color:var(--base-40) !important}.bg-base-30{background-color:var(--base-30) !important}.bg-base-20{background-color:var(--base-20) !important}.bg-base-10{background-color:var(--base-10) !important}.bg-base-0{background-color:var(--base-0) !important}.bg-base-inverted{background-color:var(--base-inverted) !important}.bg-accent-brand{background-color:var(--accent-brand) !important}.bg-accent-brand-darker{background-color:var(--accent-brand-darker) !important}.bg-accent-brand-lighter{background-color:var(--accent-brand-lighter) !important}.bg-accent-success{background-color:var(--accent-success) !important}.bg-accent-success-darker{background-color:var(--accent-success-darker) !important}.bg-accent-success-lighter{background-color:var(--accent-success-lighter) !important}.bg-accent-warning{background-color:var(--accent-warning) !important}.bg-accent-warning-darker{background-color:var(--accent-warning-darker) !important}.bg-accent-warning-lighter{background-color:var(--accent-warning-lighter) !important}.bg-accent-danger{background-color:var(--accent-danger) !important}.bg-accent-danger-darker{background-color:var(--accent-danger-darker) !important}.bg-accent-danger-lighter{background-color:var(--accent-danger-lighter) !important}.border-transparent{border-color:transparent !important}.border-current{border-color:currentColor !important}.border-base-100{border-color:var(--base-100) !important}.border-base-90{border-color:var(--base-90) !important}.border-base-80{border-color:var(--base-80) !important}.border-base-70{border-color:var(--base-70) !important}.border-base-60{border-color:var(--base-60) !important}.border-base-50{border-color:var(--base-50) !important}.border-base-40{border-color:var(--base-40) !important}.border-base-30{border-color:var(--base-30) !important}.border-base-20{border-color:var(--base-20) !important}.border-base-10{border-color:var(--base-10) !important}.border-base-0{border-color:var(--base-0) !important}.border-base-inverted{border-color:var(--base-inverted) !important}.border-accent-brand{border-color:var(--accent-brand) !important}.border-accent-brand-darker{border-color:var(--accent-brand-darker) !important}.border-accent-brand-lighter{border-color:var(--accent-brand-lighter) !important}.border-accent-success{border-color:var(--accent-success) !important}.border-accent-success-darker{border-color:var(--accent-success-darker) !important}.border-accent-success-lighter{border-color:var(--accent-success-lighter) !important}.border-accent-warning{border-color:var(--accent-warning) !important}.border-accent-warning-darker{border-color:var(--accent-warning-darker) !important}.border-accent-warning-lighter{border-color:var(--accent-warning-lighter) !important}.border-accent-danger{border-color:var(--accent-danger) !important}.border-accent-danger-darker{border-color:var(--accent-danger-darker) !important}.border-accent-danger-lighter{border-color:var(--accent-danger-lighter) !important}.opacity-100{opacity:1 !important}.opacity-75{opacity:0.75 !important}.opacity-50{opacity:0.5 !important}.opacity-25{opacity:0.25 !important}.opacity-0{opacity:0 !important}.cursor-auto{cursor:auto !important}.cursor-default{cursor:default !important}.cursor-pointer{cursor:pointer !important}.cursor-wait{cursor:wait !important}.cursor-text{cursor:text !important}.cursor-move{cursor:move !important}.cursor-not-allowed{cursor:not-allowed !important}.pointer-events-auto{pointer-events:auto !important}.pointer-events-none{pointer-events:none !important}.radius-default{border-radius:var(--radius) !important}.radius-0{border-radius:0 !important}.radius-full{border-radius:9999px !important}.bg-bottom{background-position:bottom !important}.bg-center{background-position:center !important}.bg-left{background-position:left !important}.bg-right{background-position:right !important}.bg-top{background-position:top !important}.bg-left-bottom{background-position:left bottom !important}.bg-left-top{background-position:left top !important}.bg-right-bottom{background-position:right bottom !important}.bg-right-top{background-position:right top !important}.bg-repeat{background-repeat:repeat !important}.bg-repeat-x{background-repeat:repeat-x !important}.bg-repeat-y{background-repeat:repeat-y !important}.bg-no-repeat{background-repeat:no-repeat !important}.bg-auto{background-size:auto !important}.bg-cover{background-size:cover !important}.bg-contain{background-size:contain !important}.bg-fixed{background-attachment:fixed !important}.bg-local{background-attachment:local !important}.bg-scroll{background-attachment:scroll !important}.flex-row{flex-direction:row !important}.flex-col{flex-direction:column !important}.flex-row-reverse{flex-direction:row-reverse !important}.flex-col-reverse{flex-direction:column-reverse !important}.flex-wrap{flex-wrap:wrap !important}.flex-nowrap{flex-wrap:nowrap !important}.flex-wrap-reverse{flex-wrap:wrap-reverse !important}.items-stretch{align-items:stretch !important}.items-start{align-items:flex-start !important}.items-center{align-items:center !important}.items-end{align-items:flex-end !important}.items-baseline{align-items:baseline !important}.content-start{align-content:flex-start !important}.content-center{align-content:center !important}.content-end{align-content:flex-end !important}.content-between{align-content:space-between !important}.content-around{align-content:space-around !important}.self-auto{align-self:auto !important}.self-start{align-self:flex-start !important}.self-center{align-self:center !important}.self-end{align-self:flex-end !important}.self-stretch{align-self:stretch !important}.justify-start{justify-content:flex-start !important}.justify-center{justify-content:center !important}.justify-end{justify-content:flex-end !important}.justify-between{justify-content:space-between !important}.justify-around{justify-content:space-around !important}.flex-initial{flex:0 auto !important}.flex-1{flex:1 1 0% !important}.flex-auto{flex:1 1 auto !important}.flex-none{flex:none !important}.grow-0{flex-grow:0 !important}.grow-1{flex-grow:1 !important}.shrink-0{flex-shrink:0 !important}.shrink-1{flex-shrink:1 !important}.order-first{order:-9999 !important}.order-last{order:9999 !important}.order-0{order:0 !important}.gap-0{grid-gap:0 !important}.gap-1{grid-gap:var(--su-1) !important}.gap-2{grid-gap:var(--su-2) !important}.gap-3{grid-gap:var(--su-3) !important}.gap-4{grid-gap:var(--su-4) !important}.gap-5{grid-gap:var(--su-5) !important}.gap-6{grid-gap:var(--su-6) !important}.gap-7{grid-gap:var(--su-7) !important}.gap-8{grid-gap:var(--su-8) !important}.gap-9{grid-gap:var(--su-9) !important}.gap-10{grid-gap:var(--su-10) !important}.grid-cols-none{grid-template-columns:none !important}.grid-cols-1{grid-template-columns:repeat(1, minmax(0, 1fr)) !important}.grid-cols-2{grid-template-columns:repeat(2, minmax(0, 1fr)) !important}.grid-cols-3{grid-template-columns:repeat(3, minmax(0, 1fr)) !important}.grid-cols-4{grid-template-columns:repeat(4, minmax(0, 1fr)) !important}.grid-cols-5{grid-template-columns:repeat(5, minmax(0, 1fr)) !important}.grid-cols-6{grid-template-columns:repeat(6, minmax(0, 1fr)) !important}.grid-cols-7{grid-template-columns:repeat(7, minmax(0, 1fr)) !important}.grid-cols-8{grid-template-columns:repeat(8, minmax(0, 1fr)) !important}.grid-rows-none{grid-template-rows:none !important}.grid-rows-1{grid-template-rows:repeat(1, minmax(0, 1fr)) !important}.grid-rows-2{grid-template-rows:repeat(2, minmax(0, 1fr)) !important}.grid-rows-3{grid-template-rows:repeat(3, minmax(0, 1fr)) !important}.grid-rows-4{grid-template-rows:repeat(4, minmax(0, 1fr)) !important}.grid-flow-row{grid-auto-flow:row !important}.grid-flow-col{grid-auto-flow:column !important}.grid-flow-row-dense{grid-auto-flow:row dense !important}.grid-flow-col-dense{grid-auto-flow:column dense !important}.grid-items-start{justify-items:start !important}.grid-items-end{justify-items:end !important}.grid-items-center{justify-items:center !important}.grid-items-stretch{justify-items:stretch !important}.float-left{float:left !important}.float-right{float:right !important}.float-none{float:none !important}.float-unset{float:unset !important}.box-border{box-sizing:border-box !important}.box-content{box-sizing:content-box !important}.table-auto{table-layout:auto !important}.table-fixed{table-layout:fixed !important}.border-solid{border-style:solid !important}.border-dashed{border-style:dashed !important}.border-dotted{border-style:dotted !important}.border-none{border-style:none !important}.border-0{border-width:0 !important}.border-1{border-width:1px !important}.border-2{border-width:2px !important}.border-3{border-width:3px !important}.border-4{border-width:4px !important}.border-8{border-width:8px !important}.border-t-0{border-top-width:0 !important}.border-t-1{border-top-width:1px !important}.border-t-2{border-top-width:2px !important}.border-t-3{border-top-width:3px !important}.border-t-4{border-top-width:4px !important}.border-t-8{border-top-width:8px !important}.border-b-0{border-bottom-width:0 !important}.border-b-1{border-bottom-width:1px !important}.border-b-2{border-bottom-width:2px !important}.border-b-3{border-bottom-width:3px !important}.border-b-4{border-bottom-width:4px !important}.border-b-8{border-bottom-width:8px !important}.border-l-0{border-left-width:0 !important}.border-l-1{border-left-width:1px !important}.border-l-2{border-left-width:2px !important}.border-l-3{border-left-width:3px !important}.border-l-4{border-left-width:4px !important}.border-l-8{border-left-width:8px !important}.border-r-0{border-right-width:0 !important}.border-r-1{border-right-width:1px !important}.border-r-2{border-right-width:2px !important}.border-r-3{border-right-width:3px !important}.border-r-4{border-right-width:4px !important}.border-r-8{border-right-width:8px !important}.top-auto{top:auto !important}.top-unset{top:unset !important}.top-0{top:0 !important}.top-1{top:var(--su-1) !important}.top-2{top:var(--su-2) !important}.top-3{top:var(--su-3) !important}.top-4{top:var(--su-4) !important}.-top-1{top:calc(var(--su-1) * -1) !important}.-top-2{top:calc(var(--su-2) * -1) !important}.-top-3{top:calc(var(--su-3) * -1) !important}.-top-4{top:calc(var(--su-4) * -1) !important}.bottom-auto{bottom:auto !important}.bottom-unset{bottom:unset !important}.bottom-0{bottom:0 !important}.bottom-1{bottom:var(--su-1) !important}.bottom-2{bottom:var(--su-2) !important}.bottom-3{bottom:var(--su-3) !important}.bottom-4{bottom:var(--su-4) !important}.-bottom-1{bottom:calc(var(--su-1) * -1) !important}.-bottom-2{bottom:calc(var(--su-2) * -1) !important}.-bottom-3{bottom:calc(var(--su-3) * -1) !important}.-bottom-4{bottom:calc(var(--su-4) * -1) !important}.left-auto{left:auto !important}.left-unset{left:unset !important}.left-0{left:0 !important}.left-1{left:var(--su-1) !important}.left-2{left:var(--su-2) !important}.left-3{left:var(--su-3) !important}.left-4{left:var(--su-4) !important}.-left-1{left:calc(var(--su-1) * -1) !important}.-left-2{left:calc(var(--su-2) * -1) !important}.-left-3{left:calc(var(--su-3) * -1) !important}.-left-4{left:calc(var(--su-4) * -1) !important}.right-auto{right:auto !important}.right-unset{right:unset !important}.right-0{right:0 !important}.right-1{right:var(--su-1) !important}.right-2{right:var(--su-2) !important}.right-3{right:var(--su-3) !important}.right-4{right:var(--su-4) !important}.-right-1{right:calc(var(--su-1) * -1) !important}.-right-2{right:calc(var(--su-2) * -1) !important}.-right-3{right:calc(var(--su-3) * -1) !important}.-right-4{right:calc(var(--su-4) * -1) !important}.z-negative{z-index:-1 !important}.z-0{z-index:0 !important}.z-10{z-index:10 !important}.z-20{z-index:20 !important}.z-30{z-index:30 !important}.z-40{z-index:40 !important}.z-50{z-index:50 !important}.z-auto{z-index:auto !important}.overflow-auto{overflow:auto !important}.overflow-visible{overflow:visible !important}.overflow-scroll{overflow:scroll !important}.overflow-hidden{overflow:hidden !important}.overflow-x-auto{overflow-x:auto !important}.overflow-x-visible{overflow-x:visible !important}.overflow-x-scroll{overflow-x:scroll !important}.overflow-x-hidden{overflow-x:hidden !important}.overflow-y-auto{overflow-y:auto !important}.overflow-y-visible{overflow-y:visible !important}.overflow-y-scroll{overflow-y:scroll !important}.overflow-y-hidden{overflow-y:hidden !important}.w-0{width:0 !important}.w-25{width:25% !important}.w-50{width:50% !important}.w-100{width:100% !important}.w-auto{width:auto !important}.w-full{width:100vw !important}.w-max{width:-webkit-max-content !important;width:-moz-max-content !important;width:max-content !important}.min-w-0{min-width:0 !important}.min-w-100{min-width:100% !important}.h-0{height:0 !important}.h-25{height:25% !important}.h-50{height:50% !important}.h-100{height:100% !important}.h-auto{height:auto !important}.h-full{height:100vh !important}.min-h-0{min-height:0 !important}.min-h-100{min-height:100% !important}.min-h-full{min-height:100vh !important}.max-h-0{max-height:0 !important}.max-h-100{max-height:100% !important}.max-h-full{max-height:100vh !important}.max-w-0{max-width:0 !important}.max-w-25{max-width:25% !important}.max-w-50{max-width:50% !important}.max-w-75{max-width:75% !important}.max-w-100{max-width:100% !important}.m-auto{margin:auto !important}.m-unset{margin:unset !important}.m-0{margin:0 !important}.m-1{margin:var(--su-1) !important}.m-2{margin:var(--su-2) !important}.m-3{margin:var(--su-3) !important}.m-4{margin:var(--su-4) !important}.m-5{margin:var(--su-5) !important}.m-6{margin:var(--su-6) !important}.m-7{margin:var(--su-7) !important}.m-8{margin:var(--su-8) !important}.m-9{margin:var(--su-9) !important}.m-10{margin:var(--su-10) !important}.-m-1{margin:calc(var(--su-1) * -1) !important}.-m-2{margin:calc(var(--su-2) * -1) !important}.-m-3{margin:calc(var(--su-3) * -1) !important}.-m-4{margin:calc(var(--su-4) * -1) !important}.-m-5{margin:calc(var(--su-5) * -1) !important}.-m-6{margin:calc(var(--su-6) * -1) !important}.-m-7{margin:calc(var(--su-7) * -1) !important}.-m-8{margin:calc(var(--su-8) * -1) !important}.-m-9{margin:calc(var(--su-9) * -1) !important}.-m-10{margin:calc(var(--su-10) * -1) !important}.my-auto{margin-top:auto !important;margin-bottom:auto !important}.my-unset{margin-top:unset !important;margin-bottom:unset !important}.my-0{margin-top:0 !important;margin-bottom:0 !important}.my-1{margin-top:var(--su-1) !important;margin-bottom:var(--su-1) !important}.my-2{margin-top:var(--su-2) !important;margin-bottom:var(--su-2) !important}.my-3{margin-top:var(--su-3) !important;margin-bottom:var(--su-3) !important}.my-4{margin-top:var(--su-4) !important;margin-bottom:var(--su-4) !important}.my-5{margin-top:var(--su-5) !important;margin-bottom:var(--su-5) !important}.my-6{margin-top:var(--su-6) !important;margin-bottom:var(--su-6) !important}.my-7{margin-top:var(--su-7) !important;margin-bottom:var(--su-7) !important}.my-8{margin-top:var(--su-8) !important;margin-bottom:var(--su-8) !important}.my-9{margin-top:var(--su-9) !important;margin-bottom:var(--su-9) !important}.my-10{margin-top:var(--su-10) !important;margin-bottom:var(--su-10) !important}.-my-1{margin-top:calc(var(--su-1) * -1) !important;margin-bottom:calc(var(--su-1) * -1) !important}.-my-2{margin-top:calc(var(--su-2) * -1) !important;margin-bottom:calc(var(--su-2) * -1) !important}.-my-3{margin-top:calc(var(--su-3) * -1) !important;margin-bottom:calc(var(--su-3) * -1) !important}.-my-4{margin-top:calc(var(--su-4) * -1) !important;margin-bottom:calc(var(--su-4) * -1) !important}.-my-5{margin-top:calc(var(--su-5) * -1) !important;margin-bottom:calc(var(--su-5) * -1) !important}.-my-6{margin-top:calc(var(--su-6) * -1) !important;margin-bottom:calc(var(--su-6) * -1) !important}.-my-7{margin-top:calc(var(--su-7) * -1) !important;margin-bottom:calc(var(--su-7) * -1) !important}.-my-8{margin-top:calc(var(--su-8) * -1) !important;margin-bottom:calc(var(--su-8) * -1) !important}.-my-9{margin-top:calc(var(--su-9) * -1) !important;margin-bottom:calc(var(--su-9) * -1) !important}.-my-10{margin-top:calc(var(--su-10) * -1) !important;margin-bottom:calc(var(--su-10) * -1) !important}.mx-auto{margin-left:auto !important;margin-right:auto !important}.mx-unset{margin-left:unset !important;margin-right:unset !important}.mx-0{margin-left:0 !important;margin-right:0 !important}.mx-1{margin-left:var(--su-1) !important;margin-right:var(--su-1) !important}.mx-2{margin-left:var(--su-2) !important;margin-right:var(--su-2) !important}.mx-3{margin-left:var(--su-3) !important;margin-right:var(--su-3) !important}.mx-4{margin-left:var(--su-4) !important;margin-right:var(--su-4) !important}.mx-5{margin-left:var(--su-5) !important;margin-right:var(--su-5) !important}.mx-6{margin-left:var(--su-6) !important;margin-right:var(--su-6) !important}.mx-7{margin-left:var(--su-7) !important;margin-right:var(--su-7) !important}.mx-8{margin-left:var(--su-8) !important;margin-right:var(--su-8) !important}.mx-9{margin-left:var(--su-9) !important;margin-right:var(--su-9) !important}.mx-10{margin-left:var(--su-10) !important;margin-right:var(--su-10) !important}.-mx-1{margin-left:calc(var(--su-1) * -1) !important;margin-right:calc(var(--su-1) * -1) !important}.-mx-2{margin-left:calc(var(--su-2) * -1) !important;margin-right:calc(var(--su-2) * -1) !important}.-mx-3{margin-left:calc(var(--su-3) * -1) !important;margin-right:calc(var(--su-3) * -1) !important}.-mx-4{margin-left:calc(var(--su-4) * -1) !important;margin-right:calc(var(--su-4) * -1) !important}.-mx-5{margin-left:calc(var(--su-5) * -1) !important;margin-right:calc(var(--su-5) * -1) !important}.-mx-6{margin-left:calc(var(--su-6) * -1) !important;margin-right:calc(var(--su-6) * -1) !important}.-mx-7{margin-left:calc(var(--su-7) * -1) !important;margin-right:calc(var(--su-7) * -1) !important}.-mx-8{margin-left:calc(var(--su-8) * -1) !important;margin-right:calc(var(--su-8) * -1) !important}.-mx-9{margin-left:calc(var(--su-9) * -1) !important;margin-right:calc(var(--su-9) * -1) !important}.-mx-10{margin-left:calc(var(--su-10) * -1) !important;margin-right:calc(var(--su-10) * -1) !important}.mt-auto{margin-top:auto !important}.mt-unset{margin-top:unset !important}.mt-0{margin-top:0 !important}.mt-1{margin-top:var(--su-1) !important}.mt-2{margin-top:var(--su-2) !important}.mt-3{margin-top:var(--su-3) !important}.mt-4{margin-top:var(--su-4) !important}.mt-5{margin-top:var(--su-5) !important}.mt-6{margin-top:var(--su-6) !important}.mt-7{margin-top:var(--su-7) !important}.mt-8{margin-top:var(--su-8) !important}.mt-9{margin-top:var(--su-9) !important}.mt-10{margin-top:var(--su-10) !important}.-mt-1{margin-top:calc(var(--su-1) * -1) !important}.-mt-2{margin-top:calc(var(--su-2) * -1) !important}.-mt-3{margin-top:calc(var(--su-3) * -1) !important}.-mt-4{margin-top:calc(var(--su-4) * -1) !important}.-mt-5{margin-top:calc(var(--su-5) * -1) !important}.-mt-6{margin-top:calc(var(--su-6) * -1) !important}.-mt-7{margin-top:calc(var(--su-7) * -1) !important}.-mt-8{margin-top:calc(var(--su-8) * -1) !important}.-mt-9{margin-top:calc(var(--su-9) * -1) !important}.-mt-10{margin-top:calc(var(--su-10) * -1) !important}.mb-auto{margin-bottom:auto !important}.mb-unset{margin-bottom:unset !important}.mb-0{margin-bottom:0 !important}.mb-1{margin-bottom:var(--su-1) !important}.mb-2{margin-bottom:var(--su-2) !important}.mb-3{margin-bottom:var(--su-3) !important}.mb-4{margin-bottom:var(--su-4) !important}.mb-5{margin-bottom:var(--su-5) !important}.mb-6{margin-bottom:var(--su-6) !important}.mb-7{margin-bottom:var(--su-7) !important}.mb-8{margin-bottom:var(--su-8) !important}.mb-9{margin-bottom:var(--su-9) !important}.mb-10{margin-bottom:var(--su-10) !important}.-mb-1{margin-bottom:calc(var(--su-1) * -1) !important}.-mb-2{margin-bottom:calc(var(--su-2) * -1) !important}.-mb-3{margin-bottom:calc(var(--su-3) * -1) !important}.-mb-4{margin-bottom:calc(var(--su-4) * -1) !important}.-mb-5{margin-bottom:calc(var(--su-5) * -1) !important}.-mb-6{margin-bottom:calc(var(--su-6) * -1) !important}.-mb-7{margin-bottom:calc(var(--su-7) * -1) !important}.-mb-8{margin-bottom:calc(var(--su-8) * -1) !important}.-mb-9{margin-bottom:calc(var(--su-9) * -1) !important}.-mb-10{margin-bottom:calc(var(--su-10) * -1) !important}.ml-auto{margin-left:auto !important}.ml-unset{margin-left:unset !important}.ml-0{margin-left:0 !important}.ml-1{margin-left:var(--su-1) !important}.ml-2{margin-left:var(--su-2) !important}.ml-3{margin-left:var(--su-3) !important}.ml-4{margin-left:var(--su-4) !important}.ml-5{margin-left:var(--su-5) !important}.ml-6{margin-left:var(--su-6) !important}.ml-7{margin-left:var(--su-7) !important}.ml-8{margin-left:var(--su-8) !important}.ml-9{margin-left:var(--su-9) !important}.ml-10{margin-left:var(--su-10) !important}.-ml-1{margin-left:calc(var(--su-1) * -1) !important}.-ml-2{margin-left:calc(var(--su-2) * -1) !important}.-ml-3{margin-left:calc(var(--su-3) * -1) !important}.-ml-4{margin-left:calc(var(--su-4) * -1) !important}.-ml-5{margin-left:calc(var(--su-5) * -1) !important}.-ml-6{margin-left:calc(var(--su-6) * -1) !important}.-ml-7{margin-left:calc(var(--su-7) * -1) !important}.-ml-8{margin-left:calc(var(--su-8) * -1) !important}.-ml-9{margin-left:calc(var(--su-9) * -1) !important}.-ml-10{margin-left:calc(var(--su-10) * -1) !important}.mr-auto{margin-right:auto !important}.mr-unset{margin-right:unset !important}.mr-0{margin-right:0 !important}.mr-1{margin-right:var(--su-1) !important}.mr-2{margin-right:var(--su-2) !important}.mr-3{margin-right:var(--su-3) !important}.mr-4{margin-right:var(--su-4) !important}.mr-5{margin-right:var(--su-5) !important}.mr-6{margin-right:var(--su-6) !important}.mr-7{margin-right:var(--su-7) !important}.mr-8{margin-right:var(--su-8) !important}.mr-9{margin-right:var(--su-9) !important}.mr-10{margin-right:var(--su-10) !important}.-mr-1{margin-right:calc(var(--su-1) * -1) !important}.-mr-2{margin-right:calc(var(--su-2) * -1) !important}.-mr-3{margin-right:calc(var(--su-3) * -1) !important}.-mr-4{margin-right:calc(var(--su-4) * -1) !important}.-mr-5{margin-right:calc(var(--su-5) * -1) !important}.-mr-6{margin-right:calc(var(--su-6) * -1) !important}.-mr-7{margin-right:calc(var(--su-7) * -1) !important}.-mr-8{margin-right:calc(var(--su-8) * -1) !important}.-mr-9{margin-right:calc(var(--su-9) * -1) !important}.-mr-10{margin-right:calc(var(--su-10) * -1) !important}.p-0{padding:0 !important}.p-unset{padding:unset !important}.p-1{padding:var(--su-1) !important}.p-2{padding:var(--su-2) !important}.p-3{padding:var(--su-3) !important}.p-4{padding:var(--su-4) !important}.p-5{padding:var(--su-5) !important}.p-6{padding:var(--su-6) !important}.p-7{padding:var(--su-7) !important}.p-8{padding:var(--su-8) !important}.p-9{padding:var(--su-9) !important}.p-10{padding:var(--su-10) !important}.py-0{padding-top:0 !important;padding-bottom:0 !important}.py-unset{padding-top:unset !important;padding-bottom:unset !important}.py-1{padding-top:var(--su-1) !important;padding-bottom:var(--su-1) !important}.py-2{padding-top:var(--su-2) !important;padding-bottom:var(--su-2) !important}.py-3{padding-top:var(--su-3) !important;padding-bottom:var(--su-3) !important}.py-4{padding-top:var(--su-4) !important;padding-bottom:var(--su-4) !important}.py-5{padding-top:var(--su-5) !important;padding-bottom:var(--su-5) !important}.py-6{padding-top:var(--su-6) !important;padding-bottom:var(--su-6) !important}.py-7{padding-top:var(--su-7) !important;padding-bottom:var(--su-7) !important}.py-8{padding-top:var(--su-8) !important;padding-bottom:var(--su-8) !important}.py-9{padding-top:var(--su-9) !important;padding-bottom:var(--su-9) !important}.py-10{padding-top:var(--su-10) !important;padding-bottom:var(--su-10) !important}.px-0{padding-left:0 !important;padding-right:0 !important}.px-unset{padding-left:unset !important;padding-right:unset !important}.px-1{padding-left:var(--su-1) !important;padding-right:var(--su-1) !important}.px-2{padding-left:var(--su-2) !important;padding-right:var(--su-2) !important}.px-3{padding-left:var(--su-3) !important;padding-right:var(--su-3) !important}.px-4{padding-left:var(--su-4) !important;padding-right:var(--su-4) !important}.px-5{padding-left:var(--su-5) !important;padding-right:var(--su-5) !important}.px-6{padding-left:var(--su-6) !important;padding-right:var(--su-6) !important}.px-7{padding-left:var(--su-7) !important;padding-right:var(--su-7) !important}.px-8{padding-left:var(--su-8) !important;padding-right:var(--su-8) !important}.px-9{padding-left:var(--su-9) !important;padding-right:var(--su-9) !important}.px-10{padding-left:var(--su-10) !important;padding-right:var(--su-10) !important}.pt-0{padding-top:0 !important}.pt-unset{padding-top:unset !important}.pt-1{padding-top:var(--su-1) !important}.pt-2{padding-top:var(--su-2) !important}.pt-3{padding-top:var(--su-3) !important}.pt-4{padding-top:var(--su-4) !important}.pt-5{padding-top:var(--su-5) !important}.pt-6{padding-top:var(--su-6) !important}.pt-7{padding-top:var(--su-7) !important}.pt-8{padding-top:var(--su-8) !important}.pt-9{padding-top:var(--su-9) !important}.pt-10{padding-top:var(--su-10) !important}.pb-0{padding-bottom:0 !important}.pb-unset{padding-bottom:unset !important}.pb-1{padding-bottom:var(--su-1) !important}.pb-2{padding-bottom:var(--su-2) !important}.pb-3{padding-bottom:var(--su-3) !important}.pb-4{padding-bottom:var(--su-4) !important}.pb-5{padding-bottom:var(--su-5) !important}.pb-6{padding-bottom:var(--su-6) !important}.pb-7{padding-bottom:var(--su-7) !important}.pb-8{padding-bottom:var(--su-8) !important}.pb-9{padding-bottom:var(--su-9) !important}.pb-10{padding-bottom:var(--su-10) !important}.pl-0{padding-left:0 !important}.pl-unset{padding-left:unset !important}.pl-1{padding-left:var(--su-1) !important}.pl-2{padding-left:var(--su-2) !important}.pl-3{padding-left:var(--su-3) !important}.pl-4{padding-left:var(--su-4) !important}.pl-5{padding-left:var(--su-5) !important}.pl-6{padding-left:var(--su-6) !important}.pl-7{padding-left:var(--su-7) !important}.pl-8{padding-left:var(--su-8) !important}.pl-9{padding-left:var(--su-9) !important}.pl-10{padding-left:var(--su-10) !important}.pr-0{padding-right:0 !important}.pr-unset{padding-right:unset !important}.pr-1{padding-right:var(--su-1) !important}.pr-2{padding-right:var(--su-2) !important}.pr-3{padding-right:var(--su-3) !important}.pr-4{padding-right:var(--su-4) !important}.pr-5{padding-right:var(--su-5) !important}.pr-6{padding-right:var(--su-6) !important}.pr-7{padding-right:var(--su-7) !important}.pr-8{padding-right:var(--su-8) !important}.pr-9{padding-right:var(--su-9) !important}.pr-10{padding-right:var(--su-10) !important}.ff-default{font-family:var(--ff-default) !important}.ff-accent{font-family:var(--ff-accent) !important}.fs-xs{font-size:var(--fs-xs) !important}.fs-s{font-size:var(--fs-s) !important}.fs-base{font-size:var(--fs-base) !important}.fs-l{font-size:var(--fs-l) !important}.fs-xl{font-size:var(--fs-xl) !important}.fs-2xl{font-size:var(--fs-2xl) !important}.fs-3xl{font-size:var(--fs-3xl) !important}.fs-4xl{font-size:var(--fs-4xl) !important}.fs-5xl{font-size:var(--fs-5xl) !important}.lh-tight{line-height:var(--lh-tight) !important}.lh-base{line-height:var(--lh-base) !important}.fw-normal{font-weight:var(--fw-normal) !important}.fw-medium{font-weight:var(--fw-medium) !important}.fw-bold{font-weight:var(--fw-bold) !important}.fw-heavy{font-weight:var(--fw-heavy) !important}.list-none{list-style-type:none !important}.list-disc{list-style-type:disc !important}.list-decimal{list-style-type:decimal !important}.text-underline{text-decoration:underline !important}.text-none{text-decoration:none !important}.text-uppercase{text-transform:uppercase !important}.text-lowercase{text-transform:lowercase !important}.text-capitalize{text-transform:capitalize !important}.text-normal{text-transform:none !important}.align-left{text-align:left !important}.align-center{text-align:center !important}.align-right{text-align:right !important}.align-justify{text-align:justify !important}.align-baseline{vertical-align:baseline !important}.align-top{vertical-align:top !important}.align-middle{vertical-align:middle !important}.align-bottom{vertical-align:bottom !important}.align-text-top{vertical-align:text-top !important}.align-text-bottom{vertical-align:text-bottom !important}.whitespace-normal{white-space:normal !important}.whitespace-nowrap{white-space:nowrap !important}.whitespace-pre{white-space:pre !important}.shadow-none{box-shadow:none !important}.outline-none{outline:none !important}.hidden{display:none !important}.block{display:block !important}.inline{display:inline !important}.inline-block{display:inline-block !important}.flex{display:flex !important}.inline-flex{display:inline-flex !important}.grid{display:grid !important}.visible{visibility:visible !important}.invisible{visibility:hidden !important}.clear{clear:both !important}.static{position:static !important}.absolute{position:absolute !important}.fixed{position:fixed !important}.sticky{position:-webkit-sticky !important;position:sticky !important}.relative{position:relative !important}.reset{all:unset !important}@media (min-width: 640px){.s\:opacity-100{opacity:1 !important}.s\:opacity-75{opacity:0.75 !important}.s\:opacity-50{opacity:0.5 !important}.s\:opacity-25{opacity:0.25 !important}.s\:opacity-0{opacity:0 !important}.s\:radius-default{border-radius:var(--radius) !important}.s\:radius-0{border-radius:0 !important}.s\:radius-full{border-radius:9999px !important}.s\:flex-row{flex-direction:row !important}.s\:flex-col{flex-direction:column !important}.s\:flex-row-reverse{flex-direction:row-reverse !important}.s\:flex-col-reverse{flex-direction:column-reverse !important}.s\:flex-wrap{flex-wrap:wrap !important}.s\:flex-nowrap{flex-wrap:nowrap !important}.s\:flex-wrap-reverse{flex-wrap:wrap-reverse !important}.s\:items-stretch{align-items:stretch !important}.s\:items-start{align-items:flex-start !important}.s\:items-center{align-items:center !important}.s\:items-end{align-items:flex-end !important}.s\:items-baseline{align-items:baseline !important}.s\:content-start{align-content:flex-start !important}.s\:content-center{align-content:center !important}.s\:content-end{align-content:flex-end !important}.s\:content-between{align-content:space-between !important}.s\:content-around{align-content:space-around !important}.s\:self-auto{align-self:auto !important}.s\:self-start{align-self:flex-start !important}.s\:self-center{align-self:center !important}.s\:self-end{align-self:flex-end !important}.s\:self-stretch{align-self:stretch !important}.s\:justify-start{justify-content:flex-start !important}.s\:justify-center{justify-content:center !important}.s\:justify-end{justify-content:flex-end !important}.s\:justify-between{justify-content:space-between !important}.s\:justify-around{justify-content:space-around !important}.s\:flex-initial{flex:0 auto !important}.s\:flex-1{flex:1 1 0% !important}.s\:flex-auto{flex:1 1 auto !important}.s\:flex-none{flex:none !important}.s\:grow-0{flex-grow:0 !important}.s\:grow-1{flex-grow:1 !important}.s\:shrink-0{flex-shrink:0 !important}.s\:shrink-1{flex-shrink:1 !important}.s\:order-first{order:-9999 !important}.s\:order-last{order:9999 !important}.s\:order-0{order:0 !important}.s\:gap-0{grid-gap:0 !important}.s\:gap-1{grid-gap:var(--su-1) !important}.s\:gap-2{grid-gap:var(--su-2) !important}.s\:gap-3{grid-gap:var(--su-3) !important}.s\:gap-4{grid-gap:var(--su-4) !important}.s\:gap-5{grid-gap:var(--su-5) !important}.s\:gap-6{grid-gap:var(--su-6) !important}.s\:gap-7{grid-gap:var(--su-7) !important}.s\:gap-8{grid-gap:var(--su-8) !important}.s\:gap-9{grid-gap:var(--su-9) !important}.s\:gap-10{grid-gap:var(--su-10) !important}.s\:grid-cols-none{grid-template-columns:none !important}.s\:grid-cols-1{grid-template-columns:repeat(1, minmax(0, 1fr)) !important}.s\:grid-cols-2{grid-template-columns:repeat(2, minmax(0, 1fr)) !important}.s\:grid-cols-3{grid-template-columns:repeat(3, minmax(0, 1fr)) !important}.s\:grid-cols-4{grid-template-columns:repeat(4, minmax(0, 1fr)) !important}.s\:grid-cols-5{grid-template-columns:repeat(5, minmax(0, 1fr)) !important}.s\:grid-cols-6{grid-template-columns:repeat(6, minmax(0, 1fr)) !important}.s\:grid-cols-7{grid-template-columns:repeat(7, minmax(0, 1fr)) !important}.s\:grid-cols-8{grid-template-columns:repeat(8, minmax(0, 1fr)) !important}.s\:grid-rows-none{grid-template-rows:none !important}.s\:grid-rows-1{grid-template-rows:repeat(1, minmax(0, 1fr)) !important}.s\:grid-rows-2{grid-template-rows:repeat(2, minmax(0, 1fr)) !important}.s\:grid-rows-3{grid-template-rows:repeat(3, minmax(0, 1fr)) !important}.s\:grid-rows-4{grid-template-rows:repeat(4, minmax(0, 1fr)) !important}.s\:grid-flow-row{grid-auto-flow:row !important}.s\:grid-flow-col{grid-auto-flow:column !important}.s\:grid-flow-row-dense{grid-auto-flow:row dense !important}.s\:grid-flow-col-dense{grid-auto-flow:column dense !important}.s\:grid-items-start{justify-items:start !important}.s\:grid-items-end{justify-items:end !important}.s\:grid-items-center{justify-items:center !important}.s\:grid-items-stretch{justify-items:stretch !important}.s\:float-left{float:left !important}.s\:float-right{float:right !important}.s\:float-none{float:none !important}.s\:float-unset{float:unset !important}.s\:border-solid{border-style:solid !important}.s\:border-dashed{border-style:dashed !important}.s\:border-dotted{border-style:dotted !important}.s\:border-none{border-style:none !important}.s\:border-0{border-width:0 !important}.s\:border-1{border-width:1px !important}.s\:border-2{border-width:2px !important}.s\:border-3{border-width:3px !important}.s\:border-4{border-width:4px !important}.s\:border-8{border-width:8px !important}.s\:border-t-0{border-top-width:0 !important}.s\:border-t-1{border-top-width:1px !important}.s\:border-t-2{border-top-width:2px !important}.s\:border-t-3{border-top-width:3px !important}.s\:border-t-4{border-top-width:4px !important}.s\:border-t-8{border-top-width:8px !important}.s\:border-b-0{border-bottom-width:0 !important}.s\:border-b-1{border-bottom-width:1px !important}.s\:border-b-2{border-bottom-width:2px !important}.s\:border-b-3{border-bottom-width:3px !important}.s\:border-b-4{border-bottom-width:4px !important}.s\:border-b-8{border-bottom-width:8px !important}.s\:border-l-0{border-left-width:0 !important}.s\:border-l-1{border-left-width:1px !important}.s\:border-l-2{border-left-width:2px !important}.s\:border-l-3{border-left-width:3px !important}.s\:border-l-4{border-left-width:4px !important}.s\:border-l-8{border-left-width:8px !important}.s\:border-r-0{border-right-width:0 !important}.s\:border-r-1{border-right-width:1px !important}.s\:border-r-2{border-right-width:2px !important}.s\:border-r-3{border-right-width:3px !important}.s\:border-r-4{border-right-width:4px !important}.s\:border-r-8{border-right-width:8px !important}.s\:top-auto{top:auto !important}.s\:top-unset{top:unset !important}.s\:top-0{top:0 !important}.s\:top-1{top:var(--su-1) !important}.s\:top-2{top:var(--su-2) !important}.s\:top-3{top:var(--su-3) !important}.s\:top-4{top:var(--su-4) !important}.s\:-top-1{top:calc(var(--su-1) * -1) !important}.s\:-top-2{top:calc(var(--su-2) * -1) !important}.s\:-top-3{top:calc(var(--su-3) * -1) !important}.s\:-top-4{top:calc(var(--su-4) * -1) !important}.s\:bottom-auto{bottom:auto !important}.s\:bottom-unset{bottom:unset !important}.s\:bottom-0{bottom:0 !important}.s\:bottom-1{bottom:var(--su-1) !important}.s\:bottom-2{bottom:var(--su-2) !important}.s\:bottom-3{bottom:var(--su-3) !important}.s\:bottom-4{bottom:var(--su-4) !important}.s\:-bottom-1{bottom:calc(var(--su-1) * -1) !important}.s\:-bottom-2{bottom:calc(var(--su-2) * -1) !important}.s\:-bottom-3{bottom:calc(var(--su-3) * -1) !important}.s\:-bottom-4{bottom:calc(var(--su-4) * -1) !important}.s\:left-auto{left:auto !important}.s\:left-unset{left:unset !important}.s\:left-0{left:0 !important}.s\:left-1{left:var(--su-1) !important}.s\:left-2{left:var(--su-2) !important}.s\:left-3{left:var(--su-3) !important}.s\:left-4{left:var(--su-4) !important}.s\:-left-1{left:calc(var(--su-1) * -1) !important}.s\:-left-2{left:calc(var(--su-2) * -1) !important}.s\:-left-3{left:calc(var(--su-3) * -1) !important}.s\:-left-4{left:calc(var(--su-4) * -1) !important}.s\:right-auto{right:auto !important}.s\:right-unset{right:unset !important}.s\:right-0{right:0 !important}.s\:right-1{right:var(--su-1) !important}.s\:right-2{right:var(--su-2) !important}.s\:right-3{right:var(--su-3) !important}.s\:right-4{right:var(--su-4) !important}.s\:-right-1{right:calc(var(--su-1) * -1) !important}.s\:-right-2{right:calc(var(--su-2) * -1) !important}.s\:-right-3{right:calc(var(--su-3) * -1) !important}.s\:-right-4{right:calc(var(--su-4) * -1) !important}.s\:overflow-auto{overflow:auto !important}.s\:overflow-visible{overflow:visible !important}.s\:overflow-scroll{overflow:scroll !important}.s\:overflow-hidden{overflow:hidden !important}.s\:overflow-x-auto{overflow-x:auto !important}.s\:overflow-x-visible{overflow-x:visible !important}.s\:overflow-x-scroll{overflow-x:scroll !important}.s\:overflow-x-hidden{overflow-x:hidden !important}.s\:overflow-y-auto{overflow-y:auto !important}.s\:overflow-y-visible{overflow-y:visible !important}.s\:overflow-y-scroll{overflow-y:scroll !important}.s\:overflow-y-hidden{overflow-y:hidden !important}.s\:w-0{width:0 !important}.s\:w-25{width:25% !important}.s\:w-50{width:50% !important}.s\:w-100{width:100% !important}.s\:w-auto{width:auto !important}.s\:w-full{width:100vw !important}.s\:w-max{width:-webkit-max-content !important;width:-moz-max-content !important;width:max-content !important}.s\:min-w-0{min-width:0 !important}.s\:min-w-100{min-width:100% !important}.s\:h-0{height:0 !important}.s\:h-25{height:25% !important}.s\:h-50{height:50% !important}.s\:h-100{height:100% !important}.s\:h-auto{height:auto !important}.s\:h-full{height:100vh !important}.s\:min-h-0{min-height:0 !important}.s\:min-h-100{min-height:100% !important}.s\:min-h-full{min-height:100vh !important}.s\:max-h-0{max-height:0 !important}.s\:max-h-100{max-height:100% !important}.s\:max-h-full{max-height:100vh !important}.s\:max-w-0{max-width:0 !important}.s\:max-w-25{max-width:25% !important}.s\:max-w-50{max-width:50% !important}.s\:max-w-75{max-width:75% !important}.s\:max-w-100{max-width:100% !important}.s\:m-auto{margin:auto !important}.s\:m-unset{margin:unset !important}.s\:m-0{margin:0 !important}.s\:m-1{margin:var(--su-1) !important}.s\:m-2{margin:var(--su-2) !important}.s\:m-3{margin:var(--su-3) !important}.s\:m-4{margin:var(--su-4) !important}.s\:m-5{margin:var(--su-5) !important}.s\:m-6{margin:var(--su-6) !important}.s\:m-7{margin:var(--su-7) !important}.s\:m-8{margin:var(--su-8) !important}.s\:m-9{margin:var(--su-9) !important}.s\:m-10{margin:var(--su-10) !important}.s\:-m-1{margin:calc(var(--su-1) * -1) !important}.s\:-m-2{margin:calc(var(--su-2) * -1) !important}.s\:-m-3{margin:calc(var(--su-3) * -1) !important}.s\:-m-4{margin:calc(var(--su-4) * -1) !important}.s\:-m-5{margin:calc(var(--su-5) * -1) !important}.s\:-m-6{margin:calc(var(--su-6) * -1) !important}.s\:-m-7{margin:calc(var(--su-7) * -1) !important}.s\:-m-8{margin:calc(var(--su-8) * -1) !important}.s\:-m-9{margin:calc(var(--su-9) * -1) !important}.s\:-m-10{margin:calc(var(--su-10) * -1) !important}.s\:my-auto{margin-top:auto !important;margin-bottom:auto !important}.s\:my-unset{margin-top:unset !important;margin-bottom:unset !important}.s\:my-0{margin-top:0 !important;margin-bottom:0 !important}.s\:my-1{margin-top:var(--su-1) !important;margin-bottom:var(--su-1) !important}.s\:my-2{margin-top:var(--su-2) !important;margin-bottom:var(--su-2) !important}.s\:my-3{margin-top:var(--su-3) !important;margin-bottom:var(--su-3) !important}.s\:my-4{margin-top:var(--su-4) !important;margin-bottom:var(--su-4) !important}.s\:my-5{margin-top:var(--su-5) !important;margin-bottom:var(--su-5) !important}.s\:my-6{margin-top:var(--su-6) !important;margin-bottom:var(--su-6) !important}.s\:my-7{margin-top:var(--su-7) !important;margin-bottom:var(--su-7) !important}.s\:my-8{margin-top:var(--su-8) !important;margin-bottom:var(--su-8) !important}.s\:my-9{margin-top:var(--su-9) !important;margin-bottom:var(--su-9) !important}.s\:my-10{margin-top:var(--su-10) !important;margin-bottom:var(--su-10) !important}.s\:-my-1{margin-top:calc(var(--su-1) * -1) !important;margin-bottom:calc(var(--su-1) * -1) !important}.s\:-my-2{margin-top:calc(var(--su-2) * -1) !important;margin-bottom:calc(var(--su-2) * -1) !important}.s\:-my-3{margin-top:calc(var(--su-3) * -1) !important;margin-bottom:calc(var(--su-3) * -1) !important}.s\:-my-4{margin-top:calc(var(--su-4) * -1) !important;margin-bottom:calc(var(--su-4) * -1) !important}.s\:-my-5{margin-top:calc(var(--su-5) * -1) !important;margin-bottom:calc(var(--su-5) * -1) !important}.s\:-my-6{margin-top:calc(var(--su-6) * -1) !important;margin-bottom:calc(var(--su-6) * -1) !important}.s\:-my-7{margin-top:calc(var(--su-7) * -1) !important;margin-bottom:calc(var(--su-7) * -1) !important}.s\:-my-8{margin-top:calc(var(--su-8) * -1) !important;margin-bottom:calc(var(--su-8) * -1) !important}.s\:-my-9{margin-top:calc(var(--su-9) * -1) !important;margin-bottom:calc(var(--su-9) * -1) !important}.s\:-my-10{margin-top:calc(var(--su-10) * -1) !important;margin-bottom:calc(var(--su-10) * -1) !important}.s\:mx-auto{margin-left:auto !important;margin-right:auto !important}.s\:mx-unset{margin-left:unset !important;margin-right:unset !important}.s\:mx-0{margin-left:0 !important;margin-right:0 !important}.s\:mx-1{margin-left:var(--su-1) !important;margin-right:var(--su-1) !important}.s\:mx-2{margin-left:var(--su-2) !important;margin-right:var(--su-2) !important}.s\:mx-3{margin-left:var(--su-3) !important;margin-right:var(--su-3) !important}.s\:mx-4{margin-left:var(--su-4) !important;margin-right:var(--su-4) !important}.s\:mx-5{margin-left:var(--su-5) !important;margin-right:var(--su-5) !important}.s\:mx-6{margin-left:var(--su-6) !important;margin-right:var(--su-6) !important}.s\:mx-7{margin-left:var(--su-7) !important;margin-right:var(--su-7) !important}.s\:mx-8{margin-left:var(--su-8) !important;margin-right:var(--su-8) !important}.s\:mx-9{margin-left:var(--su-9) !important;margin-right:var(--su-9) !important}.s\:mx-10{margin-left:var(--su-10) !important;margin-right:var(--su-10) !important}.s\:-mx-1{margin-left:calc(var(--su-1) * -1) !important;margin-right:calc(var(--su-1) * -1) !important}.s\:-mx-2{margin-left:calc(var(--su-2) * -1) !important;margin-right:calc(var(--su-2) * -1) !important}.s\:-mx-3{margin-left:calc(var(--su-3) * -1) !important;margin-right:calc(var(--su-3) * -1) !important}.s\:-mx-4{margin-left:calc(var(--su-4) * -1) !important;margin-right:calc(var(--su-4) * -1) !important}.s\:-mx-5{margin-left:calc(var(--su-5) * -1) !important;margin-right:calc(var(--su-5) * -1) !important}.s\:-mx-6{margin-left:calc(var(--su-6) * -1) !important;margin-right:calc(var(--su-6) * -1) !important}.s\:-mx-7{margin-left:calc(var(--su-7) * -1) !important;margin-right:calc(var(--su-7) * -1) !important}.s\:-mx-8{margin-left:calc(var(--su-8) * -1) !important;margin-right:calc(var(--su-8) * -1) !important}.s\:-mx-9{margin-left:calc(var(--su-9) * -1) !important;margin-right:calc(var(--su-9) * -1) !important}.s\:-mx-10{margin-left:calc(var(--su-10) * -1) !important;margin-right:calc(var(--su-10) * -1) !important}.s\:mt-auto{margin-top:auto !important}.s\:mt-unset{margin-top:unset !important}.s\:mt-0{margin-top:0 !important}.s\:mt-1{margin-top:var(--su-1) !important}.s\:mt-2{margin-top:var(--su-2) !important}.s\:mt-3{margin-top:var(--su-3) !important}.s\:mt-4{margin-top:var(--su-4) !important}.s\:mt-5{margin-top:var(--su-5) !important}.s\:mt-6{margin-top:var(--su-6) !important}.s\:mt-7{margin-top:var(--su-7) !important}.s\:mt-8{margin-top:var(--su-8) !important}.s\:mt-9{margin-top:var(--su-9) !important}.s\:mt-10{margin-top:var(--su-10) !important}.s\:-mt-1{margin-top:calc(var(--su-1) * -1) !important}.s\:-mt-2{margin-top:calc(var(--su-2) * -1) !important}.s\:-mt-3{margin-top:calc(var(--su-3) * -1) !important}.s\:-mt-4{margin-top:calc(var(--su-4) * -1) !important}.s\:-mt-5{margin-top:calc(var(--su-5) * -1) !important}.s\:-mt-6{margin-top:calc(var(--su-6) * -1) !important}.s\:-mt-7{margin-top:calc(var(--su-7) * -1) !important}.s\:-mt-8{margin-top:calc(var(--su-8) * -1) !important}.s\:-mt-9{margin-top:calc(var(--su-9) * -1) !important}.s\:-mt-10{margin-top:calc(var(--su-10) * -1) !important}.s\:mb-auto{margin-bottom:auto !important}.s\:mb-unset{margin-bottom:unset !important}.s\:mb-0{margin-bottom:0 !important}.s\:mb-1{margin-bottom:var(--su-1) !important}.s\:mb-2{margin-bottom:var(--su-2) !important}.s\:mb-3{margin-bottom:var(--su-3) !important}.s\:mb-4{margin-bottom:var(--su-4) !important}.s\:mb-5{margin-bottom:var(--su-5) !important}.s\:mb-6{margin-bottom:var(--su-6) !important}.s\:mb-7{margin-bottom:var(--su-7) !important}.s\:mb-8{margin-bottom:var(--su-8) !important}.s\:mb-9{margin-bottom:var(--su-9) !important}.s\:mb-10{margin-bottom:var(--su-10) !important}.s\:-mb-1{margin-bottom:calc(var(--su-1) * -1) !important}.s\:-mb-2{margin-bottom:calc(var(--su-2) * -1) !important}.s\:-mb-3{margin-bottom:calc(var(--su-3) * -1) !important}.s\:-mb-4{margin-bottom:calc(var(--su-4) * -1) !important}.s\:-mb-5{margin-bottom:calc(var(--su-5) * -1) !important}.s\:-mb-6{margin-bottom:calc(var(--su-6) * -1) !important}.s\:-mb-7{margin-bottom:calc(var(--su-7) * -1) !important}.s\:-mb-8{margin-bottom:calc(var(--su-8) * -1) !important}.s\:-mb-9{margin-bottom:calc(var(--su-9) * -1) !important}.s\:-mb-10{margin-bottom:calc(var(--su-10) * -1) !important}.s\:ml-auto{margin-left:auto !important}.s\:ml-unset{margin-left:unset !important}.s\:ml-0{margin-left:0 !important}.s\:ml-1{margin-left:var(--su-1) !important}.s\:ml-2{margin-left:var(--su-2) !important}.s\:ml-3{margin-left:var(--su-3) !important}.s\:ml-4{margin-left:var(--su-4) !important}.s\:ml-5{margin-left:var(--su-5) !important}.s\:ml-6{margin-left:var(--su-6) !important}.s\:ml-7{margin-left:var(--su-7) !important}.s\:ml-8{margin-left:var(--su-8) !important}.s\:ml-9{margin-left:var(--su-9) !important}.s\:ml-10{margin-left:var(--su-10) !important}.s\:-ml-1{margin-left:calc(var(--su-1) * -1) !important}.s\:-ml-2{margin-left:calc(var(--su-2) * -1) !important}.s\:-ml-3{margin-left:calc(var(--su-3) * -1) !important}.s\:-ml-4{margin-left:calc(var(--su-4) * -1) !important}.s\:-ml-5{margin-left:calc(var(--su-5) * -1) !important}.s\:-ml-6{margin-left:calc(var(--su-6) * -1) !important}.s\:-ml-7{margin-left:calc(var(--su-7) * -1) !important}.s\:-ml-8{margin-left:calc(var(--su-8) * -1) !important}.s\:-ml-9{margin-left:calc(var(--su-9) * -1) !important}.s\:-ml-10{margin-left:calc(var(--su-10) * -1) !important}.s\:mr-auto{margin-right:auto !important}.s\:mr-unset{margin-right:unset !important}.s\:mr-0{margin-right:0 !important}.s\:mr-1{margin-right:var(--su-1) !important}.s\:mr-2{margin-right:var(--su-2) !important}.s\:mr-3{margin-right:var(--su-3) !important}.s\:mr-4{margin-right:var(--su-4) !important}.s\:mr-5{margin-right:var(--su-5) !important}.s\:mr-6{margin-right:var(--su-6) !important}.s\:mr-7{margin-right:var(--su-7) !important}.s\:mr-8{margin-right:var(--su-8) !important}.s\:mr-9{margin-right:var(--su-9) !important}.s\:mr-10{margin-right:var(--su-10) !important}.s\:-mr-1{margin-right:calc(var(--su-1) * -1) !important}.s\:-mr-2{margin-right:calc(var(--su-2) * -1) !important}.s\:-mr-3{margin-right:calc(var(--su-3) * -1) !important}.s\:-mr-4{margin-right:calc(var(--su-4) * -1) !important}.s\:-mr-5{margin-right:calc(var(--su-5) * -1) !important}.s\:-mr-6{margin-right:calc(var(--su-6) * -1) !important}.s\:-mr-7{margin-right:calc(var(--su-7) * -1) !important}.s\:-mr-8{margin-right:calc(var(--su-8) * -1) !important}.s\:-mr-9{margin-right:calc(var(--su-9) * -1) !important}.s\:-mr-10{margin-right:calc(var(--su-10) * -1) !important}.s\:p-0{padding:0 !important}.s\:p-unset{padding:unset !important}.s\:p-1{padding:var(--su-1) !important}.s\:p-2{padding:var(--su-2) !important}.s\:p-3{padding:var(--su-3) !important}.s\:p-4{padding:var(--su-4) !important}.s\:p-5{padding:var(--su-5) !important}.s\:p-6{padding:var(--su-6) !important}.s\:p-7{padding:var(--su-7) !important}.s\:p-8{padding:var(--su-8) !important}.s\:p-9{padding:var(--su-9) !important}.s\:p-10{padding:var(--su-10) !important}.s\:py-0{padding-top:0 !important;padding-bottom:0 !important}.s\:py-unset{padding-top:unset !important;padding-bottom:unset !important}.s\:py-1{padding-top:var(--su-1) !important;padding-bottom:var(--su-1) !important}.s\:py-2{padding-top:var(--su-2) !important;padding-bottom:var(--su-2) !important}.s\:py-3{padding-top:var(--su-3) !important;padding-bottom:var(--su-3) !important}.s\:py-4{padding-top:var(--su-4) !important;padding-bottom:var(--su-4) !important}.s\:py-5{padding-top:var(--su-5) !important;padding-bottom:var(--su-5) !important}.s\:py-6{padding-top:var(--su-6) !important;padding-bottom:var(--su-6) !important}.s\:py-7{padding-top:var(--su-7) !important;padding-bottom:var(--su-7) !important}.s\:py-8{padding-top:var(--su-8) !important;padding-bottom:var(--su-8) !important}.s\:py-9{padding-top:var(--su-9) !important;padding-bottom:var(--su-9) !important}.s\:py-10{padding-top:var(--su-10) !important;padding-bottom:var(--su-10) !important}.s\:px-0{padding-left:0 !important;padding-right:0 !important}.s\:px-unset{padding-left:unset !important;padding-right:unset !important}.s\:px-1{padding-left:var(--su-1) !important;padding-right:var(--su-1) !important}.s\:px-2{padding-left:var(--su-2) !important;padding-right:var(--su-2) !important}.s\:px-3{padding-left:var(--su-3) !important;padding-right:var(--su-3) !important}.s\:px-4{padding-left:var(--su-4) !important;padding-right:var(--su-4) !important}.s\:px-5{padding-left:var(--su-5) !important;padding-right:var(--su-5) !important}.s\:px-6{padding-left:var(--su-6) !important;padding-right:var(--su-6) !important}.s\:px-7{padding-left:var(--su-7) !important;padding-right:var(--su-7) !important}.s\:px-8{padding-left:var(--su-8) !important;padding-right:var(--su-8) !important}.s\:px-9{padding-left:var(--su-9) !important;padding-right:var(--su-9) !important}.s\:px-10{padding-left:var(--su-10) !important;padding-right:var(--su-10) !important}.s\:pt-0{padding-top:0 !important}.s\:pt-unset{padding-top:unset !important}.s\:pt-1{padding-top:var(--su-1) !important}.s\:pt-2{padding-top:var(--su-2) !important}.s\:pt-3{padding-top:var(--su-3) !important}.s\:pt-4{padding-top:var(--su-4) !important}.s\:pt-5{padding-top:var(--su-5) !important}.s\:pt-6{padding-top:var(--su-6) !important}.s\:pt-7{padding-top:var(--su-7) !important}.s\:pt-8{padding-top:var(--su-8) !important}.s\:pt-9{padding-top:var(--su-9) !important}.s\:pt-10{padding-top:var(--su-10) !important}.s\:pb-0{padding-bottom:0 !important}.s\:pb-unset{padding-bottom:unset !important}.s\:pb-1{padding-bottom:var(--su-1) !important}.s\:pb-2{padding-bottom:var(--su-2) !important}.s\:pb-3{padding-bottom:var(--su-3) !important}.s\:pb-4{padding-bottom:var(--su-4) !important}.s\:pb-5{padding-bottom:var(--su-5) !important}.s\:pb-6{padding-bottom:var(--su-6) !important}.s\:pb-7{padding-bottom:var(--su-7) !important}.s\:pb-8{padding-bottom:var(--su-8) !important}.s\:pb-9{padding-bottom:var(--su-9) !important}.s\:pb-10{padding-bottom:var(--su-10) !important}.s\:pl-0{padding-left:0 !important}.s\:pl-unset{padding-left:unset !important}.s\:pl-1{padding-left:var(--su-1) !important}.s\:pl-2{padding-left:var(--su-2) !important}.s\:pl-3{padding-left:var(--su-3) !important}.s\:pl-4{padding-left:var(--su-4) !important}.s\:pl-5{padding-left:var(--su-5) !important}.s\:pl-6{padding-left:var(--su-6) !important}.s\:pl-7{padding-left:var(--su-7) !important}.s\:pl-8{padding-left:var(--su-8) !important}.s\:pl-9{padding-left:var(--su-9) !important}.s\:pl-10{padding-left:var(--su-10) !important}.s\:pr-0{padding-right:0 !important}.s\:pr-unset{padding-right:unset !important}.s\:pr-1{padding-right:var(--su-1) !important}.s\:pr-2{padding-right:var(--su-2) !important}.s\:pr-3{padding-right:var(--su-3) !important}.s\:pr-4{padding-right:var(--su-4) !important}.s\:pr-5{padding-right:var(--su-5) !important}.s\:pr-6{padding-right:var(--su-6) !important}.s\:pr-7{padding-right:var(--su-7) !important}.s\:pr-8{padding-right:var(--su-8) !important}.s\:pr-9{padding-right:var(--su-9) !important}.s\:pr-10{padding-right:var(--su-10) !important}.s\:fs-xs{font-size:var(--fs-xs) !important}.s\:fs-s{font-size:var(--fs-s) !important}.s\:fs-base{font-size:var(--fs-base) !important}.s\:fs-l{font-size:var(--fs-l) !important}.s\:fs-xl{font-size:var(--fs-xl) !important}.s\:fs-2xl{font-size:var(--fs-2xl) !important}.s\:fs-3xl{font-size:var(--fs-3xl) !important}.s\:fs-4xl{font-size:var(--fs-4xl) !important}.s\:fs-5xl{font-size:var(--fs-5xl) !important}.s\:lh-tight{line-height:var(--lh-tight) !important}.s\:lh-base{line-height:var(--lh-base) !important}.s\:align-left{text-align:left !important}.s\:align-center{text-align:center !important}.s\:align-right{text-align:right !important}.s\:align-justify{text-align:justify !important}.s\:align-baseline{vertical-align:baseline !important}.s\:align-top{vertical-align:top !important}.s\:align-middle{vertical-align:middle !important}.s\:align-bottom{vertical-align:bottom !important}.s\:align-text-top{vertical-align:text-top !important}.s\:align-text-bottom{vertical-align:text-bottom !important}.s\:whitespace-normal{white-space:normal !important}.s\:whitespace-nowrap{white-space:nowrap !important}.s\:whitespace-pre{white-space:pre !important}.s\:shadow-none{box-shadow:none !important}.s\:hidden{display:none !important}.s\:block{display:block !important}.s\:inline{display:inline !important}.s\:inline-block{display:inline-block !important}.s\:flex{display:flex !important}.s\:inline-flex{display:inline-flex !important}.s\:grid{display:grid !important}.s\:visible{visibility:visible !important}.s\:invisible{visibility:hidden !important}.s\:static{position:static !important}.s\:absolute{position:absolute !important}.s\:fixed{position:fixed !important}.s\:sticky{position:-webkit-sticky !important;position:sticky !important}.s\:relative{position:relative !important}}@media (min-width: 768px){.m\:opacity-100{opacity:1 !important}.m\:opacity-75{opacity:0.75 !important}.m\:opacity-50{opacity:0.5 !important}.m\:opacity-25{opacity:0.25 !important}.m\:opacity-0{opacity:0 !important}.m\:radius-default{border-radius:var(--radius) !important}.m\:radius-0{border-radius:0 !important}.m\:radius-full{border-radius:9999px !important}.m\:flex-row{flex-direction:row !important}.m\:flex-col{flex-direction:column !important}.m\:flex-row-reverse{flex-direction:row-reverse !important}.m\:flex-col-reverse{flex-direction:column-reverse !important}.m\:flex-wrap{flex-wrap:wrap !important}.m\:flex-nowrap{flex-wrap:nowrap !important}.m\:flex-wrap-reverse{flex-wrap:wrap-reverse !important}.m\:items-stretch{align-items:stretch !important}.m\:items-start{align-items:flex-start !important}.m\:items-center{align-items:center !important}.m\:items-end{align-items:flex-end !important}.m\:items-baseline{align-items:baseline !important}.m\:content-start{align-content:flex-start !important}.m\:content-center{align-content:center !important}.m\:content-end{align-content:flex-end !important}.m\:content-between{align-content:space-between !important}.m\:content-around{align-content:space-around !important}.m\:self-auto{align-self:auto !important}.m\:self-start{align-self:flex-start !important}.m\:self-center{align-self:center !important}.m\:self-end{align-self:flex-end !important}.m\:self-stretch{align-self:stretch !important}.m\:justify-start{justify-content:flex-start !important}.m\:justify-center{justify-content:center !important}.m\:justify-end{justify-content:flex-end !important}.m\:justify-between{justify-content:space-between !important}.m\:justify-around{justify-content:space-around !important}.m\:flex-initial{flex:0 auto !important}.m\:flex-1{flex:1 1 0% !important}.m\:flex-auto{flex:1 1 auto !important}.m\:flex-none{flex:none !important}.m\:grow-0{flex-grow:0 !important}.m\:grow-1{flex-grow:1 !important}.m\:shrink-0{flex-shrink:0 !important}.m\:shrink-1{flex-shrink:1 !important}.m\:order-first{order:-9999 !important}.m\:order-last{order:9999 !important}.m\:order-0{order:0 !important}.m\:gap-0{grid-gap:0 !important}.m\:gap-1{grid-gap:var(--su-1) !important}.m\:gap-2{grid-gap:var(--su-2) !important}.m\:gap-3{grid-gap:var(--su-3) !important}.m\:gap-4{grid-gap:var(--su-4) !important}.m\:gap-5{grid-gap:var(--su-5) !important}.m\:gap-6{grid-gap:var(--su-6) !important}.m\:gap-7{grid-gap:var(--su-7) !important}.m\:gap-8{grid-gap:var(--su-8) !important}.m\:gap-9{grid-gap:var(--su-9) !important}.m\:gap-10{grid-gap:var(--su-10) !important}.m\:grid-cols-none{grid-template-columns:none !important}.m\:grid-cols-1{grid-template-columns:repeat(1, minmax(0, 1fr)) !important}.m\:grid-cols-2{grid-template-columns:repeat(2, minmax(0, 1fr)) !important}.m\:grid-cols-3{grid-template-columns:repeat(3, minmax(0, 1fr)) !important}.m\:grid-cols-4{grid-template-columns:repeat(4, minmax(0, 1fr)) !important}.m\:grid-cols-5{grid-template-columns:repeat(5, minmax(0, 1fr)) !important}.m\:grid-cols-6{grid-template-columns:repeat(6, minmax(0, 1fr)) !important}.m\:grid-cols-7{grid-template-columns:repeat(7, minmax(0, 1fr)) !important}.m\:grid-cols-8{grid-template-columns:repeat(8, minmax(0, 1fr)) !important}.m\:grid-rows-none{grid-template-rows:none !important}.m\:grid-rows-1{grid-template-rows:repeat(1, minmax(0, 1fr)) !important}.m\:grid-rows-2{grid-template-rows:repeat(2, minmax(0, 1fr)) !important}.m\:grid-rows-3{grid-template-rows:repeat(3, minmax(0, 1fr)) !important}.m\:grid-rows-4{grid-template-rows:repeat(4, minmax(0, 1fr)) !important}.m\:grid-flow-row{grid-auto-flow:row !important}.m\:grid-flow-col{grid-auto-flow:column !important}.m\:grid-flow-row-dense{grid-auto-flow:row dense !important}.m\:grid-flow-col-dense{grid-auto-flow:column dense !important}.m\:grid-items-start{justify-items:start !important}.m\:grid-items-end{justify-items:end !important}.m\:grid-items-center{justify-items:center !important}.m\:grid-items-stretch{justify-items:stretch !important}.m\:float-left{float:left !important}.m\:float-right{float:right !important}.m\:float-none{float:none !important}.m\:float-unset{float:unset !important}.m\:border-solid{border-style:solid !important}.m\:border-dashed{border-style:dashed !important}.m\:border-dotted{border-style:dotted !important}.m\:border-none{border-style:none !important}.m\:border-0{border-width:0 !important}.m\:border-1{border-width:1px !important}.m\:border-2{border-width:2px !important}.m\:border-3{border-width:3px !important}.m\:border-4{border-width:4px !important}.m\:border-8{border-width:8px !important}.m\:border-t-0{border-top-width:0 !important}.m\:border-t-1{border-top-width:1px !important}.m\:border-t-2{border-top-width:2px !important}.m\:border-t-3{border-top-width:3px !important}.m\:border-t-4{border-top-width:4px !important}.m\:border-t-8{border-top-width:8px !important}.m\:border-b-0{border-bottom-width:0 !important}.m\:border-b-1{border-bottom-width:1px !important}.m\:border-b-2{border-bottom-width:2px !important}.m\:border-b-3{border-bottom-width:3px !important}.m\:border-b-4{border-bottom-width:4px !important}.m\:border-b-8{border-bottom-width:8px !important}.m\:border-l-0{border-left-width:0 !important}.m\:border-l-1{border-left-width:1px !important}.m\:border-l-2{border-left-width:2px !important}.m\:border-l-3{border-left-width:3px !important}.m\:border-l-4{border-left-width:4px !important}.m\:border-l-8{border-left-width:8px !important}.m\:border-r-0{border-right-width:0 !important}.m\:border-r-1{border-right-width:1px !important}.m\:border-r-2{border-right-width:2px !important}.m\:border-r-3{border-right-width:3px !important}.m\:border-r-4{border-right-width:4px !important}.m\:border-r-8{border-right-width:8px !important}.m\:top-auto{top:auto !important}.m\:top-unset{top:unset !important}.m\:top-0{top:0 !important}.m\:top-1{top:var(--su-1) !important}.m\:top-2{top:var(--su-2) !important}.m\:top-3{top:var(--su-3) !important}.m\:top-4{top:var(--su-4) !important}.m\:-top-1{top:calc(var(--su-1) * -1) !important}.m\:-top-2{top:calc(var(--su-2) * -1) !important}.m\:-top-3{top:calc(var(--su-3) * -1) !important}.m\:-top-4{top:calc(var(--su-4) * -1) !important}.m\:bottom-auto{bottom:auto !important}.m\:bottom-unset{bottom:unset !important}.m\:bottom-0{bottom:0 !important}.m\:bottom-1{bottom:var(--su-1) !important}.m\:bottom-2{bottom:var(--su-2) !important}.m\:bottom-3{bottom:var(--su-3) !important}.m\:bottom-4{bottom:var(--su-4) !important}.m\:-bottom-1{bottom:calc(var(--su-1) * -1) !important}.m\:-bottom-2{bottom:calc(var(--su-2) * -1) !important}.m\:-bottom-3{bottom:calc(var(--su-3) * -1) !important}.m\:-bottom-4{bottom:calc(var(--su-4) * -1) !important}.m\:left-auto{left:auto !important}.m\:left-unset{left:unset !important}.m\:left-0{left:0 !important}.m\:left-1{left:var(--su-1) !important}.m\:left-2{left:var(--su-2) !important}.m\:left-3{left:var(--su-3) !important}.m\:left-4{left:var(--su-4) !important}.m\:-left-1{left:calc(var(--su-1) * -1) !important}.m\:-left-2{left:calc(var(--su-2) * -1) !important}.m\:-left-3{left:calc(var(--su-3) * -1) !important}.m\:-left-4{left:calc(var(--su-4) * -1) !important}.m\:right-auto{right:auto !important}.m\:right-unset{right:unset !important}.m\:right-0{right:0 !important}.m\:right-1{right:var(--su-1) !important}.m\:right-2{right:var(--su-2) !important}.m\:right-3{right:var(--su-3) !important}.m\:right-4{right:var(--su-4) !important}.m\:-right-1{right:calc(var(--su-1) * -1) !important}.m\:-right-2{right:calc(var(--su-2) * -1) !important}.m\:-right-3{right:calc(var(--su-3) * -1) !important}.m\:-right-4{right:calc(var(--su-4) * -1) !important}.m\:overflow-auto{overflow:auto !important}.m\:overflow-visible{overflow:visible !important}.m\:overflow-scroll{overflow:scroll !important}.m\:overflow-hidden{overflow:hidden !important}.m\:overflow-x-auto{overflow-x:auto !important}.m\:overflow-x-visible{overflow-x:visible !important}.m\:overflow-x-scroll{overflow-x:scroll !important}.m\:overflow-x-hidden{overflow-x:hidden !important}.m\:overflow-y-auto{overflow-y:auto !important}.m\:overflow-y-visible{overflow-y:visible !important}.m\:overflow-y-scroll{overflow-y:scroll !important}.m\:overflow-y-hidden{overflow-y:hidden !important}.m\:w-0{width:0 !important}.m\:w-25{width:25% !important}.m\:w-50{width:50% !important}.m\:w-100{width:100% !important}.m\:w-auto{width:auto !important}.m\:w-full{width:100vw !important}.m\:w-max{width:-webkit-max-content !important;width:-moz-max-content !important;width:max-content !important}.m\:min-w-0{min-width:0 !important}.m\:min-w-100{min-width:100% !important}.m\:h-0{height:0 !important}.m\:h-25{height:25% !important}.m\:h-50{height:50% !important}.m\:h-100{height:100% !important}.m\:h-auto{height:auto !important}.m\:h-full{height:100vh !important}.m\:min-h-0{min-height:0 !important}.m\:min-h-100{min-height:100% !important}.m\:min-h-full{min-height:100vh !important}.m\:max-h-0{max-height:0 !important}.m\:max-h-100{max-height:100% !important}.m\:max-h-full{max-height:100vh !important}.m\:max-w-0{max-width:0 !important}.m\:max-w-25{max-width:25% !important}.m\:max-w-50{max-width:50% !important}.m\:max-w-75{max-width:75% !important}.m\:max-w-100{max-width:100% !important}.m\:m-auto{margin:auto !important}.m\:m-unset{margin:unset !important}.m\:m-0{margin:0 !important}.m\:m-1{margin:var(--su-1) !important}.m\:m-2{margin:var(--su-2) !important}.m\:m-3{margin:var(--su-3) !important}.m\:m-4{margin:var(--su-4) !important}.m\:m-5{margin:var(--su-5) !important}.m\:m-6{margin:var(--su-6) !important}.m\:m-7{margin:var(--su-7) !important}.m\:m-8{margin:var(--su-8) !important}.m\:m-9{margin:var(--su-9) !important}.m\:m-10{margin:var(--su-10) !important}.m\:-m-1{margin:calc(var(--su-1) * -1) !important}.m\:-m-2{margin:calc(var(--su-2) * -1) !important}.m\:-m-3{margin:calc(var(--su-3) * -1) !important}.m\:-m-4{margin:calc(var(--su-4) * -1) !important}.m\:-m-5{margin:calc(var(--su-5) * -1) !important}.m\:-m-6{margin:calc(var(--su-6) * -1) !important}.m\:-m-7{margin:calc(var(--su-7) * -1) !important}.m\:-m-8{margin:calc(var(--su-8) * -1) !important}.m\:-m-9{margin:calc(var(--su-9) * -1) !important}.m\:-m-10{margin:calc(var(--su-10) * -1) !important}.m\:my-auto{margin-top:auto !important;margin-bottom:auto !important}.m\:my-unset{margin-top:unset !important;margin-bottom:unset !important}.m\:my-0{margin-top:0 !important;margin-bottom:0 !important}.m\:my-1{margin-top:var(--su-1) !important;margin-bottom:var(--su-1) !important}.m\:my-2{margin-top:var(--su-2) !important;margin-bottom:var(--su-2) !important}.m\:my-3{margin-top:var(--su-3) !important;margin-bottom:var(--su-3) !important}.m\:my-4{margin-top:var(--su-4) !important;margin-bottom:var(--su-4) !important}.m\:my-5{margin-top:var(--su-5) !important;margin-bottom:var(--su-5) !important}.m\:my-6{margin-top:var(--su-6) !important;margin-bottom:var(--su-6) !important}.m\:my-7{margin-top:var(--su-7) !important;margin-bottom:var(--su-7) !important}.m\:my-8{margin-top:var(--su-8) !important;margin-bottom:var(--su-8) !important}.m\:my-9{margin-top:var(--su-9) !important;margin-bottom:var(--su-9) !important}.m\:my-10{margin-top:var(--su-10) !important;margin-bottom:var(--su-10) !important}.m\:-my-1{margin-top:calc(var(--su-1) * -1) !important;margin-bottom:calc(var(--su-1) * -1) !important}.m\:-my-2{margin-top:calc(var(--su-2) * -1) !important;margin-bottom:calc(var(--su-2) * -1) !important}.m\:-my-3{margin-top:calc(var(--su-3) * -1) !important;margin-bottom:calc(var(--su-3) * -1) !important}.m\:-my-4{margin-top:calc(var(--su-4) * -1) !important;margin-bottom:calc(var(--su-4) * -1) !important}.m\:-my-5{margin-top:calc(var(--su-5) * -1) !important;margin-bottom:calc(var(--su-5) * -1) !important}.m\:-my-6{margin-top:calc(var(--su-6) * -1) !important;margin-bottom:calc(var(--su-6) * -1) !important}.m\:-my-7{margin-top:calc(var(--su-7) * -1) !important;margin-bottom:calc(var(--su-7) * -1) !important}.m\:-my-8{margin-top:calc(var(--su-8) * -1) !important;margin-bottom:calc(var(--su-8) * -1) !important}.m\:-my-9{margin-top:calc(var(--su-9) * -1) !important;margin-bottom:calc(var(--su-9) * -1) !important}.m\:-my-10{margin-top:calc(var(--su-10) * -1) !important;margin-bottom:calc(var(--su-10) * -1) !important}.m\:mx-auto{margin-left:auto !important;margin-right:auto !important}.m\:mx-unset{margin-left:unset !important;margin-right:unset !important}.m\:mx-0{margin-left:0 !important;margin-right:0 !important}.m\:mx-1{margin-left:var(--su-1) !important;margin-right:var(--su-1) !important}.m\:mx-2{margin-left:var(--su-2) !important;margin-right:var(--su-2) !important}.m\:mx-3{margin-left:var(--su-3) !important;margin-right:var(--su-3) !important}.m\:mx-4{margin-left:var(--su-4) !important;margin-right:var(--su-4) !important}.m\:mx-5{margin-left:var(--su-5) !important;margin-right:var(--su-5) !important}.m\:mx-6{margin-left:var(--su-6) !important;margin-right:var(--su-6) !important}.m\:mx-7{margin-left:var(--su-7) !important;margin-right:var(--su-7) !important}.m\:mx-8{margin-left:var(--su-8) !important;margin-right:var(--su-8) !important}.m\:mx-9{margin-left:var(--su-9) !important;margin-right:var(--su-9) !important}.m\:mx-10{margin-left:var(--su-10) !important;margin-right:var(--su-10) !important}.m\:-mx-1{margin-left:calc(var(--su-1) * -1) !important;margin-right:calc(var(--su-1) * -1) !important}.m\:-mx-2{margin-left:calc(var(--su-2) * -1) !important;margin-right:calc(var(--su-2) * -1) !important}.m\:-mx-3{margin-left:calc(var(--su-3) * -1) !important;margin-right:calc(var(--su-3) * -1) !important}.m\:-mx-4{margin-left:calc(var(--su-4) * -1) !important;margin-right:calc(var(--su-4) * -1) !important}.m\:-mx-5{margin-left:calc(var(--su-5) * -1) !important;margin-right:calc(var(--su-5) * -1) !important}.m\:-mx-6{margin-left:calc(var(--su-6) * -1) !important;margin-right:calc(var(--su-6) * -1) !important}.m\:-mx-7{margin-left:calc(var(--su-7) * -1) !important;margin-right:calc(var(--su-7) * -1) !important}.m\:-mx-8{margin-left:calc(var(--su-8) * -1) !important;margin-right:calc(var(--su-8) * -1) !important}.m\:-mx-9{margin-left:calc(var(--su-9) * -1) !important;margin-right:calc(var(--su-9) * -1) !important}.m\:-mx-10{margin-left:calc(var(--su-10) * -1) !important;margin-right:calc(var(--su-10) * -1) !important}.m\:mt-auto{margin-top:auto !important}.m\:mt-unset{margin-top:unset !important}.m\:mt-0{margin-top:0 !important}.m\:mt-1{margin-top:var(--su-1) !important}.m\:mt-2{margin-top:var(--su-2) !important}.m\:mt-3{margin-top:var(--su-3) !important}.m\:mt-4{margin-top:var(--su-4) !important}.m\:mt-5{margin-top:var(--su-5) !important}.m\:mt-6{margin-top:var(--su-6) !important}.m\:mt-7{margin-top:var(--su-7) !important}.m\:mt-8{margin-top:var(--su-8) !important}.m\:mt-9{margin-top:var(--su-9) !important}.m\:mt-10{margin-top:var(--su-10) !important}.m\:-mt-1{margin-top:calc(var(--su-1) * -1) !important}.m\:-mt-2{margin-top:calc(var(--su-2) * -1) !important}.m\:-mt-3{margin-top:calc(var(--su-3) * -1) !important}.m\:-mt-4{margin-top:calc(var(--su-4) * -1) !important}.m\:-mt-5{margin-top:calc(var(--su-5) * -1) !important}.m\:-mt-6{margin-top:calc(var(--su-6) * -1) !important}.m\:-mt-7{margin-top:calc(var(--su-7) * -1) !important}.m\:-mt-8{margin-top:calc(var(--su-8) * -1) !important}.m\:-mt-9{margin-top:calc(var(--su-9) * -1) !important}.m\:-mt-10{margin-top:calc(var(--su-10) * -1) !important}.m\:mb-auto{margin-bottom:auto !important}.m\:mb-unset{margin-bottom:unset !important}.m\:mb-0{margin-bottom:0 !important}.m\:mb-1{margin-bottom:var(--su-1) !important}.m\:mb-2{margin-bottom:var(--su-2) !important}.m\:mb-3{margin-bottom:var(--su-3) !important}.m\:mb-4{margin-bottom:var(--su-4) !important}.m\:mb-5{margin-bottom:var(--su-5) !important}.m\:mb-6{margin-bottom:var(--su-6) !important}.m\:mb-7{margin-bottom:var(--su-7) !important}.m\:mb-8{margin-bottom:var(--su-8) !important}.m\:mb-9{margin-bottom:var(--su-9) !important}.m\:mb-10{margin-bottom:var(--su-10) !important}.m\:-mb-1{margin-bottom:calc(var(--su-1) * -1) !important}.m\:-mb-2{margin-bottom:calc(var(--su-2) * -1) !important}.m\:-mb-3{margin-bottom:calc(var(--su-3) * -1) !important}.m\:-mb-4{margin-bottom:calc(var(--su-4) * -1) !important}.m\:-mb-5{margin-bottom:calc(var(--su-5) * -1) !important}.m\:-mb-6{margin-bottom:calc(var(--su-6) * -1) !important}.m\:-mb-7{margin-bottom:calc(var(--su-7) * -1) !important}.m\:-mb-8{margin-bottom:calc(var(--su-8) * -1) !important}.m\:-mb-9{margin-bottom:calc(var(--su-9) * -1) !important}.m\:-mb-10{margin-bottom:calc(var(--su-10) * -1) !important}.m\:ml-auto{margin-left:auto !important}.m\:ml-unset{margin-left:unset !important}.m\:ml-0{margin-left:0 !important}.m\:ml-1{margin-left:var(--su-1) !important}.m\:ml-2{margin-left:var(--su-2) !important}.m\:ml-3{margin-left:var(--su-3) !important}.m\:ml-4{margin-left:var(--su-4) !important}.m\:ml-5{margin-left:var(--su-5) !important}.m\:ml-6{margin-left:var(--su-6) !important}.m\:ml-7{margin-left:var(--su-7) !important}.m\:ml-8{margin-left:var(--su-8) !important}.m\:ml-9{margin-left:var(--su-9) !important}.m\:ml-10{margin-left:var(--su-10) !important}.m\:-ml-1{margin-left:calc(var(--su-1) * -1) !important}.m\:-ml-2{margin-left:calc(var(--su-2) * -1) !important}.m\:-ml-3{margin-left:calc(var(--su-3) * -1) !important}.m\:-ml-4{margin-left:calc(var(--su-4) * -1) !important}.m\:-ml-5{margin-left:calc(var(--su-5) * -1) !important}.m\:-ml-6{margin-left:calc(var(--su-6) * -1) !important}.m\:-ml-7{margin-left:calc(var(--su-7) * -1) !important}.m\:-ml-8{margin-left:calc(var(--su-8) * -1) !important}.m\:-ml-9{margin-left:calc(var(--su-9) * -1) !important}.m\:-ml-10{margin-left:calc(var(--su-10) * -1) !important}.m\:mr-auto{margin-right:auto !important}.m\:mr-unset{margin-right:unset !important}.m\:mr-0{margin-right:0 !important}.m\:mr-1{margin-right:var(--su-1) !important}.m\:mr-2{margin-right:var(--su-2) !important}.m\:mr-3{margin-right:var(--su-3) !important}.m\:mr-4{margin-right:var(--su-4) !important}.m\:mr-5{margin-right:var(--su-5) !important}.m\:mr-6{margin-right:var(--su-6) !important}.m\:mr-7{margin-right:var(--su-7) !important}.m\:mr-8{margin-right:var(--su-8) !important}.m\:mr-9{margin-right:var(--su-9) !important}.m\:mr-10{margin-right:var(--su-10) !important}.m\:-mr-1{margin-right:calc(var(--su-1) * -1) !important}.m\:-mr-2{margin-right:calc(var(--su-2) * -1) !important}.m\:-mr-3{margin-right:calc(var(--su-3) * -1) !important}.m\:-mr-4{margin-right:calc(var(--su-4) * -1) !important}.m\:-mr-5{margin-right:calc(var(--su-5) * -1) !important}.m\:-mr-6{margin-right:calc(var(--su-6) * -1) !important}.m\:-mr-7{margin-right:calc(var(--su-7) * -1) !important}.m\:-mr-8{margin-right:calc(var(--su-8) * -1) !important}.m\:-mr-9{margin-right:calc(var(--su-9) * -1) !important}.m\:-mr-10{margin-right:calc(var(--su-10) * -1) !important}.m\:p-0{padding:0 !important}.m\:p-unset{padding:unset !important}.m\:p-1{padding:var(--su-1) !important}.m\:p-2{padding:var(--su-2) !important}.m\:p-3{padding:var(--su-3) !important}.m\:p-4{padding:var(--su-4) !important}.m\:p-5{padding:var(--su-5) !important}.m\:p-6{padding:var(--su-6) !important}.m\:p-7{padding:var(--su-7) !important}.m\:p-8{padding:var(--su-8) !important}.m\:p-9{padding:var(--su-9) !important}.m\:p-10{padding:var(--su-10) !important}.m\:py-0{padding-top:0 !important;padding-bottom:0 !important}.m\:py-unset{padding-top:unset !important;padding-bottom:unset !important}.m\:py-1{padding-top:var(--su-1) !important;padding-bottom:var(--su-1) !important}.m\:py-2{padding-top:var(--su-2) !important;padding-bottom:var(--su-2) !important}.m\:py-3{padding-top:var(--su-3) !important;padding-bottom:var(--su-3) !important}.m\:py-4{padding-top:var(--su-4) !important;padding-bottom:var(--su-4) !important}.m\:py-5{padding-top:var(--su-5) !important;padding-bottom:var(--su-5) !important}.m\:py-6{padding-top:var(--su-6) !important;padding-bottom:var(--su-6) !important}.m\:py-7{padding-top:var(--su-7) !important;padding-bottom:var(--su-7) !important}.m\:py-8{padding-top:var(--su-8) !important;padding-bottom:var(--su-8) !important}.m\:py-9{padding-top:var(--su-9) !important;padding-bottom:var(--su-9) !important}.m\:py-10{padding-top:var(--su-10) !important;padding-bottom:var(--su-10) !important}.m\:px-0{padding-left:0 !important;padding-right:0 !important}.m\:px-unset{padding-left:unset !important;padding-right:unset !important}.m\:px-1{padding-left:var(--su-1) !important;padding-right:var(--su-1) !important}.m\:px-2{padding-left:var(--su-2) !important;padding-right:var(--su-2) !important}.m\:px-3{padding-left:var(--su-3) !important;padding-right:var(--su-3) !important}.m\:px-4{padding-left:var(--su-4) !important;padding-right:var(--su-4) !important}.m\:px-5{padding-left:var(--su-5) !important;padding-right:var(--su-5) !important}.m\:px-6{padding-left:var(--su-6) !important;padding-right:var(--su-6) !important}.m\:px-7{padding-left:var(--su-7) !important;padding-right:var(--su-7) !important}.m\:px-8{padding-left:var(--su-8) !important;padding-right:var(--su-8) !important}.m\:px-9{padding-left:var(--su-9) !important;padding-right:var(--su-9) !important}.m\:px-10{padding-left:var(--su-10) !important;padding-right:var(--su-10) !important}.m\:pt-0{padding-top:0 !important}.m\:pt-unset{padding-top:unset !important}.m\:pt-1{padding-top:var(--su-1) !important}.m\:pt-2{padding-top:var(--su-2) !important}.m\:pt-3{padding-top:var(--su-3) !important}.m\:pt-4{padding-top:var(--su-4) !important}.m\:pt-5{padding-top:var(--su-5) !important}.m\:pt-6{padding-top:var(--su-6) !important}.m\:pt-7{padding-top:var(--su-7) !important}.m\:pt-8{padding-top:var(--su-8) !important}.m\:pt-9{padding-top:var(--su-9) !important}.m\:pt-10{padding-top:var(--su-10) !important}.m\:pb-0{padding-bottom:0 !important}.m\:pb-unset{padding-bottom:unset !important}.m\:pb-1{padding-bottom:var(--su-1) !important}.m\:pb-2{padding-bottom:var(--su-2) !important}.m\:pb-3{padding-bottom:var(--su-3) !important}.m\:pb-4{padding-bottom:var(--su-4) !important}.m\:pb-5{padding-bottom:var(--su-5) !important}.m\:pb-6{padding-bottom:var(--su-6) !important}.m\:pb-7{padding-bottom:var(--su-7) !important}.m\:pb-8{padding-bottom:var(--su-8) !important}.m\:pb-9{padding-bottom:var(--su-9) !important}.m\:pb-10{padding-bottom:var(--su-10) !important}.m\:pl-0{padding-left:0 !important}.m\:pl-unset{padding-left:unset !important}.m\:pl-1{padding-left:var(--su-1) !important}.m\:pl-2{padding-left:var(--su-2) !important}.m\:pl-3{padding-left:var(--su-3) !important}.m\:pl-4{padding-left:var(--su-4) !important}.m\:pl-5{padding-left:var(--su-5) !important}.m\:pl-6{padding-left:var(--su-6) !important}.m\:pl-7{padding-left:var(--su-7) !important}.m\:pl-8{padding-left:var(--su-8) !important}.m\:pl-9{padding-left:var(--su-9) !important}.m\:pl-10{padding-left:var(--su-10) !important}.m\:pr-0{padding-right:0 !important}.m\:pr-unset{padding-right:unset !important}.m\:pr-1{padding-right:var(--su-1) !important}.m\:pr-2{padding-right:var(--su-2) !important}.m\:pr-3{padding-right:var(--su-3) !important}.m\:pr-4{padding-right:var(--su-4) !important}.m\:pr-5{padding-right:var(--su-5) !important}.m\:pr-6{padding-right:var(--su-6) !important}.m\:pr-7{padding-right:var(--su-7) !important}.m\:pr-8{padding-right:var(--su-8) !important}.m\:pr-9{padding-right:var(--su-9) !important}.m\:pr-10{padding-right:var(--su-10) !important}.m\:fs-xs{font-size:var(--fs-xs) !important}.m\:fs-s{font-size:var(--fs-s) !important}.m\:fs-base{font-size:var(--fs-base) !important}.m\:fs-l{font-size:var(--fs-l) !important}.m\:fs-xl{font-size:var(--fs-xl) !important}.m\:fs-2xl{font-size:var(--fs-2xl) !important}.m\:fs-3xl{font-size:var(--fs-3xl) !important}.m\:fs-4xl{font-size:var(--fs-4xl) !important}.m\:fs-5xl{font-size:var(--fs-5xl) !important}.m\:lh-tight{line-height:var(--lh-tight) !important}.m\:lh-base{line-height:var(--lh-base) !important}.m\:align-left{text-align:left !important}.m\:align-center{text-align:center !important}.m\:align-right{text-align:right !important}.m\:align-justify{text-align:justify !important}.m\:align-baseline{vertical-align:baseline !important}.m\:align-top{vertical-align:top !important}.m\:align-middle{vertical-align:middle !important}.m\:align-bottom{vertical-align:bottom !important}.m\:align-text-top{vertical-align:text-top !important}.m\:align-text-bottom{vertical-align:text-bottom !important}.m\:whitespace-normal{white-space:normal !important}.m\:whitespace-nowrap{white-space:nowrap !important}.m\:whitespace-pre{white-space:pre !important}.m\:shadow-none{box-shadow:none !important}.m\:hidden{display:none !important}.m\:block{display:block !important}.m\:inline{display:inline !important}.m\:inline-block{display:inline-block !important}.m\:flex{display:flex !important}.m\:inline-flex{display:inline-flex !important}.m\:grid{display:grid !important}.m\:visible{visibility:visible !important}.m\:invisible{visibility:hidden !important}.m\:static{position:static !important}.m\:absolute{position:absolute !important}.m\:fixed{position:fixed !important}.m\:sticky{position:-webkit-sticky !important;position:sticky !important}.m\:relative{position:relative !important}}@media (min-width: 1024px){.l\:opacity-100{opacity:1 !important}.l\:opacity-75{opacity:0.75 !important}.l\:opacity-50{opacity:0.5 !important}.l\:opacity-25{opacity:0.25 !important}.l\:opacity-0{opacity:0 !important}.l\:radius-default{border-radius:var(--radius) !important}.l\:radius-0{border-radius:0 !important}.l\:radius-full{border-radius:9999px !important}.l\:flex-row{flex-direction:row !important}.l\:flex-col{flex-direction:column !important}.l\:flex-row-reverse{flex-direction:row-reverse !important}.l\:flex-col-reverse{flex-direction:column-reverse !important}.l\:flex-wrap{flex-wrap:wrap !important}.l\:flex-nowrap{flex-wrap:nowrap !important}.l\:flex-wrap-reverse{flex-wrap:wrap-reverse !important}.l\:items-stretch{align-items:stretch !important}.l\:items-start{align-items:flex-start !important}.l\:items-center{align-items:center !important}.l\:items-end{align-items:flex-end !important}.l\:items-baseline{align-items:baseline !important}.l\:content-start{align-content:flex-start !important}.l\:content-center{align-content:center !important}.l\:content-end{align-content:flex-end !important}.l\:content-between{align-content:space-between !important}.l\:content-around{align-content:space-around !important}.l\:self-auto{align-self:auto !important}.l\:self-start{align-self:flex-start !important}.l\:self-center{align-self:center !important}.l\:self-end{align-self:flex-end !important}.l\:self-stretch{align-self:stretch !important}.l\:justify-start{justify-content:flex-start !important}.l\:justify-center{justify-content:center !important}.l\:justify-end{justify-content:flex-end !important}.l\:justify-between{justify-content:space-between !important}.l\:justify-around{justify-content:space-around !important}.l\:flex-initial{flex:0 auto !important}.l\:flex-1{flex:1 1 0% !important}.l\:flex-auto{flex:1 1 auto !important}.l\:flex-none{flex:none !important}.l\:grow-0{flex-grow:0 !important}.l\:grow-1{flex-grow:1 !important}.l\:shrink-0{flex-shrink:0 !important}.l\:shrink-1{flex-shrink:1 !important}.l\:order-first{order:-9999 !important}.l\:order-last{order:9999 !important}.l\:order-0{order:0 !important}.l\:gap-0{grid-gap:0 !important}.l\:gap-1{grid-gap:var(--su-1) !important}.l\:gap-2{grid-gap:var(--su-2) !important}.l\:gap-3{grid-gap:var(--su-3) !important}.l\:gap-4{grid-gap:var(--su-4) !important}.l\:gap-5{grid-gap:var(--su-5) !important}.l\:gap-6{grid-gap:var(--su-6) !important}.l\:gap-7{grid-gap:var(--su-7) !important}.l\:gap-8{grid-gap:var(--su-8) !important}.l\:gap-9{grid-gap:var(--su-9) !important}.l\:gap-10{grid-gap:var(--su-10) !important}.l\:grid-cols-none{grid-template-columns:none !important}.l\:grid-cols-1{grid-template-columns:repeat(1, minmax(0, 1fr)) !important}.l\:grid-cols-2{grid-template-columns:repeat(2, minmax(0, 1fr)) !important}.l\:grid-cols-3{grid-template-columns:repeat(3, minmax(0, 1fr)) !important}.l\:grid-cols-4{grid-template-columns:repeat(4, minmax(0, 1fr)) !important}.l\:grid-cols-5{grid-template-columns:repeat(5, minmax(0, 1fr)) !important}.l\:grid-cols-6{grid-template-columns:repeat(6, minmax(0, 1fr)) !important}.l\:grid-cols-7{grid-template-columns:repeat(7, minmax(0, 1fr)) !important}.l\:grid-cols-8{grid-template-columns:repeat(8, minmax(0, 1fr)) !important}.l\:grid-rows-none{grid-template-rows:none !important}.l\:grid-rows-1{grid-template-rows:repeat(1, minmax(0, 1fr)) !important}.l\:grid-rows-2{grid-template-rows:repeat(2, minmax(0, 1fr)) !important}.l\:grid-rows-3{grid-template-rows:repeat(3, minmax(0, 1fr)) !important}.l\:grid-rows-4{grid-template-rows:repeat(4, minmax(0, 1fr)) !important}.l\:grid-flow-row{grid-auto-flow:row !important}.l\:grid-flow-col{grid-auto-flow:column !important}.l\:grid-flow-row-dense{grid-auto-flow:row dense !important}.l\:grid-flow-col-dense{grid-auto-flow:column dense !important}.l\:grid-items-start{justify-items:start !important}.l\:grid-items-end{justify-items:end !important}.l\:grid-items-center{justify-items:center !important}.l\:grid-items-stretch{justify-items:stretch !important}.l\:float-left{float:left !important}.l\:float-right{float:right !important}.l\:float-none{float:none !important}.l\:float-unset{float:unset !important}.l\:border-solid{border-style:solid !important}.l\:border-dashed{border-style:dashed !important}.l\:border-dotted{border-style:dotted !important}.l\:border-none{border-style:none !important}.l\:border-0{border-width:0 !important}.l\:border-1{border-width:1px !important}.l\:border-2{border-width:2px !important}.l\:border-3{border-width:3px !important}.l\:border-4{border-width:4px !important}.l\:border-8{border-width:8px !important}.l\:border-t-0{border-top-width:0 !important}.l\:border-t-1{border-top-width:1px !important}.l\:border-t-2{border-top-width:2px !important}.l\:border-t-3{border-top-width:3px !important}.l\:border-t-4{border-top-width:4px !important}.l\:border-t-8{border-top-width:8px !important}.l\:border-b-0{border-bottom-width:0 !important}.l\:border-b-1{border-bottom-width:1px !important}.l\:border-b-2{border-bottom-width:2px !important}.l\:border-b-3{border-bottom-width:3px !important}.l\:border-b-4{border-bottom-width:4px !important}.l\:border-b-8{border-bottom-width:8px !important}.l\:border-l-0{border-left-width:0 !important}.l\:border-l-1{border-left-width:1px !important}.l\:border-l-2{border-left-width:2px !important}.l\:border-l-3{border-left-width:3px !important}.l\:border-l-4{border-left-width:4px !important}.l\:border-l-8{border-left-width:8px !important}.l\:border-r-0{border-right-width:0 !important}.l\:border-r-1{border-right-width:1px !important}.l\:border-r-2{border-right-width:2px !important}.l\:border-r-3{border-right-width:3px !important}.l\:border-r-4{border-right-width:4px !important}.l\:border-r-8{border-right-width:8px !important}.l\:top-auto{top:auto !important}.l\:top-unset{top:unset !important}.l\:top-0{top:0 !important}.l\:top-1{top:var(--su-1) !important}.l\:top-2{top:var(--su-2) !important}.l\:top-3{top:var(--su-3) !important}.l\:top-4{top:var(--su-4) !important}.l\:-top-1{top:calc(var(--su-1) * -1) !important}.l\:-top-2{top:calc(var(--su-2) * -1) !important}.l\:-top-3{top:calc(var(--su-3) * -1) !important}.l\:-top-4{top:calc(var(--su-4) * -1) !important}.l\:bottom-auto{bottom:auto !important}.l\:bottom-unset{bottom:unset !important}.l\:bottom-0{bottom:0 !important}.l\:bottom-1{bottom:var(--su-1) !important}.l\:bottom-2{bottom:var(--su-2) !important}.l\:bottom-3{bottom:var(--su-3) !important}.l\:bottom-4{bottom:var(--su-4) !important}.l\:-bottom-1{bottom:calc(var(--su-1) * -1) !important}.l\:-bottom-2{bottom:calc(var(--su-2) * -1) !important}.l\:-bottom-3{bottom:calc(var(--su-3) * -1) !important}.l\:-bottom-4{bottom:calc(var(--su-4) * -1) !important}.l\:left-auto{left:auto !important}.l\:left-unset{left:unset !important}.l\:left-0{left:0 !important}.l\:left-1{left:var(--su-1) !important}.l\:left-2{left:var(--su-2) !important}.l\:left-3{left:var(--su-3) !important}.l\:left-4{left:var(--su-4) !important}.l\:-left-1{left:calc(var(--su-1) * -1) !important}.l\:-left-2{left:calc(var(--su-2) * -1) !important}.l\:-left-3{left:calc(var(--su-3) * -1) !important}.l\:-left-4{left:calc(var(--su-4) * -1) !important}.l\:right-auto{right:auto !important}.l\:right-unset{right:unset !important}.l\:right-0{right:0 !important}.l\:right-1{right:var(--su-1) !important}.l\:right-2{right:var(--su-2) !important}.l\:right-3{right:var(--su-3) !important}.l\:right-4{right:var(--su-4) !important}.l\:-right-1{right:calc(var(--su-1) * -1) !important}.l\:-right-2{right:calc(var(--su-2) * -1) !important}.l\:-right-3{right:calc(var(--su-3) * -1) !important}.l\:-right-4{right:calc(var(--su-4) * -1) !important}.l\:overflow-auto{overflow:auto !important}.l\:overflow-visible{overflow:visible !important}.l\:overflow-scroll{overflow:scroll !important}.l\:overflow-hidden{overflow:hidden !important}.l\:overflow-x-auto{overflow-x:auto !important}.l\:overflow-x-visible{overflow-x:visible !important}.l\:overflow-x-scroll{overflow-x:scroll !important}.l\:overflow-x-hidden{overflow-x:hidden !important}.l\:overflow-y-auto{overflow-y:auto !important}.l\:overflow-y-visible{overflow-y:visible !important}.l\:overflow-y-scroll{overflow-y:scroll !important}.l\:overflow-y-hidden{overflow-y:hidden !important}.l\:w-0{width:0 !important}.l\:w-25{width:25% !important}.l\:w-50{width:50% !important}.l\:w-100{width:100% !important}.l\:w-auto{width:auto !important}.l\:w-full{width:100vw !important}.l\:w-max{width:-webkit-max-content !important;width:-moz-max-content !important;width:max-content !important}.l\:min-w-0{min-width:0 !important}.l\:min-w-100{min-width:100% !important}.l\:h-0{height:0 !important}.l\:h-25{height:25% !important}.l\:h-50{height:50% !important}.l\:h-100{height:100% !important}.l\:h-auto{height:auto !important}.l\:h-full{height:100vh !important}.l\:min-h-0{min-height:0 !important}.l\:min-h-100{min-height:100% !important}.l\:min-h-full{min-height:100vh !important}.l\:max-h-0{max-height:0 !important}.l\:max-h-100{max-height:100% !important}.l\:max-h-full{max-height:100vh !important}.l\:max-w-0{max-width:0 !important}.l\:max-w-25{max-width:25% !important}.l\:max-w-50{max-width:50% !important}.l\:max-w-75{max-width:75% !important}.l\:max-w-100{max-width:100% !important}.l\:m-auto{margin:auto !important}.l\:m-unset{margin:unset !important}.l\:m-0{margin:0 !important}.l\:m-1{margin:var(--su-1) !important}.l\:m-2{margin:var(--su-2) !important}.l\:m-3{margin:var(--su-3) !important}.l\:m-4{margin:var(--su-4) !important}.l\:m-5{margin:var(--su-5) !important}.l\:m-6{margin:var(--su-6) !important}.l\:m-7{margin:var(--su-7) !important}.l\:m-8{margin:var(--su-8) !important}.l\:m-9{margin:var(--su-9) !important}.l\:m-10{margin:var(--su-10) !important}.l\:-m-1{margin:calc(var(--su-1) * -1) !important}.l\:-m-2{margin:calc(var(--su-2) * -1) !important}.l\:-m-3{margin:calc(var(--su-3) * -1) !important}.l\:-m-4{margin:calc(var(--su-4) * -1) !important}.l\:-m-5{margin:calc(var(--su-5) * -1) !important}.l\:-m-6{margin:calc(var(--su-6) * -1) !important}.l\:-m-7{margin:calc(var(--su-7) * -1) !important}.l\:-m-8{margin:calc(var(--su-8) * -1) !important}.l\:-m-9{margin:calc(var(--su-9) * -1) !important}.l\:-m-10{margin:calc(var(--su-10) * -1) !important}.l\:my-auto{margin-top:auto !important;margin-bottom:auto !important}.l\:my-unset{margin-top:unset !important;margin-bottom:unset !important}.l\:my-0{margin-top:0 !important;margin-bottom:0 !important}.l\:my-1{margin-top:var(--su-1) !important;margin-bottom:var(--su-1) !important}.l\:my-2{margin-top:var(--su-2) !important;margin-bottom:var(--su-2) !important}.l\:my-3{margin-top:var(--su-3) !important;margin-bottom:var(--su-3) !important}.l\:my-4{margin-top:var(--su-4) !important;margin-bottom:var(--su-4) !important}.l\:my-5{margin-top:var(--su-5) !important;margin-bottom:var(--su-5) !important}.l\:my-6{margin-top:var(--su-6) !important;margin-bottom:var(--su-6) !important}.l\:my-7{margin-top:var(--su-7) !important;margin-bottom:var(--su-7) !important}.l\:my-8{margin-top:var(--su-8) !important;margin-bottom:var(--su-8) !important}.l\:my-9{margin-top:var(--su-9) !important;margin-bottom:var(--su-9) !important}.l\:my-10{margin-top:var(--su-10) !important;margin-bottom:var(--su-10) !important}.l\:-my-1{margin-top:calc(var(--su-1) * -1) !important;margin-bottom:calc(var(--su-1) * -1) !important}.l\:-my-2{margin-top:calc(var(--su-2) * -1) !important;margin-bottom:calc(var(--su-2) * -1) !important}.l\:-my-3{margin-top:calc(var(--su-3) * -1) !important;margin-bottom:calc(var(--su-3) * -1) !important}.l\:-my-4{margin-top:calc(var(--su-4) * -1) !important;margin-bottom:calc(var(--su-4) * -1) !important}.l\:-my-5{margin-top:calc(var(--su-5) * -1) !important;margin-bottom:calc(var(--su-5) * -1) !important}.l\:-my-6{margin-top:calc(var(--su-6) * -1) !important;margin-bottom:calc(var(--su-6) * -1) !important}.l\:-my-7{margin-top:calc(var(--su-7) * -1) !important;margin-bottom:calc(var(--su-7) * -1) !important}.l\:-my-8{margin-top:calc(var(--su-8) * -1) !important;margin-bottom:calc(var(--su-8) * -1) !important}.l\:-my-9{margin-top:calc(var(--su-9) * -1) !important;margin-bottom:calc(var(--su-9) * -1) !important}.l\:-my-10{margin-top:calc(var(--su-10) * -1) !important;margin-bottom:calc(var(--su-10) * -1) !important}.l\:mx-auto{margin-left:auto !important;margin-right:auto !important}.l\:mx-unset{margin-left:unset !important;margin-right:unset !important}.l\:mx-0{margin-left:0 !important;margin-right:0 !important}.l\:mx-1{margin-left:var(--su-1) !important;margin-right:var(--su-1) !important}.l\:mx-2{margin-left:var(--su-2) !important;margin-right:var(--su-2) !important}.l\:mx-3{margin-left:var(--su-3) !important;margin-right:var(--su-3) !important}.l\:mx-4{margin-left:var(--su-4) !important;margin-right:var(--su-4) !important}.l\:mx-5{margin-left:var(--su-5) !important;margin-right:var(--su-5) !important}.l\:mx-6{margin-left:var(--su-6) !important;margin-right:var(--su-6) !important}.l\:mx-7{margin-left:var(--su-7) !important;margin-right:var(--su-7) !important}.l\:mx-8{margin-left:var(--su-8) !important;margin-right:var(--su-8) !important}.l\:mx-9{margin-left:var(--su-9) !important;margin-right:var(--su-9) !important}.l\:mx-10{margin-left:var(--su-10) !important;margin-right:var(--su-10) !important}.l\:-mx-1{margin-left:calc(var(--su-1) * -1) !important;margin-right:calc(var(--su-1) * -1) !important}.l\:-mx-2{margin-left:calc(var(--su-2) * -1) !important;margin-right:calc(var(--su-2) * -1) !important}.l\:-mx-3{margin-left:calc(var(--su-3) * -1) !important;margin-right:calc(var(--su-3) * -1) !important}.l\:-mx-4{margin-left:calc(var(--su-4) * -1) !important;margin-right:calc(var(--su-4) * -1) !important}.l\:-mx-5{margin-left:calc(var(--su-5) * -1) !important;margin-right:calc(var(--su-5) * -1) !important}.l\:-mx-6{margin-left:calc(var(--su-6) * -1) !important;margin-right:calc(var(--su-6) * -1) !important}.l\:-mx-7{margin-left:calc(var(--su-7) * -1) !important;margin-right:calc(var(--su-7) * -1) !important}.l\:-mx-8{margin-left:calc(var(--su-8) * -1) !important;margin-right:calc(var(--su-8) * -1) !important}.l\:-mx-9{margin-left:calc(var(--su-9) * -1) !important;margin-right:calc(var(--su-9) * -1) !important}.l\:-mx-10{margin-left:calc(var(--su-10) * -1) !important;margin-right:calc(var(--su-10) * -1) !important}.l\:mt-auto{margin-top:auto !important}.l\:mt-unset{margin-top:unset !important}.l\:mt-0{margin-top:0 !important}.l\:mt-1{margin-top:var(--su-1) !important}.l\:mt-2{margin-top:var(--su-2) !important}.l\:mt-3{margin-top:var(--su-3) !important}.l\:mt-4{margin-top:var(--su-4) !important}.l\:mt-5{margin-top:var(--su-5) !important}.l\:mt-6{margin-top:var(--su-6) !important}.l\:mt-7{margin-top:var(--su-7) !important}.l\:mt-8{margin-top:var(--su-8) !important}.l\:mt-9{margin-top:var(--su-9) !important}.l\:mt-10{margin-top:var(--su-10) !important}.l\:-mt-1{margin-top:calc(var(--su-1) * -1) !important}.l\:-mt-2{margin-top:calc(var(--su-2) * -1) !important}.l\:-mt-3{margin-top:calc(var(--su-3) * -1) !important}.l\:-mt-4{margin-top:calc(var(--su-4) * -1) !important}.l\:-mt-5{margin-top:calc(var(--su-5) * -1) !important}.l\:-mt-6{margin-top:calc(var(--su-6) * -1) !important}.l\:-mt-7{margin-top:calc(var(--su-7) * -1) !important}.l\:-mt-8{margin-top:calc(var(--su-8) * -1) !important}.l\:-mt-9{margin-top:calc(var(--su-9) * -1) !important}.l\:-mt-10{margin-top:calc(var(--su-10) * -1) !important}.l\:mb-auto{margin-bottom:auto !important}.l\:mb-unset{margin-bottom:unset !important}.l\:mb-0{margin-bottom:0 !important}.l\:mb-1{margin-bottom:var(--su-1) !important}.l\:mb-2{margin-bottom:var(--su-2) !important}.l\:mb-3{margin-bottom:var(--su-3) !important}.l\:mb-4{margin-bottom:var(--su-4) !important}.l\:mb-5{margin-bottom:var(--su-5) !important}.l\:mb-6{margin-bottom:var(--su-6) !important}.l\:mb-7{margin-bottom:var(--su-7) !important}.l\:mb-8{margin-bottom:var(--su-8) !important}.l\:mb-9{margin-bottom:var(--su-9) !important}.l\:mb-10{margin-bottom:var(--su-10) !important}.l\:-mb-1{margin-bottom:calc(var(--su-1) * -1) !important}.l\:-mb-2{margin-bottom:calc(var(--su-2) * -1) !important}.l\:-mb-3{margin-bottom:calc(var(--su-3) * -1) !important}.l\:-mb-4{margin-bottom:calc(var(--su-4) * -1) !important}.l\:-mb-5{margin-bottom:calc(var(--su-5) * -1) !important}.l\:-mb-6{margin-bottom:calc(var(--su-6) * -1) !important}.l\:-mb-7{margin-bottom:calc(var(--su-7) * -1) !important}.l\:-mb-8{margin-bottom:calc(var(--su-8) * -1) !important}.l\:-mb-9{margin-bottom:calc(var(--su-9) * -1) !important}.l\:-mb-10{margin-bottom:calc(var(--su-10) * -1) !important}.l\:ml-auto{margin-left:auto !important}.l\:ml-unset{margin-left:unset !important}.l\:ml-0{margin-left:0 !important}.l\:ml-1{margin-left:var(--su-1) !important}.l\:ml-2{margin-left:var(--su-2) !important}.l\:ml-3{margin-left:var(--su-3) !important}.l\:ml-4{margin-left:var(--su-4) !important}.l\:ml-5{margin-left:var(--su-5) !important}.l\:ml-6{margin-left:var(--su-6) !important}.l\:ml-7{margin-left:var(--su-7) !important}.l\:ml-8{margin-left:var(--su-8) !important}.l\:ml-9{margin-left:var(--su-9) !important}.l\:ml-10{margin-left:var(--su-10) !important}.l\:-ml-1{margin-left:calc(var(--su-1) * -1) !important}.l\:-ml-2{margin-left:calc(var(--su-2) * -1) !important}.l\:-ml-3{margin-left:calc(var(--su-3) * -1) !important}.l\:-ml-4{margin-left:calc(var(--su-4) * -1) !important}.l\:-ml-5{margin-left:calc(var(--su-5) * -1) !important}.l\:-ml-6{margin-left:calc(var(--su-6) * -1) !important}.l\:-ml-7{margin-left:calc(var(--su-7) * -1) !important}.l\:-ml-8{margin-left:calc(var(--su-8) * -1) !important}.l\:-ml-9{margin-left:calc(var(--su-9) * -1) !important}.l\:-ml-10{margin-left:calc(var(--su-10) * -1) !important}.l\:mr-auto{margin-right:auto !important}.l\:mr-unset{margin-right:unset !important}.l\:mr-0{margin-right:0 !important}.l\:mr-1{margin-right:var(--su-1) !important}.l\:mr-2{margin-right:var(--su-2) !important}.l\:mr-3{margin-right:var(--su-3) !important}.l\:mr-4{margin-right:var(--su-4) !important}.l\:mr-5{margin-right:var(--su-5) !important}.l\:mr-6{margin-right:var(--su-6) !important}.l\:mr-7{margin-right:var(--su-7) !important}.l\:mr-8{margin-right:var(--su-8) !important}.l\:mr-9{margin-right:var(--su-9) !important}.l\:mr-10{margin-right:var(--su-10) !important}.l\:-mr-1{margin-right:calc(var(--su-1) * -1) !important}.l\:-mr-2{margin-right:calc(var(--su-2) * -1) !important}.l\:-mr-3{margin-right:calc(var(--su-3) * -1) !important}.l\:-mr-4{margin-right:calc(var(--su-4) * -1) !important}.l\:-mr-5{margin-right:calc(var(--su-5) * -1) !important}.l\:-mr-6{margin-right:calc(var(--su-6) * -1) !important}.l\:-mr-7{margin-right:calc(var(--su-7) * -1) !important}.l\:-mr-8{margin-right:calc(var(--su-8) * -1) !important}.l\:-mr-9{margin-right:calc(var(--su-9) * -1) !important}.l\:-mr-10{margin-right:calc(var(--su-10) * -1) !important}.l\:p-0{padding:0 !important}.l\:p-unset{padding:unset !important}.l\:p-1{padding:var(--su-1) !important}.l\:p-2{padding:var(--su-2) !important}.l\:p-3{padding:var(--su-3) !important}.l\:p-4{padding:var(--su-4) !important}.l\:p-5{padding:var(--su-5) !important}.l\:p-6{padding:var(--su-6) !important}.l\:p-7{padding:var(--su-7) !important}.l\:p-8{padding:var(--su-8) !important}.l\:p-9{padding:var(--su-9) !important}.l\:p-10{padding:var(--su-10) !important}.l\:py-0{padding-top:0 !important;padding-bottom:0 !important}.l\:py-unset{padding-top:unset !important;padding-bottom:unset !important}.l\:py-1{padding-top:var(--su-1) !important;padding-bottom:var(--su-1) !important}.l\:py-2{padding-top:var(--su-2) !important;padding-bottom:var(--su-2) !important}.l\:py-3{padding-top:var(--su-3) !important;padding-bottom:var(--su-3) !important}.l\:py-4{padding-top:var(--su-4) !important;padding-bottom:var(--su-4) !important}.l\:py-5{padding-top:var(--su-5) !important;padding-bottom:var(--su-5) !important}.l\:py-6{padding-top:var(--su-6) !important;padding-bottom:var(--su-6) !important}.l\:py-7{padding-top:var(--su-7) !important;padding-bottom:var(--su-7) !important}.l\:py-8{padding-top:var(--su-8) !important;padding-bottom:var(--su-8) !important}.l\:py-9{padding-top:var(--su-9) !important;padding-bottom:var(--su-9) !important}.l\:py-10{padding-top:var(--su-10) !important;padding-bottom:var(--su-10) !important}.l\:px-0{padding-left:0 !important;padding-right:0 !important}.l\:px-unset{padding-left:unset !important;padding-right:unset !important}.l\:px-1{padding-left:var(--su-1) !important;padding-right:var(--su-1) !important}.l\:px-2{padding-left:var(--su-2) !important;padding-right:var(--su-2) !important}.l\:px-3{padding-left:var(--su-3) !important;padding-right:var(--su-3) !important}.l\:px-4{padding-left:var(--su-4) !important;padding-right:var(--su-4) !important}.l\:px-5{padding-left:var(--su-5) !important;padding-right:var(--su-5) !important}.l\:px-6{padding-left:var(--su-6) !important;padding-right:var(--su-6) !important}.l\:px-7{padding-left:var(--su-7) !important;padding-right:var(--su-7) !important}.l\:px-8{padding-left:var(--su-8) !important;padding-right:var(--su-8) !important}.l\:px-9{padding-left:var(--su-9) !important;padding-right:var(--su-9) !important}.l\:px-10{padding-left:var(--su-10) !important;padding-right:var(--su-10) !important}.l\:pt-0{padding-top:0 !important}.l\:pt-unset{padding-top:unset !important}.l\:pt-1{padding-top:var(--su-1) !important}.l\:pt-2{padding-top:var(--su-2) !important}.l\:pt-3{padding-top:var(--su-3) !important}.l\:pt-4{padding-top:var(--su-4) !important}.l\:pt-5{padding-top:var(--su-5) !important}.l\:pt-6{padding-top:var(--su-6) !important}.l\:pt-7{padding-top:var(--su-7) !important}.l\:pt-8{padding-top:var(--su-8) !important}.l\:pt-9{padding-top:var(--su-9) !important}.l\:pt-10{padding-top:var(--su-10) !important}.l\:pb-0{padding-bottom:0 !important}.l\:pb-unset{padding-bottom:unset !important}.l\:pb-1{padding-bottom:var(--su-1) !important}.l\:pb-2{padding-bottom:var(--su-2) !important}.l\:pb-3{padding-bottom:var(--su-3) !important}.l\:pb-4{padding-bottom:var(--su-4) !important}.l\:pb-5{padding-bottom:var(--su-5) !important}.l\:pb-6{padding-bottom:var(--su-6) !important}.l\:pb-7{padding-bottom:var(--su-7) !important}.l\:pb-8{padding-bottom:var(--su-8) !important}.l\:pb-9{padding-bottom:var(--su-9) !important}.l\:pb-10{padding-bottom:var(--su-10) !important}.l\:pl-0{padding-left:0 !important}.l\:pl-unset{padding-left:unset !important}.l\:pl-1{padding-left:var(--su-1) !important}.l\:pl-2{padding-left:var(--su-2) !important}.l\:pl-3{padding-left:var(--su-3) !important}.l\:pl-4{padding-left:var(--su-4) !important}.l\:pl-5{padding-left:var(--su-5) !important}.l\:pl-6{padding-left:var(--su-6) !important}.l\:pl-7{padding-left:var(--su-7) !important}.l\:pl-8{padding-left:var(--su-8) !important}.l\:pl-9{padding-left:var(--su-9) !important}.l\:pl-10{padding-left:var(--su-10) !important}.l\:pr-0{padding-right:0 !important}.l\:pr-unset{padding-right:unset !important}.l\:pr-1{padding-right:var(--su-1) !important}.l\:pr-2{padding-right:var(--su-2) !important}.l\:pr-3{padding-right:var(--su-3) !important}.l\:pr-4{padding-right:var(--su-4) !important}.l\:pr-5{padding-right:var(--su-5) !important}.l\:pr-6{padding-right:var(--su-6) !important}.l\:pr-7{padding-right:var(--su-7) !important}.l\:pr-8{padding-right:var(--su-8) !important}.l\:pr-9{padding-right:var(--su-9) !important}.l\:pr-10{padding-right:var(--su-10) !important}.l\:fs-xs{font-size:var(--fs-xs) !important}.l\:fs-s{font-size:var(--fs-s) !important}.l\:fs-base{font-size:var(--fs-base) !important}.l\:fs-l{font-size:var(--fs-l) !important}.l\:fs-xl{font-size:var(--fs-xl) !important}.l\:fs-2xl{font-size:var(--fs-2xl) !important}.l\:fs-3xl{font-size:var(--fs-3xl) !important}.l\:fs-4xl{font-size:var(--fs-4xl) !important}.l\:fs-5xl{font-size:var(--fs-5xl) !important}.l\:lh-tight{line-height:var(--lh-tight) !important}.l\:lh-base{line-height:var(--lh-base) !important}.l\:align-left{text-align:left !important}.l\:align-center{text-align:center !important}.l\:align-right{text-align:right !important}.l\:align-justify{text-align:justify !important}.l\:align-baseline{vertical-align:baseline !important}.l\:align-top{vertical-align:top !important}.l\:align-middle{vertical-align:middle !important}.l\:align-bottom{vertical-align:bottom !important}.l\:align-text-top{vertical-align:text-top !important}.l\:align-text-bottom{vertical-align:text-bottom !important}.l\:whitespace-normal{white-space:normal !important}.l\:whitespace-nowrap{white-space:nowrap !important}.l\:whitespace-pre{white-space:pre !important}.l\:shadow-none{box-shadow:none !important}.l\:hidden{display:none !important}.l\:block{display:block !important}.l\:inline{display:inline !important}.l\:inline-block{display:inline-block !important}.l\:flex{display:flex !important}.l\:inline-flex{display:inline-flex !important}.l\:grid{display:grid !important}.l\:visible{visibility:visible !important}.l\:invisible{visibility:hidden !important}.l\:static{position:static !important}.l\:absolute{position:absolute !important}.l\:fixed{position:fixed !important}.l\:sticky{position:-webkit-sticky !important;position:sticky !important}.l\:relative{position:relative !important}}@media (min-width: 1280px){.xl\:opacity-100{opacity:1 !important}.xl\:opacity-75{opacity:0.75 !important}.xl\:opacity-50{opacity:0.5 !important}.xl\:opacity-25{opacity:0.25 !important}.xl\:opacity-0{opacity:0 !important}.xl\:radius-default{border-radius:var(--radius) !important}.xl\:radius-0{border-radius:0 !important}.xl\:radius-full{border-radius:9999px !important}.xl\:flex-row{flex-direction:row !important}.xl\:flex-col{flex-direction:column !important}.xl\:flex-row-reverse{flex-direction:row-reverse !important}.xl\:flex-col-reverse{flex-direction:column-reverse !important}.xl\:flex-wrap{flex-wrap:wrap !important}.xl\:flex-nowrap{flex-wrap:nowrap !important}.xl\:flex-wrap-reverse{flex-wrap:wrap-reverse !important}.xl\:items-stretch{align-items:stretch !important}.xl\:items-start{align-items:flex-start !important}.xl\:items-center{align-items:center !important}.xl\:items-end{align-items:flex-end !important}.xl\:items-baseline{align-items:baseline !important}.xl\:content-start{align-content:flex-start !important}.xl\:content-center{align-content:center !important}.xl\:content-end{align-content:flex-end !important}.xl\:content-between{align-content:space-between !important}.xl\:content-around{align-content:space-around !important}.xl\:self-auto{align-self:auto !important}.xl\:self-start{align-self:flex-start !important}.xl\:self-center{align-self:center !important}.xl\:self-end{align-self:flex-end !important}.xl\:self-stretch{align-self:stretch !important}.xl\:justify-start{justify-content:flex-start !important}.xl\:justify-center{justify-content:center !important}.xl\:justify-end{justify-content:flex-end !important}.xl\:justify-between{justify-content:space-between !important}.xl\:justify-around{justify-content:space-around !important}.xl\:flex-initial{flex:0 auto !important}.xl\:flex-1{flex:1 1 0% !important}.xl\:flex-auto{flex:1 1 auto !important}.xl\:flex-none{flex:none !important}.xl\:grow-0{flex-grow:0 !important}.xl\:grow-1{flex-grow:1 !important}.xl\:shrink-0{flex-shrink:0 !important}.xl\:shrink-1{flex-shrink:1 !important}.xl\:order-first{order:-9999 !important}.xl\:order-last{order:9999 !important}.xl\:order-0{order:0 !important}.xl\:gap-0{grid-gap:0 !important}.xl\:gap-1{grid-gap:var(--su-1) !important}.xl\:gap-2{grid-gap:var(--su-2) !important}.xl\:gap-3{grid-gap:var(--su-3) !important}.xl\:gap-4{grid-gap:var(--su-4) !important}.xl\:gap-5{grid-gap:var(--su-5) !important}.xl\:gap-6{grid-gap:var(--su-6) !important}.xl\:gap-7{grid-gap:var(--su-7) !important}.xl\:gap-8{grid-gap:var(--su-8) !important}.xl\:gap-9{grid-gap:var(--su-9) !important}.xl\:gap-10{grid-gap:var(--su-10) !important}.xl\:grid-cols-none{grid-template-columns:none !important}.xl\:grid-cols-1{grid-template-columns:repeat(1, minmax(0, 1fr)) !important}.xl\:grid-cols-2{grid-template-columns:repeat(2, minmax(0, 1fr)) !important}.xl\:grid-cols-3{grid-template-columns:repeat(3, minmax(0, 1fr)) !important}.xl\:grid-cols-4{grid-template-columns:repeat(4, minmax(0, 1fr)) !important}.xl\:grid-cols-5{grid-template-columns:repeat(5, minmax(0, 1fr)) !important}.xl\:grid-cols-6{grid-template-columns:repeat(6, minmax(0, 1fr)) !important}.xl\:grid-cols-7{grid-template-columns:repeat(7, minmax(0, 1fr)) !important}.xl\:grid-cols-8{grid-template-columns:repeat(8, minmax(0, 1fr)) !important}.xl\:grid-rows-none{grid-template-rows:none !important}.xl\:grid-rows-1{grid-template-rows:repeat(1, minmax(0, 1fr)) !important}.xl\:grid-rows-2{grid-template-rows:repeat(2, minmax(0, 1fr)) !important}.xl\:grid-rows-3{grid-template-rows:repeat(3, minmax(0, 1fr)) !important}.xl\:grid-rows-4{grid-template-rows:repeat(4, minmax(0, 1fr)) !important}.xl\:grid-flow-row{grid-auto-flow:row !important}.xl\:grid-flow-col{grid-auto-flow:column !important}.xl\:grid-flow-row-dense{grid-auto-flow:row dense !important}.xl\:grid-flow-col-dense{grid-auto-flow:column dense !important}.xl\:grid-items-start{justify-items:start !important}.xl\:grid-items-end{justify-items:end !important}.xl\:grid-items-center{justify-items:center !important}.xl\:grid-items-stretch{justify-items:stretch !important}.xl\:float-left{float:left !important}.xl\:float-right{float:right !important}.xl\:float-none{float:none !important}.xl\:float-unset{float:unset !important}.xl\:border-solid{border-style:solid !important}.xl\:border-dashed{border-style:dashed !important}.xl\:border-dotted{border-style:dotted !important}.xl\:border-none{border-style:none !important}.xl\:border-0{border-width:0 !important}.xl\:border-1{border-width:1px !important}.xl\:border-2{border-width:2px !important}.xl\:border-3{border-width:3px !important}.xl\:border-4{border-width:4px !important}.xl\:border-8{border-width:8px !important}.xl\:border-t-0{border-top-width:0 !important}.xl\:border-t-1{border-top-width:1px !important}.xl\:border-t-2{border-top-width:2px !important}.xl\:border-t-3{border-top-width:3px !important}.xl\:border-t-4{border-top-width:4px !important}.xl\:border-t-8{border-top-width:8px !important}.xl\:border-b-0{border-bottom-width:0 !important}.xl\:border-b-1{border-bottom-width:1px !important}.xl\:border-b-2{border-bottom-width:2px !important}.xl\:border-b-3{border-bottom-width:3px !important}.xl\:border-b-4{border-bottom-width:4px !important}.xl\:border-b-8{border-bottom-width:8px !important}.xl\:border-l-0{border-left-width:0 !important}.xl\:border-l-1{border-left-width:1px !important}.xl\:border-l-2{border-left-width:2px !important}.xl\:border-l-3{border-left-width:3px !important}.xl\:border-l-4{border-left-width:4px !important}.xl\:border-l-8{border-left-width:8px !important}.xl\:border-r-0{border-right-width:0 !important}.xl\:border-r-1{border-right-width:1px !important}.xl\:border-r-2{border-right-width:2px !important}.xl\:border-r-3{border-right-width:3px !important}.xl\:border-r-4{border-right-width:4px !important}.xl\:border-r-8{border-right-width:8px !important}.xl\:top-auto{top:auto !important}.xl\:top-unset{top:unset !important}.xl\:top-0{top:0 !important}.xl\:top-1{top:var(--su-1) !important}.xl\:top-2{top:var(--su-2) !important}.xl\:top-3{top:var(--su-3) !important}.xl\:top-4{top:var(--su-4) !important}.xl\:-top-1{top:calc(var(--su-1) * -1) !important}.xl\:-top-2{top:calc(var(--su-2) * -1) !important}.xl\:-top-3{top:calc(var(--su-3) * -1) !important}.xl\:-top-4{top:calc(var(--su-4) * -1) !important}.xl\:bottom-auto{bottom:auto !important}.xl\:bottom-unset{bottom:unset !important}.xl\:bottom-0{bottom:0 !important}.xl\:bottom-1{bottom:var(--su-1) !important}.xl\:bottom-2{bottom:var(--su-2) !important}.xl\:bottom-3{bottom:var(--su-3) !important}.xl\:bottom-4{bottom:var(--su-4) !important}.xl\:-bottom-1{bottom:calc(var(--su-1) * -1) !important}.xl\:-bottom-2{bottom:calc(var(--su-2) * -1) !important}.xl\:-bottom-3{bottom:calc(var(--su-3) * -1) !important}.xl\:-bottom-4{bottom:calc(var(--su-4) * -1) !important}.xl\:left-auto{left:auto !important}.xl\:left-unset{left:unset !important}.xl\:left-0{left:0 !important}.xl\:left-1{left:var(--su-1) !important}.xl\:left-2{left:var(--su-2) !important}.xl\:left-3{left:var(--su-3) !important}.xl\:left-4{left:var(--su-4) !important}.xl\:-left-1{left:calc(var(--su-1) * -1) !important}.xl\:-left-2{left:calc(var(--su-2) * -1) !important}.xl\:-left-3{left:calc(var(--su-3) * -1) !important}.xl\:-left-4{left:calc(var(--su-4) * -1) !important}.xl\:right-auto{right:auto !important}.xl\:right-unset{right:unset !important}.xl\:right-0{right:0 !important}.xl\:right-1{right:var(--su-1) !important}.xl\:right-2{right:var(--su-2) !important}.xl\:right-3{right:var(--su-3) !important}.xl\:right-4{right:var(--su-4) !important}.xl\:-right-1{right:calc(var(--su-1) * -1) !important}.xl\:-right-2{right:calc(var(--su-2) * -1) !important}.xl\:-right-3{right:calc(var(--su-3) * -1) !important}.xl\:-right-4{right:calc(var(--su-4) * -1) !important}.xl\:overflow-auto{overflow:auto !important}.xl\:overflow-visible{overflow:visible !important}.xl\:overflow-scroll{overflow:scroll !important}.xl\:overflow-hidden{overflow:hidden !important}.xl\:overflow-x-auto{overflow-x:auto !important}.xl\:overflow-x-visible{overflow-x:visible !important}.xl\:overflow-x-scroll{overflow-x:scroll !important}.xl\:overflow-x-hidden{overflow-x:hidden !important}.xl\:overflow-y-auto{overflow-y:auto !important}.xl\:overflow-y-visible{overflow-y:visible !important}.xl\:overflow-y-scroll{overflow-y:scroll !important}.xl\:overflow-y-hidden{overflow-y:hidden !important}.xl\:w-0{width:0 !important}.xl\:w-25{width:25% !important}.xl\:w-50{width:50% !important}.xl\:w-100{width:100% !important}.xl\:w-auto{width:auto !important}.xl\:w-full{width:100vw !important}.xl\:w-max{width:-webkit-max-content !important;width:-moz-max-content !important;width:max-content !important}.xl\:min-w-0{min-width:0 !important}.xl\:min-w-100{min-width:100% !important}.xl\:h-0{height:0 !important}.xl\:h-25{height:25% !important}.xl\:h-50{height:50% !important}.xl\:h-100{height:100% !important}.xl\:h-auto{height:auto !important}.xl\:h-full{height:100vh !important}.xl\:min-h-0{min-height:0 !important}.xl\:min-h-100{min-height:100% !important}.xl\:min-h-full{min-height:100vh !important}.xl\:max-h-0{max-height:0 !important}.xl\:max-h-100{max-height:100% !important}.xl\:max-h-full{max-height:100vh !important}.xl\:max-w-0{max-width:0 !important}.xl\:max-w-25{max-width:25% !important}.xl\:max-w-50{max-width:50% !important}.xl\:max-w-75{max-width:75% !important}.xl\:max-w-100{max-width:100% !important}.xl\:m-auto{margin:auto !important}.xl\:m-unset{margin:unset !important}.xl\:m-0{margin:0 !important}.xl\:m-1{margin:var(--su-1) !important}.xl\:m-2{margin:var(--su-2) !important}.xl\:m-3{margin:var(--su-3) !important}.xl\:m-4{margin:var(--su-4) !important}.xl\:m-5{margin:var(--su-5) !important}.xl\:m-6{margin:var(--su-6) !important}.xl\:m-7{margin:var(--su-7) !important}.xl\:m-8{margin:var(--su-8) !important}.xl\:m-9{margin:var(--su-9) !important}.xl\:m-10{margin:var(--su-10) !important}.xl\:-m-1{margin:calc(var(--su-1) * -1) !important}.xl\:-m-2{margin:calc(var(--su-2) * -1) !important}.xl\:-m-3{margin:calc(var(--su-3) * -1) !important}.xl\:-m-4{margin:calc(var(--su-4) * -1) !important}.xl\:-m-5{margin:calc(var(--su-5) * -1) !important}.xl\:-m-6{margin:calc(var(--su-6) * -1) !important}.xl\:-m-7{margin:calc(var(--su-7) * -1) !important}.xl\:-m-8{margin:calc(var(--su-8) * -1) !important}.xl\:-m-9{margin:calc(var(--su-9) * -1) !important}.xl\:-m-10{margin:calc(var(--su-10) * -1) !important}.xl\:my-auto{margin-top:auto !important;margin-bottom:auto !important}.xl\:my-unset{margin-top:unset !important;margin-bottom:unset !important}.xl\:my-0{margin-top:0 !important;margin-bottom:0 !important}.xl\:my-1{margin-top:var(--su-1) !important;margin-bottom:var(--su-1) !important}.xl\:my-2{margin-top:var(--su-2) !important;margin-bottom:var(--su-2) !important}.xl\:my-3{margin-top:var(--su-3) !important;margin-bottom:var(--su-3) !important}.xl\:my-4{margin-top:var(--su-4) !important;margin-bottom:var(--su-4) !important}.xl\:my-5{margin-top:var(--su-5) !important;margin-bottom:var(--su-5) !important}.xl\:my-6{margin-top:var(--su-6) !important;margin-bottom:var(--su-6) !important}.xl\:my-7{margin-top:var(--su-7) !important;margin-bottom:var(--su-7) !important}.xl\:my-8{margin-top:var(--su-8) !important;margin-bottom:var(--su-8) !important}.xl\:my-9{margin-top:var(--su-9) !important;margin-bottom:var(--su-9) !important}.xl\:my-10{margin-top:var(--su-10) !important;margin-bottom:var(--su-10) !important}.xl\:-my-1{margin-top:calc(var(--su-1) * -1) !important;margin-bottom:calc(var(--su-1) * -1) !important}.xl\:-my-2{margin-top:calc(var(--su-2) * -1) !important;margin-bottom:calc(var(--su-2) * -1) !important}.xl\:-my-3{margin-top:calc(var(--su-3) * -1) !important;margin-bottom:calc(var(--su-3) * -1) !important}.xl\:-my-4{margin-top:calc(var(--su-4) * -1) !important;margin-bottom:calc(var(--su-4) * -1) !important}.xl\:-my-5{margin-top:calc(var(--su-5) * -1) !important;margin-bottom:calc(var(--su-5) * -1) !important}.xl\:-my-6{margin-top:calc(var(--su-6) * -1) !important;margin-bottom:calc(var(--su-6) * -1) !important}.xl\:-my-7{margin-top:calc(var(--su-7) * -1) !important;margin-bottom:calc(var(--su-7) * -1) !important}.xl\:-my-8{margin-top:calc(var(--su-8) * -1) !important;margin-bottom:calc(var(--su-8) * -1) !important}.xl\:-my-9{margin-top:calc(var(--su-9) * -1) !important;margin-bottom:calc(var(--su-9) * -1) !important}.xl\:-my-10{margin-top:calc(var(--su-10) * -1) !important;margin-bottom:calc(var(--su-10) * -1) !important}.xl\:mx-auto{margin-left:auto !important;margin-right:auto !important}.xl\:mx-unset{margin-left:unset !important;margin-right:unset !important}.xl\:mx-0{margin-left:0 !important;margin-right:0 !important}.xl\:mx-1{margin-left:var(--su-1) !important;margin-right:var(--su-1) !important}.xl\:mx-2{margin-left:var(--su-2) !important;margin-right:var(--su-2) !important}.xl\:mx-3{margin-left:var(--su-3) !important;margin-right:var(--su-3) !important}.xl\:mx-4{margin-left:var(--su-4) !important;margin-right:var(--su-4) !important}.xl\:mx-5{margin-left:var(--su-5) !important;margin-right:var(--su-5) !important}.xl\:mx-6{margin-left:var(--su-6) !important;margin-right:var(--su-6) !important}.xl\:mx-7{margin-left:var(--su-7) !important;margin-right:var(--su-7) !important}.xl\:mx-8{margin-left:var(--su-8) !important;margin-right:var(--su-8) !important}.xl\:mx-9{margin-left:var(--su-9) !important;margin-right:var(--su-9) !important}.xl\:mx-10{margin-left:var(--su-10) !important;margin-right:var(--su-10) !important}.xl\:-mx-1{margin-left:calc(var(--su-1) * -1) !important;margin-right:calc(var(--su-1) * -1) !important}.xl\:-mx-2{margin-left:calc(var(--su-2) * -1) !important;margin-right:calc(var(--su-2) * -1) !important}.xl\:-mx-3{margin-left:calc(var(--su-3) * -1) !important;margin-right:calc(var(--su-3) * -1) !important}.xl\:-mx-4{margin-left:calc(var(--su-4) * -1) !important;margin-right:calc(var(--su-4) * -1) !important}.xl\:-mx-5{margin-left:calc(var(--su-5) * -1) !important;margin-right:calc(var(--su-5) * -1) !important}.xl\:-mx-6{margin-left:calc(var(--su-6) * -1) !important;margin-right:calc(var(--su-6) * -1) !important}.xl\:-mx-7{margin-left:calc(var(--su-7) * -1) !important;margin-right:calc(var(--su-7) * -1) !important}.xl\:-mx-8{margin-left:calc(var(--su-8) * -1) !important;margin-right:calc(var(--su-8) * -1) !important}.xl\:-mx-9{margin-left:calc(var(--su-9) * -1) !important;margin-right:calc(var(--su-9) * -1) !important}.xl\:-mx-10{margin-left:calc(var(--su-10) * -1) !important;margin-right:calc(var(--su-10) * -1) !important}.xl\:mt-auto{margin-top:auto !important}.xl\:mt-unset{margin-top:unset !important}.xl\:mt-0{margin-top:0 !important}.xl\:mt-1{margin-top:var(--su-1) !important}.xl\:mt-2{margin-top:var(--su-2) !important}.xl\:mt-3{margin-top:var(--su-3) !important}.xl\:mt-4{margin-top:var(--su-4) !important}.xl\:mt-5{margin-top:var(--su-5) !important}.xl\:mt-6{margin-top:var(--su-6) !important}.xl\:mt-7{margin-top:var(--su-7) !important}.xl\:mt-8{margin-top:var(--su-8) !important}.xl\:mt-9{margin-top:var(--su-9) !important}.xl\:mt-10{margin-top:var(--su-10) !important}.xl\:-mt-1{margin-top:calc(var(--su-1) * -1) !important}.xl\:-mt-2{margin-top:calc(var(--su-2) * -1) !important}.xl\:-mt-3{margin-top:calc(var(--su-3) * -1) !important}.xl\:-mt-4{margin-top:calc(var(--su-4) * -1) !important}.xl\:-mt-5{margin-top:calc(var(--su-5) * -1) !important}.xl\:-mt-6{margin-top:calc(var(--su-6) * -1) !important}.xl\:-mt-7{margin-top:calc(var(--su-7) * -1) !important}.xl\:-mt-8{margin-top:calc(var(--su-8) * -1) !important}.xl\:-mt-9{margin-top:calc(var(--su-9) * -1) !important}.xl\:-mt-10{margin-top:calc(var(--su-10) * -1) !important}.xl\:mb-auto{margin-bottom:auto !important}.xl\:mb-unset{margin-bottom:unset !important}.xl\:mb-0{margin-bottom:0 !important}.xl\:mb-1{margin-bottom:var(--su-1) !important}.xl\:mb-2{margin-bottom:var(--su-2) !important}.xl\:mb-3{margin-bottom:var(--su-3) !important}.xl\:mb-4{margin-bottom:var(--su-4) !important}.xl\:mb-5{margin-bottom:var(--su-5) !important}.xl\:mb-6{margin-bottom:var(--su-6) !important}.xl\:mb-7{margin-bottom:var(--su-7) !important}.xl\:mb-8{margin-bottom:var(--su-8) !important}.xl\:mb-9{margin-bottom:var(--su-9) !important}.xl\:mb-10{margin-bottom:var(--su-10) !important}.xl\:-mb-1{margin-bottom:calc(var(--su-1) * -1) !important}.xl\:-mb-2{margin-bottom:calc(var(--su-2) * -1) !important}.xl\:-mb-3{margin-bottom:calc(var(--su-3) * -1) !important}.xl\:-mb-4{margin-bottom:calc(var(--su-4) * -1) !important}.xl\:-mb-5{margin-bottom:calc(var(--su-5) * -1) !important}.xl\:-mb-6{margin-bottom:calc(var(--su-6) * -1) !important}.xl\:-mb-7{margin-bottom:calc(var(--su-7) * -1) !important}.xl\:-mb-8{margin-bottom:calc(var(--su-8) * -1) !important}.xl\:-mb-9{margin-bottom:calc(var(--su-9) * -1) !important}.xl\:-mb-10{margin-bottom:calc(var(--su-10) * -1) !important}.xl\:ml-auto{margin-left:auto !important}.xl\:ml-unset{margin-left:unset !important}.xl\:ml-0{margin-left:0 !important}.xl\:ml-1{margin-left:var(--su-1) !important}.xl\:ml-2{margin-left:var(--su-2) !important}.xl\:ml-3{margin-left:var(--su-3) !important}.xl\:ml-4{margin-left:var(--su-4) !important}.xl\:ml-5{margin-left:var(--su-5) !important}.xl\:ml-6{margin-left:var(--su-6) !important}.xl\:ml-7{margin-left:var(--su-7) !important}.xl\:ml-8{margin-left:var(--su-8) !important}.xl\:ml-9{margin-left:var(--su-9) !important}.xl\:ml-10{margin-left:var(--su-10) !important}.xl\:-ml-1{margin-left:calc(var(--su-1) * -1) !important}.xl\:-ml-2{margin-left:calc(var(--su-2) * -1) !important}.xl\:-ml-3{margin-left:calc(var(--su-3) * -1) !important}.xl\:-ml-4{margin-left:calc(var(--su-4) * -1) !important}.xl\:-ml-5{margin-left:calc(var(--su-5) * -1) !important}.xl\:-ml-6{margin-left:calc(var(--su-6) * -1) !important}.xl\:-ml-7{margin-left:calc(var(--su-7) * -1) !important}.xl\:-ml-8{margin-left:calc(var(--su-8) * -1) !important}.xl\:-ml-9{margin-left:calc(var(--su-9) * -1) !important}.xl\:-ml-10{margin-left:calc(var(--su-10) * -1) !important}.xl\:mr-auto{margin-right:auto !important}.xl\:mr-unset{margin-right:unset !important}.xl\:mr-0{margin-right:0 !important}.xl\:mr-1{margin-right:var(--su-1) !important}.xl\:mr-2{margin-right:var(--su-2) !important}.xl\:mr-3{margin-right:var(--su-3) !important}.xl\:mr-4{margin-right:var(--su-4) !important}.xl\:mr-5{margin-right:var(--su-5) !important}.xl\:mr-6{margin-right:var(--su-6) !important}.xl\:mr-7{margin-right:var(--su-7) !important}.xl\:mr-8{margin-right:var(--su-8) !important}.xl\:mr-9{margin-right:var(--su-9) !important}.xl\:mr-10{margin-right:var(--su-10) !important}.xl\:-mr-1{margin-right:calc(var(--su-1) * -1) !important}.xl\:-mr-2{margin-right:calc(var(--su-2) * -1) !important}.xl\:-mr-3{margin-right:calc(var(--su-3) * -1) !important}.xl\:-mr-4{margin-right:calc(var(--su-4) * -1) !important}.xl\:-mr-5{margin-right:calc(var(--su-5) * -1) !important}.xl\:-mr-6{margin-right:calc(var(--su-6) * -1) !important}.xl\:-mr-7{margin-right:calc(var(--su-7) * -1) !important}.xl\:-mr-8{margin-right:calc(var(--su-8) * -1) !important}.xl\:-mr-9{margin-right:calc(var(--su-9) * -1) !important}.xl\:-mr-10{margin-right:calc(var(--su-10) * -1) !important}.xl\:p-0{padding:0 !important}.xl\:p-unset{padding:unset !important}.xl\:p-1{padding:var(--su-1) !important}.xl\:p-2{padding:var(--su-2) !important}.xl\:p-3{padding:var(--su-3) !important}.xl\:p-4{padding:var(--su-4) !important}.xl\:p-5{padding:var(--su-5) !important}.xl\:p-6{padding:var(--su-6) !important}.xl\:p-7{padding:var(--su-7) !important}.xl\:p-8{padding:var(--su-8) !important}.xl\:p-9{padding:var(--su-9) !important}.xl\:p-10{padding:var(--su-10) !important}.xl\:py-0{padding-top:0 !important;padding-bottom:0 !important}.xl\:py-unset{padding-top:unset !important;padding-bottom:unset !important}.xl\:py-1{padding-top:var(--su-1) !important;padding-bottom:var(--su-1) !important}.xl\:py-2{padding-top:var(--su-2) !important;padding-bottom:var(--su-2) !important}.xl\:py-3{padding-top:var(--su-3) !important;padding-bottom:var(--su-3) !important}.xl\:py-4{padding-top:var(--su-4) !important;padding-bottom:var(--su-4) !important}.xl\:py-5{padding-top:var(--su-5) !important;padding-bottom:var(--su-5) !important}.xl\:py-6{padding-top:var(--su-6) !important;padding-bottom:var(--su-6) !important}.xl\:py-7{padding-top:var(--su-7) !important;padding-bottom:var(--su-7) !important}.xl\:py-8{padding-top:var(--su-8) !important;padding-bottom:var(--su-8) !important}.xl\:py-9{padding-top:var(--su-9) !important;padding-bottom:var(--su-9) !important}.xl\:py-10{padding-top:var(--su-10) !important;padding-bottom:var(--su-10) !important}.xl\:px-0{padding-left:0 !important;padding-right:0 !important}.xl\:px-unset{padding-left:unset !important;padding-right:unset !important}.xl\:px-1{padding-left:var(--su-1) !important;padding-right:var(--su-1) !important}.xl\:px-2{padding-left:var(--su-2) !important;padding-right:var(--su-2) !important}.xl\:px-3{padding-left:var(--su-3) !important;padding-right:var(--su-3) !important}.xl\:px-4{padding-left:var(--su-4) !important;padding-right:var(--su-4) !important}.xl\:px-5{padding-left:var(--su-5) !important;padding-right:var(--su-5) !important}.xl\:px-6{padding-left:var(--su-6) !important;padding-right:var(--su-6) !important}.xl\:px-7{padding-left:var(--su-7) !important;padding-right:var(--su-7) !important}.xl\:px-8{padding-left:var(--su-8) !important;padding-right:var(--su-8) !important}.xl\:px-9{padding-left:var(--su-9) !important;padding-right:var(--su-9) !important}.xl\:px-10{padding-left:var(--su-10) !important;padding-right:var(--su-10) !important}.xl\:pt-0{padding-top:0 !important}.xl\:pt-unset{padding-top:unset !important}.xl\:pt-1{padding-top:var(--su-1) !important}.xl\:pt-2{padding-top:var(--su-2) !important}.xl\:pt-3{padding-top:var(--su-3) !important}.xl\:pt-4{padding-top:var(--su-4) !important}.xl\:pt-5{padding-top:var(--su-5) !important}.xl\:pt-6{padding-top:var(--su-6) !important}.xl\:pt-7{padding-top:var(--su-7) !important}.xl\:pt-8{padding-top:var(--su-8) !important}.xl\:pt-9{padding-top:var(--su-9) !important}.xl\:pt-10{padding-top:var(--su-10) !important}.xl\:pb-0{padding-bottom:0 !important}.xl\:pb-unset{padding-bottom:unset !important}.xl\:pb-1{padding-bottom:var(--su-1) !important}.xl\:pb-2{padding-bottom:var(--su-2) !important}.xl\:pb-3{padding-bottom:var(--su-3) !important}.xl\:pb-4{padding-bottom:var(--su-4) !important}.xl\:pb-5{padding-bottom:var(--su-5) !important}.xl\:pb-6{padding-bottom:var(--su-6) !important}.xl\:pb-7{padding-bottom:var(--su-7) !important}.xl\:pb-8{padding-bottom:var(--su-8) !important}.xl\:pb-9{padding-bottom:var(--su-9) !important}.xl\:pb-10{padding-bottom:var(--su-10) !important}.xl\:pl-0{padding-left:0 !important}.xl\:pl-unset{padding-left:unset !important}.xl\:pl-1{padding-left:var(--su-1) !important}.xl\:pl-2{padding-left:var(--su-2) !important}.xl\:pl-3{padding-left:var(--su-3) !important}.xl\:pl-4{padding-left:var(--su-4) !important}.xl\:pl-5{padding-left:var(--su-5) !important}.xl\:pl-6{padding-left:var(--su-6) !important}.xl\:pl-7{padding-left:var(--su-7) !important}.xl\:pl-8{padding-left:var(--su-8) !important}.xl\:pl-9{padding-left:var(--su-9) !important}.xl\:pl-10{padding-left:var(--su-10) !important}.xl\:pr-0{padding-right:0 !important}.xl\:pr-unset{padding-right:unset !important}.xl\:pr-1{padding-right:var(--su-1) !important}.xl\:pr-2{padding-right:var(--su-2) !important}.xl\:pr-3{padding-right:var(--su-3) !important}.xl\:pr-4{padding-right:var(--su-4) !important}.xl\:pr-5{padding-right:var(--su-5) !important}.xl\:pr-6{padding-right:var(--su-6) !important}.xl\:pr-7{padding-right:var(--su-7) !important}.xl\:pr-8{padding-right:var(--su-8) !important}.xl\:pr-9{padding-right:var(--su-9) !important}.xl\:pr-10{padding-right:var(--su-10) !important}.xl\:fs-xs{font-size:var(--fs-xs) !important}.xl\:fs-s{font-size:var(--fs-s) !important}.xl\:fs-base{font-size:var(--fs-base) !important}.xl\:fs-l{font-size:var(--fs-l) !important}.xl\:fs-xl{font-size:var(--fs-xl) !important}.xl\:fs-2xl{font-size:var(--fs-2xl) !important}.xl\:fs-3xl{font-size:var(--fs-3xl) !important}.xl\:fs-4xl{font-size:var(--fs-4xl) !important}.xl\:fs-5xl{font-size:var(--fs-5xl) !important}.xl\:lh-tight{line-height:var(--lh-tight) !important}.xl\:lh-base{line-height:var(--lh-base) !important}.xl\:align-left{text-align:left !important}.xl\:align-center{text-align:center !important}.xl\:align-right{text-align:right !important}.xl\:align-justify{text-align:justify !important}.xl\:align-baseline{vertical-align:baseline !important}.xl\:align-top{vertical-align:top !important}.xl\:align-middle{vertical-align:middle !important}.xl\:align-bottom{vertical-align:bottom !important}.xl\:align-text-top{vertical-align:text-top !important}.xl\:align-text-bottom{vertical-align:text-bottom !important}.xl\:whitespace-normal{white-space:normal !important}.xl\:whitespace-nowrap{white-space:nowrap !important}.xl\:whitespace-pre{white-space:pre !important}.xl\:shadow-none{box-shadow:none !important}.xl\:hidden{display:none !important}.xl\:block{display:block !important}.xl\:inline{display:inline !important}.xl\:inline-block{display:inline-block !important}.xl\:flex{display:flex !important}.xl\:inline-flex{display:inline-flex !important}.xl\:grid{display:grid !important}.xl\:visible{visibility:visible !important}.xl\:invisible{visibility:hidden !important}.xl\:static{position:static !important}.xl\:absolute{position:absolute !important}.xl\:fixed{position:fixed !important}.xl\:sticky{position:-webkit-sticky !important;position:sticky !important}.xl\:relative{position:relative !important}}[class^='crayons'],[class^='crayons']::before,[class^='crayons']::after,[class^='crayons'] *,[class^='crayons'] *::before,[class^='crayons'] *::after{box-sizing:border-box}ul[class],ol[class]{padding:0}html{line-height:1.5;-webkit-text-size-adjust:100%}body,h1,h2,h3,h4,p,ul[class],ol[class],li,figure,figcaption,blockquote,dl,dd{margin:0}body{min-height:calc(100vh - var(--header-height));scroll-behavior:smooth;text-rendering:optimizeSpeed;line-height:1.5}main{display:block}ul[class],ol[class]{list-style:none}pre,code,kbd,samp{font-family:monospace, monospace;font-size:1em}button,input,optgroup,select,textarea{font-family:inherit;font-size:100%;line-height:1.5;margin:0}button,[type='button'],[type='reset'],[type='submit']{-webkit-appearance:button}fieldset{margin:0;padding:0;border:none}button::-moz-focus-inner,[type='button']::-moz-focus-inner,[type='reset']::-moz-focus-inner,[type='submit']::-moz-focus-inner{border-style:none;padding:0}button:-moz-focusring,[type='button']:-moz-focusring,[type='reset']:-moz-focusring,[type='submit']:-moz-focusring{outline:1px dotted ButtonText}b,strong{font-weight:bolder}small{font-size:80%}sub,sup{font-size:75%;line-height:0;position:relative;vertical-align:baseline}sub{bottom:-0.25em}sup{top:-0.5em}@media (prefers-reduced-motion: reduce){*{-webkit-animation-duration:0.01ms !important;animation-duration:0.01ms !important;-webkit-animation-iteration-count:1 !important;animation-iteration-count:1 !important;transition-duration:0.01ms !important;scroll-behavior:auto !important}}.crayons-icon{vertical-align:bottom;-moz-transform:rotate(360deg)}.crayons-icon:not(.crayons-icon--default),.crayons-icon:not(.crayons-icon--default) *{fill:currentColor}:root{--layout-sidebar-width: 200px;--layout-gap: var(--su-6);--layout-padding: var(--su-6)}.crayons-layout{font-size:var(--fs-base);width:100%;max-width:var(--site-width);margin:0 auto}.crayons-layout--max-l{max-width:1024px}@media (min-width: 640px){.crayons-layout--default{display:grid;grid-gap:var(--layout-gap);grid-template-columns:var(--layout-sidebar-width) 1fr;padding:var(--layout-padding)}}.crayons-avatar{display:inline-block;border-radius:100%;position:relative;background-color:var(--card-color-tertiary);width:var(--su-6);height:var(--su-6)}.crayons-avatar__image{border-radius:100%;width:100%;height:100%;vertical-align:bottom}.crayons-avatar::after{content:'';border:1px solid var(--body-color);opacity:0.15;width:100%;height:100%;position:absolute;left:0;top:0;border-radius:100%;pointer-events:none}.crayons-avatar--l{width:var(--su-7);height:var(--su-7)}.crayons-avatar--xl{width:var(--su-8);height:var(--su-8)}.crayons-avatar--2xl{width:var(--su-9);height:var(--su-9)}.crayons-avatar--3xl{width:var(--su-10);height:var(--su-10)}.crayons-logo{display:inline-block;border-radius:var(--radius);position:relative;background-color:var(--body-color-inverted);width:var(--su-6);height:var(--su-6)}.crayons-logo__image{border-radius:var(--radius);width:100%;height:100%;vertical-align:bottom}.crayons-logo::after{content:'';border:1px solid var(--body-color);opacity:0.15;width:100%;height:100%;position:absolute;left:0;top:0;border-radius:var(--radius);pointer-events:none}.crayons-logo--l{width:var(--su-7);height:var(--su-7)}.crayons-logo--xl{width:var(--su-8);height:var(--su-8)}.crayons-logo--2xl{width:var(--su-9);height:var(--su-9)}.crayons-logo--3xl{width:var(--su-10);height:var(--su-10)}.crayons-banner{padding:var(--su-4);border-bottom:1px solid;text-align:center;font-size:var(--fs-base);background:var(--base-90);color:var(--base-0)}.crayons-banner--brand{background:var(--accent-brand);border-bottom-color:var(--accent-brand-darker)}.crayons-banner--success{background:var(--accent-success);border-bottom-color:var(--accent-success-darker)}.crayons-banner--warning{background:var(--accent-warning);border-bottom-color:var(--accent-warning-darker)}.crayons-banner--error{background:var(--accent-danger);border-bottom-color:var(--accent-danger-darker);color:var(--body-color-inverted)}.crayons-btn{--border-width: 0px;--shadow-color: rgba(0, 0, 0, 0.05);--vertical-padding: var(--su-2);--horizontal-padding: var(--su-4);--font-size: var(--fs-base);--with-icon-padding: var(--su-3);--icon-margin: var(--su-2);position:relative;display:inline-block;padding:calc(var(--vertical-padding) - var(--border-width)) calc(var(--horizontal-padding) - var(--border-width));border-radius:var(--radius);outline:none;font-family:inherit;font-size:var(--font-size);line-height:var(--su-6);font-weight:var(--fw-medium);text-align:center;text-decoration:none;cursor:pointer;transition:all var(--transition-props);border:var(--border-width) solid;--bg: var(--button-primary-bg);--bg-hover: var(--button-primary-bg-hover);--border: transparent;--border-hover: transparent;--color: var(--button-primary-color);--color-hover: var(--button-primary-color-hover);--shadow: 0 1px 3px var(--shadow-color);--shadow-hover: 0 2px 5px var(--shadow-color);--bg-inverted: var(--button-primary-inverted-bg);--bg-inverted-hover: var(--button-primary-inverted-bg-hover);--color-inverted: var(--button-primary-inverted-color);--color-inverted-hover: var(--button-primary-inverted-color-hover);background-color:var(--bg);border-color:var(--border);box-shadow:var(--shadow);color:var(--color)}.crayons-btn[href]:hover,.crayons-btn:hover:enabled,.crayons-btn:active:enabled,.crayons-btn:focus:enabled{background-color:var(--bg-hover);border-color:var(--border-hover);box-shadow:var(--shadow-hover);color:var(--color-hover);z-index:2}.crayons-btn.crayons-btn--inverted{--bg: var(--bg-inverted);--bg-hover: var(--bg-inverted-hover);--border: var(--border-inverted);--border-hover: var(--border-inverted-hover);--color: var(--color-inverted);--color-hover: var(--color-inverted-hover)}.crayons-btn[disabled]{opacity:0.6;cursor:not-allowed}.crayons-btn--s{--vertical-padding: var(--su-1);--horizontal-padding: var(--su-3);--font-size: var(--fs-s);--with-icon-padding: var(--su-2);--icon-margin: var(--su-1)}.crayons-btn--l{--vertical-padding: var(--su-3);--horizontal-padding: var(--su-5);--with-icon-padding: var(--su-3);--icon-margin: var(--su-2)}.crayons-btn--xl{--vertical-padding: var(--su-4);--horizontal-padding: var(--su-6);--font-size: var(--fs-l);--with-icon-padding: var(--su-5);--icon-margin: var(--su-3)}.crayons-btn--secondary{--bg: var(--button-secondary-bg);--bg-hover: var(--button-secondary-bg-hover);--color: var(--button-secondary-color);--color-hover: var(--button-secondary-color-hover);--bg-inverted: var(--button-secondary-inverted-bg);--bg-inverted-hover: var(--button-secondary-inverted-bg-hover);--color-inverted: var(--button-secondary-inverted-color);--color-inverted-hover: var(--button-secondary-inverted-color-hover)}.crayons-btn--outlined{--bg: var(--button-outlined-bg);--bg-hover: var(--button-outlined-bg-hover);--border: var(--button-outlined-border);--border-hover: var(--button-outlined-border-hover);--color: var(--button-outlined-color);--color-hover: var(--button-outlined-color-hover);--bg-inverted: var(--button-outlined-inverted-bg);--bg-inverted-hover: var(--button-outlined-inverted-bg-hover);--border-inverted: var(--button-outlined-inverted-border);--border-inverted-hover: var(--button-outlined-inverted-border-hover);--color-inverted: var(--button-outlined-inverted-color);--color-inverted-hover: var(--button-outlined-inverted-color-hover);--border-width: 2px}.crayons-btn--danger{--bg: var(--accent-danger);--bg-hover: var(--accent-danger-darker);--color: var(--base-inverted);--color-hover: var(--base-inverted);--bg-inverted: var(--accent-danger);--bg-inverted-hover: var(--accent-danger-darker);--color-inverted: var(--base-inverted);--color-inverted-hover: var(--base-inverted)}.crayons-btn--ghost{--bg: var(--button-ghost-bg);--bg-hover: var(--button-ghost-bg-hover);--color: var(--button-ghost-color);--color-hover: var(--button-ghost-color-hover);--shadow: none;--shadow-hover: none;--bg-inverted: var(--button-ghost-inverted-bg);--bg-inverted-hover: var(--button-ghost-inverted-bg-hover);--color-inverted: var(--button-ghost-inverted-color);--color-inverted-hover: var(--button-ghost-inverted-color-hover)}.crayons-btn--ghost-brand{--bg: var(--button-ghost-bg);--bg-hover: var(--button-ghost-bg-hover);--color: var(--accent-brand);--color-hover: var(--accent-brand-darker);--shadow: none;--shadow-hover: none;--bg-inverted: var(--button-ghost-inverted-bg);--bg-inverted-hover: var(--button-ghost-inverted-bg-hover);--color-inverted: var(--accent-brand-lighter);--color-inverted-hover: var(--accent-brand-lighter)}.crayons-btn--ghost-success{--bg: var(--button-ghost-bg);--bg-hover: var(--button-ghost-bg-hover);--color: var(--accent-success);--color-hover: var(--accent-success-darker);--shadow: none;--shadow-hover: none;--bg-inverted: var(--button-ghost-inverted-bg);--bg-inverted-hover: var(--button-ghost-inverted-bg-hover);--color-inverted: var(--accent-success);--color-inverted-hover: var(--accent-success-darker)}.crayons-btn--ghost-warning{--bg: var(--button-ghost-bg);--bg-hover: var(--button-ghost-bg-hover);--color: var(--accent-warning);--color-hover: var(--accent-warning-darker);--shadow: none;--shadow-hover: none;--bg-inverted: var(--button-ghost-inverted-bg);--bg-inverted-hover: var(--button-ghost-inverted-bg-hover);--color-inverted: var(--accent-warning);--color-inverted-hover: var(--accent-warning-darker)}.crayons-btn--ghost-danger{--bg: var(--button-ghost-bg);--bg-hover: var(--button-ghost-bg-hover);--color: var(--accent-danger);--color-hover: var(--accent-danger-darker);--shadow: none;--shadow-hover: none;--bg-inverted: var(--button-ghost-inverted-bg);--bg-inverted-hover: var(--button-ghost-inverted-bg-hover);--color-inverted: var(--accent-danger);--color-inverted-hover: var(--accent-danger-lighter)}.crayons-btn--icon,.crayons-btn--icon-rounded{--horizontal-padding: var(--su-2);padding-left:calc(var(--horizontal-padding) - var(--border-width));padding-right:calc(var(--horizontal-padding) - var(--border-width))}.crayons-btn--icon.crayons-btn--s,.crayons-btn--icon-rounded.crayons-btn--s{--horizontal-padding: var(--su-1)}.crayons-btn--icon.crayons-btn--l,.crayons-btn--icon-rounded.crayons-btn--l{--horizontal-padding: var(--su-3)}.crayons-btn--icon.crayons-btn--xl,.crayons-btn--icon-rounded.crayons-btn--xl{--horizontal-padding: var(--su-4)}.crayons-btn--icon-rounded{border-radius:1000px}.crayons-btn--icon-left{padding-left:calc(var(--with-icon-padding) - var(--border-width))}.crayons-btn--icon-left .crayons-icon{margin-right:var(--icon-margin)}.crayons-btn--icon-right{padding-right:calc(var(--with-icon-padding) - var(--border-width))}.crayons-btn--icon-right .crayons-icon{margin-left:var(--icon-margin)}.crayons-btn-group{display:flex}.crayons-btn-group .crayons-btn{border-radius:0}.crayons-btn-group .crayons-btn+.crayons-btn:not(.crayons-btn--outlined){box-shadow:var(--shadow),inset 1px 0 0 rgba(0,0,0,0.1);margin-left:-1px}.crayons-btn-group .crayons-btn+.crayons-btn:not(.crayons-btn--outlined):hover{box-shadow:var(--shadow-hover),inset 0 0 0 rgba(0,0,0,0.1)}.crayons-btn-group .crayons-btn+.crayons-btn--outlined{margin-left:calc(-1 * var(--border-width))}.crayons-btn-group .crayons-btn:first-child{border-top-left-radius:var(--radius);border-bottom-left-radius:var(--radius)}.crayons-btn-group .crayons-btn:last-child{border-top-right-radius:var(--radius);border-bottom-right-radius:var(--radius)}.crayons-card{border-radius:var(--radius);background:var(--card-bg);color:var(--card-color)}.crayons-card--secondary{background:var(--card-secondary-bg);color:var(--card-secondary-color)}.crayons-card__header{padding:var(--su-4) var(--su-4);border-bottom:1px solid var(--body-bg);display:flex;justify-content:space-between;align-items:center}.crayons-card__subheader{padding:var(--su-2) 0;display:flex;justify-content:space-between;align-items:center}.crayons-card__subheader__title{color:var(--base-80);font-weight:var(--fw-bold)}.crayons-card__title{color:var(--card-headline);font-weight:var(--fw-bold)}.crayons-card__body{padding:var(--su-4)}.crayons-card__inner-section{margin-bottom:var(--su-4)}.crayons-card__inner-section:last-child{margin-bottom:0}.crayons-card__inner-section .crayons-card__section-header{padding-top:0}.crayons-dropdown{background:var(--card-bg);border:2px solid var(--card-color);box-shadow:4px 4px 0 var(--card-color);color:var(--card-color);border-radius:var(--radius);position:absolute;display:none;padding:var(--su-4);min-width:200px}@media (min-width: 640px){.crayons-dropdown{max-width:320px}}.crayons-textfield,.crayons-checkbox,.crayons-radio,.crayons-select,.crayons-color-selector{--border-width: 1px;background-color:var(--form-bg);border:var(--border-width) solid var(--form-border);color:var(--body-color);-moz-appearance:none;appearance:none;-webkit-appearance:none;border-radius:var(--radius);transition:all var(--transition-props)}.crayons-textfield:hover,.crayons-checkbox:hover,.crayons-radio:hover,.crayons-select:hover{border-color:var(--form-border-hover)}.crayons-textfield:focus,.crayons-select:focus{background-color:var(--form-bg-focus);border-color:var(--form-border-focus);box-shadow:1px 1px 0 var(--form-border-focus)}.crayons-textfield--disabled,.crayons-textfield[disabled],.crayons-checkbox--disabled,.crayons-checkbox[disabled],.crayons-radio--disabled,.crayons-radio[disabled],.crayons-checkbox--checked--disabled,.crayons-checkbox--checked[disabled],--disabled.crayons-checkbox:checked,.crayons-checkbox[disabled]:checked,.crayons-radio--checked--disabled,.crayons-radio--checked[disabled],--disabled.crayons-radio:checked,.crayons-radio[disabled]:checked,.crayons-select--disabled,.crayons-select[disabled]{opacity:0.6}.crayons-checkbox--checked,.crayons-checkbox:checked,.crayons-radio--checked,.crayons-radio:checked{background-color:var(--form-border-focus);border-color:var(--form-border-focus);color:var(--form-bg-focus);background-position:center center;background-repeat:no-repeat}.crayons-textfield{line-height:var(--lh-base);padding:calc(0.5em - var(--border-width)) 0.5em;font-family:inherit;font-size:var(--fs-base);width:100%}.crayons-textfield::-webkit-input-placeholder{color:var(--form-placeholder-color)}.crayons-textfield::-moz-placeholder{color:var(--form-placeholder-color)}.crayons-textfield:-ms-input-placeholder{color:var(--form-placeholder-color)}.crayons-textfield::-ms-input-placeholder{color:var(--form-placeholder-color)}.crayons-textfield::placeholder{color:var(--form-placeholder-color)}.crayons-textfield::-ms-clear{display:none}.crayons-textfield--icon{padding-left:var(--su-7)}.crayons-checkbox,.crayons-radio{width:1.125em;height:1.125em;cursor:pointer;background-position:center center;vertical-align:middle;flex-shrink:0}.crayons-checkbox--checked,.crayons-checkbox:checked,.crayons-radio--checked,.crayons-radio:checked{background-image:url("data:image/svg+xml,%3Csvg width='12' height='10' fill='none' xmlns='http://www.w3.org/2000/svg'%3E%3Cpath fill-rule='evenodd' clip-rule='evenodd' d='M11.157.933a.75.75 0 01.077 1.058L4.817 9.407a.75.75 0 01-1.134 0L.766 6.037a.75.75 0 011.135-.982L4.25 7.77l5.85-6.76a.75.75 0 011.057-.077z' fill='%23fff'/%3E%3C/svg%3E")}.crayons-radio{border-radius:50%}.crayons-radio--checked,.crayons-radio:checked{background-image:url("data:image/svg+xml,%3Csvg width='6' height='6' fill='none' xmlns='http://www.w3.org/2000/svg'%3E%3Crect width='6' height='6' rx='3' fill='%23fff'/%3E%3C/svg%3E")}.crayons-select{line-height:var(--lh-base);padding:0.5em;padding-right:var(--su-7);font-family:inherit;font-size:var(--fs-base);width:100%;position:relative;outline:none;background-image:url("data:image/svg+xml,%3Csvg width='24' height='24' viewBox='0 0 24 24' xmlns='http://www.w3.org/2000/svg'%3E%3Cpath d='M12 16l-6-6h12l-6 6z' fill='%2308090A'/%3E%3C/svg%3E");background-position:calc(100% - var(--su-2)) calc(50% - 1px);background-repeat:no-repeat}.crayons-select::-ms-clear{display:none}.crayons-field{display:flex;flex-flow:column;font-size:var(--fs-base)}.crayons-field__label{color:var(--label-primary);font-weight:var(--fw-medium)}.crayons-field__label+.crayons-field__description{margin-top:0}.crayons-field__description{color:var(--label-secondary);font-size:var(--fs-s);font-weight:var(--fw-normal);margin:0}.crayons-field>*+*{margin-top:var(--su-2)}.crayons-field--checkbox,.crayons-field--radio{display:grid;grid-template-columns:1.5em 1fr;grid-gap:var(--su-2);border-radius:var(--radius);transition:all var(--transition-props)}.crayons-field--checkbox:hover,.crayons-field--radio:hover{background:var(--body-bg);box-shadow:0 0 0 var(--su-1) var(--body-bg)}.crayons-field--checkbox .crayons-field__label,.crayons-field--radio .crayons-field__label{margin-top:0;padding-right:var(--su-2)}.crayons-field .crayons-checkbox,.crayons-field .crayons-radio{margin:0.1875em;justify-self:center}.crayons-fields{display:flex;flex-flow:column}.crayons-fields:not(.crayons-fields--horizontal)>.crayons-field+.crayons-field{margin-top:var(--su-4)}.crayons-fields--horizontal{flex-flow:row;flex-wrap:wrap}.crayons-fields--horizontal>.crayons-field:not(:last-child){margin-right:var(--su-4)}.crayons-textfield--ghost,.crayons-textfield--ghost:hover,.crayons-textfield--ghost:focus,.crayons-textfield--ghost[disabled]{all:unset;width:100%}textarea.crayons-textfield.crayons-textfield--ghost{white-space:pre-wrap}.crayons-color-selector{padding:calc(0.5em - var(--border-width)) 0.5em;height:40px}.crayons-color-selector::-webkit-color-swatch-wrapper{padding:0;height:var(--su-6);width:var(--su-6)}.crayons-color-selector::-webkit-color-swatch{border:0}.crayons-indicator{font-family:var(--ff-accent);font-size:var(--fs-xs);padding:var(--su-1);background-color:var(--indicator-default-bg);border:1px solid var(--indicator-default-bg);color:var(--indicator-default-color);text-align:center;line-height:1;border-radius:var(--radius);display:inline-block}.crayons-indicator--outlined{background-color:transparent;border-color:var(--indicator-default-bg);color:var(--indicator-default-color)}.crayons-indicator--accent{background-color:var(--indicator-accent-bg);border-color:var(--indicator-accent-bg);color:var(--indicator-accent-color)}.crayons-indicator--accent.crayons-indicator--outlined{background-color:transparent;color:var(--indicator-accent-bg);border-color:var(--indicator-accent-bg)}.crayons-indicator--critical{background-color:var(--indicator-critical-bg);border-color:var(--indicator-critical-bg);color:var(--indicator-critical-color)}.crayons-indicator--critical.crayons-indicator--outlined{background-color:transparent;color:var(--indicator-critical-bg);border-color:var(--indicator-critical-bg)}.crayons-indicator--bullet{width:var(--su-3);height:var(--su-3);padding:0;border-radius:100%}.crayons-modal{--modal-max-width: 768px;--modal-body-padding: var(--su-2);--modal-header-padding: var(--su-2);position:fixed;left:0;right:0;top:0;bottom:0;display:flex;align-items:center;justify-content:center;z-index:500;pointer-events:none}@media (min-width: 640px){.crayons-modal{--modal-body-padding: var(--su-4);--modal-header-padding: var(--su-4)}}@media (min-width: 768px){.crayons-modal{--modal-body-padding: var(--su-7);--modal-header-padding: var(--su-4) var(--su-4) var(--su-4) var(--su-7)}}.crayons-modal__overlay{background:var(--base-100);opacity:0.5;position:absolute;left:0;right:0;top:0;bottom:0;z-index:600;pointer-events:auto}.crayons-modal__box{display:flex;flex-direction:column;max-width:var(--modal-max-width);background:var(--card-bg);color:var(--card-color);z-index:700;max-height:100%;width:100%;height:100%;pointer-events:auto}@media (min-width: 640px){.crayons-modal__box{background:var(--card-bg);border:2px solid var(--card-color);box-shadow:8px 8px 0 var(--card-color);color:var(--card-color);border-radius:var(--radius);max-height:calc(100% - var(--su-6));height:auto;width:90%}}.crayons-modal__box__header{border-bottom:2px solid var(--card-color);display:flex;align-items:center;justify-content:space-between;padding:var(--modal-header-padding)}.crayons-modal__box__body{flex:1 auto;padding:var(--modal-body-padding);max-height:100%;overflow-y:auto}@media (min-width: 640px){.crayons-modal--s{--modal-max-width: 480px}}@media (min-width: 768px){.crayons-modal--m{--modal-max-width: 640px}}.crayons-link{color:var(--link-color)}.crayons-link:hover{color:var(--link-color-hover)}.crayons-link--brand{color:var(--accent-brand)}.crayons-link--brand:hover{color:var(--accent-brand-darker)}.crayons-link--success{color:var(--accent-success)}.crayons-link--success:hover{color:var(--accent-success-darker)}.crayons-link--warning{color:var(--accent-warning)}.crayons-link--warning:hover{color:var(--accent-warning-darker)}.crayons-link--danger{color:var(--accent-danger)}.crayons-link--danger:hover{color:var(--accent-danger-darker)}.crayons-link--secondary{color:var(--link-color-secondary)}.crayons-link--secondary:hover{color:var(--link-color-secondary-hover)}.crayons-link--current{font-weight:var(--fw-medium);color:var(--link-color-current);background:var(--link-bg-current)}.crayons-link--block{display:flex;align-items:center;padding:var(--su-3);border-radius:var(--radius)}.crayons-link--block:hover:not(.crayons-link--current){background:var(--link-bg-hover)}@media (min-width: 640px){.crayons-link--block{padding:var(--su-2)}}.crayons-link--block .crayons-icon{margin-right:var(--su-2);vertical-align:middle;width:var(--su-6);height:var(--su-6);display:inline-flex;align-items:center;justify-content:center;font-size:var(--fs-xl)}.crayons-link--block .crayons-indicator{margin-left:var(--su-2)}.crayons-link--block .crayons-indicator:empty{display:none}.crayons-link--block--indented{padding-left:calc(var(--su-2) + var(--su-7))}.crayons-link--contentful{display:block;padding:var(--su-4);border-bottom:1px solid var(--body-bg)}.crayons-link--contentful:last-child{border-bottom:0;border-bottom-right-radius:var(--radius);border-bottom-left-radius:var(--radius)}.crayons-link--contentful .crayons-link__secondary{color:var(--link-color-secondary);font-size:var(--fs-s);padding-top:var(--su-1)}.crayons-link--contentful:hover{background:var(--link-bg-hover-alt)}.crayons-link--contentful:hover .crayons-link__secondary{color:var(--link-color-secondary-hover)}.crayons-tabs{display:flex}.crayons-tabs .crayons-link{padding:0 0.5em;position:relative;display:inline-block}.crayons-tabs .crayons-link--current{background:transparent}.crayons-tabs .crayons-link--current::after{position:absolute;left:0.5em;right:0.5em;bottom:-2px;height:2px;content:'';background-color:var(--accent-brand)}.crayons-tabs--item{padding:var(--su-3);text-align:center;width:100%}.crayons-tabs--item--current{border-bottom:4px solid var(--accent-brand)}.crayons-tabs--item--current .crayons-tabs__label{color:var(--link-color);font-size:var(--fs-base);font-weight:var(--fw-bold)}.crayons-tabs--item:hover,.crayons-tabs--item:focus{background-color:var(--base-10)}.crayons-notice{padding:var(--su-4);background:var(--card-bg);border:2px solid var(--card-color);box-shadow:2px 2px 0 var(--card-color);color:var(--card-color);border-radius:var(--radius)}.crayons-notice--danger{background:var(--accent-danger-a10);border:2px solid var(--accent-danger);box-shadow:2px 2px 0 var(--accent-danger);color:var(--card-color);border-radius:var(--radius)}.crayons-notice--warning{background:var(--accent-warning-a10);border:2px solid var(--accent-warning);box-shadow:2px 2px 0 var(--accent-warning);color:var(--card-color);border-radius:var(--radius)}.crayons-notice--success{background:var(--accent-success-a10);border:2px solid var(--accent-success);box-shadow:2px 2px 0 var(--accent-success);color:var(--card-color);border-radius:var(--radius)}.crayons-notice--info{background:var(--accent-brand-a10);border:2px solid var(--accent-brand);box-shadow:2px 2px 0 var(--accent-brand);color:var(--card-color);border-radius:var(--radius)}.crayons-snackbar{position:fixed;z-index:9999;left:var(--su-2);right:var(--su-2);bottom:var(--su-2);display:grid;grid-gap:var(--su-2)}@media (min-width: 640px){.crayons-snackbar{max-width:480px;width:auto;left:var(--su-6);right:auto;bottom:var(--su-6);justify-items:flex-start}}.crayons-snackbar__item{background:var(--snackbar-bg);border:2px solid var(--snackbar-border);box-shadow:2px 2px 0 var(--snackbar-border);color:var(--snackbar-color);border-radius:var(--radius);display:none;align-items:center;justify-content:space-between;padding:var(--su-2)}.crayons-snackbar__body{padding:0 var(--su-2)}.crayons-snackbar__actions{flex-shrink:0;padding-left:var(--su-2)}      @font-face{font-family:OpenDyslexic;src:url(https://practicaldev-herokuapp-com.freetls.fastly.net/assets/OpenDyslexic-Regular-e2da53e6ae0d57455acaecf9151769780f875f17ce0aed72d90a7be3edf98b57.otf)}@font-face{font-family:OpenDyslexic-Bold;src:url(https://practicaldev-herokuapp-com.freetls.fastly.net/assets/OpenDyslexic-Bold-84cc2b8adaffe43edd5295004b627caac868f58d7e21e4afb019559312acfa5a.otf)}@font-face{font-family:OpenDyslexic-Bolditalic;src:url(https://practicaldev-herokuapp-com.freetls.fastly.net/assets/OpenDyslexic-BoldItalic-f4713bbb9a294df6ab38b28b0b5ec0547ed987a886f3ae46aec1d601de2109ae.otf)}@font-face{font-family:OpenDyslexic-Italic;src:url(https://practicaldev-herokuapp-com.freetls.fastly.net/assets/OpenDyslexic-Italic-6abd13b9690e8140655fcda16f7a3d2a1fc1f5a4da61895cce7bed9eb774a1af.otf)}body{background:var(--body-bg);color:var(--body-color);font-family:var(--ff-default);padding:0;margin:0;overflow-y:scroll;padding-top:var(--header-height)}#audiocontent{display:none}*:focus:active{outline:0}*:focus:not(.focus-visible){outline:none}.modal-open{margin:0;overflow:hidden;overflow-y:hidden;height:90vh}.zen-mode .top-bar,.zen-mode .primary-sticky-nav,.zen-mode .article-actions{display:none !important}@media print{.top-bar,.article-actions{display:none}}.config_minimize_newest_listings #sidebar-listings-widget .widget-body{display:none !important}.universal-page-content-wrapper{overflow:hidden;min-height:88vh;visibility:visible;font-size:18px}a{color:var(--link-brand-color);text-decoration:none}div.field,div.actions{margin-bottom:5px}#instantclick{display:none}pre{background:#29292e;border-radius:2px;overflow-x:scroll;font-size:11px;padding:10px;color:#eff0f9;line-height:1.42em;font-size:13px;width:calc(100% - 25px)}@media screen and (min-width: 380px){pre{font-size:15px}}pre code{background:#29292e;color:#eff0f9;white-space:pre}.cta{color:#0a0a0a;background:#66e2d5;font-family:"HelveticaNeue-CondensedBold", "HelveticaNeueBoldCondensed", "HelveticaNeue-Bold-Condensed", "Helvetica Neue Bold Condensed", "HelveticaNeueBold", "HelveticaNeue-Bold", "Helvetica Neue Bold", "HelveticaNeue", "Helvetica Neue", "TeXGyreHerosCnBold", "Helvetica", "Tahoma", "Geneva", "Arial Narrow", "Arial", sans-serif;-webkit-appearance:none;font-stretch:condensed;font-weight:bold}.cta.cta-danger{background:#ff0000}button{cursor:pointer}input[type='submit']{cursor:pointer}input[type='text'],textarea,input[type='url'],input[type='email']{outline:0}.partner-image-dark-mode{display:none !important}body.night-theme .on-page-nav-butt img,body.night-theme .icon-img,body.night-theme .dropdown-icon,body.night-theme .reaction-button:not(.reacted) img,body.night-theme .image-upload-button button,body.night-theme .icon-image,body.night-theme .dev-badge,body.night-theme .chatchannels__config img,body.night-theme .external-link-img,body.night-theme .group-img,body.night-theme .user-profile-header .social a,body.ten-x-hacker-theme .on-page-nav-butt img,body.ten-x-hacker-theme .icon-img,body.ten-x-hacker-theme .dropdown-icon,body.ten-x-hacker-theme .reaction-button:not(.reacted) img,body.ten-x-hacker-theme .image-upload-button button,body.ten-x-hacker-theme .icon-image,body.ten-x-hacker-theme .dev-badge,body.ten-x-hacker-theme .chatchannels__config img,body.ten-x-hacker-theme .external-link-img,body.ten-x-hacker-theme .group-img,body.ten-x-hacker-theme .user-profile-header .social a{-webkit-filter:invert(95%);filter:invert(95%)}body.night-theme .ltag__tag,body.ten-x-hacker-theme .ltag__tag{border-color:white !important;box-shadow:3px 3px 0px #fff !important}body.night-theme .partner-image-dark-mode,body.ten-x-hacker-theme .partner-image-dark-mode{display:block !important}body.night-theme .partner-image-light-mode,body.ten-x-hacker-theme .partner-image-light-mode{display:none !important}body.night-theme .not-dark-theme-text-compatible,body.ten-x-hacker-theme .not-dark-theme-text-compatible{color:white !important;color:var(--theme-secondary-color, white) !important}body.static-navbar-config{padding-top:0}body.static-navbar-config .top-bar{position:relative !important}.trusted-visible-block{display:none !important}body.trusted-status-true .trusted-visible-block{display:flex !important}body.hidden-shell .top-bar,body.hidden-shell footer{display:none}body.hidden-shell .container{margin-top:0px}body.hidden-shell .universal-page-content-wrapper{margin-top:calc(var(--header-height) * -1) !important;margin-bottom:30px}.delete-confirm.container{padding:150px 10px;min-height:300px;text-align:center}.delete-confirm.container h4{background:#0a0a0a;padding:5px 8px;color:#ffffff;display:inline-block;margin-bottom:0px;border-radius:3px}.delete-confirm.container h2{font-size:22px;margin-bottom:40px}.delete-confirm.container a.delete-link{background:#ff0000;color:white;padding:10px 15px}.delete-confirm.container a.delete-link:hover{color:white;opacity:0.9}.delete-confirm.container form button{background:#ff0000;color:white;font-size:1.5em;border:0px;border-radius:3px;padding:6px 12px}.app-shell-loader{position:absolute;top:200px;text-align:center;left:0;right:0;opacity:0;-webkit-animation:loading-fadein 1.5s;animation:loading-fadein 1.5s;-webkit-animation-delay:0.6s;animation-delay:0.6s;font-size:1.2em;z-index:-1}@-webkit-keyframes loading-fadein{from{opacity:0}to{opacity:0.6}}@keyframes loading-fadein{from{opacity:0}to{opacity:0.6}}      .home{position:relative;margin:0 auto;max-width:1250px;text-align:left}@media screen and (max-width: 949px){.home .sidebar-wrapper{position:fixed;top:48px;left:0;bottom:0;z-index:100;overflow-y:auto;width:200%;height:calc(100% - 48px);display:none;-webkit-overflow-scrolling:touch}.home .sidebar-wrapper .sidebar-bg{top:0;left:0;right:0;bottom:0;overflow:scroll;position:fixed;background:rgba(0,0,0,0.5);-webkit-animation:fade-in 0.48s;animation:fade-in 0.48s}.home .sidebar-wrapper.swiped-in{display:block}.home .sidebar-wrapper.swiped-in .side-bar{display:block;background:var(--card-bg);height:100%;overflow-y:auto}.home .sidebar-wrapper-left{transform:translate(-280px, 0)}.home .sidebar-wrapper-left.swiped-in{transform:translate(0em, 0);-webkit-animation:swipe-in-from-left 0.18s;animation:swipe-in-from-left 0.18s}.home .sidebar-wrapper-right{transform:translate(calc(-100vw + 280px), 0)}.home .sidebar-wrapper-right .side-bar{float:right}.home .sidebar-wrapper-right.swiped-in{transform:translate(-100vw, 0);-webkit-animation:swipe-in-from-right 0.18s;animation:swipe-in-from-right 0.18s}}.home .side-bar{float:left;width:280px;font-size:0.85em;line-height:1.35em;display:none;position:relative;z-index:5;padding:16px 0;box-sizing:border-box;color:var(--card-secondary-color)}.home .side-bar.sidebar-additional{display:none}@media screen and (min-width: 1120px){.home .side-bar.sidebar-additional.showing{display:block}}@media screen and (min-width: 950px){.home .side-bar{display:block}}.home .side-bar .sidebar-nav{margin-bottom:16px}@media screen and (min-width: 950px){.home .side-bar .sidebar-nav .sidebar-nav-block .sidebar-nav-block-inner{height:420px;overflow-y:scroll;overflow-x:hidden;-webkit-overflow-scrolling:touch;padding:0 16px;margin:0 -16px 8px -16px}}.home .side-bar .sidebar-nav .sidebar-nav-block .sidebar-nav-default-tags{display:none}.home .side-bar .sidebar-nav .sidebar-nav-block .sidebar-nav-default-tags.showing{display:block}.home .side-bar .sidebar-nav .sidebar-nav-block .sidebar-main-nav{margin-bottom:24px}.home .side-bar .search-partner-mention{display:none;text-align:center;margin-top:15px;width:98%}.home .side-bar .search-partner-mention img{margin-top:12px;width:180px}.home .side-bar .search-partner-mention.showing{display:block}@-webkit-keyframes fade-in{0%{opacity:0}100%{opacity:1}}@keyframes fade-in{0%{opacity:0}100%{opacity:1}}@-webkit-keyframes swipe-in-from-left{0%{transform:translate(-280px, 0)}100%{transform:translate(0em, 0)}}@keyframes swipe-in-from-left{0%{transform:translate(-280px, 0)}100%{transform:translate(0em, 0)}}@-webkit-keyframes swipe-in-from-right{0%{transform:translate(calc(-100vw + 280px), 0)}100%{transform:translate(-100vw, 0)}}@keyframes swipe-in-from-right{0%{transform:translate(calc(-100vw + 280px), 0)}100%{transform:translate(-100vw, 0)}}.feed-cta{background:#eef1ff !important;border:1px solid #003ee6 !important;box-shadow:5px 6px 0px #0030b3 !important}.feed-cta .cta-container{padding:calc(1vw + 7px) 9px;margin-bottom:15px}.feed-cta h2{text-align:center;margin-right:9px;padding-right:9px;font-size:1.5em}.feed-cta h3{text-align:center;margin-right:9px;padding-right:9px;font-size:17px !important}.feed-cta .button-container{margin-top:40px;text-align:center;margin-right:9px;padding-right:9px}.feed-cta img.primary-sticker-image{width:190px;height:190px;margin:18px auto 35px;border-radius:22px;display:block;transform:rotate(6deg)}.feed-cta .cta-button{text-align:center;margin:5px;padding:12px 5px;min-width:230px;font-size:1.1em;display:inline-block;height:auto;text-align:center;font-weight:bold;border-radius:100px;background-color:#0045ff;color:white !important}.feed-cta .feed-cta-sub{margin-top:20px;font-size:15px}.narrow-nav-menu{position:absolute;top:48px;left:0;right:0;background:white;z-index:500;font-family:"HelveticaNeue-CondensedBold", "HelveticaNeueBoldCondensed", "HelveticaNeue-Bold-Condensed", "Helvetica Neue Bold Condensed", "HelveticaNeueBold", "HelveticaNeue-Bold", "Helvetica Neue Bold", "HelveticaNeue", "Helvetica Neue", "TeXGyreHerosCnBold", "Helvetica", "Tahoma", "Geneva", "Arial Narrow", "Arial", sans-serif;font-stretch:condensed;font-weight:600;box-shadow:0px 20px 50px rgba(0,0,0,0.3);padding:5px 0px 15px;display:none;font-size:1.1em;background:var(--card-bg)}.narrow-nav-menu a{display:block;text-align:center;color:var(--card-color);padding:20px 0px}.narrow-nav-menu a.selected{background:var(--accent-brand-lighter)}.narrow-nav-menu.showing{display:block}.on-page-nav-controls{height:45px;position:relative;opacity:0.85;text-align:center;margin-bottom:8px}@media screen and (min-width: 950px){.on-page-nav-controls.user-nav-controls{display:none}}.on-page-nav-controls .on-page-nav-butt{position:absolute;top:14px;border:0px;background:transparent;border-radius:8px}.on-page-nav-controls .on-page-nav-butt img{height:24px}.on-page-nav-controls .on-page-nav-butt.on-page-nav-butt-left{left:3%}.on-page-nav-controls .on-page-nav-butt.on-page-nav-butt-right{right:3%}@media screen and (min-width: 950px){.on-page-nav-controls .on-page-nav-butt{display:none}}.on-page-nav-controls .on-page-nav-label{position:absolute;right:0;left:0;font-family:"HelveticaNeue-CondensedBold", "HelveticaNeueBoldCondensed", "HelveticaNeue-Bold-Condensed", "Helvetica Neue Bold Condensed", "HelveticaNeueBold", "HelveticaNeue-Bold", "Helvetica Neue Bold", "HelveticaNeue", "Helvetica Neue", "TeXGyreHerosCnBold", "Helvetica", "Tahoma", "Geneva", "Arial Narrow", "Arial", sans-serif;font-stretch:condensed;top:18px;font-weight:600}.on-page-nav-controls .on-page-nav-label.sub-home-nav{top:12px}.on-page-nav-controls .on-page-nav-label .wide-nav-links{display:none}@media screen and (min-width: 650px){.on-page-nav-controls .on-page-nav-label .narrow-nav-select{display:none}.on-page-nav-controls .on-page-nav-label .wide-nav-links{display:block;cursor:default}}@media screen and (min-width: 950px){.on-page-nav-controls .on-page-nav-label{top:9px}.on-page-nav-controls .on-page-nav-label.sub-home-nav{top:8px}}.on-page-nav-controls .separator{border-left:2px solid #dbdbdb;display:inline-block;margin:0px 7px;height:15px}.on-page-nav-controls .nav-chronofiter-link{display:inline-block;padding:2px 8px;font-size:0.95em;border-radius:2px;border:1px solid transparent}.on-page-nav-controls .nav-chronofiter-link.selected{background:#cfd7ff;color:#0a0a0a;border:1px solid #4e57ef;box-shadow:3px 4px 0px #4e57ef}.on-page-nav-controls .nav-chronofiter-link:hover{opacity:1;background:#4e57ef;color:white;border:1px solid #cfd7ff;box-shadow:3px 4px 0px #cfd7ff}.on-page-nav-controls .narrow-nav-select button{all:unset;background:transparent;border:0;font-family:"HelveticaNeue-CondensedBold", "HelveticaNeueBoldCondensed", "HelveticaNeue-Bold-Condensed", "Helvetica Neue Bold Condensed", "HelveticaNeueBold", "HelveticaNeue-Bold", "Helvetica Neue Bold", "HelveticaNeue", "Helvetica Neue", "TeXGyreHerosCnBold", "Helvetica", "Tahoma", "Geneva", "Arial Narrow", "Arial", sans-serif;font-stretch:condensed;font-weight:600;cursor:pointer}.loading{padding:calc(3vw + 15px) 0px 60px;text-align:center;opacity:0.7;display:none}.loading-articles{padding:calc(3vw + 15px) 0px 60px;text-align:center;opacity:0.7;display:none}.single-article-loading{border-radius:3px;-webkit-animation-duration:1.25s;animation-duration:1.25s;-webkit-animation-fill-mode:forwards;animation-fill-mode:forwards;-webkit-animation-iteration-count:infinite;animation-iteration-count:infinite;-webkit-animation-name:placeHolderShimmer;animation-name:placeHolderShimmer;-webkit-animation-timing-function:linear;animation-timing-function:linear;background:linear-gradient(to right, rgba(255,255,255,0.1) 10%, rgba(0,0,0,0.05) 25%, rgba(255,255,255,0.1) 40%);box-shadow:inset 0 0 0 200px rgba(0,0,0,0.025);background-size:800px 104px;position:relative}@-webkit-keyframes placeHolderShimmer{0%{background-position:-468px 0}100%{background-position:468px 0}}@keyframes placeHolderShimmer{0%{background-position:-468px 0}100%{background-position:468px 0}}.articles-list{margin:auto;max-width:100%;position:relative;-webkit-tap-highlight-color:rgba(0,0,0,0);box-sizing:border-box}@media screen and (min-width: 950px){.articles-list{float:left;width:100%;max-width:calc(100% - 280px);padding:16px}}@media screen and (min-width: 1120px){.articles-list{max-width:calc(100% - 560px)}}.articles-list .pinned-articles{padding:8px;margin:0 auto;background:var(--card-bg);border:none;border:var(--theme-container-border, none);box-shadow:0px 1px 1px rgba(10,10,10,0.1),0px 1px 2px rgba(10,10,10,0.1),0px 0px 1px rgba(10,10,10,0.8);box-shadow:var(--theme-container-box-shadow, 0px 1px 1px rgba(10,10,10,0.1), 0px 1px 2px rgba(10,10,10,0.1), 0px 0px 1px rgba(10,10,10,0.8))}@media screen and (min-width: 950px){.articles-list .pinned-articles{border-radius:3px;margin-bottom:12px}}.articles-list .pinned-articles h5{margin:0 0 8px;padding:8px 0;display:flex;align-items:center}.articles-list a{color:var(--card-color)}.articles-list .placeholder-div{display:block;width:100%}.articles-list .single-article{cursor:pointer;margin:0 auto;position:relative;background:var(--card-bg);border:none;border:var(--theme-container-border, none);box-shadow:0px 1px 1px rgba(10,10,10,0.1),0px 1px 2px rgba(10,10,10,0.1),0px 0px 1px rgba(10,10,10,0.8);box-shadow:var(--theme-container-box-shadow, 0px 1px 1px rgba(10,10,10,0.1), 0px 1px 2px rgba(10,10,10,0.1), 0px 0px 1px rgba(10,10,10,0.8))}@media screen and (min-width: 950px){.articles-list .single-article{border-radius:3px;margin-bottom:12px}}.articles-list .single-article.active{opacity:0.66}.articles-list .single-article.big-article.active{opacity:0.84}.articles-list .single-article.big-article .time-ago-indicator{vertical-align:0.11em}.articles-list .single-article.single-article-small-pic{vertical-align:top;overflow:hidden}.articles-list .single-article.single-article-single-podcast h4{bottom:10px}.articles-list .single-article.single-article-single-podcast .content{padding-bottom:40px}.articles-list .single-article.single-article-podcast-div{background:var(--card-bg);border:none;border:var(--theme-container-border, none);box-shadow:0px 1px 1px rgba(10,10,10,0.1),0px 1px 2px rgba(10,10,10,0.1),0px 0px 1px rgba(10,10,10,0.8);box-shadow:var(--theme-container-box-shadow, 0px 1px 1px rgba(10,10,10,0.1), 0px 1px 2px rgba(10,10,10,0.1), 0px 0px 1px rgba(10,10,10,0.8));padding-bottom:8px}@media screen and (min-width: 950px){.articles-list .single-article.single-article-podcast-div{border-radius:3px;margin-bottom:12px}}.articles-list .single-article.single-article-podcast-div h3{margin:0;padding:16px}.articles-list .single-article.single-article-podcast-div p{margin-left:14px}.articles-list .single-article h4{white-space:nowrap;overflow:hidden;text-overflow:ellipsis}.articles-list .single-article .single-article-video-preview{position:relative;padding-top:56%;display:block;background:#0a0a0a no-repeat center center;background-size:cover}.articles-list .single-article .single-article-video-preview img{width:100%}.articles-list .single-article .single-article-video-preview:hover{opacity:1}.articles-list .single-article .single-article-video-preview .single-article-video-duration{position:absolute;bottom:8px;right:7px;background:rgba(0,0,0,0.8);color:white;border-radius:3px;padding:2px 5px 3px;font-size:0.75em;font-weight:500}.articles-list .single-article .single-article-video-preview .single-article-video-duration img{width:12px;height:12px;margin-right:4px;vertical-align:-1px}.articles-list .single-article .org-headline-filler{background:#e4e7e9;background:var(--theme-container-accent-background, #e4e7e9);color:var(--card-color);padding:8px;border-radius:3px 0 3px 0;font-weight:600;display:inline-flex;align-items:center;font-size:0.9em;line-height:1}.articles-list .single-article .org-headline-filler img{width:24px;height:24px;margin-right:4px;border-radius:50%;vertical-align:middle}.articles-list .single-article .small-pic{float:left;height:40px;width:40px;margin:16px 0 0 16px;overflow:hidden;font-size:11px;border-radius:50%}.articles-list .single-article .small-pic img,.articles-list .single-article .small-pic .color{height:100%;width:100%;border-radius:50%}.articles-list .single-article .tiny-pic{display:inline-block;height:30px;width:30px}.articles-list .single-article .tiny-pic img{height:100%;width:100%}.articles-list .single-article .tiny-pic img.round{border-radius:50%}.articles-list .single-article .content{float:left;width:calc(100% - 72px);box-sizing:border-box;padding:16px 16px 100px 16px}.articles-list .single-article .content h3{margin:0px;font-size:20px;font-weight:700;line-height:28px;padding:0px;word-break:break-word}.articles-list .single-article .content h3 .tag-identifier{font-size:14px;background:#1395b8;color:white;padding:2px 4px 3px;margin-right:5px;border-radius:4px;vertical-align:3px}.articles-list .single-article .content h3 .tag-identifier.red-identifier{background:#ff0000}.articles-list .single-article .content h3 .tag-identifier.black-identifier{background:#0a0a0a}@media screen and (min-width: 450px){.articles-list .single-article .content h3{font-size:27px;line-height:32px}.articles-list .single-article .content h3 .tag-identifier{font-size:15px;padding:2px 6px 3px;vertical-align:4px}.articles-list .single-article .content h4{font-size:15px}}.articles-list .single-article .time-ago-indicator{color:var(--card-color-tertiary);display:inline-block;margin-left:4px;font-weight:400;font-size:0.8em;vertical-align:0.07em}.articles-list .single-article .emoji{display:inline-block;margin-right:4px}.articles-list .single-article h4{padding:0px;margin:0;font-weight:500;position:absolute;bottom:50px;left:72px;white-space:nowrap;overflow:hidden;text-overflow:ellipsis;font-size:0.8em}.articles-list .single-article h4 a{color:var(--card-color-tertiary)}.articles-list .single-article h4:hover{opacity:0.9;text-decoration:underline}.articles-list .single-article .tags{margin-top:0px;font-size:0.8em;position:absolute;display:inline-block;z-index:5;left:72px;bottom:75px;white-space:nowrap;overflow:hidden;text-overflow:ellipsis;color:#0a0a0a;width:calc( 100% - 72px)}.articles-list .single-article .tags a{display:inline-block}.articles-list .single-article .tags .tag{margin-right:8px}.articles-list .single-article .tags .tag:hover{text-decoration:underline}.articles-list .single-article .search-snippet{font-size:15px;padding:6px 0px 2px;color:#474747;line-height:21px}.articles-list .single-article .search-snippet span{background:#eff1f2;padding:1px}.articles-list .single-article .search-snippet em{font-weight:600;color:#242424;font-style:normal}.articles-list .single-article p{margin:6px auto;line-height:20px;font-size:16px;color:#a3bcc9;padding-bottom:16px}.articles-list .single-article.big-article{padding:0px}.articles-list .single-article.big-article .picture{padding-top:42%;border-radius:3px 3px 0 0;background:no-repeat center center;background-size:cover}.articles-list .single-article.big-article .content-wrapper{padding-bottom:115px}.articles-list .single-article.big-article .content-wrapper h3{font-size:28px;padding:16px;margin:0;word-break:break-word;line-height:1.28em}@media screen and (min-width: 450px){.articles-list .single-article.big-article .content-wrapper h3{font-size:40px}}.articles-list .single-article.big-article .content-wrapper .title-block{display:inline-block}.articles-list .featured-profile-button{float:left;z-index:10;left:16px;position:absolute;margin-top:-110px}.articles-list img.featured-profile-pic{height:40px;width:40px;border-radius:50px;overflow:hidden}.articles-list img.featured-profile-pic:hover{opacity:0.9}.articles-list .featured-user-name{font-weight:bold;margin-top:0;position:absolute;width:80%;white-space:nowrap;overflow:hidden;text-overflow:ellipsis;z-index:10;left:72px;bottom:65px;font-size:0.8em}.articles-list .featured-user-name a{color:var(--card-color-tertiary)}@media screen and (min-width: 450px){.articles-list .featured-user-name{font-size:1em}}.articles-list .featured-user-name:hover{text-decoration:underline}.articles-list .featured-tags{font-size:1em;position:absolute;max-width:80%;bottom:95px !important;left:62px;white-space:nowrap;overflow:hidden;text-overflow:ellipsis;z-index:10}.articles-list .article-reading-time{position:absolute;right:82px;bottom:12px;font-size:0.7em;padding:6px 0px;z-index:8;color:var(--card-color-tertiary)}.articles-list .article-engagement-count{font-size:13px;font-weight:bold;position:absolute;bottom:12px;font-weight:400;padding:3px 6px;background:transparent;border:0;-webkit-appearance:none;font-family:"HelveticaNeue-CondensedBold", "HelveticaNeueBoldCondensed", "HelveticaNeue-Bold-Condensed", "Helvetica Neue Bold Condensed", "HelveticaNeueBold", "HelveticaNeue-Bold", "Helvetica Neue Bold", "HelveticaNeue", "Helvetica Neue", "TeXGyreHerosCnBold", "Helvetica", "Tahoma", "Geneva", "Arial Narrow", "Arial", sans-serif;color:var(--card-color-tertiary)}.articles-list .article-engagement-count a{color:var(--card-color-tertiary)}.articles-list .article-engagement-count a:hover{opacity:1}.articles-list .article-engagement-count img{height:18px;border:0px;vertical-align:-4px;margin-right:7px}.articles-list .article-engagement-count.comments-count{left:85px}.articles-list .article-engagement-count.comments-count img{width:28px}.articles-list .article-engagement-count.reactions-count{left:16px}.articles-list .article-engagement-count.engage-button{right:12px;border:2px solid transparent;border-radius:3px;text-align:center;bottom:12px;background:#0d36ff;color:white;letter-spacing:1px}.articles-list .article-engagement-count.engage-button:hover,.articles-list .article-engagement-count.engage-button:focus{background:#0023cf}.articles-list .article-engagement-count.engage-button .bm-success{display:none;position:relative;top:1px}.articles-list .article-engagement-count.engage-button.selected{color:#274bff;background:transparent;padding-right:0px}.articles-list .article-engagement-count.engage-button.selected .bm-initial{display:none}.articles-list .article-engagement-count.engage-button.selected .bm-success{display:inline-block}.articles-list .article-engagement-count.engage-button.following-butt{background:transparent;color:#274bff}.articles-list .article-engagement-count.featured-engagement-count{margin-top:-38px;bottom:auto;z-index:10}.articles-list .article-engagement-count.featured-engagement-count.engage-button{margin-top:-39px}.articles-list .article-engagement-count .engagement-count-number{min-width:28px;text-align:left;display:inline-block}.articles-list .video-player-header{background:#0a0a0a;margin-top:0;max-width:1050px;margin:auto;margin-bottom:15px;height:52.5vw;margin-bottom:-5px;overflow-y:hidden}@media screen and (min-width: 750px){.articles-list .video-player-header{height:396px}}@media screen and (min-width: 950px){.articles-list .video-player-header{height:calc(52.5vw - 172px)}}@media screen and (min-width: 1120px){.articles-list .video-player-header{height:calc(52.5vw - 314px)}}@media screen and (min-width: 1240px){.articles-list .video-player-header{height:339px}}#homepage-feed{min-height:100vh}.individual-podcast-link{display:flex;padding:8px 16px;font-size:0.8em;color:var(--card-color-tertiary)}.individual-podcast-link img{height:50px;width:50px;border-radius:50%;vertical-align:top}.individual-podcast-link .individual-podcast-link-details{padding-left:16px;flex:1 auto}.individual-podcast-link strong{display:block;margin-bottom:4px;padding-top:0.2em;font-weight:500;color:var(--card-color)}@media screen and (min-width: 500px){.individual-podcast-link strong{font-size:1.2em}}.individual-podcast-link:hover{background:#f5f6f7;background:var(--theme-container-background-hover, #f5f6f7)}.query-results-nothing{background:var(--card-bg);border:none;border:var(--theme-container-border, none);box-shadow:0px 1px 1px rgba(10,10,10,0.1),0px 1px 2px rgba(10,10,10,0.1),0px 0px 1px rgba(10,10,10,0.8);box-shadow:var(--theme-container-box-shadow, 0px 1px 1px rgba(10,10,10,0.1), 0px 1px 2px rgba(10,10,10,0.1), 0px 0px 1px rgba(10,10,10,0.8));padding:48px 24px;text-align:center}@media screen and (min-width: 950px){.query-results-nothing{border-radius:3px;margin-bottom:12px}}      .cta{color:#0a0a0a;background:#66e2d5;font-family:"HelveticaNeue-CondensedBold", "HelveticaNeueBoldCondensed", "HelveticaNeue-Bold-Condensed", "Helvetica Neue Bold Condensed", "HelveticaNeueBold", "HelveticaNeue-Bold", "Helvetica Neue Bold", "HelveticaNeue", "Helvetica Neue", "TeXGyreHerosCnBold", "Helvetica", "Tahoma", "Geneva", "Arial Narrow", "Arial", sans-serif;-webkit-appearance:none;font-stretch:condensed;font-weight:bold}.cta-button{background:transparent;padding:8px 0;color:var(--accent-brand);display:inline-block}.cta-button:hover{text-decoration:underline;opacity:1}      Ôªø.sidebar-profile{display:block;padding:8px 16px;margin:0 -16px;border-radius:3px;color:var(--link-color);margin:0;margin-bottom:var(--su-2);display:flex;align-items:center}.sidebar-profile:hover{color:var(--link-color-hover);background:var(--link-bg-hover)}.sidebar-profile .sidebar-profile--avatar{width:48px;height:48px;border-radius:50%}.sidebar-profile .sidebar-profile--details{flex:1 auto;padding-left:8px}.sidebar-profile .sidebar-profile--name{margin:0;color:rgba(10,10,10,0.9);color:var(--theme-color, rgba(10,10,10,0.9))}.sidebar-profile .sidebar-profile--username{color:var(--card-color-tertiary)}.widget{position:relative;overflow:hidden;display:block;padding:0 16px 16px 16px;margin:8px 0 16px 0}.widget:after{content:'';position:absolute;bottom:0;left:0;right:0;width:100%;height:1px;background:var(--card-color-tertiary);opacity:0.25}.widget.fixed-widget{position:-webkit-sticky;position:sticky;width:254px;top:80px}.widget.fixed-widget header{padding-left:6px}.widget:hover{opacity:1}.widget h4{margin:0}.widget.signin-cta-widget{border:1px solid #003ee6;box-shadow:5px 6px 0px #0030b3;padding:0px 0px;border-radius:3px}.widget.signin-cta-widget header{background:#003ee6;color:white;padding:16px 0px;text-align:center;font-weight:bold}.widget.signin-cta-widget .widget-body{display:flex;flex-flow:column;padding:8px 0}.widget.signin-cta-widget .widget-body .login-cta-button{margin:8px;background-color:#0045ff;padding:16px 0;border-radius:50px;color:#ffffff;text-align:center;font-size:1.1em}.widget.showing{display:block}.widget.podcast-pic-widget a{color:var(--body-color)}.widget.podcast-pic-widget .widget-body{padding-bottom:10px}.widget.podcast-pic-widget .podcast-pic{position:relative;padding:5px 0px;border-top-left-radius:100px;border-bottom-left-radius:100px;border-top-right-radius:5px;border-bottom-right-radius:5px}.widget.podcast-pic-widget .podcast-pic img{width:23px;height:23px;border-radius:100px;vertical-align:-7px;margin-left:3px}.widget.podcast-pic-widget .podcast-pic .podcast-name{width:calc(100% - 55px);display:inline-block;padding-left:4px;font-weight:bold}.widget.podcast-pic-widget .podcast-pic .podcast-name .podcast-name-inner{font-size:14px;line-height:15px;display:block}.widget.podcast-pic-widget .podcast-pic:hover{background:#f5f6f7;background:var(--theme-container-background-hover, #f5f6f7)}.widget.podcast-pic-widget .suggest-podcast{color:var(--card-color-tertiary);text-decoration:underline;padding:0 5px}.widget hr{opacity:0.2}.widget header{position:relative;font-size:0.9em;font-weight:bold;padding:8px 0;font-family:'SFMono-Regular', Consolas, 'Liberation Mono', Menlo, Courier, monospace;color:var(--card-color)}.widget header a{display:inline-block;color:var(--card-color)}.widget header a h4{display:inline-block;margin:0}.widget header a:hover{text-decoration:underline}.widget header .emoji{margin-right:6px;display:inline-block;vertical-align:-4px}.widget header .emoji img{width:18px;border:0px;cursor:default}.widget header .widget-listing-live-count{background:#66e2d5;background:var(--theme-secondary-color, #66e2d5);color:var(--base-inverted);border-radius:3px;display:inline-block;font-size:0.8em;padding:1px 5px 0px;line-height:1.4em}.widget header .widget-minimize-button{position:absolute;right:0;top:50%;transform:translateY(-50%);background:transparent;padding:0px 5px 1px;border-radius:3px;font-size:1.2em;line-height:0.6em;border:1px solid #dbdbdb;border:var(--theme-secondary-color-border, 1px solid #dbdbdb);color:#c2c2c2;color:var(--theme-secondary-color, #c2c2c2)}.widget .widget-body{overflow-wrap:break-word}.widget .widget-body.body-scrollable{height:calc(100vh - 300px);max-height:390px;overflow-y:scroll}.widget .widget-body.widget-body--sponsorship-arbitrary img{width:100%}.widget .widget-body .widget-podcast-ep{padding-bottom:8px}.widget .widget-body .widget-podcast-ep a{color:var(--body-color);font-weight:500}.widget .widget-body .widget-podcast-title{margin-top:-2px}.widget .widget-body .widget-podcast-title a{color:#666666;font-size:0.83em;opacity:0.86}.widget .widget-body .widget-listing-link{display:block;padding:8px 16px;margin:0 -16px;border-radius:3px;color:var(--link-color)}.widget .widget-body .widget-listing-link:hover{color:var(--link-color-hover);background:var(--link-bg-hover)}.widget .widget-body .widget-listing-link .widget-listing-link-title{display:block}.widget .widget-body .widget-listing-link .widget-listing-link-category{display:inline-block;color:var(--card-color-tertiary);font-size:0.8em;line-height:1}.widget .widget-body .widget-accent{background:#cfd7ff;color:#0045ff;padding:1px 5px;border-radius:3px;margin-right:1px}.widget .widget-body .widget-footer{color:#666666;font-size:0.9em;padding:5px 0px 0px}.widget .widget-body .widget-footer img{height:15px;width:15px;vertical-align:-2px;display:inline;border:0}.widget .widget-body .widget-subtext{padding:0;margin:0;color:var(--card-color-tertiary);font-size:0.85em}.widget .widget-body .widget-user-pic{display:inline-block}.widget .widget-body .widget-user-pic img{height:48px;width:48px;margin:0 8px 8px 0;border-radius:100%}.widget .widget-body .widget-listing-category{color:#666666}.widget .widget-body .widget-listing-title{font-family:var(--ff-default);font-weight:500;margin-bottom:8px}.widget .query-filter-button{font-size:15px;font-weight:bold;background:transparent;border:0px;display:block;padding:6px 8px;width:calc(100% - 16px);text-align:left;border-radius:0px;color:var(--body-color);cursor:pointer}.widget .query-filter-button:hover{background:#c2d2ff;background:var(--theme-container-background-hover, #c2d2ff)}.widget .query-filter-button.selected{background:#336aff;background:var(--theme-container-accent-background, #336aff);color:var(--card-color)}.widget .query-filter-button.query-type-filter-button:hover{background:#e7faf8;background:var(--theme-container-background-hover, #e7faf8)}.widget .query-filter-button.query-type-filter-button.selected{background:#bcf2ed;background:var(--theme-container-accent-background, #bcf2ed)}.widget p{margin:8px 0}.widget ul{padding-left:10px;display:flex;flex-direction:column}.widget li{font-size:1em;line-height:1.32em;display:inline-block}.widget li::before{font-size:1.2em}.widget ul img{width:5%;border:none;padding-right:4px;visibility:hidden}.widget a:hover{opacity:0.9}.widget .row{position:relative;overflow:hidden;padding:1px 0px 3px;font-size:0.97em}.widget .row .key{float:left;width:20px;font-size:0.8em;padding:2px}.widget .row .value{float:left;width:calc(100% - 42px);padding:5px 7px}.widget-link-list__item{display:block;padding:8px 16px;margin:0 -16px;border-radius:3px;color:var(--link-color);position:relative;padding-left:32px}.widget-link-list__item:hover{color:var(--link-color-hover);background:var(--link-bg-hover)}.widget-link-list__item:before{content:'‚Ä¢ ';color:#66e2d5;font-size:2em;vertical-align:-6px;position:absolute;left:16px}.widget-link-list__item .discuss-list-comment-count{font-size:0.8em;color:var(--card-color-tertiary)}.widget-link-list__item .discuss-list-comment-count img{width:20px;vertical-align:-3px;border:0px}.widget-link-list__item .discuss-list-comment-count.discuss-list-comment-count-brand-new{background:#fefa87;color:#0a0a0a;padding:2px 4px;display:inline-block;font-size:0.9em;text-transform:uppercase}.query-filter-button{box-sizing:border-box;display:inline-block;padding:var(--su-2) 0;width:100%}.sidebar-sponsor{color:var(--card-color-tertiary)}.sidebar-sponsor img{width:100%;max-width:140px;margin-bottom:var(--su-2)}.sidebar-nav-element{color:#0a0a0a;display:block;position:relative}@media screen and (min-width: 768px){.sidebar-nav-element .sidebar-nav-link-follow{display:none}.sidebar-nav-element:hover .sidebar-nav-link-follow{display:block}}.sidebar-nav-element img{width:30px;height:30px;border:0px;vertical-align:-8px;margin-right:4px}.sidebar-nav-element img.nav-emoji{height:19px;width:19px;vertical-align:-2px}.sidebar-nav-element a.sidebar-nav-link{display:block;padding:8px 16px;margin:0 -16px;border-radius:3px;color:var(--link-color);color:var(--link-color);font-weight:400}.sidebar-nav-element a.sidebar-nav-link:hover{color:var(--link-color-hover);background:var(--link-bg-hover)}.sidebar-nav-element a.sidebar-nav-link.sidebar-nav-link-tag{color:var(--link-color)}.sidebar-nav-element a.sidebar-nav-link-follow{position:absolute;color:#0a0a0a;right:5px;top:50%;transform:translateY(-50%);text-align:center;border-radius:3px;font-weight:900;font-size:0.8em;padding:2px 8px}.sidebar-sponsorship-level{text-align:center;font-weight:bold;width:calc(100% - 6px);padding:26px 0px;border-radius:3px;margin-bottom:10px;font-family:"HelveticaNeue-CondensedBold", "HelveticaNeueBoldCondensed", "HelveticaNeue-Bold-Condensed", "Helvetica Neue Bold Condensed", "HelveticaNeueBold", "HelveticaNeue-Bold", "Helvetica Neue Bold", "HelveticaNeue", "Helvetica Neue", "TeXGyreHerosCnBold", "Helvetica", "Tahoma", "Geneva", "Arial Narrow", "Arial", sans-serif;font-stretch:condensed;background:var(--card-secondary-bg)}.side-footer a{display:block;padding:8px 16px;margin:0 -16px;border-radius:3px;color:var(--link-color);font-size:0.9em;color:var(--link-color-secondary)}.side-footer a:hover{color:var(--link-color-hover);background:var(--link-bg-hover)}      .top-bar{--indicator-outline: var(--header-bg);--dropdown-display: none;position:fixed;top:0px;left:0px;right:0px;z-index:101;height:var(--header-height);background:var(--header-bg);box-shadow:0 1px 1px var(--header-shadow)}.top-bar,.top-bar::after,.top-bar::before,.top-bar *,.top-bar *::after,.top-bar *::before{box-sizing:border-box}.top-bar__container{max-width:1250px;margin:auto;display:flex;align-items:center;position:relative}.top-bar .crayons-indicator{position:absolute;top:calc(var(--su-1) * -1);right:0;box-shadow:0 0 0 2px var(--indicator-outline)}.top-bar--logo{display:flex;margin-left:var(--su-2)}@media (min-width: 768px){.top-bar--logo{margin-left:var(--su-4)}}.top-bar--logo .logo{width:50px;height:40px;padding:0 7px 0 9px;background:var(--logo-bg);fill:var(--logo-color);border-radius:var(--radius)}.top-bar--search{max-width:420px;flex:1 auto;margin:0 var(--su-2)}@media (min-width: 640px){.top-bar--search{margin:0 var(--su-4)}}.top-bar__links{height:var(--header-height);display:flex;align-items:center;margin-left:auto}.top-bar__link{position:relative;display:flex;padding:var(--su-2);margin:0 var(--su-1);border-radius:50%;align-items:center;color:var(--header-icons-color);outline:0;transition:background var(--transition-props)}.top-bar__link:hover,.top-bar__link:focus{--indicator-outline: var(--header-bg-hover);color:var(--header-icons-color-hover);background:var(--header-bg-hover)}.top-bar__link--current{--indicator-outline: var(--header-bg-current);color:var(--header-icons-color-hover);background:var(--header-bg-current)}.top-bar__menu{height:100%;display:flex;align-items:center;z-index:20}.top-bar__menu__trigger{all:unset;padding:var(--su-1);margin:0 var(--su-1);border-radius:50%;color:var(--header-icons-color);cursor:pointer}.top-bar__menu__dropdown{display:var(--dropdown-display);top:var(--header-height)}.top-bar__menu.showing,.top-bar__menu.desktop:hover,.top-bar__menu.desktop:focus{--dropdown-display: block}.top-bar__menu.showing .top-bar__menu__trigger,.top-bar__menu.desktop:hover .top-bar__menu__trigger,.top-bar__menu.desktop:focus .top-bar__menu__trigger{color:var(--header-icons-color-hover);background:var(--header-bg-hover)}.skip-content-link{position:absolute;top:0;left:50%;transform:translate(-50%, -100px);background:var(--body-color);color:var(--body-color-inverted);z-index:9999;padding:var(--su-4);pointer-events:none;opacity:0;border-radius:var(--radius);outline:0}.skip-content-link:focus{pointer-events:auto;opacity:1;transform:translate(-50%, var(--header-height)/2)}.pwa-nav-buttons{height:100%;display:none;padding-left:var(--su-2)}.pwa-nav-buttons button{all:unset;padding:0 var(--su-2);color:var(--header-icons-color)}.pwa-nav-buttons button:hover{color:var(--header-icons-color-hover)}@media (min-width: 768px){.pwa-nav-buttons.pwa-nav-buttons--showing{display:flex}}      footer{z-index:10;position:relative}footer .container{width:100%;margin:auto;max-width:1250px;box-shadow:none;border:none;font-weight:500;background:transparent}footer .container.centered-footer{width:97%;max-width:722px;margin-left:auto}@media screen and (min-width: 950px) and (max-width: 1119px){footer .container.centered-footer{max-width:calc(100% - 377px)}}@media screen and (min-width: 1120px){footer .container.centered-footer{max-width:calc(100% - 642px)}}@media screen and (min-width: 1240px){footer .container.centered-footer{max-width:606px}}footer .container a{color:var(--body-color);display:inline-block;margin-right:12px}footer .container a:hover{text-decoration:underline}footer .container .inner-footer-container{max-width:880px;padding:48px 32px;box-sizing:border-box;line-height:3em;margin:auto;background:#fdf9f3;background:var(--theme-container-background, #fdf9f3);border:none;border:var(--theme-container-border, none);box-shadow:0px 1px 1px rgba(10,10,10,0.1),0px 1px 2px rgba(10,10,10,0.1),0px 0px 1px rgba(10,10,10,0.8);box-shadow:var(--theme-container-box-shadow, 0px 1px 1px rgba(10,10,10,0.1), 0px 1px 2px rgba(10,10,10,0.1), 0px 0px 1px rgba(10,10,10,0.8))}@media screen and (min-width: 950px){footer .container .inner-footer-container{border-radius:3px 3px 0 0}}@media screen and (min-width: 1250px){.stories-show+footer .inner-footer-container{margin-left:16px}.podcast_episodes-show+footer .inner-footer-container{margin-left:auto}}      .sidebar-additional .widget .widget-suggested-follows-container h4{margin:0}.sidebar-additional .widget .widget-suggested-follows-container .widget-body .widget-list-item__suggestions{display:flex;align-items:center;margin-bottom:8px}.sidebar-additional .widget .widget-suggested-follows-container .widget-body .widget-list-item__suggestions+.widget-list-item__suggestions{border-top:1px solid #dbdbdb;border-top:var(--theme-border, 1px solid #dbdbdb);padding-top:8px}.sidebar-additional .widget .widget-suggested-follows-container .widget-body .widget-list-item__suggestions .widget-list-item__avatar{width:48px;height:48px}.sidebar-additional .widget .widget-suggested-follows-container .widget-body .widget-list-item__suggestions .widget-list-item__avatar img{width:100%;height:100%;border-radius:100%}.sidebar-additional .widget .widget-suggested-follows-container .widget-body .widget-list-item__suggestions .widget-list-item__content{flex:1 auto;padding-left:8px}.sidebar-additional .widget .widget-suggested-follows-container .widget-body .widget-list-item__suggestions .widget-list-item__content h5{all:unset;display:block;margin-bottom:4px}.sidebar-additional .widget .widget-suggested-follows-container .widget-body .widget-list-item__suggestions .widget-list-item__content h5 a{color:rgba(10,10,10,0.8);color:var(--theme-color, rgba(10,10,10,0.8))}.sidebar-additional .widget .widget-suggested-follows-container .widget-body .widget-list-item__suggestions .widget-list-item__content h5 a:hover{color:var(--body-color)}.sidebar-additional .widget .widget-suggested-follows-container .widget-body .widget-list-item__suggestions .widget-list-item__content img{width:48px;height:48px;border-radius:50%;position:absolute;top:unset;left:15px}.sidebar-additional .widget .widget-suggested-follows-container .widget-body .widget-list-item__suggestions .widget-list-item__content .widget-list-item__follow-button{border:2px solid transparent;border-radius:3px;padding:2px 8px;text-align:center;background-color:#66e2d5;color:#0a0a0a;font-family:"HelveticaNeue-CondensedBold", "HelveticaNeueBoldCondensed", "HelveticaNeue-Bold-Condensed", "Helvetica Neue Bold Condensed", "HelveticaNeueBold", "HelveticaNeue-Bold", "Helvetica Neue Bold", "HelveticaNeue", "Helvetica Neue", "TeXGyreHerosCnBold", "Helvetica", "Tahoma", "Geneva", "Arial Narrow", "Arial", sans-serif;font-weight:900;font-size:0.8em}.sidebar-additional .widget .widget-image{margin:auto -16px}.sidebar-additional .widget .widget-button{display:block;text-align:center;padding:8px 16px;margin:auto -16px;border-radius:3px}.sidebar-additional .widget .write{margin:8px -16px;background:var(--button-primary-bg);color:var(--button-primary-color)}.sidebar-additional .widget .all-stories{border:2px solid #d6d6d6;border:var(--theme-border, 2px solid #d6d6d6);color:var(--body-color);background:var(--base-inverted)}      .user-profile-header{padding:calc(1.4vw + 8px) 0px;font-family:var(--ff-default);position:relative;overflow:hidden;width:1216px;max-width:92%;margin:24px auto;background:var(--card-bg);border-radius:3px}@media screen and (min-width: 950px){.user-profile-header{max-width:98%}}@media screen and (min-width: 1100px){.user-profile-header{padding:25px 0px 11px}}@media screen and (min-width: 1100px){.user-profile-header.tag-header{padding:0px 0px 1.2vw}}.user-profile-header.tag-header h1{font-size:calc(3vw + 23px);margin-top:1.2vw;margin-bottom:8px;margin-left:3%;text-align:center;width:94%}.user-profile-header.tag-header h1.query-header-text{font-size:calc(0.9vw + 28px);font-weight:500}.user-profile-header.tag-header h1 img{max-height:calc(3vw + 33px);max-width:calc(3vw + 33px)}.user-profile-header.podcast-header{background:#051620;text-align:center;padding:70px 0px;color:white}.user-profile-header.podcast-header h1{font-size:calc(2vw + 28px)}.user-profile-header.podcast-header h1 .follow-action-button{font-size:25px;display:block;margin:10px auto;width:100%;padding:15px 0px}@media screen and (min-width: 950px){.user-profile-header.podcast-header h1 .follow-action-button{vertical-align:5px;display:inline-block;font-size:calc(1.5vw + 8px);width:280px;padding:3px 0px}}@media screen and (min-width: 1600px){.user-profile-header.podcast-header h1{font-size:55px}.user-profile-header.podcast-header h1 .follow-action-button{font-size:32px}}.user-profile-header.podcast-header img.record{height:150px;width:150px;border-radius:100px;border:0px;display:block;margin:0px auto 10px}@media screen and (min-width: 950px){.user-profile-header.podcast-header img.record{height:calc(2.4vw + 50px);width:calc(2.4vw + 50px);display:inline-block;vertical-align:calc(-1vw - 15px)}}.user-profile-header .user-profile-header-container,.user-profile-header .tag-or-query-header-container{max-width:96%;margin:auto;overflow-y:auto}.user-profile-header .user-profile-header-container h1,.user-profile-header .tag-or-query-header-container h1{position:relative}.user-profile-header .user-profile-header-container h1 img,.user-profile-header .tag-or-query-header-container h1 img{height:1.5em;width:1.5em;vertical-align:-0.22em;margin-right:0.15em}.user-profile-header .user-profile-header-container h1 img.pro-checkmark,.user-profile-header .tag-or-query-header-container h1 img.pro-checkmark{height:0.5em;width:0.5em;vertical-align:0.08em;margin-left:0}.user-profile-header .user-profile-header-container a,.user-profile-header .tag-or-query-header-container a{color:#616161}.user-profile-header .user-profile-header-container .profile-pic-wrapper,.user-profile-header .tag-or-query-header-container .profile-pic-wrapper{float:left;width:calc(14.5vw + 60px);max-width:270px;position:relative;z-index:5}.user-profile-header .user-profile-header-container .profile-pic-wrapper .profile-pic,.user-profile-header .tag-or-query-header-container .profile-pic-wrapper .profile-pic{width:calc(12.2vw + 50px);height:calc(12.2vw + 50px);border-radius:200px;max-width:220px;max-height:220px;border:4px solid white;margin-top:2vw;background:no-repeat center center;background-size:cover}.user-profile-header .user-profile-header-container .profile-pic-wrapper .profile-pic img,.user-profile-header .tag-or-query-header-container .profile-pic-wrapper .profile-pic img{height:100%;width:100%}.user-profile-header .user-profile-header-container .profile-details,.user-profile-header .tag-or-query-header-container .profile-details{float:left;width:calc(100% - (13vw + 95px));padding-top:calc(2px + 2.7vw)}@media screen and (min-width: 1100px){.user-profile-header .user-profile-header-container .profile-details,.user-profile-header .tag-or-query-header-container .profile-details{min-height:270px}}.user-profile-header .user-profile-header-container .profile-details h1,.user-profile-header .tag-or-query-header-container .profile-details h1{margin:5px auto 1vw;font-weight:bold;color:#1b1b1c;font-size:25px;padding:0;padding-right:15px;line-height:1.1em}@media screen and (min-width: 430px){.user-profile-header .user-profile-header-container .profile-details h1,.user-profile-header .tag-or-query-header-container .profile-details h1{font-size:calc(4.5vw + 10px)}}@media screen and (min-width: 950px){.user-profile-header .user-profile-header-container .profile-details h1,.user-profile-header .tag-or-query-header-container .profile-details h1{font-size:60px;margin-top:0px}}.user-profile-header .user-profile-header-container .profile-details h1>span:nth-child(1),.user-profile-header .tag-or-query-header-container .profile-details h1>span:nth-child(1){word-break:break-word;display:block}.user-profile-header .user-profile-header-container .profile-details p.profile-description,.user-profile-header .tag-or-query-header-container .profile-details p.profile-description{padding:0px 0px;margin:0;font-style:italic;color:var(--card-color-tertiary);width:94%;font-size:0.9em;margin-top:12px;max-width:550px}@media screen and (min-width: 430px){.user-profile-header .user-profile-header-container .profile-details p.profile-description,.user-profile-header .tag-or-query-header-container .profile-details p.profile-description{font-size:0.97em;margin-top:0px}}.user-profile-header .user-profile-header-container .social,.user-profile-header .tag-or-query-header-container .social{font-size:15px;max-width:100%;margin:10px 0px 10px;z-index:3;position:relative}.user-profile-header .user-profile-header-container .social a,.user-profile-header .tag-or-query-header-container .social a{margin-right:5px;display:inline-block;margin-bottom:0px;margin-top:0px;padding:3px}.user-profile-header .user-profile-header-container .social a .icon-img,.user-profile-header .tag-or-query-header-container .social a .icon-img{vertical-align:-6px;opacity:1;padding:3px;width:23px;height:23px;margin:0px 0px;-webkit-filter:none;filter:none}@media screen and (min-width: 580px){.user-profile-header .user-profile-header-container .social a .icon-img,.user-profile-header .tag-or-query-header-container .social a .icon-img{margin:3px;width:28px;height:28px;margin-right:8px}}@media screen and (min-width: 1100px){.user-profile-header .user-profile-header-container .social a .icon-img,.user-profile-header .tag-or-query-header-container .social a .icon-img{margin:1px;margin-right:5px;width:30px;height:30px;margin-bottom:40px}}@media screen and (min-width: 1100px){.user-profile-header .user-profile-header-container{width:calc(100% - 420px);margin-left:6%}}.user-profile-header .user-metadata-details{font-family:'SFMono-Regular', Consolas, 'Liberation Mono', Menlo, Courier, monospace;width:97%;overflow-y:auto}@media screen and (min-width: 1100px){.user-profile-header .user-metadata-details{position:absolute;right:0px;top:0px;bottom:0px;width:370px}}.user-profile-header .user-metadata-details .user-metadata-details-inner{padding:8px 0px;margin-left:5%}@media screen and (min-width: 430px){.user-profile-header .user-metadata-details .user-metadata-details-inner{font-size:1.15em;padding:15px 0px}}@media screen and (min-width: 1100px){.user-profile-header .user-metadata-details .user-metadata-details-inner{position:absolute;top:45%;transform:translateY(-45%);border-left:3px solid #d6d6d6;padding:15px 0px}}.user-profile-header .user-metadata-details .user-metadata-details-inner .row{padding:calc(5px + 0.2vw) 0px;display:inline-block;padding-left:16px;width:322px;max-width:92%}.user-profile-header .user-metadata-details .user-metadata-details-inner .key{font-size:0.7em;font-weight:800;margin-bottom:2px;color:var(--card-color-tertiary)}.user-profile-header .user-metadata-details .user-metadata-details-inner .value{display:inline-block;font-size:0.85em;margin-bottom:4px}.user-profile-header .tag-action-buttons{height:30px;margin-top:calc(0.5vw + 6px);margin-bottom:8px;margin-left:1%;text-align:center}@media screen and (min-width: 430px){.user-profile-header .tag-action-buttons{margin-bottom:20px}}@media screen and (min-width: 800px){.user-profile-header .tag-action-buttons{margin-bottom:25px}}@media screen and (min-width: 850px){.user-profile-header .tag-action-buttons{margin-bottom:10px}}@media screen and (min-width: 950px){.user-profile-header .tag-action-buttons{margin-left:calc(0.2vw + 320px);text-align:left}}.user-profile-header .user-profile-follow-button-wrapper{position:relative;z-index:5;display:inline-block;margin-left:5px}.user-profile-header .user-profile-follow-button{background:#66e2d5;border:0;font-size:17px;border-radius:3px;vertical-align:3px;padding:2px 6px;cursor:pointer;min-width:120px;opacity:0.7}.user-profile-header .user-profile-follow-button.showing{opacity:1}@media screen and (min-width: 430px){.user-profile-header .user-profile-follow-button{font-size:18px;padding:3px 8px;vertical-align:7px;border-radius:5px;min-width:140px}}@media screen and (min-width: 950px){.user-profile-header .user-profile-follow-button{font-size:22px;padding:4px 8px;vertical-align:12px;border-radius:5px;min-width:140px}}.user-profile-header .user-profile-chat-button-wrapper{position:relative;z-index:5;display:inline-block;margin-left:5px}.user-profile-header .user-profile-chat-button{background:#66e2d5;color:white;border:0;font-size:17px;border-radius:3px;vertical-align:3px;padding:2px 6px;cursor:pointer;min-width:60px;font-family:'HelveticaNeue-CondensedBold', 'HelveticaNeueBoldCondensed', 'HelveticaNeue-Bold-Condensed', 'Helvetica Neue Bold Condensed', 'HelveticaNeueBold', 'HelveticaNeue-Bold', 'Helvetica Neue Bold', 'HelveticaNeue', 'Helvetica Neue', 'TeXGyreHerosCnBold', 'Helvetica', 'Tahoma', 'Geneva', 'Arial Narrow', 'Arial', sans-serif;-webkit-appearance:none;font-stretch:condensed}.user-profile-header .user-profile-chat-button.showing{opacity:1}@media screen and (min-width: 430px){.user-profile-header .user-profile-chat-button{font-size:18px;padding:3px 8px;vertical-align:7px;border-radius:5px;min-width:80px}}@media screen and (min-width: 950px){.user-profile-header .user-profile-chat-button{font-size:22px;padding:4px 8px;vertical-align:12px;border-radius:5px;min-width:80px}}.user-profile-header .modal{position:fixed;left:0;top:0;width:100%;height:100%;z-index:990}.user-profile-header .modal .overlay{position:absolute;left:0;top:0;width:100%;height:100%;z-index:995;background:rgba(0,0,0,0.85)}.user-profile-header .modal-content{z-index:999;position:absolute;top:50%;left:50%;transform:translate(-50%, -50%);max-height:80%;overflow:auto;background:#fff;box-sizing:border-box;padding:20px;border:1px solid #d6d6d6;box-shadow:3px 3px 0px #bababa;border-radius:3px;max-width:95%;width:600px}.user-profile-header .modal-content .message-form{display:flex;flex-direction:column;flex-wrap:nowrap;justify-content:space-around;align-items:center;align-content:stretch}@media screen and (min-width: 500px){.user-profile-header .modal-content .message-form{flex-direction:row}}.user-profile-header .modal-content .message-form textarea{border-radius:3px;border:1px solid #d6d6d6;font-size:14px;margin:10px;padding:5px;width:calc(100% - 50px);order:1;flex-grow:1;height:80px;resize:vertical;max-height:50vh}@media screen and (min-width: 500px){.user-profile-header .modal-content .message-form textarea{width:calc(100% - 100px)}}.user-profile-header .modal-content .message-form .submit-message{margin:0px auto;border-radius:3px;background:#4e57ef;font-weight:600px;font-family:"HelveticaNeue-CondensedBold", "HelveticaNeueBoldCondensed", "HelveticaNeue-Bold-Condensed", "Helvetica Neue Bold Condensed", "HelveticaNeueBold", "HelveticaNeue-Bold", "Helvetica Neue Bold", "HelveticaNeue", "Helvetica Neue", "TeXGyreHerosCnBold", "Helvetica", "Tahoma", "Geneva", "Arial Narrow", "Arial", sans-serif;width:220px;color:white;font-size:17px;height:40px;order:10;flex-grow:1;border:0px}@media screen and (min-width: 500px){.user-profile-header .modal-content .message-form .submit-message{margin:10px 10px 10px 0;width:82px;height:80px}}.user-profile-header .modal-content p{color:#333333;font-size:0.8em;margin:5px auto;width:96%}.user-profile-header .modal-content .close-modal{position:absolute;right:10px;top:10px;cursor:pointer;font-size:18px;opacity:0.5;background:none;border:none;padding:0 0 0 10px;transition:opacity 0.2s ease}.user-profile-header .modal-content .close-modal:hover{opacity:0.9}.user-profile-header .profile-dropdown{position:absolute;top:0px;right:6px}.user-profile-header .profile-dropdown button{border:0px;background:transparent;padding:8px}.user-profile-header .profile-dropdown img{height:22px;width:22px}.user-profile-header .profile-dropdown .profile-dropdownmenu{display:none;position:absolute;top:30px;right:3px;border:1px solid #dbdbdb;border-radius:3px;background:var(--card-bg);z-index:20;width:200px;box-shadow:1px 2px 4px 0 rgba(0,0,0,0.18)}.user-profile-header .profile-dropdown .profile-dropdownmenu a{font-size:0.75em;color:var(--body-color);display:block;padding:9px 10px;font-weight:bold}.user-profile-header .profile-dropdown .profile-dropdownmenu.showing{display:block}.user-profile-header .profile-dropdown .profile-dropdownmenu button{font-size:0.75em;color:var(--body-color);font-weight:bold;width:100%;text-align:left;padding-left:10px;display:block;border:none;text-overflow:ellipsis;overflow:hidden;background:transparent}      .sidebar-data{border-radius:3px;font-weight:bold;margin-bottom:32px;font-family:var(--ff-accent);padding:16px;color:#444444;color:var(--theme-secondary-color, #444);color:var(--card-color-tertiary)}.sidebar-data .mod-action-button{padding:2px 9px;font-size:1.2em;display:block;margin-top:5px;border-radius:3px}.sidebar-data hr{opacity:0.3;margin:25px 0px 15px;width:200px}.sidebar-data .olderposts-header{margin-bottom:5px}.sidebar-data .olderposts-pagenumber{padding:4px;margin-right:-4px}      .index-comments{text-align:left;padding-bottom:calc(0.6vw + 5px);background:var(--card-bg);border-radius:3px;border:none;border:var(--theme-container-border, none);box-shadow:0px 1px 1px rgba(10,10,10,0.1),0px 1px 2px rgba(10,10,10,0.1),0px 0px 1px rgba(10,10,10,0.8);box-shadow:var(--theme-container-box-shadow, 0px 1px 1px rgba(10,10,10,0.1), 0px 1px 2px rgba(10,10,10,0.1), 0px 0px 1px rgba(10,10,10,0.8));margin:auto;width:100%}@media screen and (min-width: 950px){.index-comments{margin-bottom:12px}}.index-comments .breadcrumb{margin-top:10px;margin-left:5px;text-decoration:underline}.index-comments .breadcrumb a{padding:5px 10px;color:#333333;color:var(--theme-color, #333);font-weight:500;font-size:0.85em}.index-comments header{padding:calc(1vw + 3px) 13px 0.5vw;margin:0;font-size:17px;font-family:'SFMono-Regular', Consolas, 'Liberation Mono', Menlo, Courier, monospace}@media screen and (min-width: 430px){.index-comments header{font-size:19px}}.index-comments header h4{margin:0;font-weight:500}.index-comments a{color:var(--body-color);display:block;padding-left:13px;padding-right:13px}.index-comments .single-comment{padding:3px 0px;font-size:16px}.index-comments .single-comment.strong-comment .comment-title{font-weight:600}.index-comments .single-comment .comment-date{font-size:0.7em;color:var(--card-color-tertiary);margin-left:5px;vertical-align:2px;display:inline-block}.index-comments .single-comment .comment-preview{font-size:0.9em;color:var(--card-color-tertiary)}@media screen and (min-width: 430px){.index-comments .single-comment{padding:5px 0px;font-size:18.5px}}      footer{z-index:10;position:relative}footer .container{width:100%;margin:auto;max-width:1250px;box-shadow:none;border:none;font-weight:500;background:transparent}footer .container.centered-footer{width:97%;max-width:722px;margin-left:auto}@media screen and (min-width: 950px) and (max-width: 1119px){footer .container.centered-footer{max-width:calc(100% - 377px)}}@media screen and (min-width: 1120px){footer .container.centered-footer{max-width:calc(100% - 642px)}}@media screen and (min-width: 1240px){footer .container.centered-footer{max-width:606px}}footer .container a{color:var(--body-color);display:inline-block;margin-right:12px}footer .container a:hover{text-decoration:underline}footer .container .inner-footer-container{max-width:880px;padding:48px 32px;box-sizing:border-box;line-height:3em;margin:auto;background:#fdf9f3;background:var(--theme-container-background, #fdf9f3);border:none;border:var(--theme-container-border, none);box-shadow:0px 1px 1px rgba(10,10,10,0.1),0px 1px 2px rgba(10,10,10,0.1),0px 0px 1px rgba(10,10,10,0.8);box-shadow:var(--theme-container-box-shadow, 0px 1px 1px rgba(10,10,10,0.1), 0px 1px 2px rgba(10,10,10,0.1), 0px 0px 1px rgba(10,10,10,0.8))}@media screen and (min-width: 950px){footer .container .inner-footer-container{border-radius:3px 3px 0 0}}@media screen and (min-width: 1250px){.stories-show+footer .inner-footer-container{margin-left:16px}.podcast_episodes-show+footer .inner-footer-container{margin-left:auto}}    </style>      <style>        .home {          position: relative;          margin: auto;          max-width: 1250px;        }      </style>                      <link  rel="canonical" href="https://dev.to/t/python" ></link><meta  name="description" content="python content on DEV"></meta><meta  name="keywords" content="software development, engineering, python"></meta><meta  property="og:type" content="website" ></meta><meta  property="og:url" content="https://dev.to/t/python" ></meta><meta  property="og:title" content="Python" ></meta><meta  property="og:description" content="Python content on DEV" ></meta><meta  property="og:site_name" content="DEV Community" ></meta><meta  name="twitter:site" content="@thepracticaldev"></meta><meta  name="twitter:creator" content="@Python"></meta><meta  name="twitter:title" content="Python"></meta><meta  name="twitter:description" content="Python content on DEV"></meta>  <meta  name="twitter:card" content="summary_large_image"></meta>  <meta  property="og:image" content="http://dev.to/social_previews/tag/25.png"></meta>  <meta  name="twitter:image:src" content="http://dev.to/social_previews/tag/25.png"></meta>      <meta  name="viewport" content="width=device-width, initial-scale=1.0"></meta>      <link  rel="shortcut icon" type="image/x-icon" href="https://dev-to.s3.us-east-2.amazonaws.com/favicon.ico" ></link>      <link  rel="apple-touch-icon" href="https://res.cloudinary.com/practicaldev/image/fetch/c_scale,fl_progressive,q_auto,w_180/f_auto/https://practicaldev-herokuapp-com.freetls.fastly.net/assets/devlogo-pwa-512.png"></link>      <link  rel="apple-touch-icon" sizes="152x152" href="https://res.cloudinary.com/practicaldev/image/fetch/c_scale,fl_progressive,q_auto,w_152/f_auto/https://practicaldev-herokuapp-com.freetls.fastly.net/assets/devlogo-pwa-512.png"></link>      <link  rel="apple-touch-icon" sizes="180x180" href="https://res.cloudinary.com/practicaldev/image/fetch/c_scale,fl_progressive,q_auto,w_180/f_auto/https://practicaldev-herokuapp-com.freetls.fastly.net/assets/devlogo-pwa-512.png"></link>      <link  rel="apple-touch-icon" sizes="167x167" href="https://res.cloudinary.com/practicaldev/image/fetch/c_scale,fl_progressive,q_auto,w_167/f_auto/https://practicaldev-herokuapp-com.freetls.fastly.net/assets/devlogo-pwa-512.png"></link>      <link  href="https://res.cloudinary.com/practicaldev/image/fetch/c_scale,fl_progressive,q_auto,w_192/f_auto/https://practicaldev-herokuapp-com.freetls.fastly.net/assets/devlogo-pwa-512.png" rel="icon" sizes="192x192" ></link>      <link  href="https://res.cloudinary.com/practicaldev/image/fetch/c_scale,fl_progressive,q_auto,w_128/f_auto/https://practicaldev-herokuapp-com.freetls.fastly.net/assets/devlogo-pwa-512.png" rel="icon" sizes="128x128" ></link>      <meta  name="apple-mobile-web-app-title" content="dev.to"></meta>      <meta  name="application-name" content="dev.to"></meta>      <meta  property="fb:pages" content="568966383279687" ></meta>      <meta  name="theme-color" content="#000000" ></meta>      <link  rel="manifest" href="/manifest.json" ></link>      <link  rel="search" href="https://dev.to/search.xml" type="application/opensearchdescription+xml" title="DEV Community" ></link>  </head>      <body data-user-status="logged-out" data-pusher-key="ef46a9ae106e4241008c">        <div id="body-styles"></div>        <div id="audiocontent" data-podcast="">                  </div>        <div class="navigation-progress" id="navigation-progress"></div><header class="top-bar" id="top-bar">  <a href="#articles-list" class="skip-content-link">Skip to content</a>  <div class="top-bar__container">    <a href="/" class="top-bar--logo" aria-label="DEV Home"><svg xmlns="http://www.w3.org/2000/svg" version="1" width="20%" height="20%" viewBox="0 0 132 65" role="img" aria-labelledby="acuihk2z98lyr6p4guy45cwef8g3biqk" class="logo"><title id="acuihk2z98lyr6p4guy45cwef8g3biqk">App logo</title>    <path d="M0 33v32h11.3c12.5 0 17.7-1.6 21.5-6.5 3.8-4.8 4.4-9 4-28-.3-16.8-.5-18.2-2.7-21.8C30.3 2.5 26.1 1 12 1H0v32zm23.1-19.1c2.3 1.9 2.4 2.3 2.4 18.5 0 15.7-.1 16.7-2.2 18.8-1.7 1.6-3.5 2.2-7 2.2l-4.8.1-.3-20.8L11 12h4.9c3.3 0 5.6.6 7.2 1.9zm23-10.3c-2 2.6-2.1 3.9-2.1 29.6v26.9l2.5 2.4c2.3 2.4 2.9 2.5 16 2.5H76V54.1l-10.2-.3-10.3-.3v-15l6.3-.3 6.2-.3V27H55V12h21V1H62.1c-13.9 0-14 0-16 2.6zM87 15.2c2.1 7.9 5.5 20.8 7.6 28.8 3.2 12.3 4.3 15 7 17.7 1.9 2 4.2 3.3 5.7 3.3 3.1 0 7.1-3.1 8.5-6.7 1-2.6 15.2-55.6 15.2-56.8 0-.3-2.8-.5-6.2-.3l-6.3.3-5.6 21.5c-3.5 13.6-5.8 20.8-6.2 19.5C105.9 40 96 1.9 96 1.4c0-.2-2.9-.4-6.4-.4h-6.4L87 15.2z"></path></svg></a>    <div id="pwa-nav-buttons" class="pwa-nav-buttons">      <button type="button" id="app-back-button">        <svg xmlns="http://www.w3.org/2000/svg" width="16" height="16" viewBox="0 0 306 306" role="img" aria-labelledby="asffs81e6fnk0yfapjq8r5wyggjlbjqy" class="crayons-icon"><title id="asffs81e6fnk0yfapjq8r5wyggjlbjqy">Back</title>    <path d="M247.35 35.7L211.65 0l-153 153 153 153 35.7-35.7L130.05 153z"></path></svg>      </button>      <button type="button" id="app-forward-button">        <svg xmlns="http://www.w3.org/2000/svg" width="16" height="16" viewBox="0 0 306 306" role="img" aria-labelledby="abv7mrs7ds6bycusctp4h5zq59y4lte5" class="crayons-icon"><title id="abv7mrs7ds6bycusctp4h5zq59y4lte5">Forward</title>    <path d="M94.35 0l-35.7 35.7L175.95 153 58.65 270.3l35.7 35.7 153-153z"></path></svg>      </button>      <button type="button" id="app-refresh-button">        <svg xmlns="http://www.w3.org/2000/svg" width="16" height="16" viewBox="0 0 408 408" role="img" aria-labelledby="awlbdaabkquhvibzqbqu342qlrki6tg" class="crayons-icon"><title id="awlbdaabkquhvibzqbqu342qlrki6tg">Refresh</title>    <path d="M346.8 61.2C311.1 22.95 260.1 0 204 0 91.8 0 0 91.8 0 204s91.8 204 204 204c94.35 0 173.4-66.3 196.35-153H346.8c-20.4 58.65-76.5 102-142.8 102-84.15 0-153-68.85-153-153S119.85 51 204 51c43.35 0 79.05 17.85 107.1 45.9l-81.6 81.6H408V0l-61.2 61.2z"></path></svg>      </button>    </div>    <div class="top-bar--search" id="top-bar--search">      <form acceptCharset="UTF-8" method="get" action="/search">        <input class="top-bar--search-input crayons-textfield" type="text" name="q" id="nav-search" placeholder="Search..." autoComplete="off" />      </form>    </div>    <div class="top-bar__links">      <a href="/new" class="crayons-btn hidden mr-2 s:block">Write a post</a>      <a class="top-bar__link trusted-visible-block" aria-label="Modeartion" href="/mod">        <svg xmlns="http://www.w3.org/2000/svg" width="24" height="24" viewBox="0 0 24 24" role="img" aria-labelledby="ady67wanfbavt1mpu2ds7w4zezadi8of" class="crayons-icon"><title id="ady67wanfbavt1mpu2ds7w4zezadi8of">Moderation</title>    <path d="M3.783 2.826L12 1l8.217 1.826a1 1 0 01.783.976v9.987a6 6 0 01-2.672 4.992L12 23l-6.328-4.219A6 6 0 013 13.79V3.802a1 1 0 01.783-.976zM5 4.604v9.185a4 4 0 001.781 3.328L12 20.597l5.219-3.48A4 4 0 0019 13.79V4.604L12 3.05 5 4.604zM13 10h3l-5 7v-5H8l5-7v5z"></path></svg>      </a>      <a href="/connect" id="connect-link" class="top-bar__link" aria-label="Connect">        <svg xmlns="http://www.w3.org/2000/svg" width="24" height="24" viewBox="0 0 24 24" role="img" aria-labelledby="ari3vr4klrin2wxlyhls3p8996t22a24" class="crayons-icon"><title id="ari3vr4klrin2wxlyhls3p8996t22a24">Connect</title>    <path d="M2 12C2 6.477 6.477 2 12 2s10 4.477 10 10-4.477 10-10 10H2l2.929-2.929A9.969 9.969 0 012 12zm4.828 8H12a8 8 0 10-8-8c0 2.152.851 4.165 2.343 5.657l1.414 1.414-.929.929zM8 13h8a4 4 0 11-8 0z"></path></svg>        <span class="crayons-indicator crayons-indicator--accent hidden" id="connect-number"></span>      </a>      <a href="/notifications" id="notifications-link" class="top-bar__link" aria-label="Notifications">        <svg xmlns="http://www.w3.org/2000/svg" width="24" height="24" viewBox="0 0 24 24" role="img" aria-labelledby="ad5bzr55n9eodd1mqkg6dveyfu1rzz0t" class="crayons-icon"><title id="ad5bzr55n9eodd1mqkg6dveyfu1rzz0t">Notifications</title>    <path d="M20 17h2v2H2v-2h2v-7a8 8 0 1116 0v7zm-2 0v-7a6 6 0 10-12 0v7h12zm-9 4h6v2H9v-2z"></path></svg>        <span class="crayons-indicator crayons-indicator--critical hidden" id="notifications-number"></span>      </a>      <div class="top-bar__menu" id="top-bar__menu">        <button type="button" class="top-bar__menu__trigger" id="navigation-butt" aria-label="Navigation menu">            <svg xmlns="http://www.w3.org/2000/svg" width="24" height="24" viewBox="0 0 24 24" role="img" aria-labelledby="ai5fey9uhnzop8tt7iyjxx6au16lgaki" class="crayons-icon"><title id="ai5fey9uhnzop8tt7iyjxx6au16lgaki">Navigation menu</title>    <path d="M3 4h18v2H3V4zm0 7h18v2H3v-2zm0 7h18v2H3v-2z"></path></svg>        </button>        <div class="crayons-dropdown left-2 right-2 s:left-auto p-0 top-bar__menu__dropdown">    <div class="border-0 border-b-1 border-solid border-base-20 p-1">      <a        href="/enter"        id="first-nav-link"        class="crayons-link crayons-link--block fw-medium"        data-no-instant="true">        Sign In/Up      </a>        <a    href="/users/auth/github?callback_url=https%3A%2F%2Fdev.to%2Fusers%2Fauth%2Fgithub%2Fcallback&amp;state=navbar_basic"    class="crayons-link crayons-link--block pl-5"    data-no-instant="true">    Via GitHub  </a>  <a    href="/users/auth/twitter?callback_url=https%3A%2F%2Fdev.to%2Fusers%2Fauth%2Ftwitter%2Fcallback&amp;secure_image_url=true&amp;state=navbar_basic"    class="crayons-link crayons-link--block pl-5"    data-no-instant="true">    Via Twitter  </a>    </div>    <div class="p-1">      <a href="/p/information" class="crayons-link crayons-link--block" id="last-nav-link">All about DEV</a>    </div></div>      </div>    </div>  </div></header>        <div id="message-notice"></div>        <div class="app-shell-loader">          loading...        </div>    <!-- End Top Shell --><style>.app-shell-loader {display: none;}</style><div id="page-content" class="universal-page-content-wrapper stories stories-index" data-current-page="stories-index">  <div id="page-content-inner">      <style>    .tag-header {      border: 2px solid#1a31a5;      box-shadow: 5px 6px 0px#1a31a5;    }  </style>  <div class="user-profile-header tag-header">    <div class="tag-or-query-header-container">      <h1>            <img  src="https://res.cloudinary.com/practicaldev/image/fetch/c_scale,fl_progressive,q_auto,w_180/f_auto/https://dev-to-uploads.s3.amazonaws.com/uploads/badge/badge_image/20/57795360-bec24f00-7713-11e9-9516-20f5f5d0f034.png" style="transform: rotate(0deg" ></img>          Python            <span class="user-profile-follow-button-wrapper">              <button id="user-follow-butt" class="cta follow-action-button user-profile-follow-button" style="color:#FFDF5B;background-color:#1E38BB" data-info='{"id":25,"className":"Tag"}'>&nbsp;</button>            </span>      </h1>    </div>  </div>  <div class="home sub-home" id="index-container"      data-params="{&quot;tag&quot;:&quot;python&quot;,&quot;sort_by&quot;:&quot;hotness_score&quot;,&quot;sort_direction&quot;:&quot;desc&quot;}" data-which=""      data-tag="python"      data-feed="base-feed"      data-requires-approval="false"      data-articles-since="">      <div id="sidebar-wrapper-left" class="sidebar-wrapper sidebar-wrapper-left">    <div class="sidebar-bg" id="sidebar-bg-left"></div>    <div class="side-bar">        <div class="widget">          <header>            <h4>#python üëã</h4>          </header>          <div class="widget-body">            import antigravity          </div>        </div>        <div class="widget">          <header>            <h4>submission guidelines</h4>          </header>          <div class="widget-body">            <p>Articles and discussions should be directly related to the Python programming language.</p><p>Questions are encouraged! (See the #help tag)</p>            <a class="cta cta-button" href="/new/python">              WRITE A POST            </a>          </div>        </div>        <div class="widget">          <header>            <h4>about #python</h4>          </header>          <div class="widget-body">            <p>Python is an interpreted programming language that is considered "batteries-included". It was created by Guido van Rossum in 1991, and is popular for application and web development, as well as for scientific computing and data analysis.</p><p>Python 3 is the current language version. Python 2 is set to be deprecated in 2020.</p><p><a href="https://www.python.org/">Official Website</a></p>          </div>        </div>        <div class="widget">          <header>            <h4>tag moderators</h4>          </header>          <div class="widget-body">              <div class="widget-user-pic">                <a href="/highcenburg" title="highcenburg">                  <img  src="https://res.cloudinary.com/practicaldev/image/fetch/s--0dFOaXrb--/c_fill,f_auto,fl_progressive,h_90,q_auto,w_90/https://dev-to-uploads.s3.amazonaws.com/uploads/user/profile_image/126345/aafe9567-310d-4221-ad2f-8c7feab925a4.jpg" alt="highcenburg profile image"></img>                </a>              </div>              <div class="widget-user-pic">                <a href="/codemouse92" title="codemouse92">                  <img  src="https://res.cloudinary.com/practicaldev/image/fetch/s--8v4Tg4lq--/c_fill,f_auto,fl_progressive,h_90,q_auto,w_90/https://dev-to-uploads.s3.amazonaws.com/uploads/user/profile_image/2538/5b7b5940-e26b-408b-bdde-7dd1a4ffad79.png" alt="codemouse92 profile image"></img>                </a>              </div>              <div class="widget-user-pic">                <a href="/ronsoak" title="ronsoak">                  <img  src="https://res.cloudinary.com/practicaldev/image/fetch/s--zKBM4Hkh--/c_fill,f_auto,fl_progressive,h_90,q_auto,w_90/https://dev-to-uploads.s3.amazonaws.com/uploads/user/profile_image/141003/2e555ee4-0ec3-4fc3-abf7-bcd45e2e069c.jpeg" alt="ronsoak profile image"></img>                </a>              </div>          </div>        </div>      <div class="sidebar-data">        <div>          5143 Posts Published        </div>            <hr />            <div class="olderposts-header">Older #python posts</div>            <div class="olderposts-links">                    <span class="olderposts-pagenumber">1</span>                    <a href="https://dev.to/t/python/page/2" class="olderposts-pagenumber">2</a>                    <a href="https://dev.to/t/python/page/3" class="olderposts-pagenumber">3</a>                    <a href="https://dev.to/t/python/page/4" class="olderposts-pagenumber">4</a>                    <a href="https://dev.to/t/python/page/5" class="olderposts-pagenumber">5</a>                    <a href="https://dev.to/t/python/page/6" class="olderposts-pagenumber">6</a>                    <a href="https://dev.to/t/python/page/7" class="olderposts-pagenumber">7</a>                    <a href="https://dev.to/t/python/page/8" class="olderposts-pagenumber">8</a>                    <a href="https://dev.to/t/python/page/9" class="olderposts-pagenumber">9</a>            </div>      </div>    </div>  </div>    <div class="articles-list" id="articles-list">        <style>          .nav-chronofiter-link.selected, .nav-chronofiter-link:hover {            background: #1E38BB !important;            color: #FFDF5B !important;            box-shadow: 3px 4px 0px #294cfe !important;            border: 1px solid #294cfe !important;          }          .narrow-nav-menu a.selected {            color: #FFDF5B !important;            background: #1E38BB !important;          }          .on-page-nav-controls .separator {            border-color: #294cfe !important;          }        </style>      <div class="on-page-nav-controls" id="on-page-nav-controls">        <div class="on-page-nav-label sub-home-nav">          <div class="wide-nav-links">            <a class="nav-chronofiter-link selected" href="/t/python/">              FEED            </a>            <span class="separator"></span>            <a class="nav-chronofiter-link " href="/t/python/top/week">              WEEK            </a>            <a class="nav-chronofiter-link " href="/t/python/top/month">              MONTH            </a>            <a class="nav-chronofiter-link " href="/t/python/top/year">              YEAR            </a>            <a class="nav-chronofiter-link " href="/t/python/top/infinity">              INFINITY            </a>            <span class="separator"></span>            <a class="nav-chronofiter-link " href="/t/python/latest">              LATEST            </a>          </div>          <div class="narrow-nav-select" aria-label="feed-filter-select">              <button type="button" id="narrow-feed-butt">&lt;MY DEV FEED&gt;</button>          </div>        </div>        <button class="on-page-nav-butt on-page-nav-butt-left" id="on-page-nav-butt-left" aria-label="nav-button-left">          <img  src="https://practicaldev-herokuapp-com.freetls.fastly.net/assets/stack-329c35a79d08b59b580df54b2c83e746eddeec76b422142f97724bd0042b9ca8.svg" alt="left-sidebar-nav"></img>        </button>        <button class="on-page-nav-butt on-page-nav-butt-right" id="on-page-nav-butt-right" aria-label="nav-button-right">          <img  src="https://practicaldev-herokuapp-com.freetls.fastly.net/assets/lightning-21793d565184d6822cb3cc05afd96b9cd1aa7011af28ccf73a96851f663ad1d3.svg" alt="right-sidebar-nav"></img>        </button>      </div>      <div class="substories" id="substories">            <div class="single-article single-article-small-pic" data-content-user-id="359047">  <a href="/natamacm" class="small-pic-link-wrapper">    <div class="small-pic">      <img  src="https://res.cloudinary.com/practicaldev/image/fetch/s--KzAKdZMZ--/c_fill,f_auto,fl_progressive,h_90,q_auto,w_90/https://dev-to-uploads.s3.amazonaws.com/uploads/user/profile_image/359047/ecc29d0e-9cfe-4d00-ad0b-d9d9d0daec89.png" alt="natamacm profile" width="40" height="40" ></img>    </div>  </a>  <a href="/natamacm/progressbar-in-python-a3n" class="small-pic-link-wrapper index-article-link" data-preload-image="" id="article-link-330960">    <div class="content">      <h3>        Progressbar in Python      </h3>    </div>  </a>  <h4>    <a href="/natamacm">      natamacm„Éª<time datetime="2020-05-09T12:14:49Z">May  9</time><span class="time-ago-indicator-initial-placeholder" data-seconds="1589026489"></span>    </a>  </h4>  <div class="tags">      <a href="/t/python"><span class="tag">#python</span></a>  </div>  <div class="article-engagement-count reactions-count" data-reaction-count="0" data-reactable-id="330960">    <a href="/natamacm/progressbar-in-python-a3n">      <img  src="https://practicaldev-herokuapp-com.freetls.fastly.net/assets/reactions-stack-ee166e138ca182a567f74c986b6f810f670f4d199aca9c550cc7e6f49f34bd33.png" alt="Reactions" ></img><span id="engagement-count-number-330960" class="engagement-count-number">          4        </span>    </a>  </div>  <a    href="/natamacm/progressbar-in-python-a3n"    class="article-reading-time">    1 min read  </a>  <button    type="button"    class="article-engagement-count engage-button bookmark-button"    data-reactable-id="330960"    aria-label="Save to reading list"    title="Save to reading list">    <span class="bm-initial">SAVE</span>    <span class="bm-success">SAVED</span>  </button></div>  <div class="single-article single-article-small-pic" data-content-user-id="344312">  <a href="/ezgigm" class="small-pic-link-wrapper">    <div class="small-pic">      <img  src="https://res.cloudinary.com/practicaldev/image/fetch/s--95aOX4bl--/c_fill,f_auto,fl_progressive,h_90,q_auto,w_90/https://dev-to-uploads.s3.amazonaws.com/uploads/user/profile_image/344312/ba5ac616-c171-4c3a-a3ff-30e2f410440a.png" alt="ezgigm profile" width="40" height="40" ></img>    </div>  </a>  <a href="/ezgigm/walmart-store-sales-forecasting-3c67" class="small-pic-link-wrapper index-article-link" data-preload-image="https://res.cloudinary.com/practicaldev/image/fetch/s--kb1L0yRX--/c_imagga_scale,f_auto,fl_progressive,h_420,q_auto,w_1000/https://res.cloudinary.com/practicaldev/image/fetch/s--wuMl425G--/c_imagga_scale%2Cf_auto%2Cfl_progressive%2Ch_420%2Cq_auto%2Cw_1000/https://dev-to-uploads.s3.amazonaws.com/i/a0sdy5904mvxdx8cv27p.jpg" id="article-link-330441">    <div class="content">      <h3>        Walmart Store Sales Forecasting      </h3>    </div>  </a>  <h4>    <a href="/ezgigm">      ezgigm„Éª<time datetime="2020-05-08T18:08:06Z">May  8</time><span class="time-ago-indicator-initial-placeholder" data-seconds="1588961286"></span>    </a>  </h4>  <div class="tags">      <a href="/t/machinelearning"><span class="tag">#machinelearning</span></a>      <a href="/t/datascience"><span class="tag">#datascience</span></a>      <a href="/t/python"><span class="tag">#python</span></a>      <a href="/t/timeseries"><span class="tag">#timeseries</span></a>  </div>  <div class="article-engagement-count reactions-count" data-reaction-count="0" data-reactable-id="330441">    <a href="/ezgigm/walmart-store-sales-forecasting-3c67">      <img  src="https://practicaldev-herokuapp-com.freetls.fastly.net/assets/reactions-stack-ee166e138ca182a567f74c986b6f810f670f4d199aca9c550cc7e6f49f34bd33.png" alt="Reactions" ></img><span id="engagement-count-number-330441" class="engagement-count-number">          17        </span>    </a>  </div>  <a    href="/ezgigm/walmart-store-sales-forecasting-3c67"    class="article-reading-time">    6 min read  </a>  <button    type="button"    class="article-engagement-count engage-button bookmark-button"    data-reactable-id="330441"    aria-label="Save to reading list"    title="Save to reading list">    <span class="bm-initial">SAVE</span>    <span class="bm-success">SAVED</span>  </button></div>  <div class="single-article single-article-small-pic" data-content-user-id="382326">  <a href="/th3exorcist" class="small-pic-link-wrapper">    <div class="small-pic">      <img  src="https://res.cloudinary.com/practicaldev/image/fetch/s--cG5IGMQw--/c_fill,f_auto,fl_progressive,h_90,q_auto,w_90/https://dev-to-uploads.s3.amazonaws.com/uploads/user/profile_image/382326/c3868369-a2f3-4283-93d7-834953459e2f.jpeg" alt="th3exorcist profile" width="40" height="40" ></img>    </div>  </a>  <a href="/th3exorcist/code-skills-on-codeacademy-5bbe" class="small-pic-link-wrapper index-article-link" data-preload-image="" id="article-link-330713">    <div class="content">      <h3>        Code Skills on Codeacademy      </h3>    </div>  </a>  <h4>    <a href="/th3exorcist">      pokemonexorcist„Éª<time datetime="2020-05-08T23:59:06Z">May  8</time><span class="time-ago-indicator-initial-placeholder" data-seconds="1588982346"></span>    </a>  </h4>  <div class="tags">      <a href="/t/go"><span class="tag">#go</span></a>      <a href="/t/python"><span class="tag">#python</span></a>      <a href="/t/webdev"><span class="tag">#webdev</span></a>      <a href="/t/javascript"><span class="tag">#javascript</span></a>  </div>  <div class="article-engagement-count reactions-count" data-reaction-count="0" data-reactable-id="330713">    <a href="/th3exorcist/code-skills-on-codeacademy-5bbe">      <img  src="https://practicaldev-herokuapp-com.freetls.fastly.net/assets/reactions-stack-ee166e138ca182a567f74c986b6f810f670f4d199aca9c550cc7e6f49f34bd33.png" alt="Reactions" ></img><span id="engagement-count-number-330713" class="engagement-count-number">          3        </span>    </a>  </div>  <a    href="/th3exorcist/code-skills-on-codeacademy-5bbe"    class="article-reading-time">    1 min read  </a>  <button    type="button"    class="article-engagement-count engage-button bookmark-button"    data-reactable-id="330713"    aria-label="Save to reading list"    title="Save to reading list">    <span class="bm-initial">SAVE</span>    <span class="bm-success">SAVED</span>  </button></div>  <div class="single-article single-article-small-pic" data-content-user-id="130847">  <a href="/jfhbrook" class="small-pic-link-wrapper">    <div class="small-pic">      <img  src="https://res.cloudinary.com/practicaldev/image/fetch/s--R3TUJ0Yb--/c_fill,f_auto,fl_progressive,h_90,q_auto,w_90/https://dev-to-uploads.s3.amazonaws.com/uploads/user/profile_image/130847/6e60a118-6ace-4c0a-ad0e-1c2e90eee147.jpg" alt="jfhbrook profile" width="40" height="40" ></img>    </div>  </a>  <a href="/jfhbrook/what-s-a-desktop-session-manager-and-why-do-i-want-one-agl" class="small-pic-link-wrapper index-article-link" data-preload-image="" id="article-link-330620">    <div class="content">      <h3>        What&#39;s a Desktop Session Manager and Why Do I Want One?      </h3>    </div>  </a>  <h4>    <a href="/jfhbrook">      Josh Holbrook„Éª<time datetime="2020-05-08T20:59:54Z">May  8</time><span class="time-ago-indicator-initial-placeholder" data-seconds="1588971594"></span>    </a>  </h4>  <div class="tags">      <a href="/t/python"><span class="tag">#python</span></a>      <a href="/t/twisted"><span class="tag">#twisted</span></a>      <a href="/t/linux"><span class="tag">#linux</span></a>      <a href="/t/desktop"><span class="tag">#desktop</span></a>  </div>  <div class="article-engagement-count reactions-count" data-reaction-count="0" data-reactable-id="330620">    <a href="/jfhbrook/what-s-a-desktop-session-manager-and-why-do-i-want-one-agl">      <img  src="https://practicaldev-herokuapp-com.freetls.fastly.net/assets/reactions-stack-ee166e138ca182a567f74c986b6f810f670f4d199aca9c550cc7e6f49f34bd33.png" alt="Reactions" ></img><span id="engagement-count-number-330620" class="engagement-count-number">          4        </span>    </a>  </div>  <a    href="/jfhbrook/what-s-a-desktop-session-manager-and-why-do-i-want-one-agl"    class="article-reading-time">    5 min read  </a>  <button    type="button"    class="article-engagement-count engage-button bookmark-button"    data-reactable-id="330620"    aria-label="Save to reading list"    title="Save to reading list">    <span class="bm-initial">SAVE</span>    <span class="bm-success">SAVED</span>  </button></div>  <div class="single-article single-article-small-pic" data-content-user-id="356004">  <a href="/francnstein" class="small-pic-link-wrapper">    <div class="small-pic">      <img  src="https://res.cloudinary.com/practicaldev/image/fetch/s--ZDkeHbXR--/c_fill,f_auto,fl_progressive,h_90,q_auto,w_90/https://dev-to-uploads.s3.amazonaws.com/uploads/user/profile_image/356004/6f93e053-e495-4a45-8297-cea081e8ff17.jpeg" alt="francnstein profile" width="40" height="40" ></img>    </div>  </a>  <a href="/francnstein/string-functions-python3-3l55" class="small-pic-link-wrapper index-article-link" data-preload-image="https://res.cloudinary.com/practicaldev/image/fetch/s--b3I7RnO3--/c_imagga_scale,f_auto,fl_progressive,h_420,q_auto,w_1000/https://res.cloudinary.com/practicaldev/image/fetch/s--yBTFz-8P--/c_imagga_scale%2Cf_auto%2Cfl_progressive%2Ch_420%2Cq_auto%2Cw_1000/https://dev-to-uploads.s3.amazonaws.com/i/so1riuyzomrb8zuum64i.jpg" id="article-link-330700">    <div class="content">      <h3>        String Functions  (Python3)      </h3>    </div>  </a>  <h4>    <a href="/francnstein">      francnstein„Éª<time datetime="2020-05-08T23:22:32Z">May  8</time><span class="time-ago-indicator-initial-placeholder" data-seconds="1588980152"></span>    </a>  </h4>  <div class="tags">      <a href="/t/python"><span class="tag">#python</span></a>      <a href="/t/codenewbie"><span class="tag">#codenewbie</span></a>  </div>  <div class="article-engagement-count reactions-count" data-reaction-count="0" data-reactable-id="330700">    <a href="/francnstein/string-functions-python3-3l55">      <img  src="https://practicaldev-herokuapp-com.freetls.fastly.net/assets/reactions-stack-ee166e138ca182a567f74c986b6f810f670f4d199aca9c550cc7e6f49f34bd33.png" alt="Reactions" ></img><span id="engagement-count-number-330700" class="engagement-count-number">          5        </span>    </a>  </div>    <div class="article-engagement-count comments-count">      <a href="/francnstein/string-functions-python3-3l55#comments">        <img  src="https://practicaldev-herokuapp-com.freetls.fastly.net/assets/comments-bubble-9958d41b969a1620c614347d5ad3f270ab49582c1d9f82b617a6b4156d05dda0.png" alt="chat" ></img><span class="engagement-count-number">1</span>      </a>    </div>  <a    href="/francnstein/string-functions-python3-3l55"    class="article-reading-time">    1 min read  </a>  <button    type="button"    class="article-engagement-count engage-button bookmark-button"    data-reactable-id="330700"    aria-label="Save to reading list"    title="Save to reading list">    <span class="bm-initial">SAVE</span>    <span class="bm-success">SAVED</span>  </button></div>  <div class="single-article single-article-small-pic" data-content-user-id="372697">  <a href="/riviergrullon" class="small-pic-link-wrapper">    <div class="small-pic">      <img  src="https://res.cloudinary.com/practicaldev/image/fetch/s--pQ0LCiSD--/c_fill,f_auto,fl_progressive,h_90,q_auto,w_90/https://dev-to-uploads.s3.amazonaws.com/uploads/user/profile_image/372697/fa8b968b-b832-4308-aabf-934053690703.png" alt="riviergrullon profile" width="40" height="40" ></img>    </div>  </a>  <a href="/riviergrullon/understanding-2d-array-with-python-696" class="small-pic-link-wrapper index-article-link" data-preload-image="" id="article-link-330695">    <div class="content">      <h3>        Understanding 2D array (with python)      </h3>    </div>  </a>  <h4>    <a href="/riviergrullon">      Rivier Grullon„Éª<time datetime="2020-05-08T23:08:06Z">May  8</time><span class="time-ago-indicator-initial-placeholder" data-seconds="1588979286"></span>    </a>  </h4>  <div class="tags">      <a href="/t/python"><span class="tag">#python</span></a>      <a href="/t/datastructure"><span class="tag">#datastructure</span></a>      <a href="/t/array"><span class="tag">#array</span></a>  </div>  <div class="article-engagement-count reactions-count" data-reaction-count="0" data-reactable-id="330695">    <a href="/riviergrullon/understanding-2d-array-with-python-696">      <img  src="https://practicaldev-herokuapp-com.freetls.fastly.net/assets/reactions-stack-ee166e138ca182a567f74c986b6f810f670f4d199aca9c550cc7e6f49f34bd33.png" alt="Reactions" ></img><span id="engagement-count-number-330695" class="engagement-count-number">          4        </span>    </a>  </div>  <a    href="/riviergrullon/understanding-2d-array-with-python-696"    class="article-reading-time">    2 min read  </a>  <button    type="button"    class="article-engagement-count engage-button bookmark-button"    data-reactable-id="330695"    aria-label="Save to reading list"    title="Save to reading list">    <span class="bm-initial">SAVE</span>    <span class="bm-success">SAVED</span>  </button></div>  <div class="single-article single-article-small-pic" data-content-user-id="362429">    <div class="article-organization-headline">      <a class="org-headline-filler" href="/wayscript">        <img  alt="WayScript logo" src="https://res.cloudinary.com/practicaldev/image/fetch/s--MBjzip-W--/c_fill,f_auto,fl_progressive,h_90,q_auto,w_90/https://dev-to-uploads.s3.amazonaws.com/uploads/organization/profile_image/2158/21d9953c-902c-4549-81a0-958a967c74a3.png"></img>WayScript      </a>    </div>  <a href="/tjmd" class="small-pic-link-wrapper">    <div class="small-pic">      <img  src="https://res.cloudinary.com/practicaldev/image/fetch/s--c95XkQDa--/c_fill,f_auto,fl_progressive,h_90,q_auto,w_90/https://dev-to-uploads.s3.amazonaws.com/uploads/user/profile_image/362429/876a861d-c1c7-44c5-8771-727eeebe2179.png" alt="tjmd profile" width="40" height="40" ></img>    </div>  </a>  <a href="/wayscript/tutorial-update-airtable-rows-with-mysql-data-and-python-processing-4816" class="small-pic-link-wrapper index-article-link" data-preload-image="" id="article-link-329637">    <div class="content">      <h3>        Tutorial: Update Airtable Rows with mySQL data and Python Processing      </h3>    </div>  </a>  <h4>    <a href="/tjmd">      TJ-MD„Éª<time datetime="2020-05-07T13:27:47Z">May  7</time><span class="time-ago-indicator-initial-placeholder" data-seconds="1588858067"></span>    </a>  </h4>  <div class="tags">      <a href="/t/python"><span class="tag">#python</span></a>      <a href="/t/tutorial"><span class="tag">#tutorial</span></a>      <a href="/t/beginners"><span class="tag">#beginners</span></a>      <a href="/t/mySQL"><span class="tag">#mySQL</span></a>  </div>  <div class="article-engagement-count reactions-count" data-reaction-count="0" data-reactable-id="329637">    <a href="/wayscript/tutorial-update-airtable-rows-with-mysql-data-and-python-processing-4816">      <img  src="https://practicaldev-herokuapp-com.freetls.fastly.net/assets/reactions-stack-ee166e138ca182a567f74c986b6f810f670f4d199aca9c550cc7e6f49f34bd33.png" alt="Reactions" ></img><span id="engagement-count-number-329637" class="engagement-count-number">          4        </span>    </a>  </div>  <a    href="/wayscript/tutorial-update-airtable-rows-with-mysql-data-and-python-processing-4816"    class="article-reading-time">    3 min read  </a>  <button    type="button"    class="article-engagement-count engage-button bookmark-button"    data-reactable-id="329637"    aria-label="Save to reading list"    title="Save to reading list">    <span class="bm-initial">SAVE</span>    <span class="bm-success">SAVED</span>  </button></div>  <div class="single-article single-article-small-pic" data-content-user-id="47806">  <a href="/mridubhatnagar" class="small-pic-link-wrapper">    <div class="small-pic">      <img  src="https://res.cloudinary.com/practicaldev/image/fetch/s--ne8s3kS0--/c_fill,f_auto,fl_progressive,h_90,q_auto,w_90/https://dev-to-uploads.s3.amazonaws.com/uploads/user/profile_image/47806/6462044b-bfc9-4c6e-b7e7-bc177fe6f918.jpeg" alt="mridubhatnagar profile" width="40" height="40" ></img>    </div>  </a>  <a href="/mridubhatnagar/day-21-guess-number-higher-or-lower-2ofk" class="small-pic-link-wrapper index-article-link" data-preload-image="" id="article-link-326553">    <div class="content">      <h3>          <span class="tag-identifier black-identifier" style="background:#BF1942;color:#FFFFFF">    #challenge</span>Day-20 Guess Number Higher or Lower üë©‚Äçüíª      </h3>    </div>  </a>  <h4>    <a href="/mridubhatnagar">      Mridu Bhatnagar„Éª<time datetime="2020-05-03T18:59:53Z">May  3</time><span class="time-ago-indicator-initial-placeholder" data-seconds="1588532393"></span>    </a>  </h4>  <div class="tags">      <a href="/t/python"><span class="tag">#python</span></a>      <a href="/t/challenge"><span class="tag">#challenge</span></a>  </div>  <div class="article-engagement-count reactions-count" data-reaction-count="0" data-reactable-id="326553">    <a href="/mridubhatnagar/day-21-guess-number-higher-or-lower-2ofk">      <img  src="https://practicaldev-herokuapp-com.freetls.fastly.net/assets/reactions-stack-ee166e138ca182a567f74c986b6f810f670f4d199aca9c550cc7e6f49f34bd33.png" alt="Reactions" ></img><span id="engagement-count-number-326553" class="engagement-count-number">          3        </span>    </a>  </div>  <a    href="/mridubhatnagar/day-21-guess-number-higher-or-lower-2ofk"    class="article-reading-time">    2 min read  </a>  <button    type="button"    class="article-engagement-count engage-button bookmark-button"    data-reactable-id="326553"    aria-label="Save to reading list"    title="Save to reading list">    <span class="bm-initial">SAVE</span>    <span class="bm-success">SAVED</span>  </button></div>  <div class="single-article single-article-small-pic" data-content-user-id="322752">  <a href="/esdebug" class="small-pic-link-wrapper">    <div class="small-pic">      <img  src="https://res.cloudinary.com/practicaldev/image/fetch/s--HL-zdO9y--/c_fill,f_auto,fl_progressive,h_90,q_auto,w_90/https://dev-to-uploads.s3.amazonaws.com/uploads/user/profile_image/322752/6688beb1-3b5f-4a96-b49b-cda57f10ba3d.JPG" alt="esdebug profile" width="40" height="40" ></img>    </div>  </a>  <a href="/esdebug/iterators-generators-1ghk" class="small-pic-link-wrapper index-article-link" data-preload-image="" id="article-link-328930">    <div class="content">      <h3>        Iterators &amp; Generators      </h3>    </div>  </a>  <h4>    <a href="/esdebug">      estherwavinya„Éª<time datetime="2020-05-06T15:15:39Z">May  6</time><span class="time-ago-indicator-initial-placeholder" data-seconds="1588778139"></span>    </a>  </h4>  <div class="tags">      <a href="/t/python"><span class="tag">#python</span></a>      <a href="/t/beginners"><span class="tag">#beginners</span></a>      <a href="/t/codenewbie"><span class="tag">#codenewbie</span></a>      <a href="/t/writing"><span class="tag">#writing</span></a>  </div>  <div class="article-engagement-count reactions-count" data-reaction-count="0" data-reactable-id="328930">    <a href="/esdebug/iterators-generators-1ghk">      <img  src="https://practicaldev-herokuapp-com.freetls.fastly.net/assets/reactions-stack-ee166e138ca182a567f74c986b6f810f670f4d199aca9c550cc7e6f49f34bd33.png" alt="Reactions" ></img><span id="engagement-count-number-328930" class="engagement-count-number">          4        </span>    </a>  </div>  <a    href="/esdebug/iterators-generators-1ghk"    class="article-reading-time">    7 min read  </a>  <button    type="button"    class="article-engagement-count engage-button bookmark-button"    data-reactable-id="328930"    aria-label="Save to reading list"    title="Save to reading list">    <span class="bm-initial">SAVE</span>    <span class="bm-success">SAVED</span>  </button></div>  <div class="single-article single-article-small-pic" data-content-user-id="337113">  <a href="/razcodes" class="small-pic-link-wrapper">    <div class="small-pic">      <img  src="https://res.cloudinary.com/practicaldev/image/fetch/s--Kx22xuRm--/c_fill,f_auto,fl_progressive,h_90,q_auto,w_90/https://dev-to-uploads.s3.amazonaws.com/uploads/user/profile_image/337113/be6b6d3d-ba47-44b7-9427-7422e0d09813.jpg" alt="razcodes profile" width="40" height="40" ></img>    </div>  </a>  <a href="/razcodes/how-to-create-a-lambda-using-python-with-dependencies-4846" class="small-pic-link-wrapper index-article-link" data-preload-image="" id="article-link-326536">    <div class="content">      <h3>        How to create a lambda using Python with dependencies      </h3>    </div>  </a>  <h4>    <a href="/razcodes">      Raz„Éª<time datetime="2020-05-03T18:28:28Z">May  3</time><span class="time-ago-indicator-initial-placeholder" data-seconds="1588530508"></span>    </a>  </h4>  <div class="tags">      <a href="/t/python"><span class="tag">#python</span></a>      <a href="/t/aws"><span class="tag">#aws</span></a>      <a href="/t/lambda"><span class="tag">#lambda</span></a>  </div>  <div class="article-engagement-count reactions-count" data-reaction-count="0" data-reactable-id="326536">    <a href="/razcodes/how-to-create-a-lambda-using-python-with-dependencies-4846">      <img  src="https://practicaldev-herokuapp-com.freetls.fastly.net/assets/reactions-stack-ee166e138ca182a567f74c986b6f810f670f4d199aca9c550cc7e6f49f34bd33.png" alt="Reactions" ></img><span id="engagement-count-number-326536" class="engagement-count-number">          7        </span>    </a>  </div>  <a    href="/razcodes/how-to-create-a-lambda-using-python-with-dependencies-4846"    class="article-reading-time">    2 min read  </a>  <button    type="button"    class="article-engagement-count engage-button bookmark-button"    data-reactable-id="326536"    aria-label="Save to reading list"    title="Save to reading list">    <span class="bm-initial">SAVE</span>    <span class="bm-success">SAVED</span>  </button></div>  <div class="single-article single-article-small-pic" data-content-user-id="366663">  <a href="/ari_hacks" class="small-pic-link-wrapper">    <div class="small-pic">      <img  src="https://res.cloudinary.com/practicaldev/image/fetch/s--BQZoU4se--/c_fill,f_auto,fl_progressive,h_90,q_auto,w_90/https://dev-to-uploads.s3.amazonaws.com/uploads/user/profile_image/366663/a7b21d07-93c4-4fe9-9829-4e11e3b71837.png" alt="ari_hacks profile" width="40" height="40" ></img>    </div>  </a>  <a href="/ari_hacks/a-reading-list-repo-list-for-learning-devops-sre-and-automation-w-python-4kdp" class="small-pic-link-wrapper index-article-link" data-preload-image="" id="article-link-328202">    <div class="content">      <h3>        A Reading List &amp; Repo List üìö for Learning DevOps, SRE, and Automation(w/Python)       </h3>    </div>  </a>  <h4>    <a href="/ari_hacks">      Ari„Éª<time datetime="2020-05-07T18:59:00Z">May  7</time><span class="time-ago-indicator-initial-placeholder" data-seconds="1588877940"></span>    </a>  </h4>  <div class="tags">      <a href="/t/aws"><span class="tag">#aws</span></a>      <a href="/t/devops"><span class="tag">#devops</span></a>      <a href="/t/sre"><span class="tag">#sre</span></a>      <a href="/t/python"><span class="tag">#python</span></a>  </div>  <div class="article-engagement-count reactions-count" data-reaction-count="0" data-reactable-id="328202">    <a href="/ari_hacks/a-reading-list-repo-list-for-learning-devops-sre-and-automation-w-python-4kdp">      <img  src="https://practicaldev-herokuapp-com.freetls.fastly.net/assets/reactions-stack-ee166e138ca182a567f74c986b6f810f670f4d199aca9c550cc7e6f49f34bd33.png" alt="Reactions" ></img><span id="engagement-count-number-328202" class="engagement-count-number">          8        </span>    </a>  </div>  <a    href="/ari_hacks/a-reading-list-repo-list-for-learning-devops-sre-and-automation-w-python-4kdp"    class="article-reading-time">    2 min read  </a>  <button    type="button"    class="article-engagement-count engage-button bookmark-button"    data-reactable-id="328202"    aria-label="Save to reading list"    title="Save to reading list">    <span class="bm-initial">SAVE</span>    <span class="bm-success">SAVED</span>  </button></div>  <div class="single-article single-article-small-pic" data-content-user-id="379489">  <a href="/divya_kelaskar" class="small-pic-link-wrapper">    <div class="small-pic">      <img  src="https://res.cloudinary.com/practicaldev/image/fetch/s--1xMFkuZP--/c_fill,f_auto,fl_progressive,h_90,q_auto,w_90/https://dev-to-uploads.s3.amazonaws.com/uploads/user/profile_image/379489/8dec2bed-f36e-47f3-805a-2878d8729331.jpg" alt="divya_kelaskar profile" width="40" height="40" ></img>    </div>  </a>  <a href="/divya_kelaskar/create-a-turtles-race-with-python-1omh" class="small-pic-link-wrapper index-article-link" data-preload-image="" id="article-link-329718">    <div class="content">      <h3>        Create a turtles&#39; race with Python!      </h3>    </div>  </a>  <h4>    <a href="/divya_kelaskar">      Divya Kelaskar„Éª<time datetime="2020-05-07T16:40:23Z">May  7</time><span class="time-ago-indicator-initial-placeholder" data-seconds="1588869623"></span>    </a>  </h4>  <div class="tags">      <a href="/t/python"><span class="tag">#python</span></a>      <a href="/t/beginners"><span class="tag">#beginners</span></a>      <a href="/t/tutorial"><span class="tag">#tutorial</span></a>      <a href="/t/codenewbie"><span class="tag">#codenewbie</span></a>  </div>  <div class="article-engagement-count reactions-count" data-reaction-count="0" data-reactable-id="329718">    <a href="/divya_kelaskar/create-a-turtles-race-with-python-1omh">      <img  src="https://practicaldev-herokuapp-com.freetls.fastly.net/assets/reactions-stack-ee166e138ca182a567f74c986b6f810f670f4d199aca9c550cc7e6f49f34bd33.png" alt="Reactions" ></img><span id="engagement-count-number-329718" class="engagement-count-number">          3        </span>    </a>  </div>  <a    href="/divya_kelaskar/create-a-turtles-race-with-python-1omh"    class="article-reading-time">    2 min read  </a>  <button    type="button"    class="article-engagement-count engage-button bookmark-button"    data-reactable-id="329718"    aria-label="Save to reading list"    title="Save to reading list">    <span class="bm-initial">SAVE</span>    <span class="bm-success">SAVED</span>  </button></div>  <div class="single-article single-article-small-pic" data-content-user-id="125805">  <a href="/marcelgeo" class="small-pic-link-wrapper">    <div class="small-pic">      <img  src="https://res.cloudinary.com/practicaldev/image/fetch/s--FdvQUjbR--/c_fill,f_auto,fl_progressive,h_90,q_auto,w_90/https://dev-to-uploads.s3.amazonaws.com/uploads/user/profile_image/125805/bbad6ce9-bbb2-40c6-92e1-7b19a1c44654.png" alt="marcelgeo profile" width="40" height="40" ></img>    </div>  </a>  <a href="/marcelgeo/problems-by-reading-csv-file-with-numpy-python-library-1804" class="small-pic-link-wrapper index-article-link" data-preload-image="" id="article-link-329709">    <div class="content">      <h3>          <span class="tag-identifier black-identifier" style="background:#091b47;color:#b2ffe1">    #showdev</span>Problems by reading CSV file with numpy python library      </h3>    </div>  </a>  <h4>    <a href="/marcelgeo">      MarcelGeo„Éª<time datetime="2020-05-07T14:40:02Z">May  7</time><span class="time-ago-indicator-initial-placeholder" data-seconds="1588862402"></span>    </a>  </h4>  <div class="tags">      <a href="/t/python"><span class="tag">#python</span></a>      <a href="/t/numpy"><span class="tag">#numpy</span></a>      <a href="/t/datascience"><span class="tag">#datascience</span></a>      <a href="/t/showdev"><span class="tag">#showdev</span></a>  </div>  <div class="article-engagement-count reactions-count" data-reaction-count="0" data-reactable-id="329709">    <a href="/marcelgeo/problems-by-reading-csv-file-with-numpy-python-library-1804">      <img  src="https://practicaldev-herokuapp-com.freetls.fastly.net/assets/reactions-stack-ee166e138ca182a567f74c986b6f810f670f4d199aca9c550cc7e6f49f34bd33.png" alt="Reactions" ></img><span id="engagement-count-number-329709" class="engagement-count-number">          4        </span>    </a>  </div>  <a    href="/marcelgeo/problems-by-reading-csv-file-with-numpy-python-library-1804"    class="article-reading-time">    3 min read  </a>  <button    type="button"    class="article-engagement-count engage-button bookmark-button"    data-reactable-id="329709"    aria-label="Save to reading list"    title="Save to reading list">    <span class="bm-initial">SAVE</span>    <span class="bm-success">SAVED</span>  </button></div>  <div class="single-article single-article-small-pic" data-content-user-id="137660">    <div class="article-organization-headline">      <a class="org-headline-filler" href="/sirixdb">        <img  alt="SirixDB logo" src="https://res.cloudinary.com/practicaldev/image/fetch/s--TqLWP485--/c_fill,f_auto,fl_progressive,h_90,q_auto,w_90/https://dev-to-uploads.s3.amazonaws.com/uploads/organization/profile_image/2315/b63c926e-b129-4812-87e7-2169351c84e4.png"></img>SirixDB      </a>    </div>  <a href="/uminer" class="small-pic-link-wrapper">    <div class="small-pic">      <img  src="https://res.cloudinary.com/practicaldev/image/fetch/s--60Ae9vj2--/c_fill,f_auto,fl_progressive,h_90,q_auto,w_90/https://dev-to-uploads.s3.amazonaws.com/uploads/user/profile_image/137660/e5a77e2b-1795-4034-9edb-35f2673b55ef.png" alt="uminer profile" width="40" height="40" ></img>    </div>  </a>  <a href="/sirixdb/pysirix-alpha-release-1e1" class="small-pic-link-wrapper index-article-link" data-preload-image="" id="article-link-329023">    <div class="content">      <h3>        pysirix Alpha Release      </h3>    </div>  </a>  <h4>    <a href="/uminer">      Moshe Uminer„Éª<time datetime="2020-05-06T23:48:19Z">May  6</time><span class="time-ago-indicator-initial-placeholder" data-seconds="1588808899"></span>    </a>  </h4>  <div class="tags">      <a href="/t/python"><span class="tag">#python</span></a>      <a href="/t/database"><span class="tag">#database</span></a>      <a href="/t/opensource"><span class="tag">#opensource</span></a>  </div>  <div class="article-engagement-count reactions-count" data-reaction-count="0" data-reactable-id="329023">    <a href="/sirixdb/pysirix-alpha-release-1e1">      <img  src="https://practicaldev-herokuapp-com.freetls.fastly.net/assets/reactions-stack-ee166e138ca182a567f74c986b6f810f670f4d199aca9c550cc7e6f49f34bd33.png" alt="Reactions" ></img><span id="engagement-count-number-329023" class="engagement-count-number">          6        </span>    </a>  </div>  <a    href="/sirixdb/pysirix-alpha-release-1e1"    class="article-reading-time">    1 min read  </a>  <button    type="button"    class="article-engagement-count engage-button bookmark-button"    data-reactable-id="329023"    aria-label="Save to reading list"    title="Save to reading list">    <span class="bm-initial">SAVE</span>    <span class="bm-success">SAVED</span>  </button></div>  <div class="single-article single-article-small-pic" data-content-user-id="47806">  <a href="/mridubhatnagar" class="small-pic-link-wrapper">    <div class="small-pic">      <img  src="https://res.cloudinary.com/practicaldev/image/fetch/s--ne8s3kS0--/c_fill,f_auto,fl_progressive,h_90,q_auto,w_90/https://dev-to-uploads.s3.amazonaws.com/uploads/user/profile_image/47806/6462044b-bfc9-4c6e-b7e7-bc177fe6f918.jpeg" alt="mridubhatnagar profile" width="40" height="40" ></img>    </div>  </a>  <a href="/mridubhatnagar/day-18-merge-sorted-array-khm" class="small-pic-link-wrapper index-article-link" data-preload-image="" id="article-link-323058">    <div class="content">      <h3>          <span class="tag-identifier black-identifier" style="background:#BF1942;color:#FFFFFF">    #challenge</span>Day-18 Merge Sorted Array      </h3>    </div>  </a>  <h4>    <a href="/mridubhatnagar">      Mridu Bhatnagar„Éª<time datetime="2020-04-30T18:18:36Z">Apr 30</time><span class="time-ago-indicator-initial-placeholder" data-seconds="1588270716"></span>    </a>  </h4>  <div class="tags">      <a href="/t/python"><span class="tag">#python</span></a>      <a href="/t/challenge"><span class="tag">#challenge</span></a>  </div>  <div class="article-engagement-count reactions-count" data-reaction-count="0" data-reactable-id="323058">    <a href="/mridubhatnagar/day-18-merge-sorted-array-khm">      <img  src="https://practicaldev-herokuapp-com.freetls.fastly.net/assets/reactions-stack-ee166e138ca182a567f74c986b6f810f670f4d199aca9c550cc7e6f49f34bd33.png" alt="Reactions" ></img><span id="engagement-count-number-323058" class="engagement-count-number">          3        </span>    </a>  </div>  <a    href="/mridubhatnagar/day-18-merge-sorted-array-khm"    class="article-reading-time">    3 min read  </a>  <button    type="button"    class="article-engagement-count engage-button bookmark-button"    data-reactable-id="323058"    aria-label="Save to reading list"    title="Save to reading list">    <span class="bm-initial">SAVE</span>    <span class="bm-success">SAVED</span>  </button></div>  <div class="single-article single-article-small-pic" data-content-user-id="71161">  <a href="/xarala221" class="small-pic-link-wrapper">    <div class="small-pic">      <img  src="https://res.cloudinary.com/practicaldev/image/fetch/s--jjWDkuV0--/c_fill,f_auto,fl_progressive,h_90,q_auto,w_90/https://dev-to-uploads.s3.amazonaws.com/uploads/user/profile_image/71161/4199abaf-454f-406d-a3d9-7bd573c75472.png" alt="xarala221 profile" width="40" height="40" ></img>    </div>  </a>  <a href="/xarala221/django-class-based-views-with-pagination-2n8l" class="small-pic-link-wrapper index-article-link" data-preload-image="https://res.cloudinary.com/practicaldev/image/fetch/s--QI4M-Nwo--/c_imagga_scale,f_auto,fl_progressive,h_420,q_auto,w_1000/https://images.unsplash.com/photo-1587845323226-bad89242c735%3Fixlib%3Drb-1.2.1%26ixid%3DeyJhcHBfaWQiOjEyMDd9%26auto%3Dformat%26fit%3Dcrop%26w%3D500%26q%3D60" id="article-link-326933">    <div class="content">      <h3>        Django class-based views with pagination      </h3>    </div>  </a>  <h4>    <a href="/xarala221">      Ousseynou Diop„Éª<time datetime="2020-05-04T11:56:53Z">May  4</time><span class="time-ago-indicator-initial-placeholder" data-seconds="1588593413"></span>    </a>  </h4>  <div class="tags">      <a href="/t/django"><span class="tag">#django</span></a>      <a href="/t/cbv"><span class="tag">#cbv</span></a>      <a href="/t/python"><span class="tag">#python</span></a>  </div>  <div class="article-engagement-count reactions-count" data-reaction-count="0" data-reactable-id="326933">    <a href="/xarala221/django-class-based-views-with-pagination-2n8l">      <img  src="https://practicaldev-herokuapp-com.freetls.fastly.net/assets/reactions-stack-ee166e138ca182a567f74c986b6f810f670f4d199aca9c550cc7e6f49f34bd33.png" alt="Reactions" ></img><span id="engagement-count-number-326933" class="engagement-count-number">          7        </span>    </a>  </div>  <a    href="/xarala221/django-class-based-views-with-pagination-2n8l"    class="article-reading-time">    4 min read  </a>  <button    type="button"    class="article-engagement-count engage-button bookmark-button"    data-reactable-id="326933"    aria-label="Save to reading list"    title="Save to reading list">    <span class="bm-initial">SAVE</span>    <span class="bm-success">SAVED</span>  </button></div>  <div class="single-article single-article-small-pic" data-content-user-id="380700">  <a href="/wardenscotland" class="small-pic-link-wrapper">    <div class="small-pic">      <img  src="https://res.cloudinary.com/practicaldev/image/fetch/s--ZU_x-8Qg--/c_fill,f_auto,fl_progressive,h_90,q_auto,w_90/https://dev-to-uploads.s3.amazonaws.com/uploads/user/profile_image/380700/74e7202d-0352-4bac-a42e-8586a4169885.png" alt="wardenscotland profile" width="40" height="40" ></img>    </div>  </a>  <a href="/wardenscotland/comparing-integration-of-feature-flags-between-configcat-and-launchdarkly-2mie" class="small-pic-link-wrapper index-article-link" data-preload-image="" id="article-link-328871">    <div class="content">      <h3>        Comparing integration of Feature Flags between ConfigCat and LaunchDarkly      </h3>    </div>  </a>  <h4>    <a href="/wardenscotland">      Charlie Macnamara„Éª<time datetime="2020-05-06T14:41:02Z">May  6</time><span class="time-ago-indicator-initial-placeholder" data-seconds="1588776062"></span>    </a>  </h4>  <div class="tags">      <a href="/t/featureflags"><span class="tag">#featureflags</span></a>      <a href="/t/python"><span class="tag">#python</span></a>      <a href="/t/testing"><span class="tag">#testing</span></a>      <a href="/t/beginners"><span class="tag">#beginners</span></a>  </div>  <div class="article-engagement-count reactions-count" data-reaction-count="0" data-reactable-id="328871">    <a href="/wardenscotland/comparing-integration-of-feature-flags-between-configcat-and-launchdarkly-2mie">      <img  src="https://practicaldev-herokuapp-com.freetls.fastly.net/assets/reactions-stack-ee166e138ca182a567f74c986b6f810f670f4d199aca9c550cc7e6f49f34bd33.png" alt="Reactions" ></img><span id="engagement-count-number-328871" class="engagement-count-number">          4        </span>    </a>  </div>    <div class="article-engagement-count comments-count">      <a href="/wardenscotland/comparing-integration-of-feature-flags-between-configcat-and-launchdarkly-2mie#comments">        <img  src="https://practicaldev-herokuapp-com.freetls.fastly.net/assets/comments-bubble-9958d41b969a1620c614347d5ad3f270ab49582c1d9f82b617a6b4156d05dda0.png" alt="chat" ></img><span class="engagement-count-number">1</span>      </a>    </div>  <a    href="/wardenscotland/comparing-integration-of-feature-flags-between-configcat-and-launchdarkly-2mie"    class="article-reading-time">    6 min read  </a>  <button    type="button"    class="article-engagement-count engage-button bookmark-button"    data-reactable-id="328871"    aria-label="Save to reading list"    title="Save to reading list">    <span class="bm-initial">SAVE</span>    <span class="bm-success">SAVED</span>  </button></div>  <div class="single-article single-article-small-pic" data-content-user-id="362429">    <div class="article-organization-headline">      <a class="org-headline-filler" href="/wayscript">        <img  alt="WayScript logo" src="https://res.cloudinary.com/practicaldev/image/fetch/s--MBjzip-W--/c_fill,f_auto,fl_progressive,h_90,q_auto,w_90/https://dev-to-uploads.s3.amazonaws.com/uploads/organization/profile_image/2158/21d9953c-902c-4549-81a0-958a967c74a3.png"></img>WayScript      </a>    </div>  <a href="/tjmd" class="small-pic-link-wrapper">    <div class="small-pic">      <img  src="https://res.cloudinary.com/practicaldev/image/fetch/s--c95XkQDa--/c_fill,f_auto,fl_progressive,h_90,q_auto,w_90/https://dev-to-uploads.s3.amazonaws.com/uploads/user/profile_image/362429/876a861d-c1c7-44c5-8771-727eeebe2179.png" alt="tjmd profile" width="40" height="40" ></img>    </div>  </a>  <a href="/wayscript/tutorial-running-selenium-in-the-cloud-on-a-daily-cron-schedule-3ifj" class="small-pic-link-wrapper index-article-link" data-preload-image="" id="article-link-327036">    <div class="content">      <h3>        Tutorial: Running Selenium in the cloud on a daily cron schedule      </h3>    </div>  </a>  <h4>    <a href="/tjmd">      TJ-MD„Éª<time datetime="2020-05-04T13:36:46Z">May  4</time><span class="time-ago-indicator-initial-placeholder" data-seconds="1588599406"></span>    </a>  </h4>  <div class="tags">      <a href="/t/Selenium"><span class="tag">#Selenium</span></a>      <a href="/t/tutorial"><span class="tag">#tutorial</span></a>      <a href="/t/beginners"><span class="tag">#beginners</span></a>      <a href="/t/python"><span class="tag">#python</span></a>  </div>  <div class="article-engagement-count reactions-count" data-reaction-count="0" data-reactable-id="327036">    <a href="/wayscript/tutorial-running-selenium-in-the-cloud-on-a-daily-cron-schedule-3ifj">      <img  src="https://practicaldev-herokuapp-com.freetls.fastly.net/assets/reactions-stack-ee166e138ca182a567f74c986b6f810f670f4d199aca9c550cc7e6f49f34bd33.png" alt="Reactions" ></img><span id="engagement-count-number-327036" class="engagement-count-number">          20        </span>    </a>  </div>  <a    href="/wayscript/tutorial-running-selenium-in-the-cloud-on-a-daily-cron-schedule-3ifj"    class="article-reading-time">    1 min read  </a>  <button    type="button"    class="article-engagement-count engage-button bookmark-button"    data-reactable-id="327036"    aria-label="Save to reading list"    title="Save to reading list">    <span class="bm-initial">SAVE</span>    <span class="bm-success">SAVED</span>  </button></div>  <div class="single-article single-article-small-pic" data-content-user-id="374853">  <a href="/programminghobo" class="small-pic-link-wrapper">    <div class="small-pic">      <img  src="https://res.cloudinary.com/practicaldev/image/fetch/s--h03S2DjI--/c_fill,f_auto,fl_progressive,h_90,q_auto,w_90/https://dev-to-uploads.s3.amazonaws.com/uploads/user/profile_image/374853/0153a379-acfc-47a8-ad11-24329a330604.jpg" alt="programminghobo profile" width="40" height="40" ></img>    </div>  </a>  <a href="/programminghobo/programming-for-everybody-getting-started-with-python-from-the-university-of-michigan-first-thoughts-2ini" class="small-pic-link-wrapper index-article-link" data-preload-image="" id="article-link-327280">    <div class="content">      <h3>        Programming for Everybody (Getting Started with Python) from the University of Michigan - First thoughts      </h3>    </div>  </a>  <h4>    <a href="/programminghobo">      Henrik H√∏gh Boutrup„Éª<time datetime="2020-05-04T19:09:03Z">May  4</time><span class="time-ago-indicator-initial-placeholder" data-seconds="1588619343"></span>    </a>  </h4>  <div class="tags">      <a href="/t/python"><span class="tag">#python</span></a>      <a href="/t/beginners"><span class="tag">#beginners</span></a>  </div>  <div class="article-engagement-count reactions-count" data-reaction-count="0" data-reactable-id="327280">    <a href="/programminghobo/programming-for-everybody-getting-started-with-python-from-the-university-of-michigan-first-thoughts-2ini">      <img  src="https://practicaldev-herokuapp-com.freetls.fastly.net/assets/reactions-stack-ee166e138ca182a567f74c986b6f810f670f4d199aca9c550cc7e6f49f34bd33.png" alt="Reactions" ></img><span id="engagement-count-number-327280" class="engagement-count-number">          3        </span>    </a>  </div>  <a    href="/programminghobo/programming-for-everybody-getting-started-with-python-from-the-university-of-michigan-first-thoughts-2ini"    class="article-reading-time">    1 min read  </a>  <button    type="button"    class="article-engagement-count engage-button bookmark-button"    data-reactable-id="327280"    aria-label="Save to reading list"    title="Save to reading list">    <span class="bm-initial">SAVE</span>    <span class="bm-success">SAVED</span>  </button></div>  <div class="single-article single-article-small-pic" data-content-user-id="361836">  <a href="/adityaberi8" class="small-pic-link-wrapper">    <div class="small-pic">      <img  src="https://res.cloudinary.com/practicaldev/image/fetch/s--ZSJ1iVj---/c_fill,f_auto,fl_progressive,h_90,q_auto,w_90/https://dev-to-uploads.s3.amazonaws.com/uploads/user/profile_image/361836/27bb21c6-5b0c-494b-b9f4-2e997279655e.jpg" alt="adityaberi8 profile" width="40" height="40" ></img>    </div>  </a>  <a href="/adityaberi8/what-to-use-python-s-sum-or-numpy-s-np-sum-2ffj" class="small-pic-link-wrapper index-article-link" data-preload-image="" id="article-link-327082">    <div class="content">      <h3>          <span class="tag-identifier black-identifier" style="background:#ff3232;color:#ffffff">    #help</span> Python&#39;s Sum or NumPy&#39;s np.sum() ???I found a big difference in time!!      </h3>    </div>  </a>  <h4>    <a href="/adityaberi8">      Adityaberi„Éª<time datetime="2020-05-04T14:33:28Z">May  4</time><span class="time-ago-indicator-initial-placeholder" data-seconds="1588602808"></span>    </a>  </h4>  <div class="tags">      <a href="/t/discuss"><span class="tag">#discuss</span></a>      <a href="/t/python"><span class="tag">#python</span></a>      <a href="/t/machinelearning"><span class="tag">#machinelearning</span></a>      <a href="/t/help"><span class="tag">#help</span></a>  </div>  <div class="article-engagement-count reactions-count" data-reaction-count="0" data-reactable-id="327082">    <a href="/adityaberi8/what-to-use-python-s-sum-or-numpy-s-np-sum-2ffj">      <img  src="https://practicaldev-herokuapp-com.freetls.fastly.net/assets/reactions-stack-ee166e138ca182a567f74c986b6f810f670f4d199aca9c550cc7e6f49f34bd33.png" alt="Reactions" ></img><span id="engagement-count-number-327082" class="engagement-count-number">          3        </span>    </a>  </div>    <div class="article-engagement-count comments-count">      <a href="/adityaberi8/what-to-use-python-s-sum-or-numpy-s-np-sum-2ffj#comments">        <img  src="https://practicaldev-herokuapp-com.freetls.fastly.net/assets/comments-bubble-9958d41b969a1620c614347d5ad3f270ab49582c1d9f82b617a6b4156d05dda0.png" alt="chat" ></img><span class="engagement-count-number">4</span>      </a>    </div>  <a    href="/adityaberi8/what-to-use-python-s-sum-or-numpy-s-np-sum-2ffj"    class="article-reading-time">    1 min read  </a>  <button    type="button"    class="article-engagement-count engage-button bookmark-button"    data-reactable-id="327082"    aria-label="Save to reading list"    title="Save to reading list">    <span class="bm-initial">SAVE</span>    <span class="bm-success">SAVED</span>  </button></div>  <div class="single-article single-article-small-pic" data-content-user-id="356004">  <a href="/francnstein" class="small-pic-link-wrapper">    <div class="small-pic">      <img  src="https://res.cloudinary.com/practicaldev/image/fetch/s--ZDkeHbXR--/c_fill,f_auto,fl_progressive,h_90,q_auto,w_90/https://dev-to-uploads.s3.amazonaws.com/uploads/user/profile_image/356004/6f93e053-e495-4a45-8297-cea081e8ff17.jpeg" alt="francnstein profile" width="40" height="40" ></img>    </div>  </a>  <a href="/francnstein/modules-random-python3-219i" class="small-pic-link-wrapper index-article-link" data-preload-image="https://res.cloudinary.com/practicaldev/image/fetch/s--GwAdCnsp--/c_imagga_scale,f_auto,fl_progressive,h_420,q_auto,w_1000/https://res.cloudinary.com/practicaldev/image/fetch/s--Tq_7bEMO--/c_imagga_scale%2Cf_auto%2Cfl_progressive%2Ch_420%2Cq_auto%2Cw_1000/https://dev-to-uploads.s3.amazonaws.com/i/qh1l70j31k3t3oedxu52.jpg" id="article-link-322100">    <div class="content">      <h3>        Modules (Random)  PYTHON3      </h3>    </div>  </a>  <h4>    <a href="/francnstein">      francnstein„Éª<time datetime="2020-04-29T12:10:53Z">Apr 29</time><span class="time-ago-indicator-initial-placeholder" data-seconds="1588162253"></span>    </a>  </h4>  <div class="tags">      <a href="/t/python"><span class="tag">#python</span></a>  </div>  <div class="article-engagement-count reactions-count" data-reaction-count="0" data-reactable-id="322100">    <a href="/francnstein/modules-random-python3-219i">      <img  src="https://practicaldev-herokuapp-com.freetls.fastly.net/assets/reactions-stack-ee166e138ca182a567f74c986b6f810f670f4d199aca9c550cc7e6f49f34bd33.png" alt="Reactions" ></img><span id="engagement-count-number-322100" class="engagement-count-number">          3        </span>    </a>  </div>  <a    href="/francnstein/modules-random-python3-219i"    class="article-reading-time">    1 min read  </a>  <button    type="button"    class="article-engagement-count engage-button bookmark-button"    data-reactable-id="322100"    aria-label="Save to reading list"    title="Save to reading list">    <span class="bm-initial">SAVE</span>    <span class="bm-success">SAVED</span>  </button></div>  <div class="single-article single-article-small-pic" data-content-user-id="356004">  <a href="/francnstein" class="small-pic-link-wrapper">    <div class="small-pic">      <img  src="https://res.cloudinary.com/practicaldev/image/fetch/s--ZDkeHbXR--/c_fill,f_auto,fl_progressive,h_90,q_auto,w_90/https://dev-to-uploads.s3.amazonaws.com/uploads/user/profile_image/356004/6f93e053-e495-4a45-8297-cea081e8ff17.jpeg" alt="francnstein profile" width="40" height="40" ></img>    </div>  </a>  <a href="/francnstein/some-known-exceptions-python3-3nc0" class="small-pic-link-wrapper index-article-link" data-preload-image="https://res.cloudinary.com/practicaldev/image/fetch/s--P_WBSjuA--/c_imagga_scale,f_auto,fl_progressive,h_420,q_auto,w_1000/https://res.cloudinary.com/practicaldev/image/fetch/s--Ta6THFUp--/c_imagga_scale%2Cf_auto%2Cfl_progressive%2Ch_420%2Cq_auto%2Cw_1000/https://dev-to-uploads.s3.amazonaws.com/i/5lt31kbw0ha9dehgseh6.jpg" id="article-link-322348">    <div class="content">      <h3>        Some known Exceptions  (python3)      </h3>    </div>  </a>  <h4>    <a href="/francnstein">      francnstein„Éª<time datetime="2020-04-29T18:45:59Z">Apr 29</time><span class="time-ago-indicator-initial-placeholder" data-seconds="1588185959"></span>    </a>  </h4>  <div class="tags">      <a href="/t/python"><span class="tag">#python</span></a>  </div>  <div class="article-engagement-count reactions-count" data-reaction-count="0" data-reactable-id="322348">    <a href="/francnstein/some-known-exceptions-python3-3nc0">      <img  src="https://practicaldev-herokuapp-com.freetls.fastly.net/assets/reactions-stack-ee166e138ca182a567f74c986b6f810f670f4d199aca9c550cc7e6f49f34bd33.png" alt="Reactions" ></img><span id="engagement-count-number-322348" class="engagement-count-number">          3        </span>    </a>  </div>    <div class="article-engagement-count comments-count">      <a href="/francnstein/some-known-exceptions-python3-3nc0#comments">        <img  src="https://practicaldev-herokuapp-com.freetls.fastly.net/assets/comments-bubble-9958d41b969a1620c614347d5ad3f270ab49582c1d9f82b617a6b4156d05dda0.png" alt="chat" ></img><span class="engagement-count-number">1</span>      </a>    </div>  <a    href="/francnstein/some-known-exceptions-python3-3nc0"    class="article-reading-time">    1 min read  </a>  <button    type="button"    class="article-engagement-count engage-button bookmark-button"    data-reactable-id="322348"    aria-label="Save to reading list"    title="Save to reading list">    <span class="bm-initial">SAVE</span>    <span class="bm-success">SAVED</span>  </button></div>  <div class="single-article single-article-small-pic" data-content-user-id="258883">  <a href="/harveyhalwin" class="small-pic-link-wrapper">    <div class="small-pic">      <img  src="https://res.cloudinary.com/practicaldev/image/fetch/s--7IaWsFCn--/c_fill,f_auto,fl_progressive,h_90,q_auto,w_90/https://dev-to-uploads.s3.amazonaws.com/uploads/user/profile_image/258883/26d371cc-8a39-4890-acc8-980d2df336ac.jpg" alt="harveyhalwin profile" width="40" height="40" ></img>    </div>  </a>  <a href="/harveyhalwin/python-series-part-2-datatypes-1cc1" class="small-pic-link-wrapper index-article-link" data-preload-image="" id="article-link-318395">    <div class="content">      <h3>        Python Series - Part 2 - DataTypes      </h3>    </div>  </a>  <h4>    <a href="/harveyhalwin">      Heinek Halwin„Éª<time datetime="2020-05-01T15:32:33Z">May  1</time><span class="time-ago-indicator-initial-placeholder" data-seconds="1588347153"></span>    </a>  </h4>  <div class="tags">      <a href="/t/python"><span class="tag">#python</span></a>      <a href="/t/beginners"><span class="tag">#beginners</span></a>      <a href="/t/coding"><span class="tag">#coding</span></a>  </div>  <div class="article-engagement-count reactions-count" data-reaction-count="0" data-reactable-id="318395">    <a href="/harveyhalwin/python-series-part-2-datatypes-1cc1">      <img  src="https://practicaldev-herokuapp-com.freetls.fastly.net/assets/reactions-stack-ee166e138ca182a567f74c986b6f810f670f4d199aca9c550cc7e6f49f34bd33.png" alt="Reactions" ></img><span id="engagement-count-number-318395" class="engagement-count-number">          5        </span>    </a>  </div>    <div class="article-engagement-count comments-count">      <a href="/harveyhalwin/python-series-part-2-datatypes-1cc1#comments">        <img  src="https://practicaldev-herokuapp-com.freetls.fastly.net/assets/comments-bubble-9958d41b969a1620c614347d5ad3f270ab49582c1d9f82b617a6b4156d05dda0.png" alt="chat" ></img><span class="engagement-count-number">2</span>      </a>    </div>  <a    href="/harveyhalwin/python-series-part-2-datatypes-1cc1"    class="article-reading-time">    5 min read  </a>  <button    type="button"    class="article-engagement-count engage-button bookmark-button"    data-reactable-id="318395"    aria-label="Save to reading list"    title="Save to reading list">    <span class="bm-initial">SAVE</span>    <span class="bm-success">SAVED</span>  </button></div>  <div class="single-article single-article-small-pic" data-content-user-id="136005">  <a href="/mokhtarebrahim" class="small-pic-link-wrapper">    <div class="small-pic">      <img  src="https://res.cloudinary.com/practicaldev/image/fetch/s--v6L6dfmH--/c_fill,f_auto,fl_progressive,h_90,q_auto,w_90/https://dev-to-uploads.s3.amazonaws.com/uploads/user/profile_image/136005/3663367a-fe7a-47ee-acdb-d176aa841dd4.png" alt="mokhtarebrahim profile" width="40" height="40" ></img>    </div>  </a>  <a href="/mokhtarebrahim/caesar-cipher-in-python-54g1" class="small-pic-link-wrapper index-article-link" data-preload-image="" id="article-link-321543">    <div class="content">      <h3>        Caesar Cipher In Python      </h3>    </div>  </a>  <h4>    <a href="/mokhtarebrahim">      MokhtarEbrahim„Éª<time datetime="2020-04-28T15:01:28Z">Apr 28</time><span class="time-ago-indicator-initial-placeholder" data-seconds="1588086088"></span>    </a>  </h4>  <div class="tags">      <a href="/t/python"><span class="tag">#python</span></a>      <a href="/t/beginners"><span class="tag">#beginners</span></a>      <a href="/t/tutorial"><span class="tag">#tutorial</span></a>  </div>  <div class="article-engagement-count reactions-count" data-reaction-count="0" data-reactable-id="321543">    <a href="/mokhtarebrahim/caesar-cipher-in-python-54g1">      <img  src="https://practicaldev-herokuapp-com.freetls.fastly.net/assets/reactions-stack-ee166e138ca182a567f74c986b6f810f670f4d199aca9c550cc7e6f49f34bd33.png" alt="Reactions" ></img><span id="engagement-count-number-321543" class="engagement-count-number">          3        </span>    </a>  </div>  <a    href="/mokhtarebrahim/caesar-cipher-in-python-54g1"    class="article-reading-time">    1 min read  </a>  <button    type="button"    class="article-engagement-count engage-button bookmark-button"    data-reactable-id="321543"    aria-label="Save to reading list"    title="Save to reading list">    <span class="bm-initial">SAVE</span>    <span class="bm-success">SAVED</span>  </button></div>  <div class="single-article single-article-small-pic" data-content-user-id="374774">  <a href="/chuanjin" class="small-pic-link-wrapper">    <div class="small-pic">      <img  src="https://res.cloudinary.com/practicaldev/image/fetch/s--o8qxOqu0--/c_fill,f_auto,fl_progressive,h_90,q_auto,w_90/https://dev-to-uploads.s3.amazonaws.com/uploads/user/profile_image/374774/55482506-6c41-494f-ba66-c92197224d02.png" alt="chuanjin profile" width="40" height="40" ></img>    </div>  </a>  <a href="/chuanjin/transfer-file-over-tcp-udp-4o12" class="small-pic-link-wrapper index-article-link" data-preload-image="https://res.cloudinary.com/practicaldev/image/fetch/s--DStbu6jx--/c_imagga_scale,f_auto,fl_progressive,h_420,q_auto,w_1000/https://res.cloudinary.com/practicaldev/image/fetch/s--kGUQ10KN--/c_imagga_scale%2Cf_auto%2Cfl_progressive%2Ch_420%2Cq_auto%2Cw_1000/https://dev-to-uploads.s3.amazonaws.com/i/rxr2eonz78p645vnbrt5.jpg" id="article-link-321484">    <div class="content">      <h3>        Transfer file over TCP/UDP      </h3>    </div>  </a>  <h4>    <a href="/chuanjin">      CJ„Éª<time datetime="2020-04-28T13:44:18Z">Apr 28</time><span class="time-ago-indicator-initial-placeholder" data-seconds="1588081458"></span>    </a>  </h4>  <div class="tags">      <a href="/t/tcp"><span class="tag">#tcp</span></a>      <a href="/t/udp"><span class="tag">#udp</span></a>      <a href="/t/python"><span class="tag">#python</span></a>  </div>  <div class="article-engagement-count reactions-count" data-reaction-count="0" data-reactable-id="321484">    <a href="/chuanjin/transfer-file-over-tcp-udp-4o12">      <img  src="https://practicaldev-herokuapp-com.freetls.fastly.net/assets/reactions-stack-ee166e138ca182a567f74c986b6f810f670f4d199aca9c550cc7e6f49f34bd33.png" alt="Reactions" ></img><span id="engagement-count-number-321484" class="engagement-count-number">          4        </span>    </a>  </div>  <a    href="/chuanjin/transfer-file-over-tcp-udp-4o12"    class="article-reading-time">    1 min read  </a>  <button    type="button"    class="article-engagement-count engage-button bookmark-button"    data-reactable-id="321484"    aria-label="Save to reading list"    title="Save to reading list">    <span class="bm-initial">SAVE</span>    <span class="bm-success">SAVED</span>  </button></div>  <div class="single-article single-article-small-pic" data-content-user-id="220619">  <a href="/codegabru" class="small-pic-link-wrapper">    <div class="small-pic">      <img  src="https://res.cloudinary.com/practicaldev/image/fetch/s--iI-6oUVF--/c_fill,f_auto,fl_progressive,h_90,q_auto,w_90/https://dev-to-uploads.s3.amazonaws.com/uploads/user/profile_image/220619/d0a09f0e-cfd2-414b-bf5e-e13256c00403.png" alt="codegabru profile" width="40" height="40" ></img>    </div>  </a>  <a href="/codegabru/using-python-3-with-poetry-2kpp" class="small-pic-link-wrapper index-article-link" data-preload-image="" id="article-link-325661">    <div class="content">      <h3>        Using Python 3 with Poetry      </h3>    </div>  </a>  <h4>    <a href="/codegabru">      codegabru„Éª<time datetime="2020-05-02T10:36:41Z">May  2</time><span class="time-ago-indicator-initial-placeholder" data-seconds="1588415801"></span>    </a>  </h4>  <div class="tags">      <a href="/t/python"><span class="tag">#python</span></a>      <a href="/t/poetry"><span class="tag">#poetry</span></a>  </div>  <div class="article-engagement-count reactions-count" data-reaction-count="0" data-reactable-id="325661">    <a href="/codegabru/using-python-3-with-poetry-2kpp">      <img  src="https://practicaldev-herokuapp-com.freetls.fastly.net/assets/reactions-stack-ee166e138ca182a567f74c986b6f810f670f4d199aca9c550cc7e6f49f34bd33.png" alt="Reactions" ></img><span id="engagement-count-number-325661" class="engagement-count-number">          2        </span>    </a>  </div>    <div class="article-engagement-count comments-count">      <a href="/codegabru/using-python-3-with-poetry-2kpp#comments">        <img  src="https://practicaldev-herokuapp-com.freetls.fastly.net/assets/comments-bubble-9958d41b969a1620c614347d5ad3f270ab49582c1d9f82b617a6b4156d05dda0.png" alt="chat" ></img><span class="engagement-count-number">1</span>      </a>    </div>  <a    href="/codegabru/using-python-3-with-poetry-2kpp"    class="article-reading-time">    1 min read  </a>  <button    type="button"    class="article-engagement-count engage-button bookmark-button"    data-reactable-id="325661"    aria-label="Save to reading list"    title="Save to reading list">    <span class="bm-initial">SAVE</span>    <span class="bm-success">SAVED</span>  </button></div>  <div class="single-article single-article-small-pic" data-content-user-id="126232">  <a href="/switowski" class="small-pic-link-wrapper">    <div class="small-pic">      <img  src="https://res.cloudinary.com/practicaldev/image/fetch/s--WFBxKBBB--/c_fill,f_auto,fl_progressive,h_90,q_auto,w_90/https://dev-to-uploads.s3.amazonaws.com/uploads/user/profile_image/126232/228a7744-0641-47fe-a045-860852eeb075.jpg" alt="switowski profile" width="40" height="40" ></img>    </div>  </a>  <a href="/switowski/18-plugins-for-writing-python-in-vs-code-144n" class="small-pic-link-wrapper index-article-link" data-preload-image="https://res.cloudinary.com/practicaldev/image/fetch/s--NPklRD7N--/c_imagga_scale,f_auto,fl_progressive,h_420,q_auto,w_1000/https://dev-to-uploads.s3.amazonaws.com/i/l0my3vgkrz9c7tyi1zwe.jpg" id="article-link-321277">    <div class="content">      <h3>        18 Plugins for Writing Python in VS Code      </h3>    </div>  </a>  <h4>    <a href="/switowski">      Sebastian Witowski„Éª<time datetime="2020-04-30T07:13:56Z">Apr 30</time><span class="time-ago-indicator-initial-placeholder" data-seconds="1587945600"></span>    </a>  </h4>  <div class="tags">      <a href="/t/python"><span class="tag">#python</span></a>      <a href="/t/vscode"><span class="tag">#vscode</span></a>  </div>  <div class="article-engagement-count reactions-count" data-reaction-count="0" data-reactable-id="321277">    <a href="/switowski/18-plugins-for-writing-python-in-vs-code-144n">      <img  src="https://practicaldev-herokuapp-com.freetls.fastly.net/assets/reactions-stack-ee166e138ca182a567f74c986b6f810f670f4d199aca9c550cc7e6f49f34bd33.png" alt="Reactions" ></img><span id="engagement-count-number-321277" class="engagement-count-number">          4        </span>    </a>  </div>  <a    href="/switowski/18-plugins-for-writing-python-in-vs-code-144n"    class="article-reading-time">    8 min read  </a>  <button    type="button"    class="article-engagement-count engage-button bookmark-button"    data-reactable-id="321277"    aria-label="Save to reading list"    title="Save to reading list">    <span class="bm-initial">SAVE</span>    <span class="bm-success">SAVED</span>  </button></div>  <div class="single-article single-article-small-pic" data-content-user-id="304691">  <a href="/minchulkim87" class="small-pic-link-wrapper">    <div class="small-pic">      <img  src="https://res.cloudinary.com/practicaldev/image/fetch/s--ezPrp1oD--/c_fill,f_auto,fl_progressive,h_90,q_auto,w_90/https://dev-to-uploads.s3.amazonaws.com/uploads/user/profile_image/304691/4219bc45-6a90-49a1-b17c-48a10eb1e7a0.jpg" alt="minchulkim87 profile" width="40" height="40" ></img>    </div>  </a>  <a href="/minchulkim87/xml-with-python-43c0" class="small-pic-link-wrapper index-article-link" data-preload-image="" id="article-link-322515">    <div class="content">      <h3>        XML with Python      </h3>    </div>  </a>  <h4>    <a href="/minchulkim87">      Min„Éª<time datetime="2020-04-30T00:51:53Z">Apr 30</time><span class="time-ago-indicator-initial-placeholder" data-seconds="1588207913"></span>    </a>  </h4>  <div class="tags">      <a href="/t/python"><span class="tag">#python</span></a>      <a href="/t/pandas"><span class="tag">#pandas</span></a>      <a href="/t/xml"><span class="tag">#xml</span></a>      <a href="/t/json"><span class="tag">#json</span></a>  </div>  <div class="article-engagement-count reactions-count" data-reaction-count="0" data-reactable-id="322515">    <a href="/minchulkim87/xml-with-python-43c0">      <img  src="https://practicaldev-herokuapp-com.freetls.fastly.net/assets/reactions-stack-ee166e138ca182a567f74c986b6f810f670f4d199aca9c550cc7e6f49f34bd33.png" alt="Reactions" ></img><span id="engagement-count-number-322515" class="engagement-count-number">          5        </span>    </a>  </div>    <div class="article-engagement-count comments-count">      <a href="/minchulkim87/xml-with-python-43c0#comments">        <img  src="https://practicaldev-herokuapp-com.freetls.fastly.net/assets/comments-bubble-9958d41b969a1620c614347d5ad3f270ab49582c1d9f82b617a6b4156d05dda0.png" alt="chat" ></img><span class="engagement-count-number">2</span>      </a>    </div>  <a    href="/minchulkim87/xml-with-python-43c0"    class="article-reading-time">    8 min read  </a>  <button    type="button"    class="article-engagement-count engage-button bookmark-button"    data-reactable-id="322515"    aria-label="Save to reading list"    title="Save to reading list">    <span class="bm-initial">SAVE</span>    <span class="bm-success">SAVED</span>  </button></div>  <div class="single-article single-article-small-pic" data-content-user-id="47806">  <a href="/mridubhatnagar" class="small-pic-link-wrapper">    <div class="small-pic">      <img  src="https://res.cloudinary.com/practicaldev/image/fetch/s--ne8s3kS0--/c_fill,f_auto,fl_progressive,h_90,q_auto,w_90/https://dev-to-uploads.s3.amazonaws.com/uploads/user/profile_image/47806/6462044b-bfc9-4c6e-b7e7-bc177fe6f918.jpeg" alt="mridubhatnagar profile" width="40" height="40" ></img>    </div>  </a>  <a href="/mridubhatnagar/day-17-binary-search-45op" class="small-pic-link-wrapper index-article-link" data-preload-image="" id="article-link-322358">    <div class="content">      <h3>          <span class="tag-identifier black-identifier" style="background:#BF1942;color:#FFFFFF">    #challenge</span>Day-17 Binary Search      </h3>    </div>  </a>  <h4>    <a href="/mridubhatnagar">      Mridu Bhatnagar„Éª<time datetime="2020-04-29T19:15:26Z">Apr 29</time><span class="time-ago-indicator-initial-placeholder" data-seconds="1588187726"></span>    </a>  </h4>  <div class="tags">      <a href="/t/python"><span class="tag">#python</span></a>      <a href="/t/challenge"><span class="tag">#challenge</span></a>  </div>  <div class="article-engagement-count reactions-count" data-reaction-count="0" data-reactable-id="322358">    <a href="/mridubhatnagar/day-17-binary-search-45op">      <img  src="https://practicaldev-herokuapp-com.freetls.fastly.net/assets/reactions-stack-ee166e138ca182a567f74c986b6f810f670f4d199aca9c550cc7e6f49f34bd33.png" alt="Reactions" ></img><span id="engagement-count-number-322358" class="engagement-count-number">          5        </span>    </a>  </div>  <a    href="/mridubhatnagar/day-17-binary-search-45op"    class="article-reading-time">    1 min read  </a>  <button    type="button"    class="article-engagement-count engage-button bookmark-button"    data-reactable-id="322358"    aria-label="Save to reading list"    title="Save to reading list">    <span class="bm-initial">SAVE</span>    <span class="bm-success">SAVED</span>  </button></div>  <div class="single-article single-article-small-pic" data-content-user-id="94565">  <a href="/hanpari" class="small-pic-link-wrapper">    <div class="small-pic">      <img  src="https://res.cloudinary.com/practicaldev/image/fetch/s--4NQjG7d0--/c_fill,f_auto,fl_progressive,h_90,q_auto,w_90/https://dev-to-uploads.s3.amazonaws.com/uploads/user/profile_image/94565/0f2b3b29-e2ac-4245-8274-b0288c4fa2d9.png" alt="hanpari profile" width="40" height="40" ></img>    </div>  </a>  <a href="/hanpari/on-iterators-and-iterables-in-python-15aj" class="small-pic-link-wrapper index-article-link" data-preload-image="" id="article-link-322323">    <div class="content">      <h3>        On iterators and iterables in Python      </h3>    </div>  </a>  <h4>    <a href="/hanpari">      Pavel Morava„Éª<time datetime="2020-04-29T18:20:49Z">Apr 29</time><span class="time-ago-indicator-initial-placeholder" data-seconds="1588184449"></span>    </a>  </h4>  <div class="tags">      <a href="/t/python"><span class="tag">#python</span></a>  </div>  <div class="article-engagement-count reactions-count" data-reaction-count="0" data-reactable-id="322323">    <a href="/hanpari/on-iterators-and-iterables-in-python-15aj">      <img  src="https://practicaldev-herokuapp-com.freetls.fastly.net/assets/reactions-stack-ee166e138ca182a567f74c986b6f810f670f4d199aca9c550cc7e6f49f34bd33.png" alt="Reactions" ></img><span id="engagement-count-number-322323" class="engagement-count-number">          3        </span>    </a>  </div>  <a    href="/hanpari/on-iterators-and-iterables-in-python-15aj"    class="article-reading-time">    2 min read  </a>  <button    type="button"    class="article-engagement-count engage-button bookmark-button"    data-reactable-id="322323"    aria-label="Save to reading list"    title="Save to reading list">    <span class="bm-initial">SAVE</span>    <span class="bm-success">SAVED</span>  </button></div>  <div class="single-article single-article-small-pic" data-content-user-id="322752">  <a href="/esdebug" class="small-pic-link-wrapper">    <div class="small-pic">      <img  src="https://res.cloudinary.com/practicaldev/image/fetch/s--HL-zdO9y--/c_fill,f_auto,fl_progressive,h_90,q_auto,w_90/https://dev-to-uploads.s3.amazonaws.com/uploads/user/profile_image/322752/6688beb1-3b5f-4a96-b49b-cda57f10ba3d.JPG" alt="esdebug profile" width="40" height="40" ></img>    </div>  </a>  <a href="/esdebug/modules-4mb1" class="small-pic-link-wrapper index-article-link" data-preload-image="" id="article-link-328874">    <div class="content">      <h3>        Modules      </h3>    </div>  </a>  <h4>    <a href="/esdebug">      estherwavinya„Éª<time datetime="2020-05-06T13:55:34Z">May  6</time><span class="time-ago-indicator-initial-placeholder" data-seconds="1588773334"></span>    </a>  </h4>  <div class="tags">      <a href="/t/python"><span class="tag">#python</span></a>      <a href="/t/beginners"><span class="tag">#beginners</span></a>      <a href="/t/codenewbie"><span class="tag">#codenewbie</span></a>      <a href="/t/writing"><span class="tag">#writing</span></a>  </div>  <div class="article-engagement-count reactions-count" data-reaction-count="0" data-reactable-id="328874">    <a href="/esdebug/modules-4mb1">      <img  src="https://practicaldev-herokuapp-com.freetls.fastly.net/assets/reactions-stack-ee166e138ca182a567f74c986b6f810f670f4d199aca9c550cc7e6f49f34bd33.png" alt="Reactions" ></img><span id="engagement-count-number-328874" class="engagement-count-number">          18        </span>    </a>  </div>    <div class="article-engagement-count comments-count">      <a href="/esdebug/modules-4mb1#comments">        <img  src="https://practicaldev-herokuapp-com.freetls.fastly.net/assets/comments-bubble-9958d41b969a1620c614347d5ad3f270ab49582c1d9f82b617a6b4156d05dda0.png" alt="chat" ></img><span class="engagement-count-number">1</span>      </a>    </div>  <a    href="/esdebug/modules-4mb1"    class="article-reading-time">    7 min read  </a>  <button    type="button"    class="article-engagement-count engage-button bookmark-button"    data-reactable-id="328874"    aria-label="Save to reading list"    title="Save to reading list">    <span class="bm-initial">SAVE</span>    <span class="bm-success">SAVED</span>  </button></div>  <div class="single-article single-article-small-pic" data-content-user-id="378133">  <a href="/zeyu2001" class="small-pic-link-wrapper">    <div class="small-pic">      <img  src="https://res.cloudinary.com/practicaldev/image/fetch/s--HHrAhXFB--/c_fill,f_auto,fl_progressive,h_90,q_auto,w_90/https://dev-to-uploads.s3.amazonaws.com/uploads/user/profile_image/378133/f6480a32-3287-4e30-a8a0-c19882420a29.png" alt="zeyu2001 profile" width="40" height="40" ></img>    </div>  </a>  <a href="/zeyu2001/replace-loops-map-and-filter-with-list-comprehensions-in-python-3lk1" class="small-pic-link-wrapper index-article-link" data-preload-image="" id="article-link-330203">    <div class="content">      <h3>          <span class="tag-identifier black-identifier" style="background:#ffedc9;color:#820000">    #todayilearned</span>Replace Loops, map() and filter() With List Comprehensions in Python      </h3>    </div>  </a>  <h4>    <a href="/zeyu2001">      Zhang Zeyu„Éª<time datetime="2020-05-08T09:10:10Z">May  8</time><span class="time-ago-indicator-initial-placeholder" data-seconds="1588929010"></span>    </a>  </h4>  <div class="tags">      <a href="/t/python"><span class="tag">#python</span></a>      <a href="/t/tutorial"><span class="tag">#tutorial</span></a>      <a href="/t/todayilearned"><span class="tag">#todayilearned</span></a>      <a href="/t/beginners"><span class="tag">#beginners</span></a>  </div>  <div class="article-engagement-count reactions-count" data-reaction-count="0" data-reactable-id="330203">    <a href="/zeyu2001/replace-loops-map-and-filter-with-list-comprehensions-in-python-3lk1">      <img  src="https://practicaldev-herokuapp-com.freetls.fastly.net/assets/reactions-stack-ee166e138ca182a567f74c986b6f810f670f4d199aca9c550cc7e6f49f34bd33.png" alt="Reactions" ></img><span id="engagement-count-number-330203" class="engagement-count-number">          10        </span>    </a>  </div>  <a    href="/zeyu2001/replace-loops-map-and-filter-with-list-comprehensions-in-python-3lk1"    class="article-reading-time">    5 min read  </a>  <button    type="button"    class="article-engagement-count engage-button bookmark-button"    data-reactable-id="330203"    aria-label="Save to reading list"    title="Save to reading list">    <span class="bm-initial">SAVE</span>    <span class="bm-success">SAVED</span>  </button></div>  <div class="single-article single-article-small-pic" data-content-user-id="366663">  <a href="/ari_hacks" class="small-pic-link-wrapper">    <div class="small-pic">      <img  src="https://res.cloudinary.com/practicaldev/image/fetch/s--BQZoU4se--/c_fill,f_auto,fl_progressive,h_90,q_auto,w_90/https://dev-to-uploads.s3.amazonaws.com/uploads/user/profile_image/366663/a7b21d07-93c4-4fe9-9829-4e11e3b71837.png" alt="ari_hacks profile" width="40" height="40" ></img>    </div>  </a>  <a href="/ari_hacks/a-smart-ish-covid-chatbot-2kcd" class="small-pic-link-wrapper index-article-link" data-preload-image="" id="article-link-311716">    <div class="content">      <h3>        A Smart-ish Covid ChatBot ü§ñ      </h3>    </div>  </a>  <h4>    <a href="/ari_hacks">      Ari„Éª<time datetime="2020-04-30T18:27:40Z">Apr 30</time><span class="time-ago-indicator-initial-placeholder" data-seconds="1588271260"></span>    </a>  </h4>  <div class="tags">      <a href="/t/twiliohackathon"><span class="tag">#twiliohackathon</span></a>      <a href="/t/python"><span class="tag">#python</span></a>      <a href="/t/fastapi"><span class="tag">#fastapi</span></a>      <a href="/t/chatterbot"><span class="tag">#chatterbot</span></a>  </div>  <div class="article-engagement-count reactions-count" data-reaction-count="0" data-reactable-id="311716">    <a href="/ari_hacks/a-smart-ish-covid-chatbot-2kcd">      <img  src="https://practicaldev-herokuapp-com.freetls.fastly.net/assets/reactions-stack-ee166e138ca182a567f74c986b6f810f670f4d199aca9c550cc7e6f49f34bd33.png" alt="Reactions" ></img><span id="engagement-count-number-311716" class="engagement-count-number">          9        </span>    </a>  </div>  <a    href="/ari_hacks/a-smart-ish-covid-chatbot-2kcd"    class="article-reading-time">    2 min read  </a>  <button    type="button"    class="article-engagement-count engage-button bookmark-button"    data-reactable-id="311716"    aria-label="Save to reading list"    title="Save to reading list">    <span class="bm-initial">SAVE</span>    <span class="bm-success">SAVED</span>  </button></div>  <div class="single-article single-article-small-pic" data-content-user-id="275232">  <a href="/shailesh6363" class="small-pic-link-wrapper">    <div class="small-pic">      <img  src="https://res.cloudinary.com/practicaldev/image/fetch/s--6ch0Sg8W--/c_fill,f_auto,fl_progressive,h_90,q_auto,w_90/https://dev-to-uploads.s3.amazonaws.com/uploads/user/profile_image/275232/29f54dc1-cc87-4c19-827c-c718ef2785dd.jpg" alt="shailesh6363 profile" width="40" height="40" ></img>    </div>  </a>  <a href="/shailesh6363/finally-complete-python-certification-mdk" class="small-pic-link-wrapper index-article-link" data-preload-image="https://res.cloudinary.com/practicaldev/image/fetch/s--jMKuxGp9--/c_imagga_scale,f_auto,fl_progressive,h_420,q_auto,w_1000/https://res.cloudinary.com/practicaldev/image/fetch/s--Pfw72OXA--/c_imagga_scale%2Cf_auto%2Cfl_progressive%2Ch_420%2Cq_auto%2Cw_1000/https://dev-to-uploads.s3.amazonaws.com/i/5cz818sv4aa5aymi8aqz.jpg" id="article-link-321638">    <div class="content">      <h3>        Finally Complete Python Certification      </h3>    </div>  </a>  <h4>    <a href="/shailesh6363">      Shailesh Waghole„Éª<time datetime="2020-04-28T18:03:27Z">Apr 28</time><span class="time-ago-indicator-initial-placeholder" data-seconds="1588097007"></span>    </a>  </h4>  <div class="tags">      <a href="/t/python"><span class="tag">#python</span></a>      <a href="/t/career"><span class="tag">#career</span></a>      <a href="/t/machinelearning"><span class="tag">#machinelearning</span></a>  </div>  <div class="article-engagement-count reactions-count" data-reaction-count="0" data-reactable-id="321638">    <a href="/shailesh6363/finally-complete-python-certification-mdk">      <img  src="https://practicaldev-herokuapp-com.freetls.fastly.net/assets/reactions-stack-ee166e138ca182a567f74c986b6f810f670f4d199aca9c550cc7e6f49f34bd33.png" alt="Reactions" ></img><span id="engagement-count-number-321638" class="engagement-count-number">          3        </span>    </a>  </div>    <div class="article-engagement-count comments-count">      <a href="/shailesh6363/finally-complete-python-certification-mdk#comments">        <img  src="https://practicaldev-herokuapp-com.freetls.fastly.net/assets/comments-bubble-9958d41b969a1620c614347d5ad3f270ab49582c1d9f82b617a6b4156d05dda0.png" alt="chat" ></img><span class="engagement-count-number">1</span>      </a>    </div>  <a    href="/shailesh6363/finally-complete-python-certification-mdk"    class="article-reading-time">    1 min read  </a>  <button    type="button"    class="article-engagement-count engage-button bookmark-button"    data-reactable-id="321638"    aria-label="Save to reading list"    title="Save to reading list">    <span class="bm-initial">SAVE</span>    <span class="bm-success">SAVED</span>  </button></div>  <div class="single-article single-article-small-pic" data-content-user-id="130847">  <a href="/jfhbrook" class="small-pic-link-wrapper">    <div class="small-pic">      <img  src="https://res.cloudinary.com/practicaldev/image/fetch/s--R3TUJ0Yb--/c_fill,f_auto,fl_progressive,h_90,q_auto,w_90/https://dev-to-uploads.s3.amazonaws.com/uploads/user/profile_image/130847/6e60a118-6ace-4c0a-ad0e-1c2e90eee147.jpg" alt="jfhbrook profile" width="40" height="40" ></img>    </div>  </a>  <a href="/jfhbrook/twistedipython-autoawait-in-jupyter-notebooks-with-twisted-lee" class="small-pic-link-wrapper index-article-link" data-preload-image="" id="article-link-320790">    <div class="content">      <h3>        twisted_ipython: Autoawait in Jupyter Notebooks with Twisted      </h3>    </div>  </a>  <h4>    <a href="/jfhbrook">      Josh Holbrook„Éª<time datetime="2020-04-30T16:14:04Z">Apr 30</time><span class="time-ago-indicator-initial-placeholder" data-seconds="1588263244"></span>    </a>  </h4>  <div class="tags">      <a href="/t/jupyter"><span class="tag">#jupyter</span></a>      <a href="/t/python"><span class="tag">#python</span></a>      <a href="/t/twisted"><span class="tag">#twisted</span></a>      <a href="/t/async"><span class="tag">#async</span></a>  </div>  <div class="article-engagement-count reactions-count" data-reaction-count="0" data-reactable-id="320790">    <a href="/jfhbrook/twistedipython-autoawait-in-jupyter-notebooks-with-twisted-lee">      <img  src="https://practicaldev-herokuapp-com.freetls.fastly.net/assets/reactions-stack-ee166e138ca182a567f74c986b6f810f670f4d199aca9c550cc7e6f49f34bd33.png" alt="Reactions" ></img><span id="engagement-count-number-320790" class="engagement-count-number">          4        </span>    </a>  </div>  <a    href="/jfhbrook/twistedipython-autoawait-in-jupyter-notebooks-with-twisted-lee"    class="article-reading-time">    17 min read  </a>  <button    type="button"    class="article-engagement-count engage-button bookmark-button"    data-reactable-id="320790"    aria-label="Save to reading list"    title="Save to reading list">    <span class="bm-initial">SAVE</span>    <span class="bm-success">SAVED</span>  </button></div>  <div class="single-article single-article-small-pic" data-content-user-id="358855">  <a href="/pavanbaddi" class="small-pic-link-wrapper">    <div class="small-pic">      <img  src="https://res.cloudinary.com/practicaldev/image/fetch/s--02bKGJO_--/c_fill,f_auto,fl_progressive,h_90,q_auto,w_90/https://dev-to-uploads.s3.amazonaws.com/uploads/user/profile_image/358855/56734d52-1dd5-4b66-a01d-98d25bd22ead.png" alt="pavanbaddi profile" width="40" height="40" ></img>    </div>  </a>  <a href="/pavanbaddi/python-datetime-module-with-programs-2ab1" class="small-pic-link-wrapper index-article-link" data-preload-image="https://res.cloudinary.com/practicaldev/image/fetch/s--b5u3Ing7--/c_imagga_scale,f_auto,fl_progressive,h_420,q_auto,w_1000/https://res.cloudinary.com/practicaldev/image/fetch/s--rRUkBaKF--/c_imagga_scale%2Cf_auto%2Cfl_progressive%2Ch_420%2Cq_auto%2Cw_1000/https://dev-to-uploads.s3.amazonaws.com/i/w9mqwtl1s0bheahd61p9.png" id="article-link-322683">    <div class="content">      <h3>          <span class="tag-identifier black-identifier" style="background:#091b47;color:#b2ffe1">    #showdev</span>Python DateTime module with programs      </h3>    </div>  </a>  <h4>    <a href="/pavanbaddi">      pavanbaddi„Éª<time datetime="2020-04-30T07:48:49Z">Apr 30</time><span class="time-ago-indicator-initial-placeholder" data-seconds="1588232929"></span>    </a>  </h4>  <div class="tags">      <a href="/t/python"><span class="tag">#python</span></a>      <a href="/t/tutorial"><span class="tag">#tutorial</span></a>      <a href="/t/webdev"><span class="tag">#webdev</span></a>      <a href="/t/showdev"><span class="tag">#showdev</span></a>  </div>  <div class="article-engagement-count reactions-count" data-reaction-count="0" data-reactable-id="322683">    <a href="/pavanbaddi/python-datetime-module-with-programs-2ab1">      <img  src="https://practicaldev-herokuapp-com.freetls.fastly.net/assets/reactions-stack-ee166e138ca182a567f74c986b6f810f670f4d199aca9c550cc7e6f49f34bd33.png" alt="Reactions" ></img><span id="engagement-count-number-322683" class="engagement-count-number">          3        </span>    </a>  </div>  <a    href="/pavanbaddi/python-datetime-module-with-programs-2ab1"    class="article-reading-time">    5 min read  </a>  <button    type="button"    class="article-engagement-count engage-button bookmark-button"    data-reactable-id="322683"    aria-label="Save to reading list"    title="Save to reading list">    <span class="bm-initial">SAVE</span>    <span class="bm-success">SAVED</span>  </button></div>  <div class="single-article single-article-small-pic" data-content-user-id="74285">  <a href="/adamlombard" class="small-pic-link-wrapper">    <div class="small-pic">      <img  src="https://res.cloudinary.com/practicaldev/image/fetch/s--VhCyvkyo--/c_fill,f_auto,fl_progressive,h_90,q_auto,w_90/https://dev-to-uploads.s3.amazonaws.com/uploads/user/profile_image/74285/a72e683b-bf73-485b-93c0-ed0265d14f73.jpeg" alt="adamlombard profile" width="40" height="40" ></img>    </div>  </a>  <a href="/adamlombard/django-what-version-do-i-have-4a5b" class="small-pic-link-wrapper index-article-link" data-preload-image="" id="article-link-329143">    <div class="content">      <h3>        Django: What version do I have?      </h3>    </div>  </a>  <h4>    <a href="/adamlombard">      Adam Lombard„Éª<time datetime="2020-05-06T20:10:00Z">May  6</time><span class="time-ago-indicator-initial-placeholder" data-seconds="1588795800"></span>    </a>  </h4>  <div class="tags">      <a href="/t/python"><span class="tag">#python</span></a>      <a href="/t/django"><span class="tag">#django</span></a>      <a href="/t/beginners"><span class="tag">#beginners</span></a>      <a href="/t/tutorial"><span class="tag">#tutorial</span></a>  </div>  <div class="article-engagement-count reactions-count" data-reaction-count="0" data-reactable-id="329143">    <a href="/adamlombard/django-what-version-do-i-have-4a5b">      <img  src="https://practicaldev-herokuapp-com.freetls.fastly.net/assets/reactions-stack-ee166e138ca182a567f74c986b6f810f670f4d199aca9c550cc7e6f49f34bd33.png" alt="Reactions" ></img><span id="engagement-count-number-329143" class="engagement-count-number">          27        </span>    </a>  </div>    <div class="article-engagement-count comments-count">      <a href="/adamlombard/django-what-version-do-i-have-4a5b#comments">        <img  src="https://practicaldev-herokuapp-com.freetls.fastly.net/assets/comments-bubble-9958d41b969a1620c614347d5ad3f270ab49582c1d9f82b617a6b4156d05dda0.png" alt="chat" ></img><span class="engagement-count-number">8</span>      </a>    </div>  <a    href="/adamlombard/django-what-version-do-i-have-4a5b"    class="article-reading-time">    1 min read  </a>  <button    type="button"    class="article-engagement-count engage-button bookmark-button"    data-reactable-id="329143"    aria-label="Save to reading list"    title="Save to reading list">    <span class="bm-initial">SAVE</span>    <span class="bm-success">SAVED</span>  </button></div>  <div class="single-article single-article-small-pic" data-content-user-id="231136">    <a class="single-article-video-preview" style="background-image:url(https://res.cloudinary.com/practicaldev/image/fetch/c_scale,fl_progressive,q_auto,w_880/f_auto/https://dev-to-uploads.s3.amazonaws.com/i/6j12dxeaqmy1assrwfoh.png)" href="/midmeetpy/mid-meet-py-ep-6-interview-with-steve-dower-209m">      <div class="single-article-video-duration">        <img  src="https://practicaldev-herokuapp-com.freetls.fastly.net/assets/video-camera-1d9634c1bdba5aad93956013b2588d0a9f2168c78f495634a24df38af69c312d.svg" alt="video camera"></img>59:12</div>    </a>    <div class="article-organization-headline">      <a class="org-headline-filler" href="/midmeetpy">        <img  alt="Mid Meet Py logo" src="https://res.cloudinary.com/practicaldev/image/fetch/s--dzAhRnxs--/c_fill,f_auto,fl_progressive,h_90,q_auto,w_90/https://dev-to-uploads.s3.amazonaws.com/uploads/organization/profile_image/2130/5283e67b-a635-46b2-afb5-9cc990503e03.png"></img>Mid Meet Py      </a>    </div>  <a href="/cheukting_ho" class="small-pic-link-wrapper">    <div class="small-pic">      <img  src="https://res.cloudinary.com/practicaldev/image/fetch/s--MFN7BC2_--/c_fill,f_auto,fl_progressive,h_90,q_auto,w_90/https://dev-to-uploads.s3.amazonaws.com/uploads/user/profile_image/231136/03c976e1-26ee-4285-a323-3a2008dcb47f.JPG" alt="cheukting_ho profile" width="40" height="40" ></img>    </div>  </a>  <a href="/midmeetpy/mid-meet-py-ep-6-interview-with-steve-dower-209m" class="small-pic-link-wrapper index-article-link" data-preload-image="" id="article-link-329240">    <div class="content">      <h3>        Mid Meet Py - Ep.6 - Interview with Steve Dower      </h3>    </div>  </a>  <h4>    <a href="/cheukting_ho">      Cheuk Ting Ho„Éª<time datetime="2020-05-07T01:22:16Z">May  7</time><span class="time-ago-indicator-initial-placeholder" data-seconds="1588814536"></span>    </a>  </h4>  <div class="tags">      <a href="/t/python"><span class="tag">#python</span></a>      <a href="/t/chat"><span class="tag">#chat</span></a>      <a href="/t/communities"><span class="tag">#communities</span></a>      <a href="/t/irl"><span class="tag">#irl</span></a>  </div>  <div class="article-engagement-count reactions-count" data-reaction-count="0" data-reactable-id="329240">    <a href="/midmeetpy/mid-meet-py-ep-6-interview-with-steve-dower-209m">      <img  src="https://practicaldev-herokuapp-com.freetls.fastly.net/assets/reactions-stack-ee166e138ca182a567f74c986b6f810f670f4d199aca9c550cc7e6f49f34bd33.png" alt="Reactions" ></img><span id="engagement-count-number-329240" class="engagement-count-number">          5        </span>    </a>  </div>  <a    href="/midmeetpy/mid-meet-py-ep-6-interview-with-steve-dower-209m"    class="article-reading-time">    1 min read  </a>  <button    type="button"    class="article-engagement-count engage-button bookmark-button"    data-reactable-id="329240"    aria-label="Save to reading list"    title="Save to reading list">    <span class="bm-initial">SAVE</span>    <span class="bm-success">SAVED</span>  </button></div>  <div class="single-article single-article-small-pic" data-content-user-id="74285">  <a href="/adamlombard" class="small-pic-link-wrapper">    <div class="small-pic">      <img  src="https://res.cloudinary.com/practicaldev/image/fetch/s--VhCyvkyo--/c_fill,f_auto,fl_progressive,h_90,q_auto,w_90/https://dev-to-uploads.s3.amazonaws.com/uploads/user/profile_image/74285/a72e683b-bf73-485b-93c0-ed0265d14f73.jpeg" alt="adamlombard profile" width="40" height="40" ></img>    </div>  </a>  <a href="/adamlombard/vscode-setting-line-lengths-in-the-black-python-code-formatter-1g62" class="small-pic-link-wrapper index-article-link" data-preload-image="" id="article-link-324363">    <div class="content">      <h3>        VSCode: Setting line lengths in the Black Python code formatter      </h3>    </div>  </a>  <h4>    <a href="/adamlombard">      Adam Lombard„Éª<time datetime="2020-05-01T22:28:14Z">May  1</time><span class="time-ago-indicator-initial-placeholder" data-seconds="1588372094"></span>    </a>  </h4>  <div class="tags">      <a href="/t/vscode"><span class="tag">#vscode</span></a>      <a href="/t/python"><span class="tag">#python</span></a>      <a href="/t/webdev"><span class="tag">#webdev</span></a>      <a href="/t/tutorial"><span class="tag">#tutorial</span></a>  </div>  <div class="article-engagement-count reactions-count" data-reaction-count="0" data-reactable-id="324363">    <a href="/adamlombard/vscode-setting-line-lengths-in-the-black-python-code-formatter-1g62">      <img  src="https://practicaldev-herokuapp-com.freetls.fastly.net/assets/reactions-stack-ee166e138ca182a567f74c986b6f810f670f4d199aca9c550cc7e6f49f34bd33.png" alt="Reactions" ></img><span id="engagement-count-number-324363" class="engagement-count-number">          20        </span>    </a>  </div>    <div class="article-engagement-count comments-count">      <a href="/adamlombard/vscode-setting-line-lengths-in-the-black-python-code-formatter-1g62#comments">        <img  src="https://practicaldev-herokuapp-com.freetls.fastly.net/assets/comments-bubble-9958d41b969a1620c614347d5ad3f270ab49582c1d9f82b617a6b4156d05dda0.png" alt="chat" ></img><span class="engagement-count-number">1</span>      </a>    </div>  <a    href="/adamlombard/vscode-setting-line-lengths-in-the-black-python-code-formatter-1g62"    class="article-reading-time">    1 min read  </a>  <button    type="button"    class="article-engagement-count engage-button bookmark-button"    data-reactable-id="324363"    aria-label="Save to reading list"    title="Save to reading list">    <span class="bm-initial">SAVE</span>    <span class="bm-success">SAVED</span>  </button></div>  <div class="single-article single-article-small-pic" data-content-user-id="362429">    <div class="article-organization-headline">      <a class="org-headline-filler" href="/wayscript">        <img  alt="WayScript logo" src="https://res.cloudinary.com/practicaldev/image/fetch/s--MBjzip-W--/c_fill,f_auto,fl_progressive,h_90,q_auto,w_90/https://dev-to-uploads.s3.amazonaws.com/uploads/organization/profile_image/2158/21d9953c-902c-4549-81a0-958a967c74a3.png"></img>WayScript      </a>    </div>  <a href="/tjmd" class="small-pic-link-wrapper">    <div class="small-pic">      <img  src="https://res.cloudinary.com/practicaldev/image/fetch/s--c95XkQDa--/c_fill,f_auto,fl_progressive,h_90,q_auto,w_90/https://dev-to-uploads.s3.amazonaws.com/uploads/user/profile_image/362429/876a861d-c1c7-44c5-8771-727eeebe2179.png" alt="tjmd profile" width="40" height="40" ></img>    </div>  </a>  <a href="/wayscript/tutorial-wayscript-for-devops-automation-3ih9" class="small-pic-link-wrapper index-article-link" data-preload-image="" id="article-link-322105">    <div class="content">      <h3>        Tutorial: WayScript for DevOps Automation      </h3>    </div>  </a>  <h4>    <a href="/tjmd">      TJ-MD„Éª<time datetime="2020-04-29T15:05:13Z">Apr 29</time><span class="time-ago-indicator-initial-placeholder" data-seconds="1588172713"></span>    </a>  </h4>  <div class="tags">      <a href="/t/tutorial"><span class="tag">#tutorial</span></a>      <a href="/t/beginners"><span class="tag">#beginners</span></a>      <a href="/t/devops"><span class="tag">#devops</span></a>      <a href="/t/python"><span class="tag">#python</span></a>  </div>  <div class="article-engagement-count reactions-count" data-reaction-count="0" data-reactable-id="322105">    <a href="/wayscript/tutorial-wayscript-for-devops-automation-3ih9">      <img  src="https://practicaldev-herokuapp-com.freetls.fastly.net/assets/reactions-stack-ee166e138ca182a567f74c986b6f810f670f4d199aca9c550cc7e6f49f34bd33.png" alt="Reactions" ></img><span id="engagement-count-number-322105" class="engagement-count-number">          18        </span>    </a>  </div>  <a    href="/wayscript/tutorial-wayscript-for-devops-automation-3ih9"    class="article-reading-time">    4 min read  </a>  <button    type="button"    class="article-engagement-count engage-button bookmark-button"    data-reactable-id="322105"    aria-label="Save to reading list"    title="Save to reading list">    <span class="bm-initial">SAVE</span>    <span class="bm-success">SAVED</span>  </button></div>  <div class="single-article single-article-small-pic" data-content-user-id="378811">  <a href="/tharunshiv" class="small-pic-link-wrapper">    <div class="small-pic">      <img  src="https://res.cloudinary.com/practicaldev/image/fetch/s--1UactBeL--/c_fill,f_auto,fl_progressive,h_90,q_auto,w_90/https://dev-to-uploads.s3.amazonaws.com/uploads/user/profile_image/378811/b747aee4-4cc4-488e-8153-2e20d091add1.png" alt="tharunshiv profile" width="40" height="40" ></img>    </div>  </a>  <a href="/tharunshiv/ai-is-a-threat-really-4149" class="small-pic-link-wrapper index-article-link" data-preload-image="" id="article-link-326550">    <div class="content">      <h3>        AI is a threat! Really?      </h3>    </div>  </a>  <h4>    <a href="/tharunshiv">      Tharun Shiv„Éª<time datetime="2020-05-03T19:00:33Z">May  3</time><span class="time-ago-indicator-initial-placeholder" data-seconds="1588532433"></span>    </a>  </h4>  <div class="tags">      <a href="/t/artficialintelligence"><span class="tag">#artficialintelligence</span></a>      <a href="/t/machinelearning"><span class="tag">#machinelearning</span></a>      <a href="/t/python"><span class="tag">#python</span></a>      <a href="/t/javascript"><span class="tag">#javascript</span></a>  </div>  <div class="article-engagement-count reactions-count" data-reaction-count="0" data-reactable-id="326550">    <a href="/tharunshiv/ai-is-a-threat-really-4149">      <img  src="https://practicaldev-herokuapp-com.freetls.fastly.net/assets/reactions-stack-ee166e138ca182a567f74c986b6f810f670f4d199aca9c550cc7e6f49f34bd33.png" alt="Reactions" ></img><span id="engagement-count-number-326550" class="engagement-count-number">          28        </span>    </a>  </div>    <div class="article-engagement-count comments-count">      <a href="/tharunshiv/ai-is-a-threat-really-4149#comments">        <img  src="https://practicaldev-herokuapp-com.freetls.fastly.net/assets/comments-bubble-9958d41b969a1620c614347d5ad3f270ab49582c1d9f82b617a6b4156d05dda0.png" alt="chat" ></img><span class="engagement-count-number">12</span>      </a>    </div>  <a    href="/tharunshiv/ai-is-a-threat-really-4149"    class="article-reading-time">    2 min read  </a>  <button    type="button"    class="article-engagement-count engage-button bookmark-button"    data-reactable-id="326550"    aria-label="Save to reading list"    title="Save to reading list">    <span class="bm-initial">SAVE</span>    <span class="bm-success">SAVED</span>  </button></div>  <div class="single-article single-article-small-pic" data-content-user-id="373442">  <a href="/coolcode" class="small-pic-link-wrapper">    <div class="small-pic">      <img  src="https://res.cloudinary.com/practicaldev/image/fetch/s--E9GkArF1--/c_fill,f_auto,fl_progressive,h_90,q_auto,w_90/https://dev-to-uploads.s3.amazonaws.com/uploads/user/profile_image/373442/7597ae50-36f9-4d23-a598-752e7131bcf9.jpeg" alt="coolcode profile" width="40" height="40" ></img>    </div>  </a>  <a href="/coolcode/neehow-online-learning-chinese-4ep1" class="small-pic-link-wrapper index-article-link" data-preload-image="" id="article-link-319644">    <div class="content">      <h3>        Neehow -- Online Learning Chinese      </h3>    </div>  </a>  <h4>    <a href="/coolcode">      B.M. Lee„Éª<time datetime="2020-04-26T00:59:19Z">Apr 26</time><span class="time-ago-indicator-initial-placeholder" data-seconds="1587862759"></span>    </a>  </h4>  <div class="tags">      <a href="/t/chinese"><span class="tag">#chinese</span></a>      <a href="/t/learnchinese"><span class="tag">#learnchinese</span></a>      <a href="/t/python"><span class="tag">#python</span></a>      <a href="/t/neehow"><span class="tag">#neehow</span></a>  </div>  <div class="article-engagement-count reactions-count" data-reaction-count="0" data-reactable-id="319644">    <a href="/coolcode/neehow-online-learning-chinese-4ep1">      <img  src="https://practicaldev-herokuapp-com.freetls.fastly.net/assets/reactions-stack-ee166e138ca182a567f74c986b6f810f670f4d199aca9c550cc7e6f49f34bd33.png" alt="Reactions" ></img><span id="engagement-count-number-319644" class="engagement-count-number">          6        </span>    </a>  </div>  <a    href="/coolcode/neehow-online-learning-chinese-4ep1"    class="article-reading-time">    1 min read  </a>  <button    type="button"    class="article-engagement-count engage-button bookmark-button"    data-reactable-id="319644"    aria-label="Save to reading list"    title="Save to reading list">    <span class="bm-initial">SAVE</span>    <span class="bm-success">SAVED</span>  </button></div>  <div class="single-article single-article-small-pic" data-content-user-id="360717">  <a href="/lucs1590" class="small-pic-link-wrapper">    <div class="small-pic">      <img  src="https://res.cloudinary.com/practicaldev/image/fetch/s--FeKtNUd5--/c_fill,f_auto,fl_progressive,h_90,q_auto,w_90/https://dev-to-uploads.s3.amazonaws.com/uploads/user/profile_image/360717/0bf6eede-ae2c-42ee-81fd-d740b94acdf9.png" alt="lucs1590 profile" width="40" height="40" ></img>    </div>  </a>  <a href="/lucs1590/rename-and-delete-files-with-python-2le4" class="small-pic-link-wrapper index-article-link" data-preload-image="https://res.cloudinary.com/practicaldev/image/fetch/s--_xQ_wOvz--/c_imagga_scale,f_auto,fl_progressive,h_420,q_auto,w_1000/https://res.cloudinary.com/practicaldev/image/fetch/s--Dvw7gZ3d--/c_imagga_scale%2Cf_auto%2Cfl_progressive%2Ch_420%2Cq_auto%2Cw_1000/https://dev-to-uploads.s3.amazonaws.com/i/y0mffqgi4pxckd62t20k.jpg" id="article-link-319449">    <div class="content">      <h3>        Rename and Delete files with Python      </h3>    </div>  </a>  <h4>    <a href="/lucs1590">      Lucas de Brito„Éª<time datetime="2020-04-25T19:47:31Z">Apr 25</time><span class="time-ago-indicator-initial-placeholder" data-seconds="1587844051"></span>    </a>  </h4>  <div class="tags">      <a href="/t/python"><span class="tag">#python</span></a>      <a href="/t/linux"><span class="tag">#linux</span></a>      <a href="/t/productivity"><span class="tag">#productivity</span></a>      <a href="/t/beginners"><span class="tag">#beginners</span></a>  </div>  <div class="article-engagement-count reactions-count" data-reaction-count="0" data-reactable-id="319449">    <a href="/lucs1590/rename-and-delete-files-with-python-2le4">      <img  src="https://practicaldev-herokuapp-com.freetls.fastly.net/assets/reactions-stack-ee166e138ca182a567f74c986b6f810f670f4d199aca9c550cc7e6f49f34bd33.png" alt="Reactions" ></img><span id="engagement-count-number-319449" class="engagement-count-number">          6        </span>    </a>  </div>  <a    href="/lucs1590/rename-and-delete-files-with-python-2le4"    class="article-reading-time">    2 min read  </a>  <button    type="button"    class="article-engagement-count engage-button bookmark-button"    data-reactable-id="319449"    aria-label="Save to reading list"    title="Save to reading list">    <span class="bm-initial">SAVE</span>    <span class="bm-success">SAVED</span>  </button></div>  <div class="single-article single-article-small-pic" data-content-user-id="379067">  <a href="/chandrika56" class="small-pic-link-wrapper">    <div class="small-pic">      <img  src="https://res.cloudinary.com/practicaldev/image/fetch/s--EaTV7IZQ--/c_fill,f_auto,fl_progressive,h_90,q_auto,w_90/https://dev-to-uploads.s3.amazonaws.com/uploads/user/profile_image/379067/f50772c5-5a90-44a4-ad13-0c71569274e0.jpg" alt="chandrika56 profile" width="40" height="40" ></img>    </div>  </a>  <a href="/chandrika56/opencv-4815" class="small-pic-link-wrapper index-article-link" data-preload-image="https://res.cloudinary.com/practicaldev/image/fetch/s--vJoB-aY0--/c_imagga_scale,f_auto,fl_progressive,h_420,q_auto,w_1000/https://res.cloudinary.com/practicaldev/image/fetch/s--66_SyLdR--/c_imagga_scale%2Cf_auto%2Cfl_progressive%2Ch_420%2Cq_auto%2Cw_1000/https://dev-to-uploads.s3.amazonaws.com/i/xysice6v0xto0no9pg23.jpg" id="article-link-329927">    <div class="content">      <h3>        OpenCV      </h3>    </div>  </a>  <h4>    <a href="/chandrika56">      Jaya chandrika reddy„Éª<time datetime="2020-05-07T20:43:15Z">May  7</time><span class="time-ago-indicator-initial-placeholder" data-seconds="1588884195"></span>    </a>  </h4>  <div class="tags">      <a href="/t/computerscience"><span class="tag">#computerscience</span></a>      <a href="/t/python"><span class="tag">#python</span></a>      <a href="/t/codepen"><span class="tag">#codepen</span></a>  </div>  <div class="article-engagement-count reactions-count" data-reaction-count="0" data-reactable-id="329927">    <a href="/chandrika56/opencv-4815">      <img  src="https://practicaldev-herokuapp-com.freetls.fastly.net/assets/reactions-stack-ee166e138ca182a567f74c986b6f810f670f4d199aca9c550cc7e6f49f34bd33.png" alt="Reactions" ></img><span id="engagement-count-number-329927" class="engagement-count-number">          5        </span>    </a>  </div>  <a    href="/chandrika56/opencv-4815"    class="article-reading-time">    1 min read  </a>  <button    type="button"    class="article-engagement-count engage-button bookmark-button"    data-reactable-id="329927"    aria-label="Save to reading list"    title="Save to reading list">    <span class="bm-initial">SAVE</span>    <span class="bm-success">SAVED</span>  </button></div>  <div class="single-article single-article-small-pic" data-content-user-id="201700">  <a href="/juliobguedes" class="small-pic-link-wrapper">    <div class="small-pic">      <img  src="https://res.cloudinary.com/practicaldev/image/fetch/s--HZSDAeSK--/c_fill,f_auto,fl_progressive,h_90,q_auto,w_90/https://dev-to-uploads.s3.amazonaws.com/uploads/user/profile_image/201700/b6df19d6-2ce1-4400-be1e-49e0d52edfe1.jpeg" alt="juliobguedes profile" width="40" height="40" ></img>    </div>  </a>  <a href="/juliobguedes/analise-de-dados-para-iniciantes-em-python-parte-1-3g1b" class="small-pic-link-wrapper index-article-link" data-preload-image="https://res.cloudinary.com/practicaldev/image/fetch/s--yKvHZf5H--/c_imagga_scale,f_auto,fl_progressive,h_420,q_auto,w_1000/https://res.cloudinary.com/practicaldev/image/fetch/s--1mxcuEbM--/c_imagga_scale%2Cf_auto%2Cfl_progressive%2Ch_420%2Cq_auto%2Cw_1000/https://dev-to-uploads.s3.amazonaws.com/i/w73ubyrn1stv3s1bugua.jpeg" id="article-link-306581">    <div class="content">      <h3>        An√°lise de Dados para Iniciantes em Python: Parte 1      </h3>    </div>  </a>  <h4>    <a href="/juliobguedes">      J√∫lio Guedes„Éª<time datetime="2020-05-07T19:16:18Z">May  7</time><span class="time-ago-indicator-initial-placeholder" data-seconds="1588878978"></span>    </a>  </h4>  <div class="tags">      <a href="/t/python"><span class="tag">#python</span></a>      <a href="/t/ptbr"><span class="tag">#ptbr</span></a>      <a href="/t/datascience"><span class="tag">#datascience</span></a>  </div>  <div class="article-engagement-count reactions-count" data-reaction-count="0" data-reactable-id="306581">    <a href="/juliobguedes/analise-de-dados-para-iniciantes-em-python-parte-1-3g1b">      <img  src="https://practicaldev-herokuapp-com.freetls.fastly.net/assets/reactions-stack-ee166e138ca182a567f74c986b6f810f670f4d199aca9c550cc7e6f49f34bd33.png" alt="Reactions" ></img><span id="engagement-count-number-306581" class="engagement-count-number">          6        </span>    </a>  </div>  <a    href="/juliobguedes/analise-de-dados-para-iniciantes-em-python-parte-1-3g1b"    class="article-reading-time">    7 min read  </a>  <button    type="button"    class="article-engagement-count engage-button bookmark-button"    data-reactable-id="306581"    aria-label="Save to reading list"    title="Save to reading list">    <span class="bm-initial">SAVE</span>    <span class="bm-success">SAVED</span>  </button></div>  <div class="single-article single-article-small-pic" data-content-user-id="213585">  <a href="/mblayman" class="small-pic-link-wrapper">    <div class="small-pic">      <img  src="https://res.cloudinary.com/practicaldev/image/fetch/s--irNKwO5N--/c_fill,f_auto,fl_progressive,h_90,q_auto,w_90/https://dev-to-uploads.s3.amazonaws.com/uploads/user/profile_image/213585/167d49ee-86fe-41e1-bbb8-73e65b7c7de3.jpeg" alt="mblayman profile" width="40" height="40" ></img>    </div>  </a>  <a href="/mblayman/understand-django-user-interaction-with-forms-4d" class="small-pic-link-wrapper index-article-link" data-preload-image="https://res.cloudinary.com/practicaldev/image/fetch/s--nepNo3a8--/c_imagga_scale,f_auto,fl_progressive,h_420,q_auto,w_1000/https://res.cloudinary.com/practicaldev/image/fetch/s--TbLcfvyi--/c_imagga_scale%2Cf_auto%2Cfl_progressive%2Ch_420%2Cq_auto%2Cw_1000/https://dev-to-uploads.s3.amazonaws.com/i/s9xfhsykiqic1wfht5at.png" id="article-link-328180">    <div class="content">      <h3>        Understand Django: User Interaction With Forms      </h3>    </div>  </a>  <h4>    <a href="/mblayman">      Matt Layman„Éª<time datetime="2020-05-05T14:39:29Z">May  5</time><span class="time-ago-indicator-initial-placeholder" data-seconds="1588689569"></span>    </a>  </h4>  <div class="tags">      <a href="/t/python"><span class="tag">#python</span></a>      <a href="/t/django"><span class="tag">#django</span></a>      <a href="/t/forms"><span class="tag">#forms</span></a>  </div>  <div class="article-engagement-count reactions-count" data-reaction-count="0" data-reactable-id="328180">    <a href="/mblayman/understand-django-user-interaction-with-forms-4d">      <img  src="https://practicaldev-herokuapp-com.freetls.fastly.net/assets/reactions-stack-ee166e138ca182a567f74c986b6f810f670f4d199aca9c550cc7e6f49f34bd33.png" alt="Reactions" ></img><span id="engagement-count-number-328180" class="engagement-count-number">          5        </span>    </a>  </div>    <div class="article-engagement-count comments-count">      <a href="/mblayman/understand-django-user-interaction-with-forms-4d#comments">        <img  src="https://practicaldev-herokuapp-com.freetls.fastly.net/assets/comments-bubble-9958d41b969a1620c614347d5ad3f270ab49582c1d9f82b617a6b4156d05dda0.png" alt="chat" ></img><span class="engagement-count-number">2</span>      </a>    </div>  <a    href="/mblayman/understand-django-user-interaction-with-forms-4d"    class="article-reading-time">    13 min read  </a>  <button    type="button"    class="article-engagement-count engage-button bookmark-button"    data-reactable-id="328180"    aria-label="Save to reading list"    title="Save to reading list">    <span class="bm-initial">SAVE</span>    <span class="bm-success">SAVED</span>  </button></div>  <div class="single-article single-article-small-pic" data-content-user-id="356004">  <a href="/francnstein" class="small-pic-link-wrapper">    <div class="small-pic">      <img  src="https://res.cloudinary.com/practicaldev/image/fetch/s--ZDkeHbXR--/c_fill,f_auto,fl_progressive,h_90,q_auto,w_90/https://dev-to-uploads.s3.amazonaws.com/uploads/user/profile_image/356004/6f93e053-e495-4a45-8297-cea081e8ff17.jpeg" alt="francnstein profile" width="40" height="40" ></img>    </div>  </a>  <a href="/francnstein/simple-calculator-python3-46k2" class="small-pic-link-wrapper index-article-link" data-preload-image="https://res.cloudinary.com/practicaldev/image/fetch/s--PHsWS0CQ--/c_imagga_scale,f_auto,fl_progressive,h_420,q_auto,w_1000/https://dev-to-uploads.s3.amazonaws.com/i/rvvuoy5k3viruz0atxx5.jpg" id="article-link-317870">    <div class="content">      <h3>        SIMPLE CALCULATOR (python3)      </h3>    </div>  </a>  <h4>    <a href="/francnstein">      francnstein„Éª<time datetime="2020-04-23T19:02:28Z">Apr 23</time><span class="time-ago-indicator-initial-placeholder" data-seconds="1587668548"></span>    </a>  </h4>  <div class="tags">      <a href="/t/python"><span class="tag">#python</span></a>      <a href="/t/codenewbie"><span class="tag">#codenewbie</span></a>  </div>  <div class="article-engagement-count reactions-count" data-reaction-count="0" data-reactable-id="317870">    <a href="/francnstein/simple-calculator-python3-46k2">      <img  src="https://practicaldev-herokuapp-com.freetls.fastly.net/assets/reactions-stack-ee166e138ca182a567f74c986b6f810f670f4d199aca9c550cc7e6f49f34bd33.png" alt="Reactions" ></img><span id="engagement-count-number-317870" class="engagement-count-number">          3        </span>    </a>  </div>  <a    href="/francnstein/simple-calculator-python3-46k2"    class="article-reading-time">    1 min read  </a>  <button    type="button"    class="article-engagement-count engage-button bookmark-button"    data-reactable-id="317870"    aria-label="Save to reading list"    title="Save to reading list">    <span class="bm-initial">SAVE</span>    <span class="bm-success">SAVED</span>  </button></div>  <div class="single-article single-article-small-pic" data-content-user-id="379829">  <a href="/bhatnagaranshika02" class="small-pic-link-wrapper">    <div class="small-pic">      <img  src="https://res.cloudinary.com/practicaldev/image/fetch/s--J1dgfKVT--/c_fill,f_auto,fl_progressive,h_90,q_auto,w_90/https://dev-to-uploads.s3.amazonaws.com/uploads/user/profile_image/379829/d8f9e6e5-4202-4760-b27d-f1b2938d577e.jpeg" alt="bhatnagaranshika02 profile" width="40" height="40" ></img>    </div>  </a>  <a href="/bhatnagaranshika02/getting-started-with-flask-36c" class="small-pic-link-wrapper index-article-link" data-preload-image="" id="article-link-329357">    <div class="content">      <h3>        Getting started with Flask      </h3>    </div>  </a>  <h4>    <a href="/bhatnagaranshika02">      Anshika Bhatnagar„Éª<time datetime="2020-05-07T08:05:57Z">May  7</time><span class="time-ago-indicator-initial-placeholder" data-seconds="1588838757"></span>    </a>  </h4>  <div class="tags">      <a href="/t/Flask"><span class="tag">#Flask</span></a>      <a href="/t/python"><span class="tag">#python</span></a>      <a href="/t/tutorial"><span class="tag">#tutorial</span></a>      <a href="/t/webdev"><span class="tag">#webdev</span></a>  </div>  <div class="article-engagement-count reactions-count" data-reaction-count="0" data-reactable-id="329357">    <a href="/bhatnagaranshika02/getting-started-with-flask-36c">      <img  src="https://practicaldev-herokuapp-com.freetls.fastly.net/assets/reactions-stack-ee166e138ca182a567f74c986b6f810f670f4d199aca9c550cc7e6f49f34bd33.png" alt="Reactions" ></img><span id="engagement-count-number-329357" class="engagement-count-number">          8        </span>    </a>  </div>    <div class="article-engagement-count comments-count">      <a href="/bhatnagaranshika02/getting-started-with-flask-36c#comments">        <img  src="https://practicaldev-herokuapp-com.freetls.fastly.net/assets/comments-bubble-9958d41b969a1620c614347d5ad3f270ab49582c1d9f82b617a6b4156d05dda0.png" alt="chat" ></img><span class="engagement-count-number">2</span>      </a>    </div>  <a    href="/bhatnagaranshika02/getting-started-with-flask-36c"    class="article-reading-time">    2 min read  </a>  <button    type="button"    class="article-engagement-count engage-button bookmark-button"    data-reactable-id="329357"    aria-label="Save to reading list"    title="Save to reading list">    <span class="bm-initial">SAVE</span>    <span class="bm-success">SAVED</span>  </button></div>  <div class="single-article single-article-small-pic" data-content-user-id="285049">  <a href="/sreepotluri" class="small-pic-link-wrapper">    <div class="small-pic">      <img  src="https://res.cloudinary.com/practicaldev/image/fetch/s--GCuKPgVt--/c_fill,f_auto,fl_progressive,h_90,q_auto,w_90/https://dev-to-uploads.s3.amazonaws.com/uploads/user/profile_image/285049/918893e1-58dc-4847-a5c3-c0bb0546c60e.jpg" alt="sreepotluri profile" width="40" height="40" ></img>    </div>  </a>  <a href="/sreepotluri/environment-setup-for-data-analysis-with-pyspark-and-spark-sql-gnb" class="small-pic-link-wrapper index-article-link" data-preload-image="" id="article-link-286242">    <div class="content">      <h3>        Environment setup for Data Analysis with PySpark and Spark SQL      </h3>    </div>  </a>  <h4>    <a href="/sreepotluri">      Pushpa Sree Potluri„Éª<time datetime="2020-04-27T21:46:32Z">Apr 27</time><span class="time-ago-indicator-initial-placeholder" data-seconds="1588023992"></span>    </a>  </h4>  <div class="tags">      <a href="/t/machinelearning"><span class="tag">#machinelearning</span></a>      <a href="/t/datascience"><span class="tag">#datascience</span></a>      <a href="/t/python"><span class="tag">#python</span></a>      <a href="/t/spark"><span class="tag">#spark</span></a>  </div>  <div class="article-engagement-count reactions-count" data-reaction-count="0" data-reactable-id="286242">    <a href="/sreepotluri/environment-setup-for-data-analysis-with-pyspark-and-spark-sql-gnb">      <img  src="https://practicaldev-herokuapp-com.freetls.fastly.net/assets/reactions-stack-ee166e138ca182a567f74c986b6f810f670f4d199aca9c550cc7e6f49f34bd33.png" alt="Reactions" ></img><span id="engagement-count-number-286242" class="engagement-count-number">          5        </span>    </a>  </div>  <a    href="/sreepotluri/environment-setup-for-data-analysis-with-pyspark-and-spark-sql-gnb"    class="article-reading-time">    2 min read  </a>  <button    type="button"    class="article-engagement-count engage-button bookmark-button"    data-reactable-id="286242"    aria-label="Save to reading list"    title="Save to reading list">    <span class="bm-initial">SAVE</span>    <span class="bm-success">SAVED</span>  </button></div>  <div class="single-article single-article-small-pic" data-content-user-id="374905">  <a href="/ipachecouy" class="small-pic-link-wrapper">    <div class="small-pic">      <img  src="https://res.cloudinary.com/practicaldev/image/fetch/s--Nz2oBMq1--/c_fill,f_auto,fl_progressive,h_90,q_auto,w_90/https://dev-to-uploads.s3.amazonaws.com/uploads/user/profile_image/374905/7e184e7c-7bd1-4e08-80df-3fbff0b229bc.png" alt="ipachecouy profile" width="40" height="40" ></img>    </div>  </a>  <a href="/ipachecouy/a-chrome-app-to-rule-them-all-paywalls-part-1-3gpa" class="small-pic-link-wrapper index-article-link" data-preload-image="" id="article-link-320929">    <div class="content">      <h3>        A Chrome app to rule them all (Paywalls) : Part 1      </h3>    </div>  </a>  <h4>    <a href="/ipachecouy">      Ignacio„Éª<time datetime="2020-04-27T19:21:37Z">Apr 27</time><span class="time-ago-indicator-initial-placeholder" data-seconds="1588015297"></span>    </a>  </h4>  <div class="tags">      <a href="/t/python"><span class="tag">#python</span></a>      <a href="/t/paywall"><span class="tag">#paywall</span></a>      <a href="/t/javascript"><span class="tag">#javascript</span></a>      <a href="/t/extension"><span class="tag">#extension</span></a>  </div>  <div class="article-engagement-count reactions-count" data-reaction-count="0" data-reactable-id="320929">    <a href="/ipachecouy/a-chrome-app-to-rule-them-all-paywalls-part-1-3gpa">      <img  src="https://practicaldev-herokuapp-com.freetls.fastly.net/assets/reactions-stack-ee166e138ca182a567f74c986b6f810f670f4d199aca9c550cc7e6f49f34bd33.png" alt="Reactions" ></img><span id="engagement-count-number-320929" class="engagement-count-number">          3        </span>    </a>  </div>  <a    href="/ipachecouy/a-chrome-app-to-rule-them-all-paywalls-part-1-3gpa"    class="article-reading-time">    3 min read  </a>  <button    type="button"    class="article-engagement-count engage-button bookmark-button"    data-reactable-id="320929"    aria-label="Save to reading list"    title="Save to reading list">    <span class="bm-initial">SAVE</span>    <span class="bm-success">SAVED</span>  </button></div>  <div class="single-article single-article-small-pic" data-content-user-id="186627">  <a href="/joeyfaulkner" class="small-pic-link-wrapper">    <div class="small-pic">      <img  src="https://res.cloudinary.com/practicaldev/image/fetch/s--ftGbyQUj--/c_fill,f_auto,fl_progressive,h_90,q_auto,w_90/https://dev-to-uploads.s3.amazonaws.com/uploads/user/profile_image/186627/6c637f5d-12f1-406a-bc4d-4ab38f2f36d6.jpeg" alt="joeyfaulkner profile" width="40" height="40" ></img>    </div>  </a>  <a href="/joeyfaulkner/will-and-grace-and-frankie-and-benny-finding-the-longest-connected-set-of-film-titles-using-imdb-and-python-27nl" class="small-pic-link-wrapper index-article-link" data-preload-image="https://res.cloudinary.com/practicaldev/image/fetch/s--yYerEKAZ--/c_imagga_scale,f_auto,fl_progressive,h_420,q_auto,w_1000/https://dev-to-uploads.s3.amazonaws.com/i/18t1dpymznl3yc2ljy65.jpeg" id="article-link-317501">    <div class="content">      <h3>        Will and Grace and Frankie and Benny: Finding the longest connected set of film titles using IMDB and python       </h3>    </div>  </a>  <h4>    <a href="/joeyfaulkner">      JoeyFaulkner„Éª<time datetime="2020-04-23T13:38:00Z">Apr 23</time><span class="time-ago-indicator-initial-placeholder" data-seconds="1587649080"></span>    </a>  </h4>  <div class="tags">      <a href="/t/python"><span class="tag">#python</span></a>      <a href="/t/datascience"><span class="tag">#datascience</span></a>  </div>  <div class="article-engagement-count reactions-count" data-reaction-count="0" data-reactable-id="317501">    <a href="/joeyfaulkner/will-and-grace-and-frankie-and-benny-finding-the-longest-connected-set-of-film-titles-using-imdb-and-python-27nl">      <img  src="https://practicaldev-herokuapp-com.freetls.fastly.net/assets/reactions-stack-ee166e138ca182a567f74c986b6f810f670f4d199aca9c550cc7e6f49f34bd33.png" alt="Reactions" ></img><span id="engagement-count-number-317501" class="engagement-count-number">          4        </span>    </a>  </div>  <a    href="/joeyfaulkner/will-and-grace-and-frankie-and-benny-finding-the-longest-connected-set-of-film-titles-using-imdb-and-python-27nl"    class="article-reading-time">    7 min read  </a>  <button    type="button"    class="article-engagement-count engage-button bookmark-button"    data-reactable-id="317501"    aria-label="Save to reading list"    title="Save to reading list">    <span class="bm-initial">SAVE</span>    <span class="bm-success">SAVED</span>  </button></div>  <div class="single-article single-article-small-pic" data-content-user-id="362429">    <div class="article-organization-headline">      <a class="org-headline-filler" href="/wayscript">        <img  alt="WayScript logo" src="https://res.cloudinary.com/practicaldev/image/fetch/s--MBjzip-W--/c_fill,f_auto,fl_progressive,h_90,q_auto,w_90/https://dev-to-uploads.s3.amazonaws.com/uploads/organization/profile_image/2158/21d9953c-902c-4549-81a0-958a967c74a3.png"></img>WayScript      </a>    </div>  <a href="/tjmd" class="small-pic-link-wrapper">    <div class="small-pic">      <img  src="https://res.cloudinary.com/practicaldev/image/fetch/s--c95XkQDa--/c_fill,f_auto,fl_progressive,h_90,q_auto,w_90/https://dev-to-uploads.s3.amazonaws.com/uploads/user/profile_image/362429/876a861d-c1c7-44c5-8771-727eeebe2179.png" alt="tjmd profile" width="40" height="40" ></img>    </div>  </a>  <a href="/wayscript/tutorial-integrating-your-app-with-slack-in-3-minutes-c10" class="small-pic-link-wrapper index-article-link" data-preload-image="" id="article-link-328867">    <div class="content">      <h3>        Tutorial: Integrating your app with Slack in 3 Minutes      </h3>    </div>  </a>  <h4>    <a href="/tjmd">      TJ-MD„Éª<time datetime="2020-05-06T13:39:13Z">May  6</time><span class="time-ago-indicator-initial-placeholder" data-seconds="1588772353"></span>    </a>  </h4>  <div class="tags">      <a href="/t/tutorial"><span class="tag">#tutorial</span></a>      <a href="/t/python"><span class="tag">#python</span></a>      <a href="/t/flask"><span class="tag">#flask</span></a>      <a href="/t/slack"><span class="tag">#slack</span></a>  </div>  <div class="article-engagement-count reactions-count" data-reaction-count="0" data-reactable-id="328867">    <a href="/wayscript/tutorial-integrating-your-app-with-slack-in-3-minutes-c10">      <img  src="https://practicaldev-herokuapp-com.freetls.fastly.net/assets/reactions-stack-ee166e138ca182a567f74c986b6f810f670f4d199aca9c550cc7e6f49f34bd33.png" alt="Reactions" ></img><span id="engagement-count-number-328867" class="engagement-count-number">          25        </span>    </a>  </div>  <a    href="/wayscript/tutorial-integrating-your-app-with-slack-in-3-minutes-c10"    class="article-reading-time">    3 min read  </a>  <button    type="button"    class="article-engagement-count engage-button bookmark-button"    data-reactable-id="328867"    aria-label="Save to reading list"    title="Save to reading list">    <span class="bm-initial">SAVE</span>    <span class="bm-success">SAVED</span>  </button></div>  <div class="single-article single-article-small-pic" data-content-user-id="231136">    <a class="single-article-video-preview" style="background-image:url(https://res.cloudinary.com/practicaldev/image/fetch/c_scale,fl_progressive,q_auto,w_880/f_auto/https://dev-to-uploads.s3.amazonaws.com/i/gf5g44p2zhh1biu7bhci.png)" href="/cheukting_ho/python-zero-to-hero-ep-5-python-functions-and-modules-2lle">      <div class="single-article-video-duration">        <img  src="https://practicaldev-herokuapp-com.freetls.fastly.net/assets/video-camera-1d9634c1bdba5aad93956013b2588d0a9f2168c78f495634a24df38af69c312d.svg" alt="video camera"></img>1:32:51</div>    </a>  <a href="/cheukting_ho" class="small-pic-link-wrapper">    <div class="small-pic">      <img  src="https://res.cloudinary.com/practicaldev/image/fetch/s--MFN7BC2_--/c_fill,f_auto,fl_progressive,h_90,q_auto,w_90/https://dev-to-uploads.s3.amazonaws.com/uploads/user/profile_image/231136/03c976e1-26ee-4285-a323-3a2008dcb47f.JPG" alt="cheukting_ho profile" width="40" height="40" ></img>    </div>  </a>  <a href="/cheukting_ho/python-zero-to-hero-ep-5-python-functions-and-modules-2lle" class="small-pic-link-wrapper index-article-link" data-preload-image="" id="article-link-326982">    <div class="content">      <h3>        Python Zero to Hero - Ep.5 - Python Functions and Modules      </h3>    </div>  </a>  <h4>    <a href="/cheukting_ho">      Cheuk Ting Ho„Éª<time datetime="2020-05-04T15:58:42Z">May  4</time><span class="time-ago-indicator-initial-placeholder" data-seconds="1588607922"></span>    </a>  </h4>  <div class="tags">      <a href="/t/python"><span class="tag">#python</span></a>      <a href="/t/tutorial"><span class="tag">#tutorial</span></a>      <a href="/t/beginners"><span class="tag">#beginners</span></a>      <a href="/t/video"><span class="tag">#video</span></a>  </div>  <div class="article-engagement-count reactions-count" data-reaction-count="0" data-reactable-id="326982">    <a href="/cheukting_ho/python-zero-to-hero-ep-5-python-functions-and-modules-2lle">      <img  src="https://practicaldev-herokuapp-com.freetls.fastly.net/assets/reactions-stack-ee166e138ca182a567f74c986b6f810f670f4d199aca9c550cc7e6f49f34bd33.png" alt="Reactions" ></img><span id="engagement-count-number-326982" class="engagement-count-number">          3        </span>    </a>  </div>  <a    href="/cheukting_ho/python-zero-to-hero-ep-5-python-functions-and-modules-2lle"    class="article-reading-time">    1 min read  </a>  <button    type="button"    class="article-engagement-count engage-button bookmark-button"    data-reactable-id="326982"    aria-label="Save to reading list"    title="Save to reading list">    <span class="bm-initial">SAVE</span>    <span class="bm-success">SAVED</span>  </button></div>  <div class="single-article single-article-small-pic" data-content-user-id="322752">  <a href="/esdebug" class="small-pic-link-wrapper">    <div class="small-pic">      <img  src="https://res.cloudinary.com/practicaldev/image/fetch/s--HL-zdO9y--/c_fill,f_auto,fl_progressive,h_90,q_auto,w_90/https://dev-to-uploads.s3.amazonaws.com/uploads/user/profile_image/322752/6688beb1-3b5f-4a96-b49b-cda57f10ba3d.JPG" alt="esdebug profile" width="40" height="40" ></img>    </div>  </a>  <a href="/esdebug/object-oriented-programming-2pko" class="small-pic-link-wrapper index-article-link" data-preload-image="" id="article-link-328878">    <div class="content">      <h3>        Object Oriented Programming      </h3>    </div>  </a>  <h4>    <a href="/esdebug">      estherwavinya„Éª<time datetime="2020-05-06T14:55:36Z">May  6</time><span class="time-ago-indicator-initial-placeholder" data-seconds="1588776936"></span>    </a>  </h4>  <div class="tags">      <a href="/t/python"><span class="tag">#python</span></a>      <a href="/t/beginners"><span class="tag">#beginners</span></a>      <a href="/t/codenewbie"><span class="tag">#codenewbie</span></a>      <a href="/t/writing"><span class="tag">#writing</span></a>  </div>  <div class="article-engagement-count reactions-count" data-reaction-count="0" data-reactable-id="328878">    <a href="/esdebug/object-oriented-programming-2pko">      <img  src="https://practicaldev-herokuapp-com.freetls.fastly.net/assets/reactions-stack-ee166e138ca182a567f74c986b6f810f670f4d199aca9c550cc7e6f49f34bd33.png" alt="Reactions" ></img><span id="engagement-count-number-328878" class="engagement-count-number">          3        </span>    </a>  </div>  <a    href="/esdebug/object-oriented-programming-2pko"    class="article-reading-time">    5 min read  </a>  <button    type="button"    class="article-engagement-count engage-button bookmark-button"    data-reactable-id="328878"    aria-label="Save to reading list"    title="Save to reading list">    <span class="bm-initial">SAVE</span>    <span class="bm-success">SAVED</span>  </button></div>  <div class="single-article single-article-small-pic" data-content-user-id="322752">  <a href="/esdebug" class="small-pic-link-wrapper">    <div class="small-pic">      <img  src="https://res.cloudinary.com/practicaldev/image/fetch/s--HL-zdO9y--/c_fill,f_auto,fl_progressive,h_90,q_auto,w_90/https://dev-to-uploads.s3.amazonaws.com/uploads/user/profile_image/322752/6688beb1-3b5f-4a96-b49b-cda57f10ba3d.JPG" alt="esdebug profile" width="40" height="40" ></img>    </div>  </a>  <a href="/esdebug/working-with-data-5ec0" class="small-pic-link-wrapper index-article-link" data-preload-image="" id="article-link-328769">    <div class="content">      <h3>        Working with Data      </h3>    </div>  </a>  <h4>    <a href="/esdebug">      estherwavinya„Éª<time datetime="2020-05-06T13:08:53Z">May  6</time><span class="time-ago-indicator-initial-placeholder" data-seconds="1588770533"></span>    </a>  </h4>  <div class="tags">      <a href="/t/python"><span class="tag">#python</span></a>      <a href="/t/beginners"><span class="tag">#beginners</span></a>      <a href="/t/codenewbie"><span class="tag">#codenewbie</span></a>      <a href="/t/writing"><span class="tag">#writing</span></a>  </div>  <div class="article-engagement-count reactions-count" data-reaction-count="0" data-reactable-id="328769">    <a href="/esdebug/working-with-data-5ec0">      <img  src="https://practicaldev-herokuapp-com.freetls.fastly.net/assets/reactions-stack-ee166e138ca182a567f74c986b6f810f670f4d199aca9c550cc7e6f49f34bd33.png" alt="Reactions" ></img><span id="engagement-count-number-328769" class="engagement-count-number">          7        </span>    </a>  </div>  <a    href="/esdebug/working-with-data-5ec0"    class="article-reading-time">    15 min read  </a>  <button    type="button"    class="article-engagement-count engage-button bookmark-button"    data-reactable-id="328769"    aria-label="Save to reading list"    title="Save to reading list">    <span class="bm-initial">SAVE</span>    <span class="bm-success">SAVED</span>  </button></div>  <div class="single-article single-article-small-pic" data-content-user-id="127337">  <a href="/luminousmen" class="small-pic-link-wrapper">    <div class="small-pic">      <img  src="https://res.cloudinary.com/practicaldev/image/fetch/s--xnMIgOsO--/c_fill,f_auto,fl_progressive,h_90,q_auto,w_90/https://dev-to-uploads.s3.amazonaws.com/uploads/user/profile_image/127337/6f34580c-2861-4a64-b93c-02c46670fe1e.jpg" alt="luminousmen profile" width="40" height="40" ></img>    </div>  </a>  <a href="/luminousmen/python-resource-limitation-3l9f" class="small-pic-link-wrapper index-article-link" data-preload-image="https://res.cloudinary.com/practicaldev/image/fetch/s--bxLo_cbX--/c_imagga_scale,f_auto,fl_progressive,h_420,q_auto,w_1000/https://dev-to-uploads.s3.amazonaws.com/i/07b2i1ubhj6rei0c1vly.jpg" id="article-link-318914">    <div class="content">      <h3>        Python resource limitation      </h3>    </div>  </a>  <h4>    <a href="/luminousmen">      luminousmen„Éª<time datetime="2020-04-25T04:18:49Z">Apr 25</time><span class="time-ago-indicator-initial-placeholder" data-seconds="1587788329"></span>    </a>  </h4>  <div class="tags">      <a href="/t/python"><span class="tag">#python</span></a>  </div>  <div class="article-engagement-count reactions-count" data-reaction-count="0" data-reactable-id="318914">    <a href="/luminousmen/python-resource-limitation-3l9f">      <img  src="https://practicaldev-herokuapp-com.freetls.fastly.net/assets/reactions-stack-ee166e138ca182a567f74c986b6f810f670f4d199aca9c550cc7e6f49f34bd33.png" alt="Reactions" ></img><span id="engagement-count-number-318914" class="engagement-count-number">          5        </span>    </a>  </div>  <a    href="/luminousmen/python-resource-limitation-3l9f"    class="article-reading-time">    2 min read  </a>  <button    type="button"    class="article-engagement-count engage-button bookmark-button"    data-reactable-id="318914"    aria-label="Save to reading list"    title="Save to reading list">    <span class="bm-initial">SAVE</span>    <span class="bm-success">SAVED</span>  </button></div>  <div class="single-article single-article-small-pic" data-content-user-id="356004">  <a href="/francnstein" class="small-pic-link-wrapper">    <div class="small-pic">      <img  src="https://res.cloudinary.com/practicaldev/image/fetch/s--ZDkeHbXR--/c_fill,f_auto,fl_progressive,h_90,q_auto,w_90/https://dev-to-uploads.s3.amazonaws.com/uploads/user/profile_image/356004/6f93e053-e495-4a45-8297-cea081e8ff17.jpeg" alt="francnstein profile" width="40" height="40" ></img>    </div>  </a>  <a href="/francnstein/loops-python3-5077" class="small-pic-link-wrapper index-article-link" data-preload-image="https://res.cloudinary.com/practicaldev/image/fetch/s--2vbGfUMj--/c_imagga_scale,f_auto,fl_progressive,h_420,q_auto,w_1000/https://dev-to-uploads.s3.amazonaws.com/i/javggcy4v7fxhkknh8c3.jpg" id="article-link-316938">    <div class="content">      <h3>        loops(python3)      </h3>    </div>  </a>  <h4>    <a href="/francnstein">      francnstein„Éª<time datetime="2020-04-22T18:29:25Z">Apr 22</time><span class="time-ago-indicator-initial-placeholder" data-seconds="1587580165"></span>    </a>  </h4>  <div class="tags">      <a href="/t/python"><span class="tag">#python</span></a>      <a href="/t/codenewbie"><span class="tag">#codenewbie</span></a>      <a href="/t/motivation"><span class="tag">#motivation</span></a>  </div>  <div class="article-engagement-count reactions-count" data-reaction-count="0" data-reactable-id="316938">    <a href="/francnstein/loops-python3-5077">      <img  src="https://practicaldev-herokuapp-com.freetls.fastly.net/assets/reactions-stack-ee166e138ca182a567f74c986b6f810f670f4d199aca9c550cc7e6f49f34bd33.png" alt="Reactions" ></img><span id="engagement-count-number-316938" class="engagement-count-number">          3        </span>    </a>  </div>  <a    href="/francnstein/loops-python3-5077"    class="article-reading-time">    1 min read  </a>  <button    type="button"    class="article-engagement-count engage-button bookmark-button"    data-reactable-id="316938"    aria-label="Save to reading list"    title="Save to reading list">    <span class="bm-initial">SAVE</span>    <span class="bm-success">SAVED</span>  </button></div>  <div class="single-article single-article-small-pic" data-content-user-id="370111">  <a href="/achristoph" class="small-pic-link-wrapper">    <div class="small-pic">      <img  src="https://res.cloudinary.com/practicaldev/image/fetch/s--59kyfVd7--/c_fill,f_auto,fl_progressive,h_90,q_auto,w_90/https://dev-to-uploads.s3.amazonaws.com/uploads/user/profile_image/370111/d55d9a29-fc2e-44a5-b565-659699584b22.jpeg" alt="achristoph profile" width="40" height="40" ></img>    </div>  </a>  <a href="/achristoph/programming-language-series-in-javascript-dart-ruby-python-go-sorting-list-371d" class="small-pic-link-wrapper index-article-link" data-preload-image="" id="article-link-328616">    <div class="content">      <h3>        Polyglot Series in Javascript, Dart, Ruby, Python,Go: Sorting List       </h3>    </div>  </a>  <h4>    <a href="/achristoph">      Arthur Christoph„Éª<time datetime="2020-05-06T07:13:42Z">May  6</time><span class="time-ago-indicator-initial-placeholder" data-seconds="1588749222"></span>    </a>  </h4>  <div class="tags">      <a href="/t/javascript"><span class="tag">#javascript</span></a>      <a href="/t/dart"><span class="tag">#dart</span></a>      <a href="/t/ruby"><span class="tag">#ruby</span></a>      <a href="/t/python"><span class="tag">#python</span></a>  </div>  <div class="article-engagement-count reactions-count" data-reaction-count="0" data-reactable-id="328616">    <a href="/achristoph/programming-language-series-in-javascript-dart-ruby-python-go-sorting-list-371d">      <img  src="https://practicaldev-herokuapp-com.freetls.fastly.net/assets/reactions-stack-ee166e138ca182a567f74c986b6f810f670f4d199aca9c550cc7e6f49f34bd33.png" alt="Reactions" ></img><span id="engagement-count-number-328616" class="engagement-count-number">          4        </span>    </a>  </div>  <a    href="/achristoph/programming-language-series-in-javascript-dart-ruby-python-go-sorting-list-371d"    class="article-reading-time">    4 min read  </a>  <button    type="button"    class="article-engagement-count engage-button bookmark-button"    data-reactable-id="328616"    aria-label="Save to reading list"    title="Save to reading list">    <span class="bm-initial">SAVE</span>    <span class="bm-success">SAVED</span>  </button></div>  <div class="single-article single-article-small-pic" data-content-user-id="374853">  <a href="/programminghobo" class="small-pic-link-wrapper">    <div class="small-pic">      <img  src="https://res.cloudinary.com/practicaldev/image/fetch/s--h03S2DjI--/c_fill,f_auto,fl_progressive,h_90,q_auto,w_90/https://dev-to-uploads.s3.amazonaws.com/uploads/user/profile_image/374853/0153a379-acfc-47a8-ad11-24329a330604.jpg" alt="programminghobo profile" width="40" height="40" ></img>    </div>  </a>  <a href="/programminghobo/which-way-should-i-go-1mmd" class="small-pic-link-wrapper index-article-link" data-preload-image="" id="article-link-325328">    <div class="content">      <h3>        Which way should I go?      </h3>    </div>  </a>  <h4>    <a href="/programminghobo">      Henrik H√∏gh Boutrup„Éª<time datetime="2020-05-01T19:31:44Z">May  1</time><span class="time-ago-indicator-initial-placeholder" data-seconds="1588361504"></span>    </a>  </h4>  <div class="tags">      <a href="/t/python"><span class="tag">#python</span></a>      <a href="/t/javascript"><span class="tag">#javascript</span></a>      <a href="/t/beginners"><span class="tag">#beginners</span></a>      <a href="/t/career"><span class="tag">#career</span></a>  </div>  <div class="article-engagement-count reactions-count" data-reaction-count="0" data-reactable-id="325328">    <a href="/programminghobo/which-way-should-i-go-1mmd">      <img  src="https://practicaldev-herokuapp-com.freetls.fastly.net/assets/reactions-stack-ee166e138ca182a567f74c986b6f810f670f4d199aca9c550cc7e6f49f34bd33.png" alt="Reactions" ></img><span id="engagement-count-number-325328" class="engagement-count-number">          17        </span>    </a>  </div>    <div class="article-engagement-count comments-count">      <a href="/programminghobo/which-way-should-i-go-1mmd#comments">        <img  src="https://practicaldev-herokuapp-com.freetls.fastly.net/assets/comments-bubble-9958d41b969a1620c614347d5ad3f270ab49582c1d9f82b617a6b4156d05dda0.png" alt="chat" ></img><span class="engagement-count-number">6</span>      </a>    </div>  <a    href="/programminghobo/which-way-should-i-go-1mmd"    class="article-reading-time">    2 min read  </a>  <button    type="button"    class="article-engagement-count engage-button bookmark-button"    data-reactable-id="325328"    aria-label="Save to reading list"    title="Save to reading list">    <span class="bm-initial">SAVE</span>    <span class="bm-success">SAVED</span>  </button></div>  <div class="single-article single-article-small-pic" data-content-user-id="169444">  <a href="/wagslane" class="small-pic-link-wrapper">    <div class="small-pic">      <img  src="https://res.cloudinary.com/practicaldev/image/fetch/s--KS7knTLp--/c_fill,f_auto,fl_progressive,h_90,q_auto,w_90/https://dev-to-uploads.s3.amazonaws.com/uploads/user/profile_image/169444/b165e595-ca4b-4072-b620-3c50429f610c.png" alt="wagslane profile" width="40" height="40" ></img>    </div>  </a>  <a href="/wagslane/quantum-programming-101-superdense-coding-tutorial-54j8" class="small-pic-link-wrapper index-article-link" data-preload-image="" id="article-link-314876">    <div class="content">      <h3>        Quantum Programming 101: Superdense Coding Tutorial      </h3>    </div>  </a>  <h4>    <a href="/wagslane">      Lane Wagner„Éª<time datetime="2020-04-20T13:08:49Z">Apr 20</time><span class="time-ago-indicator-initial-placeholder" data-seconds="1587388055"></span>    </a>  </h4>  <div class="tags">      <a href="/t/programming"><span class="tag">#programming</span></a>      <a href="/t/python"><span class="tag">#python</span></a>      <a href="/t/quantumcomputing"><span class="tag">#quantumcomputing</span></a>      <a href="/t/quantum"><span class="tag">#quantum</span></a>  </div>  <div class="article-engagement-count reactions-count" data-reaction-count="0" data-reactable-id="314876">    <a href="/wagslane/quantum-programming-101-superdense-coding-tutorial-54j8">      <img  src="https://practicaldev-herokuapp-com.freetls.fastly.net/assets/reactions-stack-ee166e138ca182a567f74c986b6f810f670f4d199aca9c550cc7e6f49f34bd33.png" alt="Reactions" ></img><span id="engagement-count-number-314876" class="engagement-count-number">          6        </span>    </a>  </div>  <a    href="/wagslane/quantum-programming-101-superdense-coding-tutorial-54j8"    class="article-reading-time">    3 min read  </a>  <button    type="button"    class="article-engagement-count engage-button bookmark-button"    data-reactable-id="314876"    aria-label="Save to reading list"    title="Save to reading list">    <span class="bm-initial">SAVE</span>    <span class="bm-success">SAVED</span>  </button></div>  <div class="placeholder-div"></div><div class="single-article-small-pic" id="article-index-hidden-div" style="display:none"></div>      </div>      <div class="loading-articles" id="loading-articles">        loading...      </div>    </div>      <div id="sidebar-wrapper-right" class="sidebar-wrapper sidebar-wrapper-right">    <div class="sidebar-bg" id="sidebar-bg-right"></div>    <div class="side-bar sidebar-additional showing" id="sidebar-additional">            <div class="widget">              <header>                <h4>trending guides/resources</h4>              </header>              <div class="widget-body">                <div class="widget-link-list">                    <a href="/cuongld2/build-simple-api-service-with-python-fastapi-part-1-581o" class="widget-link-list__item">  Build simple API service with Python FastAPI ‚Äî Part 1</a>                    <a href="/brogrammer2018/free-programming-books-updated-4pdp" class="widget-link-list__item">  Free Programming Books (Updated)</a>                    <a href="/veldakiara/the-framework-for-perfectionists-with-deadlines-4n6c" class="widget-link-list__item">  The Framework For Perfectionists With Deadlines</a>                    <a href="/strikingloo/3-programming-books-for-beginners-to-read-during-lockdown-1fln" class="widget-link-list__item">  3 Programming Books to Read During Lockdown</a>                    <a href="/gadhiyaravi/2020-new-and-hand-picked-free-web-resources-every-developer-should-bookmark-it-mn7" class="widget-link-list__item">  2020üî• New and Hand-Picked Free Web Resources, Every developer should bookmark it!</a>                    <a href="/kedark/it-s-time-to-understand-the-code-visually-nh9" class="widget-link-list__item">  It&#39;s time to understand the code visually</a>                    <a href="/renegadecoder94/8-coolest-python-programming-language-features-58i9" class="widget-link-list__item">  8 Coolest Python Programming Language Features</a>                    <a href="/daviducolo/how-to-build-a-sentiment-analysis-engine-in-python-6jn" class="widget-link-list__item">  How to build a sentiment analysis engine in Python</a>                    <a href="/sobolevn/9-best-open-source-findings-march-2020-3ipa" class="widget-link-list__item">  9 best open-source findings, March 2020</a>                    <a href="/martinheinz/automating-every-aspect-of-your-python-project-f5f" class="widget-link-list__item">  Automating Every Aspect of Your Python Project</a>                    <a href="/scrimba/want-to-learn-python-here-s-our-free-4-hour-interactive-course-496f" class="widget-link-list__item">  Want to learn Python? Here&#39;s our free 4-hour interactive course</a>                    <a href="/daolf/the-25-most-recommended-python-books-of-all-time-56kd" class="widget-link-list__item">  The 25 most recommended Python books of all-time.</a>                    <a href="/adipolak/simple-data-ingestion-tutorial-with-yahoo-finance-api-and-python-2m6e" class="widget-link-list__item">  Simple Data Ingestion tutorial with Yahoo Finance API and Python</a>                    <a href="/deepsource/static-code-analysis-what-it-is-how-to-use-it-4b79" class="widget-link-list__item">  Static Code Analysis: What it is? How to use it?</a>                    <a href="/mousepawmedia/game-mode-2020-building-a-game-in-one-month-3i7e" class="widget-link-list__item">  GAME MODE 2020: Building a Game in One Month</a>                    <a href="/steelwolf180/full-stack-development-in-django-3768" class="widget-link-list__item">  Full Stack Development in Django</a>                    <a href="/twitterdev/running-search-tweets-python-in-r-45eo" class="widget-link-list__item">  Running the Python Package for Search Tweets in R</a>                    <a href="/lankinen/neural-network-from-scratch-using-tensorflow-1kc8" class="widget-link-list__item">  Neural Network from Scratch Using Tensorflow</a>                    <a href="/bhupesh/i-spent-a-week-offline-here-is-how-i-stayed-productive-4oa1" class="widget-link-list__item">  I spent a week offline here is how I stayed productive</a>                    <a href="/dylanjcastillo/use-google-sheets-s3-and-python-to-build-a-website-quickly-1d5b" class="widget-link-list__item">  Use Google Sheets, S3, and Python to Build a Website Quickly</a>                    <a href="/bhupesh/defe-all-your-tech-updates-at-one-place-fih" class="widget-link-list__item">  defe - All your Tech Updates at one place</a>                    <a href="/learndjango/django-docker-and-postgresql-tutorial-be3" class="widget-link-list__item">  Django, Docker, and PostgreSQL Tutorial</a>                    <a href="/wemake-services/do-not-log-1k4" class="widget-link-list__item">  Do not log</a>                    <a href="/xflywind/write-a-simple-web-framework-in-nim-language-from-scratch-ma0" class="widget-link-list__item">  Write a simple Web Framework in Nim language from scratch</a>                    <a href="/bagadia/random-python-tricks-for-random-moods-4g82" class="widget-link-list__item">  Random Python Tricks for Random Moods ‚ú® </a>                </div>              </div>            </div>    </div>  </div>  </div>  <div class="narrow-nav-menu" id="narrow-nav-menu" aria-label="feed-nav-menu">  <a href="/t/python/" class="selected">&lt;MY DEV FEED&gt;</a>  <a href="/t/python/top/week" class="">&lt;PAST WEEK&gt;</a>  <a href="/t/python/top/month" class="">&lt;PAST MONTH&gt;</a>  <a href="/t/python/top/year" class="">&lt;PAST YEAR&gt;</a>  <a href="/t/python/top/infinity" class="">&lt;INFINITY&gt;</a>  <a href="/t/python/latest" class="">&lt;LATEST&gt;</a></div>    </div></div><!-- Start Bottom Shell -->    <footer>  <div id="footer-container" class="container centered-footer">    <div class="inner-footer-container">      <a href="/">Home</a> <a href="/about">About</a> <a href="/privacy">Privacy Policy</a>      <a href="/terms">Terms of Use</a> <a href="/contact">Contact</a> <a href="/code-of-conduct">Code of Conduct</a><br />      DEV Community copyright 2016 - 2020&nbsp; üî•    </div>  </div></footer><div id="snack-zone"></div>      <div class="global-signup-modal" id="global-signup-modal" style="display:none">  <div class="global-signup-modal--bg" id="global-signup-modal-bg">    <button type="button" class="close-modal-button">      <img  src="https://practicaldev-herokuapp-com.freetls.fastly.net/assets/cancel-ab1b3f5018079477f1cc0cd2ca47710cf2487c94a2aa168f7d88df5de79d1bc4.svg" class="search-img" alt="Close modal button" ></img>    </button>  </div>  <div class="global-signup-modal--inner-a">    <img  class="mascot-image" alt="Sloan, the sloth mascot" loading="lazy" src="https://res.cloudinary.com/practicaldev/image/fetch/c_scale,fl_progressive,q_auto,w_300/f_auto/https://practicaldev-herokuapp-com.freetls.fastly.net/assets/sloan.png" ></img>    <h1>Join our DEV Community :)</h1>    <p>      We&#39;re a place where coders share, stay up-to-date and grow their careers.    </p>      <a    href="/users/auth/github?callback_url=https%3A%2F%2Fdev.to%2Fusers%2Fauth%2Fgithub%2Fcallback&amp;state=signup-modal"    class="sign-up-link cta"    data-no-instant="true">    <img       src="https://practicaldev-herokuapp-com.freetls.fastly.net/assets/github-logo-28d89282e0daa1e2496205e2f218a44c755b0dd6536bbadf5ed5a44a7ca54716.svg"      class="icon-img"      alt="GitHub logo" ></img> Sign In With GitHub  </a>  <a    href="/users/auth/twitter?callback_url=https%3A%2F%2Fdev.to%2Fusers%2Fauth%2Ftwitter%2Fcallback&amp;secure_image_url=true&amp;state=signup-modal"    class="sign-up-link cta"    data-no-instant="true">    <img       src="https://practicaldev-herokuapp-com.freetls.fastly.net/assets/twitter-logo-fe34f4c4c24dabe47c2b59aeb1397d6ae56b0501a1320f20ac523dd84230d789.svg"      class="icon-img"      alt="Twitter logo" ></img> Sign In With Twitter  </a>    <p>      <em>We strive for transparency and don't collect excess data.</em>    </p>  </div></div>  <div id="live-article-indicator" class="live-article-indicator"></div>  <img  class="icon-img" style="display:none" alt="twitter logo" src="https://practicaldev-herokuapp-com.freetls.fastly.net/assets/twitter-logo-fe34f4c4c24dabe47c2b59aeb1397d6ae56b0501a1320f20ac523dd84230d789.svg" ></img>  <img  class="icon-img" style="display:none" alt="github logo" src="https://practicaldev-herokuapp-com.freetls.fastly.net/assets/github-logo-28d89282e0daa1e2496205e2f218a44c755b0dd6536bbadf5ed5a44a7ca54716.svg" ></img>  </body>  </html>